IQ-TREE multicore version 1.6.12 for Linux 64-bit built Aug 15 2019
Developed by Bui Quang Minh, Nguyen Lam Tung, Olga Chernomor,
Heiko Schmidt, Dominik Schrempf, Michael Woodhams.

Host:    minsky (AVX2, FMA3, 503 GB RAM)
Command: ../../iqtree -s serotype_4_6048-7191.fas -st DNA -m TEST -bb 1000 -alrt 1000
Seed:    388005 (Using SPRNG - Scalable Parallel Random Number Generator)
Time:    Tue Nov  5 10:29:30 2024
Kernel:  AVX+FMA - 1 threads (128 CPU cores detected)

HINT: Use -nt option to specify number of threads because your CPU has 128 cores!
HINT: -nt AUTO will automatically determine the best number of threads to use.

Reading alignment file serotype_4_6048-7191.fas ... Fasta format detected
Alignment most likely contains DNA/RNA sequences
WARNING: 111 sites contain only gaps or ambiguous characters.
Alignment has 19 sequences with 1144 columns, 132 distinct patterns
148 parsimony-informative, 104 singleton sites, 892 constant sites
                                                                             Gap/Ambiguity  Composition  p-value
   1  OR371570_human_CHN_2022_HAstV-4-Fuzhou-2022-10_NA_feces_serotype_4             9.70%    passed     99.29%
   2  ON571598_human_CHN_2021_NA_2021-Fuzhou-37_feces_serotype_4                     9.70%    passed     99.92%
   3  OP432301_human_CHN_2022_NA_HAstV-4-QD-L-22019_NA_serotype_4                    9.70%    passed     99.09%
   4  OP432300_human_CHN_2022_NA_HAstV-4-QD-S-22022_NA_serotype_4                    9.70%    passed     98.34%
   5  OP432299_human_CHN_2021_NA_HAstV-4-RC-21045_NA_serotype_4                      9.70%    passed     99.68%
   6  OP432298_human_CHN_2022_NA_HAstV-4-QD-S-22015_NA_serotype_4                    9.70%    passed     99.33%
   7  OP432297_human_CHN_2022_NA_HAstV-4-QD-L-22001_NA_serotype_4                    9.70%    passed     98.34%
   8  OP432296_human_CHN_2021_NA_HAstV-4-RC-21047_NA_serotype_4                      9.70%    passed     98.59%
   9  OP432295_human_CHN_2022_NA_HAstV-4-QD-F-22056_NA_serotype_4                    9.70%    passed     91.39%
  10  OP432294_human_CHN_2022_NA_HAstV-4-QD-L-22040_NA_serotype_4                    9.70%    passed     98.62%
  11  OP432293_human_CHN_2021_NA_HAstV-4-RC-21027_NA_serotype_4                      9.70%    passed     99.47%
  12  MT906855_human_BRA_2014_Hu-BRA-TO-26-2014_BRA-TO-26_stool-sample_serotype_4    9.70%    passed     88.46%
  13  MT906854_human_BRA_2015_Hu-BRA-TO-71-2015_BRA-TO-71_stool-sample_serotype_4    9.70%    passed     88.46%
  14  MT906853_human_BRA_2014_Hu-BRA-TO-207-2014_BRA-TO-207_stool_serotype_4         9.70%    passed     89.79%
  15  KF039913_NA_RUS_2010_NA_Rus-Nsc10-N358_NA_serotype_4                           9.70%    passed     94.41%
  16  KF039912_NA_RUS_2005_NA_Rus-Nsc05-623_NA_serotype_4                            9.70%    passed     99.84%
  17  DQ344027_NA_CHN_2005_NA_Guangzhou_NA_serotype_4                                9.70%    passed     99.10%
  18  DQ070852_NA_BRA_1995_NA_Goiania-GO-12-95-Brazil_NA_serotype_4                  9.70%    passed     45.14%
  19  AY720891_NA_NA_2004_Dresden_NA_NA_serotype_4                                   9.70%    passed     94.87%
****  TOTAL                                                                          9.70%  0 sequences failed composition chi2 test (p-value<5%; df=3)
NOTE: OP432297_human_CHN_2022_NA_HAstV-4-QD-L-22001_NA_serotype_4 is identical to OP432300_human_CHN_2022_NA_HAstV-4-QD-S-22022_NA_serotype_4 but kept for subsequent analysis
NOTE: MT906854_human_BRA_2015_Hu-BRA-TO-71-2015_BRA-TO-71_stool-sample_serotype_4 is identical to MT906855_human_BRA_2014_Hu-BRA-TO-26-2014_BRA-TO-26_stool-sample_serotype_4 but kept for subsequent analysis


Create initial parsimony tree by phylogenetic likelihood library (PLL)... 0.000 seconds
NOTE: ModelFinder requires 0 MB RAM!
ModelFinder will test 88 DNA models (sample size: 1144) ...
 No. Model         -LnL         df  AIC          AICc         BIC
  1  JC            3286.912     35  6643.824     6646.099     6820.304
  2  JC+I          3271.026     36  6614.052     6616.459     6795.575
  3  JC+G4         3270.946     36  6613.893     6616.299     6795.415
  4  JC+I+G4       3270.907     37  6615.813     6618.356     6802.378
  5  F81+F         3278.348     38  6632.695     6635.378     6824.302
  6  F81+F+I       3262.691     39  6603.383     6606.209     6800.032
  7  F81+F+G4      3262.791     39  6603.583     6606.409     6800.232
  8  F81+F+I+G4    3262.677     40  6605.354     6608.328     6807.046
  9  K2P           3141.922     36  6355.845     6358.251     6537.367
 10  K2P+I         3120.752     37  6315.503     6318.046     6502.068
 11  K2P+G4        3120.568     37  6315.136     6317.679     6501.701
 12  K2P+I+G4      3120.565     38  6317.129     6319.812     6508.736
 13  HKY+F         3131.953     39  6341.906     6344.732     6538.555
 14  HKY+F+I       3108.472     40  6296.944     6299.918     6498.636
 15  HKY+F+G4      3108.397     40  6296.795     6299.768     6498.486
 16  HKY+F+I+G4    3108.385     41  6298.770     6301.895     6505.503
 17  TNe           3126.478     37  6326.955     6329.498     6513.520
 18  TNe+I         3106.918     38  6289.836     6292.518     6481.443
 19  TNe+G4        3107.487     38  6290.974     6293.656     6482.581
 20  TNe+I+G4      3107.270     39  6292.540     6295.366     6489.189
 21  TN+F          3111.940     40  6303.880     6306.853     6505.571
 22  TN+F+I        3091.472     41  6264.943     6268.068     6471.677
 23  TN+F+G4       3092.118     41  6266.237     6269.362     6472.970
 24  TN+F+I+G4     3091.906     42  6267.813     6271.093     6479.589
 25  K3P           3141.739     37  6357.478     6360.020     6544.042
 26  K3P+I         3120.632     38  6317.264     6319.946     6508.871
 27  K3P+G4        3120.420     38  6316.840     6319.522     6508.447
 28  K3P+I+G4      3120.420     39  6318.839     6321.665     6515.489
 29  K3Pu+F        3131.785     40  6343.570     6346.544     6545.262
 30  K3Pu+F+I      3108.374     41  6298.748     6301.874     6505.482
 31  K3Pu+F+G4     3108.274     41  6298.548     6301.674     6505.282
 32  K3Pu+F+I+G4   3108.263     42  6300.525     6303.806     6512.301
 33  TPM2+F        3129.207     40  6338.414     6341.388     6540.106
 34  TPM2+F+I      3106.377     41  6294.753     6297.878     6501.487
 35  TPM2+F+G4     3106.213     41  6294.427     6297.552     6501.161
 36  TPM2+F+I+G4   3106.202     42  6296.405     6299.686     6508.181
 37  TPM2u+F       3129.207     40  6338.414     6341.388     6540.106
 38  TPM2u+F+I     3106.377     41  6294.754     6297.879     6501.487
 39  TPM2u+F+G4    3106.215     41  6294.430     6297.555     6501.164
 40  TPM2u+F+I+G4  3106.203     42  6296.406     6299.687     6508.182
 41  TPM3+F        3126.880     40  6333.761     6336.735     6535.452
 42  TPM3+F+I      3103.795     41  6289.589     6292.714     6496.323
 43  TPM3+F+G4     3103.604     41  6289.207     6292.333     6495.941
 44  TPM3+F+I+G4   3103.594     42  6291.187     6294.468     6502.963
 45  TPM3u+F       3126.881     40  6333.761     6336.735     6535.453
 46  TPM3u+F+I     3103.795     41  6289.589     6292.714     6496.323
 47  TPM3u+F+G4    3103.604     41  6289.207     6292.333     6495.941
 48  TPM3u+F+I+G4  3103.594     42  6291.187     6294.468     6502.963
 49  TIMe          3126.295     38  6328.590     6331.272     6520.197
 50  TIMe+I        3106.797     39  6291.594     6294.420     6488.243
 51  TIMe+G4       3107.334     39  6292.667     6295.493     6489.316
 52  TIMe+I+G4     3107.123     40  6294.246     6297.220     6495.937
 53  TIM+F         3111.776     41  6305.552     6308.677     6512.286
 54  TIM+F+I       3091.376     42  6266.751     6270.032     6478.527
 55  TIM+F+G4      3092.001     42  6268.002     6271.282     6479.778
 56  TIM+F+I+G4    3091.788     43  6269.575     6273.015     6486.393
 57  TIM2e         3121.783     38  6319.565     6322.248     6511.172
 58  TIM2e+I       3102.370     39  6282.740     6285.566     6479.389
 59  TIM2e+G4      3102.819     39  6283.637     6286.463     6480.286
 60  TIM2e+I+G4    3102.625     40  6285.249     6288.223     6486.941
 61  TIM2+F        3109.176     41  6300.352     6303.477     6507.086
 62  TIM2+F+I      3089.061     42  6262.121     6265.402     6473.897
 63  TIM2+F+G4     3089.657     42  6263.314     6266.595     6475.090
 64  TIM2+F+I+G4   3089.438     43  6264.875     6268.315     6481.694
 65  TIM3e         3120.972     38  6317.943     6320.626     6509.550
 66  TIM3e+I       3101.809     39  6281.617     6284.443     6478.266
 67  TIM3e+G4      3102.193     39  6282.386     6285.212     6479.035
 68  TIM3e+I+G4    3102.014     40  6284.028     6287.002     6485.720
 69  TIM3+F        3106.886     41  6295.772     6298.897     6502.505
 70  TIM3+F+I      3086.903     42  6257.805     6261.086     6469.581
 71  TIM3+F+G4     3087.375     42  6258.749     6262.030     6470.525
 72  TIM3+F+I+G4   3087.188     43  6260.377     6263.817     6477.195
 73  TVMe          3130.403     39  6338.806     6341.632     6535.455
 74  TVMe+I        3109.812     40  6299.625     6302.599     6501.316
 75  TVMe+G4       3109.374     40  6298.747     6301.721     6500.439
 76  TVMe+I+G4     3109.397     41  6300.794     6303.920     6507.528
 77  TVM+F         3122.858     42  6329.716     6332.997     6541.493
 78  TVM+F+I       3100.492     43  6286.984     6290.424     6503.802
 79  TVM+F+G4      3100.256     43  6286.511     6289.951     6503.330
 80  TVM+F+I+G4    3100.240     44  6288.480     6292.083     6510.340
 81  SYM           3114.946     40  6309.892     6312.866     6511.584
 82  SYM+I         3096.028     41  6274.055     6277.180     6480.789
 83  SYM+G4        3096.312     41  6274.625     6277.750     6481.359
 84  SYM+I+G4      3096.150     42  6276.300     6279.581     6488.076
 85  GTR+F         3102.859     43  6291.718     6295.158     6508.537
 86  GTR+F+I       3083.309     44  6254.618     6258.221     6476.479
 87  GTR+F+G4      3083.746     44  6255.491     6259.094     6477.352
 88  GTR+F+I+G4    3083.549     45  6257.098     6260.868     6484.000
Akaike Information Criterion:           GTR+F+I
Corrected Akaike Information Criterion: GTR+F+I
Bayesian Information Criterion:         TIM3+F+I
Best-fit model: TIM3+F+I chosen according to BIC

All model information printed to serotype_4_6048-7191.fas.model.gz
CPU time for ModelFinder: 0.399 seconds (0h:0m:0s)
Wall-clock time for ModelFinder: 0.631 seconds (0h:0m:0s)
Generating 1000 samples for ultrafast bootstrap (seed: 388005)...

NOTE: 0 MB RAM (0 GB) is required!
Estimate model parameters (epsilon = 0.100)
1. Initial log-likelihood: -3265.790
2. Current log-likelihood: -3127.759
3. Current log-likelihood: -3101.576
4. Current log-likelihood: -3087.659
5. Current log-likelihood: -3086.909
Optimal log-likelihood: -3086.902
Rate parameters:  A-C: 0.39831  A-G: 3.97964  A-T: 1.00000  C-G: 0.39831  C-T: 9.71020  G-T: 1.00000
Base frequencies:  A: 0.318  C: 0.226  G: 0.216  T: 0.241
Proportion of invariable sites: 0.509
Parameters optimization took 5 rounds (0.017 sec)
Computing ML distances based on estimated model parameters... 0.004 sec
Computing BIONJ tree...
0.056 seconds
Log-likelihood of BIONJ tree: -3086.895
--------------------------------------------------------------------
|             INITIALIZING CANDIDATE TREE SET                      |
--------------------------------------------------------------------
Generating 99 parsimony trees... 0.084 second
Computing log-likelihood of 99 initial trees ... 0.086 seconds
Current best score: -3083.965

Do NNI search on 20 best initial trees
Estimate model parameters (epsilon = 0.100)
BETTER TREE FOUND at iteration 1: -3083.956
Iteration 10 / LogL: -3086.087 / Time: 0h:0m:0s
Iteration 20 / LogL: -3086.087 / Time: 0h:0m:0s
Finish initializing candidate tree set (2)
Current best tree score: -3083.956 / CPU time: 0.472
Number of iterations: 20
--------------------------------------------------------------------
|               OPTIMIZING CANDIDATE TREE SET                      |
--------------------------------------------------------------------
UPDATE BEST LOG-LIKELIHOOD: -3083.952
Iteration 30 / LogL: -3086.082 / Time: 0h:0m:0s (0h:0m:2s left)
UPDATE BEST LOG-LIKELIHOOD: -3083.950
UPDATE BEST LOG-LIKELIHOOD: -3083.949
Iteration 40 / LogL: -3083.949 / Time: 0h:0m:1s (0h:0m:1s left)
Iteration 50 / LogL: -3086.083 / Time: 0h:0m:1s (0h:0m:1s left)
Log-likelihood cutoff on original alignment: -3109.672
Iteration 60 / LogL: -3086.105 / Time: 0h:0m:1s (0h:0m:1s left)
Iteration 70 / LogL: -3085.893 / Time: 0h:0m:1s (0h:0m:0s left)
Iteration 80 / LogL: -3083.972 / Time: 0h:0m:1s (0h:0m:0s left)
Iteration 90 / LogL: -3111.863 / Time: 0h:0m:1s (0h:0m:0s left)
Iteration 100 / LogL: -3086.250 / Time: 0h:0m:1s (0h:0m:0s left)
Log-likelihood cutoff on original alignment: -3112.248
NOTE: Bootstrap correlation coefficient of split occurrence frequencies: 1.000
TREE SEARCH COMPLETED AFTER 102 ITERATIONS / Time: 0h:0m:2s

--------------------------------------------------------------------
|                    FINALIZING TREE SEARCH                        |
--------------------------------------------------------------------
Performs final model parameters optimization
Estimate model parameters (epsilon = 0.010)
1. Initial log-likelihood: -3083.949
Optimal log-likelihood: -3083.949
Rate parameters:  A-C: 0.39986  A-G: 3.92125  A-T: 1.00000  C-G: 0.39986  C-T: 9.73435  G-T: 1.00000
Base frequencies:  A: 0.318  C: 0.226  G: 0.216  T: 0.241
Proportion of invariable sites: 0.508
Parameters optimization took 1 rounds (0.001 sec)
BEST SCORE FOUND : -3083.949

Testing tree branches by SH-like aLRT with 1000 replicates...
0.160 sec.
Creating bootstrap support values...
Split supports printed to NEXUS file serotype_4_6048-7191.fas.splits.nex
Total tree length: 0.364

Total number of iterations: 102
CPU time used for tree search: 1.425 sec (0h:0m:1s)
Wall-clock time used for tree search: 1.759 sec (0h:0m:1s)
Total CPU time used: 1.682 sec (0h:0m:1s)
Total wall-clock time used: 2.310 sec (0h:0m:2s)

Computing bootstrap consensus tree...
Reading input file serotype_4_6048-7191.fas.splits.nex...
19 taxa and 87 splits.
Consensus tree written to serotype_4_6048-7191.fas.contree
Reading input trees file serotype_4_6048-7191.fas.contree
Log-likelihood of consensus tree: -3083.956

Analysis results written to: 
  IQ-TREE report:                serotype_4_6048-7191.fas.iqtree
  Maximum-likelihood tree:       serotype_4_6048-7191.fas.treefile
  Likelihood distances:          serotype_4_6048-7191.fas.mldist

Ultrafast bootstrap approximation results written to:
  Split support values:          serotype_4_6048-7191.fas.splits.nex
  Consensus tree:                serotype_4_6048-7191.fas.contree
  Screen log file:               serotype_4_6048-7191.fas.log

Date and Time: Tue Nov  5 10:29:33 2024
