IQ-TREE multicore version 1.6.12 for Linux 64-bit built Aug 15 2019
Developed by Bui Quang Minh, Nguyen Lam Tung, Olga Chernomor,
Heiko Schmidt, Dominik Schrempf, Michael Woodhams.

Host:    minsky (AVX2, FMA3, 503 GB RAM)
Command: ../../iqtree -s serotype_4_4-1472.fas -st DNA -m TEST -bb 1000 -alrt 1000
Seed:    238908 (Using SPRNG - Scalable Parallel Random Number Generator)
Time:    Tue Nov  5 10:28:30 2024
Kernel:  AVX+FMA - 1 threads (128 CPU cores detected)

HINT: Use -nt option to specify number of threads because your CPU has 128 cores!
HINT: -nt AUTO will automatically determine the best number of threads to use.

Reading alignment file serotype_4_4-1472.fas ... Fasta format detected
Alignment most likely contains DNA/RNA sequences
Alignment has 19 sequences with 1469 columns, 190 distinct patterns
242 parsimony-informative, 87 singleton sites, 1140 constant sites
                                                                             Gap/Ambiguity  Composition  p-value
   1  OR371570_human_CHN_2022_HAstV-4-Fuzhou-2022-10_NA_feces_serotype_4             0.00%    passed     97.39%
   2  ON571598_human_CHN_2021_NA_2021-Fuzhou-37_feces_serotype_4                     0.00%    passed     98.81%
   3  OP432301_human_CHN_2022_NA_HAstV-4-QD-L-22019_NA_serotype_4                    0.00%    passed     96.78%
   4  OP432300_human_CHN_2022_NA_HAstV-4-QD-S-22022_NA_serotype_4                    0.00%    passed     99.39%
   5  OP432299_human_CHN_2021_NA_HAstV-4-RC-21045_NA_serotype_4                      0.00%    passed     99.91%
   6  OP432298_human_CHN_2022_NA_HAstV-4-QD-S-22015_NA_serotype_4                    0.00%    passed     98.88%
   7  OP432297_human_CHN_2022_NA_HAstV-4-QD-L-22001_NA_serotype_4                    0.00%    passed     99.39%
   8  OP432296_human_CHN_2021_NA_HAstV-4-RC-21047_NA_serotype_4                      0.00%    passed     99.83%
   9  OP432295_human_CHN_2022_NA_HAstV-4-QD-F-22056_NA_serotype_4                    0.00%    passed     99.20%
  10  OP432294_human_CHN_2022_NA_HAstV-4-QD-L-22040_NA_serotype_4                    0.00%    passed     96.78%
  11  OP432293_human_CHN_2021_NA_HAstV-4-RC-21027_NA_serotype_4                      0.00%    passed     99.73%
  12  MT906855_human_BRA_2014_Hu-BRA-TO-26-2014_BRA-TO-26_stool-sample_serotype_4    0.00%    passed     94.91%
  13  MT906854_human_BRA_2015_Hu-BRA-TO-71-2015_BRA-TO-71_stool-sample_serotype_4    0.00%    passed     94.91%
  14  MT906853_human_BRA_2014_Hu-BRA-TO-207-2014_BRA-TO-207_stool_serotype_4         0.00%    passed     93.00%
  15  KF039913_NA_RUS_2010_NA_Rus-Nsc10-N358_NA_serotype_4                           0.00%    passed     95.57%
  16  KF039912_NA_RUS_2005_NA_Rus-Nsc05-623_NA_serotype_4                            0.00%    passed     98.30%
  17  DQ344027_NA_CHN_2005_NA_Guangzhou_NA_serotype_4                                0.00%    passed     95.89%
  18  DQ070852_NA_BRA_1995_NA_Goiania-GO-12-95-Brazil_NA_serotype_4                  0.00%    passed     91.52%
  19  AY720891_NA_NA_2004_Dresden_NA_NA_serotype_4                                   0.00%    passed     97.85%
****  TOTAL                                                                          0.00%  0 sequences failed composition chi2 test (p-value<5%; df=3)
NOTE: OP432294_human_CHN_2022_NA_HAstV-4-QD-L-22040_NA_serotype_4 is identical to OP432301_human_CHN_2022_NA_HAstV-4-QD-L-22019_NA_serotype_4 but kept for subsequent analysis
NOTE: MT906854_human_BRA_2015_Hu-BRA-TO-71-2015_BRA-TO-71_stool-sample_serotype_4 is identical to MT906855_human_BRA_2014_Hu-BRA-TO-26-2014_BRA-TO-26_stool-sample_serotype_4 but kept for subsequent analysis


Create initial parsimony tree by phylogenetic likelihood library (PLL)... 0.001 seconds
NOTE: ModelFinder requires 1 MB RAM!
ModelFinder will test 88 DNA models (sample size: 1469) ...
 No. Model         -LnL         df  AIC          AICc         BIC
  1  JC            4895.703     35  9861.407     9863.165     10046.638
  2  JC+I          4801.871     36  9675.742     9677.602     9866.266
  3  JC+G4         4801.935     36  9675.871     9677.731     9866.395
  4  JC+I+G4       4802.730     37  9679.459     9681.424     9875.275
  5  F81+F         4874.111     38  9824.222     9826.295     10025.331
  6  F81+F+I       4781.706     39  9641.412     9643.595     9847.813
  7  F81+F+G4      4781.896     39  9641.792     9643.976     9848.194
  8  F81+F+I+G4    4782.754     40  9645.509     9647.806     9857.202
  9  K2P           4603.692     36  9279.385     9281.245     9469.909
 10  K2P+I         4491.616     37  9057.233     9059.198     9253.049
 11  K2P+G4        4490.622     37  9055.245     9057.210     9251.061
 12  K2P+I+G4      4490.471     38  9056.943     9059.015     9258.051
 13  HKY+F         4574.827     39  9227.655     9229.838     9434.056
 14  HKY+F+I       4465.125     40  9010.250     9012.547     9221.944
 15  HKY+F+G4      4464.144     40  9008.288     9010.585     9219.982
 16  HKY+F+I+G4    4464.145     41  9010.289     9012.703     9227.275
 17  TNe           4590.247     37  9254.495     9256.460     9450.311
 18  TNe+I         4482.989     38  9041.979     9044.051     9243.087
 19  TNe+G4        4481.411     38  9038.821     9040.894     9239.930
 20  TNe+I+G4      4481.061     39  9040.123     9042.306     9246.524
 21  TN+F          4559.767     40  9199.534     9201.831     9411.228
 22  TN+F+I        4456.509     41  8995.017     8997.431     9212.003
 23  TN+F+G4       4454.844     41  8991.688     8994.101     9208.674
 24  TN+F+I+G4     4454.594     42  8993.188     8995.721     9215.466
 25  K3P           4602.953     37  9279.906     9281.871     9475.723
 26  K3P+I         4491.063     38  9058.126     9060.198     9259.235
 27  K3P+G4        4490.038     38  9056.075     9058.148     9257.184
 28  K3P+I+G4      4489.864     39  9057.728     9059.911     9264.129
 29  K3Pu+F        4573.736     40  9227.471     9229.768     9439.165
 30  K3Pu+F+I      4464.370     41  9010.740     9013.153     9227.726
 31  K3Pu+F+G4     4463.339     41  9008.679     9011.092     9225.665
 32  K3Pu+F+I+G4   4463.308     42  9010.617     9013.150     9232.895
 33  TPM2+F        4569.359     40  9218.719     9221.016     9430.412
 34  TPM2+F+I      4459.437     41  9000.875     9003.288     9217.861
 35  TPM2+F+G4     4458.470     41  8998.939     9001.352     9215.925
 36  TPM2+F+I+G4   4458.466     42  9000.933     9003.466     9223.211
 37  TPM2u+F       4569.362     40  9218.724     9221.021     9430.418
 38  TPM2u+F+I     4459.426     41  9000.853     9003.266     9217.838
 39  TPM2u+F+G4    4458.471     41  8998.941     9001.355     9215.927
 40  TPM2u+F+I+G4  4458.479     42  9000.957     9003.490     9223.235
 41  TPM3+F        4574.711     40  9229.423     9231.720     9441.116
 42  TPM3+F+I      4464.663     41  9011.326     9013.739     9228.312
 43  TPM3+F+G4     4463.696     41  9009.393     9011.806     9226.379
 44  TPM3+F+I+G4   4463.698     42  9011.397     9013.930     9233.675
 45  TPM3u+F       4574.710     40  9229.420     9231.717     9441.114
 46  TPM3u+F+I     4464.663     41  9011.326     9013.740     9228.312
 47  TPM3u+F+G4    4463.696     41  9009.393     9011.806     9226.379
 48  TPM3u+F+I+G4  4463.698     42  9011.397     9013.930     9233.675
 49  TIMe          4589.497     38  9254.993     9257.066     9456.102
 50  TIMe+I        4482.390     39  9042.780     9044.963     9249.181
 51  TIMe+G4       4480.798     39  9039.596     9041.779     9245.997
 52  TIMe+I+G4     4480.434     40  9040.867     9043.164     9252.561
 53  TIM+F         4558.660     41  9199.321     9201.734     9416.307
 54  TIM+F+I       4455.710     42  8995.420     8997.953     9217.699
 55  TIM+F+G4      4454.009     42  8992.019     8994.552     9214.297
 56  TIM+F+I+G4    4453.745     43  8993.490     8996.146     9221.061
 57  TIM2e         4582.465     38  9240.929     9243.002     9442.038
 58  TIM2e+I       4474.298     39  9026.596     9028.779     9232.997
 59  TIM2e+G4      4472.660     39  9023.321     9025.504     9229.722
 60  TIM2e+I+G4    4472.214     40  9024.428     9026.725     9236.121
 61  TIM2+F        4554.376     41  9190.751     9193.165     9407.737
 62  TIM2+F+I      4450.928     42  8985.856     8988.389     9208.134
 63  TIM2+F+G4     4449.208     42  8982.417     8984.950     9204.695
 64  TIM2+F+I+G4   4448.895     43  8983.789     8986.445     9211.360
 65  TIM3e         4589.411     38  9254.821     9256.894     9455.930
 66  TIM3e+I       4481.163     39  9040.327     9042.510     9246.728
 67  TIM3e+G4      4479.543     39  9037.086     9039.269     9243.487
 68  TIM3e+I+G4    4479.152     40  9038.303     9040.600     9249.997
 69  TIM3+F        4559.645     41  9201.289     9203.703     9418.275
 70  TIM3+F+I      4456.053     42  8996.106     8998.639     9218.385
 71  TIM3+F+G4     4454.438     42  8992.876     8995.409     9215.154
 72  TIM3+F+I+G4   4454.201     43  8994.402     8997.057     9221.972
 73  TVMe          4590.945     39  9259.890     9262.073     9466.291
 74  TVMe+I        4477.420     40  9034.840     9037.137     9246.533
 75  TVMe+G4       4476.279     40  9032.558     9034.855     9244.252
 76  TVMe+I+G4     4476.054     41  9034.108     9036.522     9251.094
 77  TVM+F         4564.879     42  9213.757     9216.290     9436.035
 78  TVM+F+I       4455.135     43  8996.269     8998.924     9223.840
 79  TVM+F+G4      4454.108     43  8994.215     8996.871     9221.786
 80  TVM+F+I+G4    4454.124     44  8996.248     8999.029     9229.111
 81  SYM           4577.570     40  9235.139     9237.436     9446.833
 82  SYM+I         4468.847     41  9019.694     9022.108     9236.680
 83  SYM+G4        4467.214     41  9016.427     9018.841     9233.413
 84  SYM+I+G4      4466.838     42  9017.676     9020.209     9239.954
 85  GTR+F         4549.888     43  9185.775     9188.431     9413.346
 86  GTR+F+I       4446.423     44  8980.847     8983.628     9213.710
 87  GTR+F+G4      4444.693     44  8977.385     8980.166     9210.248
 88  GTR+F+I+G4    4444.420     45  8978.840     8981.750     9216.995
Akaike Information Criterion:           GTR+F+G4
Corrected Akaike Information Criterion: GTR+F+G4
Bayesian Information Criterion:         TIM2+F+G4
Best-fit model: TIM2+F+G4 chosen according to BIC

All model information printed to serotype_4_4-1472.fas.model.gz
CPU time for ModelFinder: 0.681 seconds (0h:0m:0s)
Wall-clock time for ModelFinder: 0.868 seconds (0h:0m:0s)
Generating 1000 samples for ultrafast bootstrap (seed: 238908)...

NOTE: 1 MB RAM (0 GB) is required!
Estimate model parameters (epsilon = 0.100)
1. Initial log-likelihood: -4820.547
2. Current log-likelihood: -4458.974
3. Current log-likelihood: -4449.243
Optimal log-likelihood: -4449.204
Rate parameters:  A-C: 3.00685  A-G: 23.70541  A-T: 3.00685  C-G: 1.00000  C-T: 42.16249  G-T: 1.00000
Base frequencies:  A: 0.290  C: 0.202  G: 0.215  T: 0.293
Gamma shape alpha: 0.212
Parameters optimization took 3 rounds (0.038 sec)
Computing ML distances based on estimated model parameters... 0.005 sec
Computing BIONJ tree...
0.047 seconds
Log-likelihood of BIONJ tree: -4449.197
--------------------------------------------------------------------
|             INITIALIZING CANDIDATE TREE SET                      |
--------------------------------------------------------------------
Generating 99 parsimony trees... 0.113 second
Computing log-likelihood of 99 initial trees ... 0.212 seconds
Current best score: -4449.197

Do NNI search on 20 best initial trees
Estimate model parameters (epsilon = 0.100)
BETTER TREE FOUND at iteration 1: -4449.197
Iteration 10 / LogL: -4449.204 / Time: 0h:0m:0s
Iteration 20 / LogL: -4449.204 / Time: 0h:0m:1s
Finish initializing candidate tree set (1)
Current best tree score: -4449.197 / CPU time: 0.911
Number of iterations: 20
--------------------------------------------------------------------
|               OPTIMIZING CANDIDATE TREE SET                      |
--------------------------------------------------------------------
UPDATE BEST LOG-LIKELIHOOD: -4449.197
Iteration 30 / LogL: -4535.762 / Time: 0h:0m:1s (0h:0m:3s left)
UPDATE BEST LOG-LIKELIHOOD: -4449.196
UPDATE BEST LOG-LIKELIHOOD: -4449.196
Iteration 40 / LogL: -4449.196 / Time: 0h:0m:1s (0h:0m:3s left)
Iteration 50 / LogL: -4535.762 / Time: 0h:0m:2s (0h:0m:2s left)
Log-likelihood cutoff on original alignment: -4494.530
UPDATE BEST LOG-LIKELIHOOD: -4449.196
UPDATE BEST LOG-LIKELIHOOD: -4449.195
Iteration 60 / LogL: -4535.762 / Time: 0h:0m:2s (0h:0m:1s left)
Iteration 70 / LogL: -4555.559 / Time: 0h:0m:3s (0h:0m:1s left)
Iteration 80 / LogL: -4449.196 / Time: 0h:0m:3s (0h:0m:0s left)
Iteration 90 / LogL: -4449.198 / Time: 0h:0m:3s (0h:0m:0s left)
Iteration 100 / LogL: -4458.244 / Time: 0h:0m:3s (0h:0m:0s left)
Log-likelihood cutoff on original alignment: -4494.530
NOTE: Bootstrap correlation coefficient of split occurrence frequencies: 0.998
TREE SEARCH COMPLETED AFTER 102 ITERATIONS / Time: 0h:0m:3s

--------------------------------------------------------------------
|                    FINALIZING TREE SEARCH                        |
--------------------------------------------------------------------
Performs final model parameters optimization
Estimate model parameters (epsilon = 0.010)
1. Initial log-likelihood: -4449.195
Optimal log-likelihood: -4449.195
Rate parameters:  A-C: 3.00111  A-G: 23.68769  A-T: 3.00111  C-G: 1.00000  C-T: 42.17284  G-T: 1.00000
Base frequencies:  A: 0.290  C: 0.202  G: 0.215  T: 0.293
Gamma shape alpha: 0.212
Parameters optimization took 1 rounds (0.004 sec)
BEST SCORE FOUND : -4449.195

Testing tree branches by SH-like aLRT with 1000 replicates...
0.668 sec.
Creating bootstrap support values...
Split supports printed to NEXUS file serotype_4_4-1472.fas.splits.nex
Total tree length: 0.413

Total number of iterations: 102
CPU time used for tree search: 3.101 sec (0h:0m:3s)
Wall-clock time used for tree search: 3.585 sec (0h:0m:3s)
Total CPU time used: 3.925 sec (0h:0m:3s)
Total wall-clock time used: 4.686 sec (0h:0m:4s)

Computing bootstrap consensus tree...
Reading input file serotype_4_4-1472.fas.splits.nex...
19 taxa and 80 splits.
Consensus tree written to serotype_4_4-1472.fas.contree
Reading input trees file serotype_4_4-1472.fas.contree
Log-likelihood of consensus tree: -4449.204

Analysis results written to: 
  IQ-TREE report:                serotype_4_4-1472.fas.iqtree
  Maximum-likelihood tree:       serotype_4_4-1472.fas.treefile
  Likelihood distances:          serotype_4_4-1472.fas.mldist

Ultrafast bootstrap approximation results written to:
  Split support values:          serotype_4_4-1472.fas.splits.nex
  Consensus tree:                serotype_4_4-1472.fas.contree
  Screen log file:               serotype_4_4-1472.fas.log

Date and Time: Tue Nov  5 10:28:36 2024
