IQ-TREE multicore version 1.6.12 for Linux 64-bit built Aug 15 2019
Developed by Bui Quang Minh, Nguyen Lam Tung, Olga Chernomor,
Heiko Schmidt, Dominik Schrempf, Michael Woodhams.

Host:    minsky (AVX2, FMA3, 503 GB RAM)
Command: ../../iqtree -s serotype_4_2449-3964.fas -st DNA -m TEST -bb 1000 -alrt 1000
Seed:    208195 (Using SPRNG - Scalable Parallel Random Number Generator)
Time:    Tue Nov  5 10:28:50 2024
Kernel:  AVX+FMA - 1 threads (128 CPU cores detected)

HINT: Use -nt option to specify number of threads because your CPU has 128 cores!
HINT: -nt AUTO will automatically determine the best number of threads to use.

Reading alignment file serotype_4_2449-3964.fas ... Fasta format detected
Alignment most likely contains DNA/RNA sequences
WARNING: 90 sites contain only gaps or ambiguous characters.
Alignment has 19 sequences with 1516 columns, 193 distinct patterns
180 parsimony-informative, 126 singleton sites, 1210 constant sites
                                                                             Gap/Ambiguity  Composition  p-value
   1  OR371570_human_CHN_2022_HAstV-4-Fuzhou-2022-10_NA_feces_serotype_4             6.93%    passed     97.88%
   2  ON571598_human_CHN_2021_NA_2021-Fuzhou-37_feces_serotype_4                     7.32%    passed     98.67%
   3  OP432301_human_CHN_2022_NA_HAstV-4-QD-L-22019_NA_serotype_4                    7.32%    passed     96.76%
   4  OP432300_human_CHN_2022_NA_HAstV-4-QD-S-22022_NA_serotype_4                    7.32%    passed     94.25%
   5  OP432299_human_CHN_2021_NA_HAstV-4-RC-21045_NA_serotype_4                      7.32%    passed     98.79%
   6  OP432298_human_CHN_2022_NA_HAstV-4-QD-S-22015_NA_serotype_4                    7.32%    passed     96.76%
   7  OP432297_human_CHN_2022_NA_HAstV-4-QD-L-22001_NA_serotype_4                    7.32%    passed     95.92%
   8  OP432296_human_CHN_2021_NA_HAstV-4-RC-21047_NA_serotype_4                      7.32%    passed     94.59%
   9  OP432295_human_CHN_2022_NA_HAstV-4-QD-F-22056_NA_serotype_4                    7.32%    passed     99.30%
  10  OP432294_human_CHN_2022_NA_HAstV-4-QD-L-22040_NA_serotype_4                    7.32%    passed     96.54%
  11  OP432293_human_CHN_2021_NA_HAstV-4-RC-21027_NA_serotype_4                      7.32%    passed     99.04%
  12  MT906855_human_BRA_2014_Hu-BRA-TO-26-2014_BRA-TO-26_stool-sample_serotype_4    6.53%    passed     87.66%
  13  MT906854_human_BRA_2015_Hu-BRA-TO-71-2015_BRA-TO-71_stool-sample_serotype_4    6.53%    passed     88.55%
  14  MT906853_human_BRA_2014_Hu-BRA-TO-207-2014_BRA-TO-207_stool_serotype_4         6.53%    passed     88.63%
  15  KF039913_NA_RUS_2010_NA_Rus-Nsc10-N358_NA_serotype_4                           7.32%    passed     99.90%
  16  KF039912_NA_RUS_2005_NA_Rus-Nsc05-623_NA_serotype_4                            6.53%    passed     87.40%
  17  DQ344027_NA_CHN_2005_NA_Guangzhou_NA_serotype_4                                7.32%    passed     99.95%
  18  DQ070852_NA_BRA_1995_NA_Goiania-GO-12-95-Brazil_NA_serotype_4                  7.32%    passed     95.00%
  19  AY720891_NA_NA_2004_Dresden_NA_NA_serotype_4                                   7.32%    passed     84.99%
****  TOTAL                                                                          7.13%  0 sequences failed composition chi2 test (p-value<5%; df=3)


Create initial parsimony tree by phylogenetic likelihood library (PLL)... 0.001 seconds
NOTE: ModelFinder requires 1 MB RAM!
ModelFinder will test 88 DNA models (sample size: 1516) ...
 No. Model         -LnL         df  AIC          AICc         BIC
  1  JC            4622.906     35  9315.811     9317.514     9502.145
  2  JC+I          4524.667     36  9121.333     9123.134     9312.991
  3  JC+G4         4522.701     36  9117.402     9119.204     9309.060
  4  JC+I+G4       4522.049     37  9118.098     9120.001     9315.080
  5  F81+F         4601.839     38  9279.678     9281.685     9481.984
  6  F81+F+I       4505.293     39  9088.586     9090.700     9296.215
  7  F81+F+G4      4503.585     39  9085.171     9087.285     9292.800
  8  F81+F+I+G4    4503.271     40  9086.541     9088.765     9299.494
  9  K2P           4377.687     36  8827.375     8829.176     9019.033
 10  K2P+I         4267.014     37  8608.028     8609.930     8805.009
 11  K2P+G4        4264.316     37  8602.632     8604.534     8799.613
 12  K2P+I+G4      4262.163     38  8600.326     8602.333     8802.632
 13  HKY+F         4351.680     39  8781.361     8783.475     8988.990
 14  HKY+F+I       4236.281     40  8552.563     8554.786     8765.516
 15  HKY+F+G4      4233.660     40  8547.320     8549.544     8760.273
 16  HKY+F+I+G4    4231.717     41  8545.435     8547.771     8763.712
 17  TNe           4359.127     37  8792.253     8794.156     8989.235
 18  TNe+I         4254.914     38  8585.827     8587.834     8788.133
 19  TNe+G4        4251.712     38  8579.424     8581.430     8781.729
 20  TNe+I+G4      4250.104     39  8578.207     8580.321     8785.837
 21  TN+F          4325.227     40  8730.454     8732.678     8943.407
 22  TN+F+I        4219.208     41  8520.416     8522.752     8738.693
 23  TN+F+G4       4216.225     41  8514.449     8516.786     8732.726
 24  TN+F+I+G4     4214.866     42  8513.731     8516.184     8737.332
 25  K3P           4377.644     37  8829.289     8831.191     9026.270
 26  K3P+I         4267.015     38  8610.030     8612.037     8812.336
 27  K3P+G4        4264.313     38  8604.626     8606.633     8806.932
 28  K3P+I+G4      4262.162     39  8602.324     8604.438     8809.954
 29  K3Pu+F        4351.667     40  8783.334     8785.557     8996.287
 30  K3Pu+F+I      4236.279     41  8554.557     8556.894     8772.834
 31  K3Pu+F+G4     4233.655     41  8549.310     8551.647     8767.587
 32  K3Pu+F+I+G4   4231.714     42  8547.428     8549.880     8771.029
 33  TPM2+F        4351.049     40  8782.098     8784.321     8995.051
 34  TPM2+F+I      4235.990     41  8553.980     8556.316     8772.257
 35  TPM2+F+G4     4233.384     41  8548.769     8551.105     8767.046
 36  TPM2+F+I+G4   4231.415     42  8546.831     8549.283     8770.432
 37  TPM2u+F       4351.049     40  8782.098     8784.321     8995.051
 38  TPM2u+F+I     4235.990     41  8553.980     8556.316     8772.257
 39  TPM2u+F+G4    4233.384     41  8548.769     8551.105     8767.046
 40  TPM2u+F+I+G4  4231.415     42  8546.831     8549.283     8770.432
 41  TPM3+F        4345.432     40  8770.863     8773.087     8983.817
 42  TPM3+F+I      4230.830     41  8543.659     8545.996     8761.937
 43  TPM3+F+G4     4228.194     41  8538.387     8540.724     8756.664
 44  TPM3+F+I+G4   4226.369     42  8536.738     8539.191     8760.339
 45  TPM3u+F       4345.431     40  8770.863     8773.087     8983.816
 46  TPM3u+F+I     4230.830     41  8543.660     8545.996     8761.937
 47  TPM3u+F+G4    4228.194     41  8538.388     8540.724     8756.665
 48  TPM3u+F+I+G4  4226.369     42  8536.739     8539.191     8760.340
 49  TIMe          4359.080     38  8794.161     8796.168     8996.466
 50  TIMe+I        4254.916     39  8587.833     8589.947     8795.462
 51  TIMe+G4       4251.710     39  8581.419     8583.533     8789.049
 52  TIMe+I+G4     4250.104     40  8580.209     8582.432     8793.162
 53  TIM+F         4325.212     41  8732.425     8734.761     8950.702
 54  TIM+F+I       4219.200     42  8522.400     8524.852     8746.001
 55  TIM+F+G4      4216.216     42  8516.433     8518.885     8740.034
 56  TIM+F+I+G4    4214.857     43  8515.714     8518.285     8744.639
 57  TIM2e         4356.827     38  8789.654     8791.661     8991.959
 58  TIM2e+I       4252.471     39  8582.941     8585.055     8790.571
 59  TIM2e+G4      4249.208     39  8576.416     8578.530     8784.045
 60  TIM2e+I+G4    4247.483     40  8574.965     8577.189     8787.918
 61  TIM2+F        4324.582     41  8731.163     8733.500     8949.440
 62  TIM2+F+I      4218.838     42  8521.675     8524.128     8745.276
 63  TIM2+F+G4     4215.848     42  8515.696     8518.148     8739.297
 64  TIM2+F+I+G4   4214.458     43  8514.916     8517.486     8743.840
 65  TIM3e         4351.881     38  8779.763     8781.770     8982.068
 66  TIM3e+I       4248.396     39  8574.792     8576.906     8782.422
 67  TIM3e+G4      4245.151     39  8568.301     8570.415     8775.931
 68  TIM3e+I+G4    4243.772     40  8567.545     8569.769     8780.498
 69  TIM3+F        4318.936     41  8719.872     8722.208     8938.149
 70  TIM3+F+I      4213.797     42  8511.595     8514.047     8735.196
 71  TIM3+F+G4     4210.840     42  8505.679     8508.132     8729.280
 72  TIM3+F+I+G4   4209.707     43  8505.413     8507.984     8734.338
 73  TVMe          4367.451     39  8812.901     8815.015     9020.531
 74  TVMe+I        4257.141     40  8594.282     8596.505     8807.235
 75  TVMe+G4       4254.310     40  8588.619     8590.843     8801.572
 76  TVMe+I+G4     4252.162     41  8586.324     8588.660     8804.601
 77  TVM+F         4343.968     42  8771.936     8774.388     8995.537
 78  TVM+F+I       4229.537     43  8545.075     8547.645     8773.999
 79  TVM+F+G4      4226.950     43  8539.901     8542.471     8768.825
 80  TVM+F+I+G4    4225.171     44  8538.343     8541.035     8772.591
 81  SYM           4348.830     40  8777.660     8779.884     8990.613
 82  SYM+I         4245.126     41  8572.253     8574.589     8790.530
 83  SYM+G4        4241.838     41  8565.676     8568.013     8783.953
 84  SYM+I+G4      4240.368     42  8564.735     8567.187     8788.336
 85  GTR+F         4317.473     43  8720.947     8723.518     8949.872
 86  GTR+F+I       4212.468     44  8512.935     8515.627     8747.184
 87  GTR+F+G4      4209.531     44  8507.062     8509.754     8741.311
 88  GTR+F+I+G4    4208.411     45  8506.821     8509.638     8746.394
Akaike Information Criterion:           TIM3+F+I+G4
Corrected Akaike Information Criterion: TIM3+F+I+G4
Bayesian Information Criterion:         TIM3+F+G4
Best-fit model: TIM3+F+G4 chosen according to BIC

All model information printed to serotype_4_2449-3964.fas.model.gz
CPU time for ModelFinder: 0.528 seconds (0h:0m:0s)
Wall-clock time for ModelFinder: 0.702 seconds (0h:0m:0s)
Generating 1000 samples for ultrafast bootstrap (seed: 208195)...

NOTE: 1 MB RAM (0 GB) is required!
Estimate model parameters (epsilon = 0.100)
1. Initial log-likelihood: -4545.277
2. Current log-likelihood: -4214.660
3. Current log-likelihood: -4210.867
Optimal log-likelihood: -4210.841
Rate parameters:  A-C: 0.35368  A-G: 5.70215  A-T: 1.00000  C-G: 0.35368  C-T: 13.14429  G-T: 1.00000
Base frequencies:  A: 0.341  C: 0.214  G: 0.205  T: 0.239
Gamma shape alpha: 0.198
Parameters optimization took 3 rounds (0.033 sec)
Computing ML distances based on estimated model parameters... 0.004 sec
Computing BIONJ tree...
0.067 seconds
Log-likelihood of BIONJ tree: -4210.784
--------------------------------------------------------------------
|             INITIALIZING CANDIDATE TREE SET                      |
--------------------------------------------------------------------
Generating 98 parsimony trees... 0.077 second
Computing log-likelihood of 98 initial trees ... 0.176 seconds
Current best score: -4210.784

Do NNI search on 20 best initial trees
Estimate model parameters (epsilon = 0.100)
BETTER TREE FOUND at iteration 1: -4210.776
BETTER TREE FOUND at iteration 2: -4210.775
Iteration 10 / LogL: -4210.775 / Time: 0h:0m:0s
Iteration 20 / LogL: -4210.850 / Time: 0h:0m:0s
Finish initializing candidate tree set (8)
Current best tree score: -4210.775 / CPU time: 0.580
Number of iterations: 20
--------------------------------------------------------------------
|               OPTIMIZING CANDIDATE TREE SET                      |
--------------------------------------------------------------------
Iteration 30 / LogL: -4210.775 / Time: 0h:0m:1s (0h:0m:2s left)
UPDATE BEST LOG-LIKELIHOOD: -4210.775
Iteration 40 / LogL: -4210.775 / Time: 0h:0m:1s (0h:0m:2s left)
Iteration 50 / LogL: -4210.786 / Time: 0h:0m:1s (0h:0m:1s left)
Log-likelihood cutoff on original alignment: -4228.490
UPDATE BEST LOG-LIKELIHOOD: -4210.775
Iteration 60 / LogL: -4210.775 / Time: 0h:0m:1s (0h:0m:1s left)
UPDATE BEST LOG-LIKELIHOOD: -4210.775
UPDATE BEST LOG-LIKELIHOOD: -4210.775
Iteration 70 / LogL: -4210.775 / Time: 0h:0m:2s (0h:0m:1s left)
Iteration 80 / LogL: -4217.736 / Time: 0h:0m:2s (0h:0m:0s left)
Iteration 90 / LogL: -4210.788 / Time: 0h:0m:2s (0h:0m:0s left)
Iteration 100 / LogL: -4210.895 / Time: 0h:0m:2s (0h:0m:0s left)
Log-likelihood cutoff on original alignment: -4230.547
NOTE: Bootstrap correlation coefficient of split occurrence frequencies: 0.997
TREE SEARCH COMPLETED AFTER 103 ITERATIONS / Time: 0h:0m:3s

--------------------------------------------------------------------
|                    FINALIZING TREE SEARCH                        |
--------------------------------------------------------------------
Performs final model parameters optimization
Estimate model parameters (epsilon = 0.010)
1. Initial log-likelihood: -4210.775
Optimal log-likelihood: -4210.775
Rate parameters:  A-C: 0.35648  A-G: 5.78458  A-T: 1.00000  C-G: 0.35648  C-T: 13.11925  G-T: 1.00000
Base frequencies:  A: 0.341  C: 0.214  G: 0.205  T: 0.239
Gamma shape alpha: 0.197
Parameters optimization took 1 rounds (0.003 sec)
BEST SCORE FOUND : -4210.775

Testing tree branches by SH-like aLRT with 1000 replicates...
0.577 sec.
Creating bootstrap support values...
Split supports printed to NEXUS file serotype_4_2449-3964.fas.splits.nex
Total tree length: 0.412

Total number of iterations: 103
CPU time used for tree search: 2.274 sec (0h:0m:2s)
Wall-clock time used for tree search: 2.691 sec (0h:0m:2s)
Total CPU time used: 2.984 sec (0h:0m:2s)
Total wall-clock time used: 3.750 sec (0h:0m:3s)

Computing bootstrap consensus tree...
Reading input file serotype_4_2449-3964.fas.splits.nex...
19 taxa and 97 splits.
Consensus tree written to serotype_4_2449-3964.fas.contree
Reading input trees file serotype_4_2449-3964.fas.contree
Log-likelihood of consensus tree: -4210.775

Analysis results written to: 
  IQ-TREE report:                serotype_4_2449-3964.fas.iqtree
  Maximum-likelihood tree:       serotype_4_2449-3964.fas.treefile
  Likelihood distances:          serotype_4_2449-3964.fas.mldist

Ultrafast bootstrap approximation results written to:
  Split support values:          serotype_4_2449-3964.fas.splits.nex
  Consensus tree:                serotype_4_2449-3964.fas.contree
  Screen log file:               serotype_4_2449-3964.fas.log

Date and Time: Tue Nov  5 10:28:55 2024
