IQ-TREE multicore version 1.6.12 for Linux 64-bit built Aug 15 2019
Developed by Bui Quang Minh, Nguyen Lam Tung, Olga Chernomor,
Heiko Schmidt, Dominik Schrempf, Michael Woodhams.

Host:    minsky (AVX2, FMA3, 503 GB RAM)
Command: ../../iqtree -s all_serotypes_3368-4090.fas -m TEST -bb 1000 -alrt 1000
Seed:    193690 (Using SPRNG - Scalable Parallel Random Number Generator)
Time:    Tue Nov  5 09:47:40 2024
Kernel:  AVX+FMA - 1 threads (128 CPU cores detected)

HINT: Use -nt option to specify number of threads because your CPU has 128 cores!
HINT: -nt AUTO will automatically determine the best number of threads to use.

Reading alignment file all_serotypes_3368-4090.fas ... Fasta format detected
Alignment most likely contains DNA/RNA sequences
Alignment has 79 sequences with 723 columns, 252 distinct patterns
219 parsimony-informative, 37 singleton sites, 467 constant sites
                                                                                                  Gap/Ambiguity  Composition  p-value
   1  OR371570_human_CHN_2022_HAstV-4-Fuzhou-2022-10_NA_feces_serotype_4                                  0.00%    passed     97.39%
   2  OR222910_human_CHN_2021_NA_SY2106_stool_serotype_5                                                  0.00%    passed     85.96%
   3  LC732124_human_JPN_2016_Human-JPN-2016-JP14989_Child-with-acute-gastroenteritis_feces_serotype_3    0.00%    passed     90.14%
   4  LC732123_human_JPN_2016_Human-JPN-2016-JP14665_Child-with-acute-gastroenteritis_feces_serotype_3    0.00%    passed     96.25%
   5  LC732122_human_JPN_2016_Human-JPN-2016-JP14641_Child-with-acute-gastroenteritis_feces_serotype_3    0.00%    passed     96.25%
   6  ON571598_human_CHN_2021_NA_2021-Fuzhou-37_feces_serotype_4                                          0.00%    passed     91.64%
   7  ON571597_human_CHN_2019_NA_2019-Pingtan-42_feces_serotype_1                                         0.00%    passed     97.77%
   8  ON571596_human_CHN_2019_NA_2019-Fuzhou-306_feces_serotype_1                                         0.00%    passed     97.33%
   9  ON571595_human_CHN_2019_NA_2019-Fuzhou-289_feces_serotype_5                                         0.00%    passed     92.57%
  10  ON571594_human_CHN_2019_NA_2019-Fuzhou-26_feces_serotype_1                                          0.00%    passed     94.57%
  11  OP432301_human_CHN_2022_NA_HAstV-4-QD-L-22019_NA_serotype_4                                         0.00%    passed     87.16%
  12  OP432300_human_CHN_2022_NA_HAstV-4-QD-S-22022_NA_serotype_4                                         0.00%    passed     81.04%
  13  OP432299_human_CHN_2021_NA_HAstV-4-RC-21045_NA_serotype_4                                           0.00%    passed     90.48%
  14  OP432298_human_CHN_2022_NA_HAstV-4-QD-S-22015_NA_serotype_4                                         0.00%    passed     87.16%
  15  OP432297_human_CHN_2022_NA_HAstV-4-QD-L-22001_NA_serotype_4                                         0.00%    passed     81.04%
  16  OP432296_human_CHN_2021_NA_HAstV-4-RC-21047_NA_serotype_4                                           0.00%    passed     99.67%
  17  OP432295_human_CHN_2022_NA_HAstV-4-QD-F-22056_NA_serotype_4                                         0.00%    passed     95.55%
  18  OP432294_human_CHN_2022_NA_HAstV-4-QD-L-22040_NA_serotype_4                                         0.00%    passed     87.16%
  19  OP432293_human_CHN_2021_NA_HAstV-4-RC-21027_NA_serotype_4                                           0.00%    passed     90.48%
  20  LC694997_human_JPN_2018_NA_HAstV1-181289-Tokyo-2018_NA_serotype_1                                   0.00%    passed     93.88%
  21  LC694996_human_JPN_2018_NA_HAstV1-181290-Tokyo-2018_NA_serotype_1                                   0.00%    passed     93.88%
  22  LC694995_human_JPN_2020_NA_HAstV1-192642-Tokyo-2020_NA_serotype_1                                   0.00%    passed     97.97%
  23  LC694994_human_JPN_2020_NA_HAstV1-193055-Tokyo-2020_NA_serotype_1                                   0.00%    passed     98.89%
  24  LC694993_human_JPN_2020_NA_HAstV1-193061-Tokyo-2020_NA_serotype_1                                   0.00%    passed     98.89%
  25  LC694992_human_JPN_2021_NA_HAstV1-210628-Tokyo-2021_NA_serotype_1                                   0.00%    passed     99.88%
  26  LC694991_human_JPN_2021_NA_HAstV1-210764-Tokyo-2021_NA_serotype_1                                   0.00%    passed     99.02%
  27  LC694990_human_JPN_2018_NA_HAstV1-181937-Tokyo-2018_NA_serotype_1                                   0.00%    passed     99.02%
  28  LC694989_human_JPN_2021_NA_HAstV1-210956-Tokyo-2021_NA_serotype_1                                   0.00%    passed     99.02%
  29  LC694988_human_JPN_2021_NA_HAstV1-210963-Tokyo-2021_NA_serotype_1                                   0.00%    passed     99.02%
  30  LC694987_human_JPN_2021_NA_HAstV1-210984-Tokyo-2021_NA_serotype_1                                   0.00%    passed     98.89%
  31  LC694986_human_JPN_2022_NA_HAstV1-211185-Tokyo-2022_NA_serotype_1                                   0.00%    passed     96.81%
  32  LC694985_human_JPN_2019_NA_HAstV3-190610-Tokyo-2019_NA_serotype_3                                   0.00%    passed     93.83%
  33  MT832897_human_BRA_2015_MAstV-1-Hu-BRA-TO-161-2015_TO-161_feces_serotype_1                          0.00%    passed     99.80%
  34  MT832896_human_BRA_2015_MAstV-1-Hu-BRA-TO-208-2015_TO-208_feces_serotype_1                          0.00%    passed     99.81%
  35  MT832895_human_BRA_2015_MAstV-1-Hu-BRA-TO-171-2015_TO-171_feces_serotype_1                          0.00%    passed     99.81%
  36  MT832894_human_BRA_2011_MAstV-1-Hu-BRA-TO-162-2011_TO-162_feces_serotype_1                          0.00%    passed     99.80%
  37  MT832893_human_BRA_2015_MAstV-1-Hu-BRA-TO-160-2015_TO-160_feces_serotype_1                          0.00%    passed     99.80%
  38  MT832892_human_BRA_2015_MAstV-1-Hu-BRA-TO-98-2015_TO-98_feces_serotype_1                            0.00%    passed     99.81%
  39  MT906859_human_BRA_2014_Hu-BRA-TO-32-2014_BRA-TO-32_stool-sample_serotype_5                         0.00%    passed     90.77%
  40  MT906858_human_BRA_2014_Hu-BRA-TO-57-2014_BRA-TO-57_stool_serotype_5                                0.00%    passed     90.77%
  41  MT906857_human_BRA_2014_Hu-BRA-TO-40-2014_BRA-TO-40_stool_serotype_5                                0.00%    passed     90.77%
  42  MT906855_human_BRA_2014_Hu-BRA-TO-26-2014_BRA-TO-26_stool-sample_serotype_4                         0.00%    passed     98.32%
  43  MT906854_human_BRA_2015_Hu-BRA-TO-71-2015_BRA-TO-71_stool-sample_serotype_4                         0.00%    passed     98.32%
  44  MT906853_human_BRA_2014_Hu-BRA-TO-207-2014_BRA-TO-207_stool_serotype_4                              0.00%    passed     98.32%
  45  MW485042_human_KEN_2019_KLF-HAstV2-005-2019_NA_NA_serotype_2                                        0.00%    passed     95.43%
  46  MW485040_human_KEN_2019_KLF-HAstV1-008-2019_NA_NA_serotype_1                                        0.00%    passed     95.17%
  47  MN433706_human_USA_2014_Hu-US-2014-CA-RGDS-1073_NA_stool_serotype_5                                 0.00%    passed     93.38%
  48  MN433705_human_USA_2014_Hu-US-2014-CA-RGDS-1072_NA_stool_serotype_2                                 0.00%    passed     99.38%
  49  MN433704_human_USA_2013_Hu-US-2013-CA-RGDS-1071_NA_stool_serotype_1                                 0.00%    passed     99.87%
  50  MN433703_human_USA_2013_Hu-US-2013-CA-RGDS-1070_NA_stool_serotype_1                                 0.00%    passed     99.87%
  51  MN444721_human_USA_2017_Hu-US-2017-CA-RGDS-1074_NA_stool_serotype_3                                 0.00%    passed     93.06%
  52  KC285152_human_RUS_2011_NA_HAstV-2-RUS-Novosibirsk-Nsc11-N2411-2011_feces_serotype_2                0.00%    passed     85.01%
  53  MF684776_human_CHN_2013_NA_2013-Fuzhou-85_stool_serotype_5                                          0.00%    passed     85.57%
  54  MG571777_human_VEN_2015_NA_NA_stool_serotype_3                                                      0.00%    passed     93.67%
  55  JF491430_human_RUS_2004_NA_Rus-Nsc04-H355_NA_serotype_3                                             0.00%    passed     96.66%
  56  GQ901902_human_RUS_2009_NA_Rus-Nsc09-B4_NA_serotype_6                                               0.00%    passed     74.90%
  57  GU732187_human_RUS_2008_NA_Rus-Nsc08-3364_NA_serotype_3                                             0.00%    passed     96.02%
  58  GU223905_human_RUS_2003_NA_Rus-Nsc03-H191_NA_serotype_3                                             0.00%    passed     94.82%
  59  HQ398856_human_HUN_2010_Hu-Nyergesujfalu-HUN4520-2010-HUN_NA_fecal-sample_serotype_1                0.00%    passed     99.82%
  60  GQ495608_human_CHN_2007_NA_192-BJ07-CHN_stool_serotype_6                                            0.00%    passed     33.82%
  61  FJ755405_human_CHN_2007_Beijing-293-2007-CHN_NA_stool_serotype_1                                    0.00%    passed     96.95%
  62  FJ755404_human_CHN_2007_Beijing-291-2007-CHN_NA_stool_serotype_1                                    0.00%    passed     99.04%
  63  FJ755403_human_CHN_2006_Beijing-176-2006-CHN_NA_stool_serotype_1                                    0.00%    passed     97.89%
  64  FJ755402_human_CHN_2005_Beijing-128-2005-CHN_NA_stool_serotype_1                                    0.00%    passed     99.32%
  65  KF211475_human_CHN_2010_NA_JZ_NA_serotype_1                                                         0.00%    passed     97.35%
  66  KP862744_human_KOR_2014_NA_kor85_human-stool_serotype_8                                             0.00%    passed     93.59%
  67  KF039913_NA_RUS_2010_NA_Rus-Nsc10-N358_NA_serotype_4                                                0.00%    passed     86.36%
  68  KF039912_NA_RUS_2005_NA_Rus-Nsc05-623_NA_serotype_4                                                 0.00%    passed     98.92%
  69  KF039911_NA_RUS_2006_NA_Rus-Nsc06-1029_NA_serotype_2                                                0.00%    passed     90.19%
  70  KF039910_NA_RUS_2005_NA_Rus-Nsc05-430_NA_serotype_2                                                 0.00%    passed     95.75%
  71  KC342249_human_CHN_2012_NA_km1_stool-sample_serotype_1                                              0.00%    passed     91.94%
  72  JN887820_human_KOR_2006_lhar-2011-kor_NA_stool_serotype_1                                           0.00%    passed     96.25%
  73  NC030922_NA_IND_2004_NA_V1347_NA_serotype_1                                                         0.00%    passed     96.14%
  74  JQ403108_human_CHN_2010_NA_DL030_stool_serotype_5                                                   0.00%    passed     87.45%
  75  DQ344027_NA_CHN_2005_NA_Guangzhou_NA_serotype_4                                                     0.00%    passed     81.52%
  76  DQ070852_NA_BRA_1995_NA_Goiania-GO-12-95-Brazil_NA_serotype_4                                       0.00%    passed     98.91%
  77  DQ028633_NA_BRA_1994_NA_Goiania-GO-12-94-Brazil_stool_serotype_5                                    0.00%    passed     88.40%
  78  AY720892_NA_NA_2004_Dresden_NA_NA_serotype_1                                                        0.00%    passed     97.23%
  79  AY720891_NA_NA_2004_Dresden_NA_NA_serotype_4                                                        0.00%    passed     95.34%
****  TOTAL                                                                                               0.00%  0 sequences failed composition chi2 test (p-value<5%; df=3)
NOTE: LC732122_human_JPN_2016_Human-JPN-2016-JP14641_Child-with-acute-gastroenteritis_feces_serotype_3 is identical to LC732123_human_JPN_2016_Human-JPN-2016-JP14665_Child-with-acute-gastroenteritis_feces_serotype_3 but kept for subsequent analysis
NOTE: OP432298_human_CHN_2022_NA_HAstV-4-QD-S-22015_NA_serotype_4 is identical to OP432301_human_CHN_2022_NA_HAstV-4-QD-L-22019_NA_serotype_4 but kept for subsequent analysis
NOTE: OP432297_human_CHN_2022_NA_HAstV-4-QD-L-22001_NA_serotype_4 is identical to OP432300_human_CHN_2022_NA_HAstV-4-QD-S-22022_NA_serotype_4 but kept for subsequent analysis
NOTE: OP432293_human_CHN_2021_NA_HAstV-4-RC-21027_NA_serotype_4 is identical to OP432299_human_CHN_2021_NA_HAstV-4-RC-21045_NA_serotype_4 but kept for subsequent analysis
NOTE: LC694996_human_JPN_2018_NA_HAstV1-181290-Tokyo-2018_NA_serotype_1 is identical to LC694997_human_JPN_2018_NA_HAstV1-181289-Tokyo-2018_NA_serotype_1 but kept for subsequent analysis
NOTE: LC694993_human_JPN_2020_NA_HAstV1-193061-Tokyo-2020_NA_serotype_1 is identical to LC694994_human_JPN_2020_NA_HAstV1-193055-Tokyo-2020_NA_serotype_1 but kept for subsequent analysis
NOTE: LC694989_human_JPN_2021_NA_HAstV1-210956-Tokyo-2021_NA_serotype_1 is identical to LC694991_human_JPN_2021_NA_HAstV1-210764-Tokyo-2021_NA_serotype_1 but kept for subsequent analysis
NOTE: MT832894_human_BRA_2011_MAstV-1-Hu-BRA-TO-162-2011_TO-162_feces_serotype_1 is identical to MT832897_human_BRA_2015_MAstV-1-Hu-BRA-TO-161-2015_TO-161_feces_serotype_1 but kept for subsequent analysis
NOTE: MT832895_human_BRA_2015_MAstV-1-Hu-BRA-TO-171-2015_TO-171_feces_serotype_1 is identical to MT832896_human_BRA_2015_MAstV-1-Hu-BRA-TO-208-2015_TO-208_feces_serotype_1 but kept for subsequent analysis
NOTE: MT906858_human_BRA_2014_Hu-BRA-TO-57-2014_BRA-TO-57_stool_serotype_5 is identical to MT906859_human_BRA_2014_Hu-BRA-TO-32-2014_BRA-TO-32_stool-sample_serotype_5 but kept for subsequent analysis
NOTE: MT906854_human_BRA_2015_Hu-BRA-TO-71-2015_BRA-TO-71_stool-sample_serotype_4 is identical to MT906855_human_BRA_2014_Hu-BRA-TO-26-2014_BRA-TO-26_stool-sample_serotype_4 but kept for subsequent analysis
NOTE: MN433703_human_USA_2013_Hu-US-2013-CA-RGDS-1070_NA_stool_serotype_1 is identical to MN433704_human_USA_2013_Hu-US-2013-CA-RGDS-1071_NA_stool_serotype_1 but kept for subsequent analysis
NOTE: 5 identical sequences (see below) will be ignored for subsequent analysis
NOTE: OP432294_human_CHN_2022_NA_HAstV-4-QD-L-22040_NA_serotype_4 (identical to OP432301_human_CHN_2022_NA_HAstV-4-QD-L-22019_NA_serotype_4) is ignored but added at the end
NOTE: MT832893_human_BRA_2015_MAstV-1-Hu-BRA-TO-160-2015_TO-160_feces_serotype_1 (identical to MT832897_human_BRA_2015_MAstV-1-Hu-BRA-TO-161-2015_TO-161_feces_serotype_1) is ignored but added at the end
NOTE: MT832892_human_BRA_2015_MAstV-1-Hu-BRA-TO-98-2015_TO-98_feces_serotype_1 (identical to MT832896_human_BRA_2015_MAstV-1-Hu-BRA-TO-208-2015_TO-208_feces_serotype_1) is ignored but added at the end
NOTE: MT906857_human_BRA_2014_Hu-BRA-TO-40-2014_BRA-TO-40_stool_serotype_5 (identical to MT906859_human_BRA_2014_Hu-BRA-TO-32-2014_BRA-TO-32_stool-sample_serotype_5) is ignored but added at the end
NOTE: MT906853_human_BRA_2014_Hu-BRA-TO-207-2014_BRA-TO-207_stool_serotype_4 (identical to MT906855_human_BRA_2014_Hu-BRA-TO-26-2014_BRA-TO-26_stool-sample_serotype_4) is ignored but added at the end

For your convenience alignment with unique sequences printed to all_serotypes_3368-4090.fas.uniqueseq.phy


Create initial parsimony tree by phylogenetic likelihood library (PLL)... 0.005 seconds
NOTE: ModelFinder requires 3 MB RAM!
ModelFinder will test 88 DNA models (sample size: 723) ...
 No. Model         -LnL         df  AIC          AICc         BIC
  1  JC            5904.445     145 12098.890    12172.269    12763.484
  2  JC+I          5497.864     146 11287.729    11362.250    11956.907
  3  JC+G4         5473.444     146 11238.888    11313.409    11908.066
  4  JC+I+G4       5477.194     147 11248.387    11324.060    11922.148
  5  F81+F         5907.459     148 12110.918    12187.754    12789.263
  6  F81+F+I       5499.443     149 11296.886    11374.896    11979.814
  7  F81+F+G4      5477.769     149 11253.539    11331.549    11936.467
  8  F81+F+I+G4    5482.678     150 11265.356    11344.552    11952.867
  9  K2P           5443.624     146 11179.249    11253.770    11848.427
 10  K2P+I         5013.544     147 10321.088    10396.761    10994.850
 11  K2P+G4        4981.600     147 10257.199    10332.872    10930.960
 12  K2P+I+G4      4983.357     148 10262.714    10339.550    10941.058
 13  HKY+F         5439.066     149 11176.132    11254.142    11859.060
 14  HKY+F+I       4992.579     150 10285.158    10364.354    10972.669
 15  HKY+F+G4      4957.028     150 10214.055    10293.251    10901.567
 16  HKY+F+I+G4    4959.273     151 10220.547    10300.939    10912.641
 17  TNe           5418.238     147 11130.476    11206.149    11804.237
 18  TNe+I         4997.824     148 10291.649    10368.485    10969.994
 19  TNe+G4        4970.644     148 10237.289    10314.125    10915.633
 20  TNe+I+G4      4973.470     149 10244.940    10322.950    10927.868
 21  TN+F          5394.817     150 11089.635    11168.830    11777.146
 22  TN+F+I        4964.050     151 10230.100    10310.492    10922.195
 23  TN+F+G4       4937.651     151 10177.301    10257.693    10869.396
 24  TN+F+I+G4     4942.309     152 10188.618    10270.218    10885.296
 25  K3P           5443.513     147 11181.026    11256.699    11854.787
 26  K3P+I         5013.441     148 10322.881    10399.717    11001.226
 27  K3P+G4        4981.471     148 10258.943    10335.779    10937.288
 28  K3P+I+G4      4983.116     149 10264.233    10342.243    10947.161
 29  K3Pu+F        5439.063     150 11178.127    11257.323    11865.638
 30  K3Pu+F+I      4992.582     151 10287.164    10367.556    10979.259
 31  K3Pu+F+G4     4957.030     151 10216.061    10296.453    10908.155
 32  K3Pu+F+I+G4   4959.214     152 10222.427    10304.027    10919.105
 33  TPM2+F        5437.943     150 11175.885    11255.081    11863.397
 34  TPM2+F+I      4992.040     151 10286.081    10366.473    10978.175
 35  TPM2+F+G4     4956.678     151 10215.355    10295.747    10907.450
 36  TPM2+F+I+G4   4958.842     152 10221.685    10303.285    10918.363
 37  TPM2u+F       5437.943     150 11175.886    11255.082    11863.397
 38  TPM2u+F+I     4992.041     151 10286.082    10366.474    10978.177
 39  TPM2u+F+G4    4956.678     151 10215.356    10295.748    10907.450
 40  TPM2u+F+I+G4  4958.831     152 10221.661    10303.261    10918.339
 41  TPM3+F        5432.599     150 11165.198    11244.394    11852.709
 42  TPM3+F+I      4986.781     151 10275.561    10355.953    10967.656
 43  TPM3+F+G4     4950.409     151 10202.819    10283.211    10894.914
 44  TPM3+F+I+G4   4951.622     152 10207.244    10288.844    10903.922
 45  TPM3u+F       5432.599     150 11165.198    11244.394    11852.709
 46  TPM3u+F+I     4986.781     151 10275.562    10355.954    10967.657
 47  TPM3u+F+G4    4950.410     151 10202.819    10283.211    10894.914
 48  TPM3u+F+I+G4  4951.619     152 10207.238    10288.838    10903.916
 49  TIMe          5418.122     148 11132.244    11209.080    11810.588
 50  TIMe+I        4997.713     149 10293.426    10371.436    10976.354
 51  TIMe+G4       4970.496     149 10238.991    10317.002    10921.919
 52  TIMe+I+G4     4973.119     150 10246.239    10325.435    10933.750
 53  TIM+F         5394.814     151 11091.628    11172.020    11783.722
 54  TIM+F+I       4964.052     152 10232.104    10313.704    10928.782
 55  TIM+F+G4      4937.652     152 10179.305    10260.905    10875.983
 56  TIM+F+I+G4    4942.052     153 10190.103    10272.922    10891.365
 57  TIM2e         5414.713     148 11125.425    11202.261    11803.770
 58  TIM2e+I       4995.081     149 10288.161    10366.172    10971.089
 59  TIM2e+G4      4967.573     149 10233.145    10311.156    10916.073
 60  TIM2e+I+G4    4969.955     150 10239.910    10319.106    10927.422
 61  TIM2+F        5393.701     151 11089.402    11169.795    11781.497
 62  TIM2+F+I      4963.578     152 10231.156    10312.756    10927.834
 63  TIM2+F+G4     4937.309     152 10178.618    10260.218    10875.296
 64  TIM2+F+I+G4   4941.518     153 10189.036    10271.855    10890.297
 65  TIM3e         5408.192     148 11112.384    11189.220    11790.728
 66  TIM3e+I       4988.566     149 10275.131    10353.142    10958.059
 67  TIM3e+G4      4959.172     149 10216.344    10294.355    10899.272
 68  TIM3e+I+G4    4960.756     150 10221.512    10300.708    10909.024
 69  TIM3+F        5388.215     151 11078.431    11158.823    11770.526
 70  TIM3+F+I      4957.903     152 10219.806    10301.406    10916.485
 71  TIM3+F+G4     4930.392     152 10164.783    10246.383    10861.461
 72  TIM3+F+I+G4   4933.784     153 10173.569    10256.388    10874.830
 73  TVMe          5428.824     149 11155.647    11233.658    11838.575
 74  TVMe+I        5000.479     150 10300.959    10380.155    10988.470
 75  TVMe+G4       4966.487     150 10232.973    10312.169    10920.484
 76  TVMe+I+G4     4966.788     151 10235.577    10315.969    10927.671
 77  TVM+F         5430.119     152 11164.239    11245.839    11860.917
 78  TVM+F+I       4984.780     153 10275.560    10358.379    10976.822
 79  TVM+F+G4      4948.632     153 10203.264    10286.083    10904.526
 80  TVM+F+I+G4    4949.805     154 10207.611    10291.660    10913.456
 81  SYM           5403.346     150 11106.691    11185.887    11794.202
 82  SYM+I         4984.524     151 10271.048    10351.440    10963.143
 83  SYM+G4        4954.953     151 10211.906    10292.298    10904.001
 84  SYM+I+G4      4956.330     152 10216.661    10298.261    10913.339
 85  GTR+F         5385.757     153 11077.514    11160.333    11778.776
 86  GTR+F+I       4956.042     154 10220.085    10304.134    10925.930
 87  GTR+F+G4      4928.789     154 10165.578    10249.627    10871.423
 88  GTR+F+I+G4    4931.998     155 10173.996    10259.287    10884.424
Akaike Information Criterion:           TIM3+F+G4
Corrected Akaike Information Criterion: TIM3+F+G4
Bayesian Information Criterion:         TIM3+F+G4
Best-fit model: TIM3+F+G4 chosen according to BIC

All model information printed to all_serotypes_3368-4090.fas.model.gz
CPU time for ModelFinder: 3.730 seconds (0h:0m:3s)
Wall-clock time for ModelFinder: 3.855 seconds (0h:0m:3s)
Generating 1000 samples for ultrafast bootstrap (seed: 193690)...

NOTE: 3 MB RAM (0 GB) is required!
Estimate model parameters (epsilon = 0.100)
1. Initial log-likelihood: -5616.676
2. Current log-likelihood: -4939.714
3. Current log-likelihood: -4930.442
Optimal log-likelihood: -4930.395
Rate parameters:  A-C: 0.34774  A-G: 7.56422  A-T: 1.00000  C-G: 0.34774  C-T: 14.80042  G-T: 1.00000
Base frequencies:  A: 0.341  C: 0.192  G: 0.213  T: 0.254
Gamma shape alpha: 0.193
Parameters optimization took 3 rounds (0.211 sec)
Computing ML distances based on estimated model parameters... 0.050 sec
Computing BIONJ tree...
0.050 seconds
Log-likelihood of BIONJ tree: -4938.045
--------------------------------------------------------------------
|             INITIALIZING CANDIDATE TREE SET                      |
--------------------------------------------------------------------
Generating 98 parsimony trees... 0.509 second
Computing log-likelihood of 98 initial trees ... 1.124 seconds
Current best score: -4928.047

Do NNI search on 20 best initial trees
Estimate model parameters (epsilon = 0.100)
BETTER TREE FOUND at iteration 1: -4922.560
UPDATE BEST LOG-LIKELIHOOD: -4922.560
Iteration 10 / LogL: -4925.911 / Time: 0h:0m:3s
Iteration 20 / LogL: -4926.756 / Time: 0h:0m:4s
Finish initializing candidate tree set (13)
Current best tree score: -4922.560 / CPU time: 3.744
Number of iterations: 20
--------------------------------------------------------------------
|               OPTIMIZING CANDIDATE TREE SET                      |
--------------------------------------------------------------------
UPDATE BEST LOG-LIKELIHOOD: -4922.560
Iteration 30 / LogL: -4922.560 / Time: 0h:0m:6s (0h:0m:14s left)
UPDATE BEST LOG-LIKELIHOOD: -4922.560
Iteration 40 / LogL: -4922.814 / Time: 0h:0m:7s (0h:0m:12s left)
Iteration 50 / LogL: -4933.181 / Time: 0h:0m:9s (0h:0m:9s left)
Log-likelihood cutoff on original alignment: -4952.090
Iteration 60 / LogL: -4945.435 / Time: 0h:0m:11s (0h:0m:7s left)
Iteration 70 / LogL: -4922.560 / Time: 0h:0m:13s (0h:0m:5s left)
UPDATE BEST LOG-LIKELIHOOD: -4922.560
Iteration 80 / LogL: -4922.560 / Time: 0h:0m:14s (0h:0m:3s left)
Iteration 90 / LogL: -4936.176 / Time: 0h:0m:16s (0h:0m:2s left)
UPDATE BEST LOG-LIKELIHOOD: -4922.559
Iteration 100 / LogL: -4922.559 / Time: 0h:0m:18s (0h:0m:0s left)
Log-likelihood cutoff on original alignment: -4952.431
NOTE: Bootstrap correlation coefficient of split occurrence frequencies: 0.999
TREE SEARCH COMPLETED AFTER 102 ITERATIONS / Time: 0h:0m:19s

--------------------------------------------------------------------
|                    FINALIZING TREE SEARCH                        |
--------------------------------------------------------------------
Performs final model parameters optimization
Estimate model parameters (epsilon = 0.010)
1. Initial log-likelihood: -4922.559
Optimal log-likelihood: -4922.559
Rate parameters:  A-C: 0.34858  A-G: 7.83825  A-T: 1.00000  C-G: 0.34858  C-T: 15.27749  G-T: 1.00000
Base frequencies:  A: 0.341  C: 0.192  G: 0.213  T: 0.254
Gamma shape alpha: 0.193
Parameters optimization took 1 rounds (0.017 sec)
BEST SCORE FOUND : -4922.559

Testing tree branches by SH-like aLRT with 1000 replicates...
1.325 sec.
Creating bootstrap support values...
Split supports printed to NEXUS file all_serotypes_3368-4090.fas.splits.nex
Total tree length: 1.374

Total number of iterations: 102
CPU time used for tree search: 18.206 sec (0h:0m:18s)
Wall-clock time used for tree search: 18.607 sec (0h:0m:18s)
Total CPU time used: 20.028 sec (0h:0m:20s)
Total wall-clock time used: 20.690 sec (0h:0m:20s)

Computing bootstrap consensus tree...
Reading input file all_serotypes_3368-4090.fas.splits.nex...
74 taxa and 402 splits.
Consensus tree written to all_serotypes_3368-4090.fas.contree
Reading input trees file all_serotypes_3368-4090.fas.contree
Log-likelihood of consensus tree: -4922.560

Analysis results written to: 
  IQ-TREE report:                all_serotypes_3368-4090.fas.iqtree
  Maximum-likelihood tree:       all_serotypes_3368-4090.fas.treefile
  Likelihood distances:          all_serotypes_3368-4090.fas.mldist

Ultrafast bootstrap approximation results written to:
  Split support values:          all_serotypes_3368-4090.fas.splits.nex
  Consensus tree:                all_serotypes_3368-4090.fas.contree
  Screen log file:               all_serotypes_3368-4090.fas.log

Date and Time: Tue Nov  5 09:48:05 2024
