IQ-TREE multicore version 1.6.12 for Linux 64-bit built Aug 15 2019
Developed by Bui Quang Minh, Nguyen Lam Tung, Olga Chernomor,
Heiko Schmidt, Dominik Schrempf, Michael Woodhams.

Host:    minsky (AVX2, FMA3, 503 GB RAM)
Command: ../../iqtree -s all_serotypes_4948-5720.fas -st DNA -m TEST -bb 1000 -alrt 1000
Seed:    206880 (Using SPRNG - Scalable Parallel Random Number Generator)
Time:    Tue Nov  5 09:48:10 2024
Kernel:  AVX+FMA - 1 threads (128 CPU cores detected)

HINT: Use -nt option to specify number of threads because your CPU has 128 cores!
HINT: -nt AUTO will automatically determine the best number of threads to use.

Reading alignment file all_serotypes_4948-5720.fas ... Fasta format detected
Alignment most likely contains DNA/RNA sequences
Alignment has 79 sequences with 773 columns, 342 distinct patterns
307 parsimony-informative, 126 singleton sites, 340 constant sites
                                                                                                  Gap/Ambiguity  Composition  p-value
   1  OR371570_human_CHN_2022_HAstV-4-Fuzhou-2022-10_NA_feces_serotype_4                                  3.88%    passed     84.27%
   2  OR222910_human_CHN_2021_NA_SY2106_stool_serotype_5                                                  3.88%    passed     87.04%
   3  LC732124_human_JPN_2016_Human-JPN-2016-JP14989_Child-with-acute-gastroenteritis_feces_serotype_3    3.88%    passed     99.87%
   4  LC732123_human_JPN_2016_Human-JPN-2016-JP14665_Child-with-acute-gastroenteritis_feces_serotype_3    3.88%    passed     99.73%
   5  LC732122_human_JPN_2016_Human-JPN-2016-JP14641_Child-with-acute-gastroenteritis_feces_serotype_3    3.88%    passed     99.73%
   6  ON571598_human_CHN_2021_NA_2021-Fuzhou-37_feces_serotype_4                                          3.88%    passed     76.22%
   7  ON571597_human_CHN_2019_NA_2019-Pingtan-42_feces_serotype_1                                         3.88%    passed     99.96%
   8  ON571596_human_CHN_2019_NA_2019-Fuzhou-306_feces_serotype_1                                         3.88%    passed     99.98%
   9  ON571595_human_CHN_2019_NA_2019-Fuzhou-289_feces_serotype_5                                         3.88%    passed     81.05%
  10  ON571594_human_CHN_2019_NA_2019-Fuzhou-26_feces_serotype_1                                          3.88%    passed     28.69%
  11  OP432301_human_CHN_2022_NA_HAstV-4-QD-L-22019_NA_serotype_4                                         3.88%    passed     75.51%
  12  OP432300_human_CHN_2022_NA_HAstV-4-QD-S-22022_NA_serotype_4                                         3.88%    passed     70.14%
  13  OP432299_human_CHN_2021_NA_HAstV-4-RC-21045_NA_serotype_4                                           3.88%    passed     80.45%
  14  OP432298_human_CHN_2022_NA_HAstV-4-QD-S-22015_NA_serotype_4                                         3.88%    passed     75.51%
  15  OP432297_human_CHN_2022_NA_HAstV-4-QD-L-22001_NA_serotype_4                                         3.88%    passed     70.14%
  16  OP432296_human_CHN_2021_NA_HAstV-4-RC-21047_NA_serotype_4                                           3.88%    passed     90.43%
  17  OP432295_human_CHN_2022_NA_HAstV-4-QD-F-22056_NA_serotype_4                                         3.88%    passed     68.24%
  18  OP432294_human_CHN_2022_NA_HAstV-4-QD-L-22040_NA_serotype_4                                         3.88%    passed     75.51%
  19  OP432293_human_CHN_2021_NA_HAstV-4-RC-21027_NA_serotype_4                                           3.88%    passed     75.51%
  20  LC694997_human_JPN_2018_NA_HAstV1-181289-Tokyo-2018_NA_serotype_1                                   3.88%    passed     71.39%
  21  LC694996_human_JPN_2018_NA_HAstV1-181290-Tokyo-2018_NA_serotype_1                                   3.88%    passed     71.39%
  22  LC694995_human_JPN_2020_NA_HAstV1-192642-Tokyo-2020_NA_serotype_1                                   3.88%    passed     99.53%
  23  LC694994_human_JPN_2020_NA_HAstV1-193055-Tokyo-2020_NA_serotype_1                                   3.88%    passed     99.73%
  24  LC694993_human_JPN_2020_NA_HAstV1-193061-Tokyo-2020_NA_serotype_1                                   3.88%    passed     99.36%
  25  LC694992_human_JPN_2021_NA_HAstV1-210628-Tokyo-2021_NA_serotype_1                                   3.88%    passed     99.95%
  26  LC694991_human_JPN_2021_NA_HAstV1-210764-Tokyo-2021_NA_serotype_1                                   3.88%    passed     99.95%
  27  LC694990_human_JPN_2018_NA_HAstV1-181937-Tokyo-2018_NA_serotype_1                                   3.88%    passed     99.96%
  28  LC694989_human_JPN_2021_NA_HAstV1-210956-Tokyo-2021_NA_serotype_1                                   3.88%    passed     99.68%
  29  LC694988_human_JPN_2021_NA_HAstV1-210963-Tokyo-2021_NA_serotype_1                                   3.88%    passed     99.98%
  30  LC694987_human_JPN_2021_NA_HAstV1-210984-Tokyo-2021_NA_serotype_1                                   3.88%    passed     99.95%
  31  LC694986_human_JPN_2022_NA_HAstV1-211185-Tokyo-2022_NA_serotype_1                                   3.88%    passed     99.78%
  32  LC694985_human_JPN_2019_NA_HAstV3-190610-Tokyo-2019_NA_serotype_3                                   3.88%    passed     97.62%
  33  MT832897_human_BRA_2015_MAstV-1-Hu-BRA-TO-161-2015_TO-161_feces_serotype_1                          3.88%    passed     99.62%
  34  MT832896_human_BRA_2015_MAstV-1-Hu-BRA-TO-208-2015_TO-208_feces_serotype_1                          3.88%    passed     99.87%
  35  MT832895_human_BRA_2015_MAstV-1-Hu-BRA-TO-171-2015_TO-171_feces_serotype_1                          3.88%    passed     99.87%
  36  MT832894_human_BRA_2011_MAstV-1-Hu-BRA-TO-162-2011_TO-162_feces_serotype_1                          3.88%    passed     99.62%
  37  MT832893_human_BRA_2015_MAstV-1-Hu-BRA-TO-160-2015_TO-160_feces_serotype_1                          3.88%    passed     99.62%
  38  MT832892_human_BRA_2015_MAstV-1-Hu-BRA-TO-98-2015_TO-98_feces_serotype_1                            3.88%    passed     99.40%
  39  MT906859_human_BRA_2014_Hu-BRA-TO-32-2014_BRA-TO-32_stool-sample_serotype_5                         3.88%    passed     90.00%
  40  MT906858_human_BRA_2014_Hu-BRA-TO-57-2014_BRA-TO-57_stool_serotype_5                                3.88%    passed     90.00%
  41  MT906857_human_BRA_2014_Hu-BRA-TO-40-2014_BRA-TO-40_stool_serotype_5                                3.88%    passed     90.00%
  42  MT906855_human_BRA_2014_Hu-BRA-TO-26-2014_BRA-TO-26_stool-sample_serotype_4                         3.88%    passed     83.94%
  43  MT906854_human_BRA_2015_Hu-BRA-TO-71-2015_BRA-TO-71_stool-sample_serotype_4                         3.88%    passed     83.94%
  44  MT906853_human_BRA_2014_Hu-BRA-TO-207-2014_BRA-TO-207_stool_serotype_4                              3.88%    passed     83.94%
  45  MW485042_human_KEN_2019_KLF-HAstV2-005-2019_NA_NA_serotype_2                                        3.88%    passed     89.12%
  46  MW485040_human_KEN_2019_KLF-HAstV1-008-2019_NA_NA_serotype_1                                        3.88%    passed     61.34%
  47  MN433706_human_USA_2014_Hu-US-2014-CA-RGDS-1073_NA_stool_serotype_5                                 3.88%    passed     90.00%
  48  MN433705_human_USA_2014_Hu-US-2014-CA-RGDS-1072_NA_stool_serotype_2                                 3.88%    passed     73.66%
  49  MN433704_human_USA_2013_Hu-US-2013-CA-RGDS-1071_NA_stool_serotype_1                                 3.88%    passed     99.68%
  50  MN433703_human_USA_2013_Hu-US-2013-CA-RGDS-1070_NA_stool_serotype_1                                 3.88%    passed     98.78%
  51  MN444721_human_USA_2017_Hu-US-2017-CA-RGDS-1074_NA_stool_serotype_3                                 3.88%    passed     99.93%
  52  KC285152_human_RUS_2011_NA_HAstV-2-RUS-Novosibirsk-Nsc11-N2411-2011_feces_serotype_2                3.88%    passed     94.47%
  53  MF684776_human_CHN_2013_NA_2013-Fuzhou-85_stool_serotype_5                                          3.88%    passed     92.33%
  54  MG571777_human_VEN_2015_NA_NA_stool_serotype_3                                                      3.88%    passed     99.96%
  55  JF491430_human_RUS_2004_NA_Rus-Nsc04-H355_NA_serotype_3                                             3.88%    passed     87.02%
  56  GQ901902_human_RUS_2009_NA_Rus-Nsc09-B4_NA_serotype_6                                               3.88%    passed     60.49%
  57  GU732187_human_RUS_2008_NA_Rus-Nsc08-3364_NA_serotype_3                                             3.88%    passed     93.30%
  58  GU223905_human_RUS_2003_NA_Rus-Nsc03-H191_NA_serotype_3                                             3.88%    passed     79.61%
  59  HQ398856_human_HUN_2010_Hu-Nyergesujfalu-HUN4520-2010-HUN_NA_fecal-sample_serotype_1                3.88%    passed     85.95%
  60  GQ495608_human_CHN_2007_NA_192-BJ07-CHN_stool_serotype_6                                            3.88%    passed     73.23%
  61  FJ755405_human_CHN_2007_Beijing-293-2007-CHN_NA_stool_serotype_1                                    3.88%    passed     96.88%
  62  FJ755404_human_CHN_2007_Beijing-291-2007-CHN_NA_stool_serotype_1                                    3.88%    passed     77.00%
  63  FJ755403_human_CHN_2006_Beijing-176-2006-CHN_NA_stool_serotype_1                                    3.88%    passed     64.49%
  64  FJ755402_human_CHN_2005_Beijing-128-2005-CHN_NA_stool_serotype_1                                    3.88%    passed     97.67%
  65  KF211475_human_CHN_2010_NA_JZ_NA_serotype_1                                                         3.88%    passed     51.02%
  66  KP862744_human_KOR_2014_NA_kor85_human-stool_serotype_8                                             3.88%    passed     97.20%
  67  KF039913_NA_RUS_2010_NA_Rus-Nsc10-N358_NA_serotype_4                                                3.88%    passed     63.48%
  68  KF039912_NA_RUS_2005_NA_Rus-Nsc05-623_NA_serotype_4                                                 3.88%    passed     62.64%
  69  KF039911_NA_RUS_2006_NA_Rus-Nsc06-1029_NA_serotype_2                                                3.88%    passed     89.33%
  70  KF039910_NA_RUS_2005_NA_Rus-Nsc05-430_NA_serotype_2                                                 3.88%    passed     68.89%
  71  KC342249_human_CHN_2012_NA_km1_stool-sample_serotype_1                                              3.88%    passed     81.62%
  72  JN887820_human_KOR_2006_lhar-2011-kor_NA_stool_serotype_1                                           3.88%    passed     66.46%
  73  NC030922_NA_IND_2004_NA_V1347_NA_serotype_1                                                         1.16%    passed     84.67%
  74  JQ403108_human_CHN_2010_NA_DL030_stool_serotype_5                                                   3.88%    passed     92.75%
  75  DQ344027_NA_CHN_2005_NA_Guangzhou_NA_serotype_4                                                     3.88%    passed     68.33%
  76  DQ070852_NA_BRA_1995_NA_Goiania-GO-12-95-Brazil_NA_serotype_4                                       3.88%    passed     69.17%
  77  DQ028633_NA_BRA_1994_NA_Goiania-GO-12-94-Brazil_stool_serotype_5                                    3.88%    passed     96.13%
  78  AY720892_NA_NA_2004_Dresden_NA_NA_serotype_1                                                        3.88%    passed     56.57%
  79  AY720891_NA_NA_2004_Dresden_NA_NA_serotype_4                                                        3.88%    passed     56.86%
****  TOTAL                                                                                               3.85%  0 sequences failed composition chi2 test (p-value<5%; df=3)
NOTE: LC732122_human_JPN_2016_Human-JPN-2016-JP14641_Child-with-acute-gastroenteritis_feces_serotype_3 is identical to LC732123_human_JPN_2016_Human-JPN-2016-JP14665_Child-with-acute-gastroenteritis_feces_serotype_3 but kept for subsequent analysis
NOTE: OP432298_human_CHN_2022_NA_HAstV-4-QD-S-22015_NA_serotype_4 is identical to OP432301_human_CHN_2022_NA_HAstV-4-QD-L-22019_NA_serotype_4 but kept for subsequent analysis
NOTE: OP432297_human_CHN_2022_NA_HAstV-4-QD-L-22001_NA_serotype_4 is identical to OP432300_human_CHN_2022_NA_HAstV-4-QD-S-22022_NA_serotype_4 but kept for subsequent analysis
NOTE: LC694996_human_JPN_2018_NA_HAstV1-181290-Tokyo-2018_NA_serotype_1 is identical to LC694997_human_JPN_2018_NA_HAstV1-181289-Tokyo-2018_NA_serotype_1 but kept for subsequent analysis
NOTE: LC694987_human_JPN_2021_NA_HAstV1-210984-Tokyo-2021_NA_serotype_1 is identical to LC694992_human_JPN_2021_NA_HAstV1-210628-Tokyo-2021_NA_serotype_1 but kept for subsequent analysis
NOTE: MT832894_human_BRA_2011_MAstV-1-Hu-BRA-TO-162-2011_TO-162_feces_serotype_1 is identical to MT832897_human_BRA_2015_MAstV-1-Hu-BRA-TO-161-2015_TO-161_feces_serotype_1 but kept for subsequent analysis
NOTE: MT832895_human_BRA_2015_MAstV-1-Hu-BRA-TO-171-2015_TO-171_feces_serotype_1 is identical to MT832896_human_BRA_2015_MAstV-1-Hu-BRA-TO-208-2015_TO-208_feces_serotype_1 but kept for subsequent analysis
NOTE: MT906858_human_BRA_2014_Hu-BRA-TO-57-2014_BRA-TO-57_stool_serotype_5 is identical to MT906859_human_BRA_2014_Hu-BRA-TO-32-2014_BRA-TO-32_stool-sample_serotype_5 but kept for subsequent analysis
NOTE: MT906854_human_BRA_2015_Hu-BRA-TO-71-2015_BRA-TO-71_stool-sample_serotype_4 is identical to MT906855_human_BRA_2014_Hu-BRA-TO-26-2014_BRA-TO-26_stool-sample_serotype_4 but kept for subsequent analysis
NOTE: 4 identical sequences (see below) will be ignored for subsequent analysis
NOTE: OP432294_human_CHN_2022_NA_HAstV-4-QD-L-22040_NA_serotype_4 (identical to OP432301_human_CHN_2022_NA_HAstV-4-QD-L-22019_NA_serotype_4) is ignored but added at the end
NOTE: MT832893_human_BRA_2015_MAstV-1-Hu-BRA-TO-160-2015_TO-160_feces_serotype_1 (identical to MT832897_human_BRA_2015_MAstV-1-Hu-BRA-TO-161-2015_TO-161_feces_serotype_1) is ignored but added at the end
NOTE: MT906857_human_BRA_2014_Hu-BRA-TO-40-2014_BRA-TO-40_stool_serotype_5 (identical to MT906859_human_BRA_2014_Hu-BRA-TO-32-2014_BRA-TO-32_stool-sample_serotype_5) is ignored but added at the end
NOTE: MT906853_human_BRA_2014_Hu-BRA-TO-207-2014_BRA-TO-207_stool_serotype_4 (identical to MT906855_human_BRA_2014_Hu-BRA-TO-26-2014_BRA-TO-26_stool-sample_serotype_4) is ignored but added at the end

For your convenience alignment with unique sequences printed to all_serotypes_4948-5720.fas.uniqueseq.phy


Create initial parsimony tree by phylogenetic likelihood library (PLL)... 0.005 seconds
NOTE: ModelFinder requires 4 MB RAM!
ModelFinder will test 88 DNA models (sample size: 773) ...
 No. Model         -LnL         df  AIC          AICc         BIC
  1  JC            9133.199     147 18560.398    18630.017    19243.989
  2  JC+I          8641.628     148 17579.255    17649.935    18267.497
  3  JC+G4         8311.130     148 16918.259    16988.939    17606.501
  4  JC+I+G4       8311.707     149 16921.415    16993.165    17614.307
  5  F81+F         9129.699     150 18559.399    18632.228    19256.941
  6  F81+F+I       8633.565     151 17569.130    17643.050    18271.322
  7  F81+F+G4      8302.549     151 16907.098    16981.017    17609.290
  8  F81+F+I+G4    8302.885     152 16909.770    16984.789    17616.612
  9  K2P           8837.365     148 17970.729    18041.409    18658.971
 10  K2P+I         8304.830     149 16907.661    16979.410    17600.552
 11  K2P+G4        7924.146     149 16146.293    16218.042    16839.184
 12  K2P+I+G4      7923.319     150 16146.638    16219.467    16844.179
 13  HKY+F         8832.850     151 17967.699    18041.619    18669.891
 14  HKY+F+I       8291.497     152 16886.995    16962.014    17593.837
 15  HKY+F+G4      7905.391     152 16114.781    16189.800    16821.624
 16  HKY+F+I+G4    7904.889     153 16115.777    16191.906    16827.270
 17  TNe           8817.001     149 17932.002    18003.752    18624.894
 18  TNe+I         8276.218     150 16852.437    16925.266    17549.979
 19  TNe+G4        7913.165     150 16126.329    16199.159    16823.871
 20  TNe+I+G4      7908.557     151 16119.113    16193.033    16821.305
 21  TN+F          8808.892     152 17921.783    17996.803    18628.626
 22  TN+F+I        8260.520     153 16827.040    16903.169    17538.533
 23  TN+F+G4       7893.315     153 16092.631    16168.760    16804.123
 24  TN+F+I+G4     7888.795     154 16085.590    16162.839    16801.733
 25  K3P           8836.367     149 17970.734    18042.483    18663.625
 26  K3P+I         8303.897     150 16907.795    16980.624    17605.337
 27  K3P+G4        7924.139     150 16148.278    16221.108    16845.820
 28  K3P+I+G4      7923.242     151 16148.485    16222.404    16850.677
 29  K3Pu+F        8831.928     152 17967.856    18042.876    18674.699
 30  K3Pu+F+I      8290.767     153 16887.534    16963.664    17599.027
 31  K3Pu+F+G4     7905.392     153 16116.784    16192.914    16828.277
 32  K3Pu+F+I+G4   7904.862     154 16117.724    16194.974    16833.867
 33  TPM2+F        8792.951     152 17889.902    17964.921    18596.744
 34  TPM2+F+I      8270.459     153 16846.917    16923.047    17558.410
 35  TPM2+F+G4     7891.078     153 16088.155    16164.285    16799.648
 36  TPM2+F+I+G4   7890.155     154 16088.311    16165.560    16804.454
 37  TPM2u+F       8792.951     152 17889.902    17964.921    18596.744
 38  TPM2u+F+I     8270.458     153 16846.917    16923.046    17558.410
 39  TPM2u+F+G4    7891.087     153 16088.173    16164.302    16799.666
 40  TPM2u+F+I+G4  7890.166     154 16088.331    16165.581    16804.474
 41  TPM3+F        8827.269     152 17958.538    18033.557    18665.380
 42  TPM3+F+I      8286.990     153 16879.979    16956.109    17591.472
 43  TPM3+F+G4     7904.333     153 16114.666    16190.795    16826.159
 44  TPM3+F+I+G4   7903.724     154 16115.448    16192.697    16831.591
 45  TPM3u+F       8827.269     152 17958.538    18033.557    18665.380
 46  TPM3u+F+I     8286.990     153 16879.980    16956.110    17591.473
 47  TPM3u+F+G4    7904.333     153 16114.666    16190.796    16826.159
 48  TPM3u+F+I+G4  7903.728     154 16115.455    16192.704    16831.598
 49  TIMe          8815.988     150 17931.976    18004.806    18629.518
 50  TIMe+I        8275.348     151 16852.696    16926.615    17554.888
 51  TIMe+G4       7913.151     151 16128.303    16202.222    16830.495
 52  TIMe+I+G4     7908.619     152 16121.239    16196.258    16828.081
 53  TIM+F         8807.946     153 17921.893    17998.022    18633.385
 54  TIM+F+I       8259.834     154 16827.669    16904.918    17543.812
 55  TIM+F+G4      7893.318     154 16094.636    16171.886    16810.779
 56  TIM+F+I+G4    7888.881     155 16087.762    16166.141    16808.555
 57  TIM2e         8769.727     150 17839.455    17912.284    18536.997
 58  TIM2e+I       8249.068     151 16800.136    16874.056    17502.328
 59  TIM2e+G4      7891.572     151 16085.143    16159.063    16787.335
 60  TIM2e+I+G4    7886.523     152 16077.046    16152.065    16783.888
 61  TIM2+F        8769.751     153 17845.502    17921.631    18556.995
 62  TIM2+F+I      8238.683     154 16785.366    16862.615    17501.509
 63  TIM2+F+G4     7877.453     154 16062.907    16140.156    16779.050
 64  TIM2+F+I+G4   7872.374     155 16054.747    16133.126    16775.540
 65  TIM3e         8809.490     150 17918.981    17991.810    18616.522
 66  TIM3e+I       8270.364     151 16842.729    16916.648    17544.921
 67  TIM3e+G4      7911.625     151 16125.250    16199.169    16827.442
 68  TIM3e+I+G4    7906.802     152 16117.604    16192.624    16824.447
 69  TIM3+F        8803.089     153 17912.179    17988.308    18623.671
 70  TIM3+F+I      8255.931     154 16819.863    16897.112    17536.006
 71  TIM3+F+G4     7892.546     154 16093.092    16170.341    16809.235
 72  TIM3+F+I+G4   7887.853     155 16085.706    16164.086    16806.500
 73  TVMe          8781.947     151 17865.895    17939.814    18568.087
 74  TVMe+I        8272.716     152 16849.432    16924.451    17556.274
 75  TVMe+G4       7901.534     152 16107.068    16182.087    16813.910
 76  TVMe+I+G4     7900.052     153 16106.105    16182.234    16817.597
 77  TVM+F         8787.180     154 17882.361    17959.610    18598.504
 78  TVM+F+I       8265.707     155 16841.413    16919.793    17562.207
 79  TVM+F+G4      7889.522     155 16089.044    16167.423    16809.837
 80  TVM+F+I+G4    7888.500     156 16089.000    16168.519    16814.443
 81  SYM           8762.031     152 17828.063    17903.082    18534.905
 82  SYM+I         8242.838     153 16791.676    16867.806    17503.169
 83  SYM+G4        7889.309     153 16084.617    16160.747    16796.110
 84  SYM+I+G4      7884.004     154 16076.007    16153.256    16792.150
 85  GTR+F         8763.776     155 17837.553    17915.932    18558.346
 86  GTR+F+I       8233.811     156 16779.621    16859.141    17505.065
 87  GTR+F+G4      7876.128     156 16064.257    16143.776    16789.700
 88  GTR+F+I+G4    7870.897     157 16055.795    16136.464    16785.888
Akaike Information Criterion:           TIM2+F+I+G4
Corrected Akaike Information Criterion: TIM2+F+I+G4
Bayesian Information Criterion:         TIM2+F+I+G4
Best-fit model: TIM2+F+I+G4 chosen according to BIC

All model information printed to all_serotypes_4948-5720.fas.model.gz
CPU time for ModelFinder: 7.450 seconds (0h:0m:7s)
Wall-clock time for ModelFinder: 7.652 seconds (0h:0m:7s)
Generating 1000 samples for ultrafast bootstrap (seed: 206880)...

NOTE: 4 MB RAM (0 GB) is required!
Estimate model parameters (epsilon = 0.100)
Thoroughly optimizing +I+G parameters from 10 start values...
Init pinv, alpha: 0.000, 1.000 / Estimate: 0.000, 0.228 / LogL: -7877.442
Init pinv, alpha: 0.049, 1.000 / Estimate: 0.059, 0.257 / LogL: -7875.462
Init pinv, alpha: 0.098, 1.000 / Estimate: 0.115, 0.288 / LogL: -7873.561
Init pinv, alpha: 0.147, 1.000 / Estimate: 0.159, 0.316 / LogL: -7872.474
Init pinv, alpha: 0.195, 1.000 / Estimate: 0.198, 0.345 / LogL: -7872.082
Init pinv, alpha: 0.244, 1.000 / Estimate: 0.211, 0.355 / LogL: -7871.662
Init pinv, alpha: 0.293, 1.000 / Estimate: 0.213, 0.353 / LogL: -7871.012
Init pinv, alpha: 0.342, 1.000 / Estimate: 0.217, 0.353 / LogL: -7870.399
Init pinv, alpha: 0.391, 1.000 / Estimate: 0.221, 0.353 / LogL: -7869.768
Init pinv, alpha: 0.440, 1.000 / Estimate: 0.228, 0.356 / LogL: -7869.179
Optimal pinv,alpha: 0.228, 0.356 / LogL: -7869.179

Parameters optimization took 4.030 sec
Computing ML distances based on estimated model parameters... 0.066 sec
WARNING: Some pairwise ML distances are too long (saturated)
Computing BIONJ tree...
0.047 seconds
Log-likelihood of BIONJ tree: -7960.010
--------------------------------------------------------------------
|             INITIALIZING CANDIDATE TREE SET                      |
--------------------------------------------------------------------
Generating 98 parsimony trees... 0.639 second
Computing log-likelihood of 98 initial trees ... 1.477 seconds
Current best score: -7869.179

Do NNI search on 20 best initial trees
Estimate model parameters (epsilon = 0.100)
BETTER TREE FOUND at iteration 1: -7854.164
Estimate model parameters (epsilon = 0.100)
BETTER TREE FOUND at iteration 3: -7853.053
Estimate model parameters (epsilon = 0.100)
BETTER TREE FOUND at iteration 5: -7852.638
Iteration 10 / LogL: -7862.602 / Time: 0h:0m:9s
Iteration 20 / LogL: -7862.287 / Time: 0h:0m:11s
Finish initializing candidate tree set (20)
Current best tree score: -7852.638 / CPU time: 7.203
Number of iterations: 20
--------------------------------------------------------------------
|               OPTIMIZING CANDIDATE TREE SET                      |
--------------------------------------------------------------------
Estimate model parameters (epsilon = 0.100)
BETTER TREE FOUND at iteration 24: -7850.768
BETTER TREE FOUND at iteration 25: -7850.768
Iteration 30 / LogL: -7851.076 / Time: 0h:0m:14s (0h:0m:49s left)
Estimate model parameters (epsilon = 0.100)
BETTER TREE FOUND at iteration 32: -7850.678
Iteration 40 / LogL: -7871.435 / Time: 0h:0m:17s (0h:0m:42s left)
Estimate model parameters (epsilon = 0.100)
BETTER TREE FOUND at iteration 43: -7850.193
Iteration 50 / LogL: -7855.198 / Time: 0h:0m:20s (0h:0m:39s left)
Log-likelihood cutoff on original alignment: -7883.142
Estimate model parameters (epsilon = 0.100)
BETTER TREE FOUND at iteration 55: -7850.131
Iteration 60 / LogL: -7850.688 / Time: 0h:0m:23s (0h:0m:38s left)
Iteration 70 / LogL: -7850.132 / Time: 0h:0m:26s (0h:0m:32s left)
Estimate model parameters (epsilon = 0.100)
BETTER TREE FOUND at iteration 77: -7849.410
Iteration 80 / LogL: -7875.977 / Time: 0h:0m:29s (0h:0m:35s left)
BETTER TREE FOUND at iteration 89: -7849.408
Iteration 90 / LogL: -7876.367 / Time: 0h:0m:31s (0h:0m:35s left)
Iteration 100 / LogL: -7851.622 / Time: 0h:0m:34s (0h:0m:30s left)
Log-likelihood cutoff on original alignment: -7883.215
NOTE: Bootstrap correlation coefficient of split occurrence frequencies: 0.980
NOTE: UFBoot does not converge, continue at least 100 more iterations
BETTER TREE FOUND at iteration 108: -7849.406
Iteration 110 / LogL: -7867.402 / Time: 0h:0m:37s (0h:0m:33s left)
Iteration 120 / LogL: -7850.359 / Time: 0h:0m:39s (0h:0m:29s left)
Iteration 130 / LogL: -7872.947 / Time: 0h:0m:42s (0h:0m:25s left)
BETTER TREE FOUND at iteration 134: -7849.404
Iteration 140 / LogL: -7865.709 / Time: 0h:0m:44s (0h:0m:30s left)
Iteration 150 / LogL: -7850.052 / Time: 0h:0m:47s (0h:0m:26s left)
Log-likelihood cutoff on original alignment: -7883.839
BETTER TREE FOUND at iteration 151: -7849.403
Estimate model parameters (epsilon = 0.100)
BETTER TREE FOUND at iteration 155: -7849.344
Iteration 160 / LogL: -7871.144 / Time: 0h:0m:50s (0h:0m:30s left)
Iteration 170 / LogL: -7849.375 / Time: 0h:0m:53s (0h:0m:26s left)
Iteration 180 / LogL: -7849.410 / Time: 0h:0m:55s (0h:0m:23s left)
Iteration 190 / LogL: -7849.417 / Time: 0h:0m:58s (0h:0m:19s left)
UPDATE BEST LOG-LIKELIHOOD: -7849.344
Iteration 200 / LogL: -7849.344 / Time: 0h:1m:0s (0h:0m:16s left)
Log-likelihood cutoff on original alignment: -7883.839
NOTE: Bootstrap correlation coefficient of split occurrence frequencies: 0.985
NOTE: UFBoot does not converge, continue at least 100 more iterations
UPDATE BEST LOG-LIKELIHOOD: -7849.343
Iteration 210 / LogL: -7854.378 / Time: 0h:1m:3s (0h:0m:27s left)
Iteration 220 / LogL: -7871.944 / Time: 0h:1m:6s (0h:0m:24s left)
Iteration 230 / LogL: -7850.117 / Time: 0h:1m:9s (0h:0m:21s left)
UPDATE BEST LOG-LIKELIHOOD: -7849.343
Iteration 240 / LogL: -7856.247 / Time: 0h:1m:11s (0h:0m:18s left)
Iteration 250 / LogL: -7851.726 / Time: 0h:1m:14s (0h:0m:14s left)
Log-likelihood cutoff on original alignment: -7884.313
Estimate model parameters (epsilon = 0.100)
BETTER TREE FOUND at iteration 256: -7849.300
BETTER TREE FOUND at iteration 258: -7849.299
Iteration 260 / LogL: -7849.353 / Time: 0h:1m:17s (0h:0m:29s left)
Iteration 270 / LogL: -7867.293 / Time: 0h:1m:20s (0h:0m:26s left)
Iteration 280 / LogL: -7851.597 / Time: 0h:1m:23s (0h:0m:23s left)
Iteration 290 / LogL: -7850.263 / Time: 0h:1m:26s (0h:0m:20s left)
Iteration 300 / LogL: -7851.980 / Time: 0h:1m:28s (0h:0m:17s left)
Log-likelihood cutoff on original alignment: -7884.313
NOTE: Bootstrap correlation coefficient of split occurrence frequencies: 0.985
NOTE: UFBoot does not converge, continue at least 100 more iterations
UPDATE BEST LOG-LIKELIHOOD: -7849.299
Iteration 310 / LogL: -7852.831 / Time: 0h:1m:31s (0h:0m:26s left)
Iteration 320 / LogL: -7849.316 / Time: 0h:1m:33s (0h:0m:23s left)
Iteration 330 / LogL: -7864.572 / Time: 0h:1m:36s (0h:0m:20s left)
Iteration 340 / LogL: -7869.739 / Time: 0h:1m:39s (0h:0m:17s left)
Iteration 350 / LogL: -7849.370 / Time: 0h:1m:41s (0h:0m:14s left)
Log-likelihood cutoff on original alignment: -7884.313
Iteration 360 / LogL: -7853.816 / Time: 0h:1m:44s (0h:0m:11s left)
Iteration 370 / LogL: -7849.772 / Time: 0h:1m:47s (0h:0m:8s left)
Iteration 380 / LogL: -7849.435 / Time: 0h:1m:50s (0h:0m:5s left)
UPDATE BEST LOG-LIKELIHOOD: -7849.298
Iteration 390 / LogL: -7850.801 / Time: 0h:1m:52s (0h:0m:2s left)
Iteration 400 / LogL: -7864.756 / Time: 0h:1m:55s (0h:0m:0s left)
Log-likelihood cutoff on original alignment: -7883.839
NOTE: Bootstrap correlation coefficient of split occurrence frequencies: 0.989
NOTE: UFBoot does not converge, continue at least 100 more iterations
Iteration 410 / LogL: -7851.419 / Time: 0h:1m:58s (0h:0m:26s left)
Iteration 420 / LogL: -7876.515 / Time: 0h:2m:1s (0h:0m:23s left)
Iteration 430 / LogL: -7849.411 / Time: 0h:2m:4s (0h:0m:20s left)
Iteration 440 / LogL: -7849.336 / Time: 0h:2m:6s (0h:0m:17s left)
Iteration 450 / LogL: -7849.342 / Time: 0h:2m:9s (0h:0m:14s left)
Log-likelihood cutoff on original alignment: -7883.839
Iteration 460 / LogL: -7850.510 / Time: 0h:2m:12s (0h:0m:11s left)
Iteration 470 / LogL: -7850.295 / Time: 0h:2m:15s (0h:0m:8s left)
Iteration 480 / LogL: -7849.340 / Time: 0h:2m:18s (0h:0m:5s left)
Iteration 490 / LogL: -7852.873 / Time: 0h:2m:21s (0h:0m:2s left)
Iteration 500 / LogL: -7851.938 / Time: 0h:2m:23s (0h:0m:0s left)
Log-likelihood cutoff on original alignment: -7883.839
NOTE: Bootstrap correlation coefficient of split occurrence frequencies: 0.993
TREE SEARCH COMPLETED AFTER 500 ITERATIONS / Time: 0h:2m:23s

--------------------------------------------------------------------
|                    FINALIZING TREE SEARCH                        |
--------------------------------------------------------------------
Performs final model parameters optimization
Estimate model parameters (epsilon = 0.010)
1. Initial log-likelihood: -7849.298
Optimal log-likelihood: -7849.289
Rate parameters:  A-C: 2.21007  A-G: 7.43639  A-T: 2.21007  C-G: 1.00000  C-T: 13.62556  G-T: 1.00000
Base frequencies:  A: 0.273  C: 0.236  G: 0.237  T: 0.254
Proportion of invariable sites: 0.176
Gamma shape alpha: 0.325
Parameters optimization took 1 rounds (0.025 sec)
BEST SCORE FOUND : -7849.289

Testing tree branches by SH-like aLRT with 1000 replicates...
1.442 sec.
Creating bootstrap support values...
Split supports printed to NEXUS file all_serotypes_4948-5720.fas.splits.nex
Total tree length: 13.375

Total number of iterations: 500
CPU time used for tree search: 137.887 sec (0h:2m:17s)
Wall-clock time used for tree search: 139.406 sec (0h:2m:19s)
Total CPU time used: 143.730 sec (0h:2m:23s)
Total wall-clock time used: 145.646 sec (0h:2m:25s)

Computing bootstrap consensus tree...
Reading input file all_serotypes_4948-5720.fas.splits.nex...
75 taxa and 595 splits.
Consensus tree written to all_serotypes_4948-5720.fas.contree
Reading input trees file all_serotypes_4948-5720.fas.contree
Log-likelihood of consensus tree: -7849.659

Analysis results written to: 
  IQ-TREE report:                all_serotypes_4948-5720.fas.iqtree
  Maximum-likelihood tree:       all_serotypes_4948-5720.fas.treefile
  Likelihood distances:          all_serotypes_4948-5720.fas.mldist

Ultrafast bootstrap approximation results written to:
  Split support values:          all_serotypes_4948-5720.fas.splits.nex
  Consensus tree:                all_serotypes_4948-5720.fas.contree
  Screen log file:               all_serotypes_4948-5720.fas.log

Date and Time: Tue Nov  5 09:50:44 2024
