IQ-TREE multicore version 1.6.12 for Linux 64-bit built Aug 15 2019
Developed by Bui Quang Minh, Nguyen Lam Tung, Olga Chernomor,
Heiko Schmidt, Dominik Schrempf, Michael Woodhams.

Host:    minsky (AVX2, FMA3, 503 GB RAM)
Command: ../../iqtree -s ORF2_cleared_alignment.fas -m TEST -bb 1000 -wbt -alrt 1000
Seed:    186783 (Using SPRNG - Scalable Parallel Random Number Generator)
Time:    Thu Apr 25 15:27:03 2024
Kernel:  AVX+FMA - 1 threads (128 CPU cores detected)

HINT: Use -nt option to specify number of threads because your CPU has 128 cores!
HINT: -nt AUTO will automatically determine the best number of threads to use.

Reading alignment file ORF2_cleared_alignment.fas ... Fasta format detected
Alignment most likely contains protein sequences
WARNING: 1 sites contain only gaps or ambiguous characters.
Alignment has 104 sequences with 881 columns, 634 distinct patterns
396 parsimony-informative, 142 singleton sites, 343 constant sites
                                                                                       Gap/Ambiguity  Composition  p-value
   1  OR371570_human_CHN_2022_HAstV-4-Fuzhou-2022-10_NA_feces                                 12.49%    passed     97.00%
   2  OR222910_human_CHN_2021_NA_SY2106_stool                                                 11.12%    passed     99.48%
   3  LC732124_human_JPN_2016_Human-JPN-2016-JP14989_Child-with-acute-gastroenteritis_feces   10.33%    passed     99.99%
   4  LC732123_human_JPN_2016_Human-JPN-2016-JP14665_Child-with-acute-gastroenteritis_feces    9.88%    passed    100.00%
   5  LC732122_human_JPN_2016_Human-JPN-2016-JP14641_Child-with-acute-gastroenteritis_feces    9.88%    passed    100.00%
   6  OQ630461_human_GIN_2021_NA_SEN-21-286-S1_Stool-Sample-of-non-polio-AFP                  18.05%    passed     99.96%
   7  ON571598_human_CHN_2021_NA_2021-Fuzhou-37_feces                                         12.49%    passed     97.26%
   8  ON571597_human_CHN_2019_NA_2019-Pingtan-42_feces                                        10.67%    passed     99.99%
   9  ON571596_human_CHN_2019_NA_2019-Fuzhou-306_feces                                        10.67%    passed     99.99%
  10  ON571595_human_CHN_2019_NA_2019-Fuzhou-289_feces                                        11.12%    passed     99.54%
  11  ON571594_human_CHN_2019_NA_2019-Fuzhou-26_feces                                         10.67%    passed     99.93%
  12  OP432301_human_CHN_2022_NA_HAstV-4-QD-L-22019_NA                                        12.49%    passed     96.67%
  13  OP432300_human_CHN_2022_NA_HAstV-4-QD-S-22022_NA                                        12.49%    passed     97.34%
  14  OP432299_human_CHN_2021_NA_HAstV-4-RC-21045_NA                                          12.49%    passed     97.34%
  15  OP432298_human_CHN_2022_NA_HAstV-4-QD-S-22015_NA                                        12.49%    passed     97.66%
  16  OP432297_human_CHN_2022_NA_HAstV-4-QD-L-22001_NA                                        12.49%    passed     97.34%
  17  OP432296_human_CHN_2021_NA_HAstV-4-RC-21047_NA                                          12.49%    passed     96.93%
  18  OP432295_human_CHN_2022_NA_HAstV-4-QD-F-22056_NA                                        12.49%    passed     96.06%
  19  OP432294_human_CHN_2022_NA_HAstV-4-QD-L-22040_NA                                        12.49%    passed     96.69%
  20  OP432293_human_CHN_2021_NA_HAstV-4-RC-21027_NA                                          12.49%    passed     97.07%
  21  LC694997_human_JPN_2018_NA_HAstV1-181289-Tokyo-2018_NA                                  10.67%    passed     99.99%
  22  LC694996_human_JPN_2018_NA_HAstV1-181290-Tokyo-2018_NA                                  10.67%    passed     99.99%
  23  LC694995_human_JPN_2020_NA_HAstV1-192642-Tokyo-2020_NA                                  10.67%    passed     99.99%
  24  LC694994_human_JPN_2020_NA_HAstV1-193055-Tokyo-2020_NA                                  10.67%    passed     99.96%
  25  LC694993_human_JPN_2020_NA_HAstV1-193061-Tokyo-2020_NA                                  10.67%    passed     99.98%
  26  LC694992_human_JPN_2021_NA_HAstV1-210628-Tokyo-2021_NA                                  10.67%    passed    100.00%
  27  LC694991_human_JPN_2021_NA_HAstV1-210764-Tokyo-2021_NA                                  10.67%    passed     99.99%
  28  LC694990_human_JPN_2018_NA_HAstV1-181937-Tokyo-2018_NA                                  10.67%    passed    100.00%
  29  LC694989_human_JPN_2021_NA_HAstV1-210956-Tokyo-2021_NA                                  10.67%    passed     99.99%
  30  LC694988_human_JPN_2021_NA_HAstV1-210963-Tokyo-2021_NA                                  10.67%    passed     99.99%
  31  LC694987_human_JPN_2021_NA_HAstV1-210984-Tokyo-2021_NA                                  10.67%    passed    100.00%
  32  LC694986_human_JPN_2022_NA_HAstV1-211185-Tokyo-2022_NA                                  10.67%    passed     99.99%
  33  LC694985_human_JPN_2019_NA_HAstV3-190610-Tokyo-2019_NA                                   9.88%    passed    100.00%
  34  MZ603079_NA_NA_2011_NA_HAstV-3-RVAB_feces                                               12.49%    passed     99.97%
  35  MT832897_human_BRA_2015_MAstV-1-Hu-BRA-TO-161-2015_TO-161_feces                         10.67%    passed    100.00%
  36  MT832896_human_BRA_2015_MAstV-1-Hu-BRA-TO-208-2015_TO-208_feces                         10.67%    passed    100.00%
  37  MT832895_human_BRA_2015_MAstV-1-Hu-BRA-TO-171-2015_TO-171_feces                         10.67%    passed    100.00%
  38  MT832894_human_BRA_2011_MAstV-1-Hu-BRA-TO-162-2011_TO-162_feces                         10.67%    passed    100.00%
  39  MT832893_human_BRA_2015_MAstV-1-Hu-BRA-TO-160-2015_TO-160_feces                         10.67%    passed    100.00%
  40  MT832892_human_BRA_2015_MAstV-1-Hu-BRA-TO-98-2015_TO-98_feces                           10.67%    passed    100.00%
  41  MT906859_human_BRA_2014_Hu-BRA-TO-32-2014_BRA-TO-32_stool-sample                         4.31%    passed     99.67%
  42  MT906858_human_BRA_2014_Hu-BRA-TO-57-2014_BRA-TO-57_stool                               11.12%    passed     99.84%
  43  MT906857_human_BRA_2014_Hu-BRA-TO-40-2014_BRA-TO-40_stool                               11.12%    passed     99.90%
  44  MT906856_human_BRA_2015_Hu-BRA-TO-65-2015_BRA-TO-65_stool                               12.94%    passed     99.77%
  45  MT906855_human_BRA_2014_Hu-BRA-TO-26-2014_BRA-TO-26_stool-sample                        12.49%    passed     94.10%
  46  MT906854_human_BRA_2015_Hu-BRA-TO-71-2015_BRA-TO-71_stool-sample                        12.49%    passed     94.10%
  47  MT906853_human_BRA_2014_Hu-BRA-TO-207-2014_BRA-TO-207_stool                             12.49%    passed     95.16%
  48  MT267483_human_ZAF_2015_SA6118_NA_Fecal-Specimen                                         9.88%    passed     99.99%
  49  MT267476_human_ZAF_2015_SA10098_NA_Fecal-Specimen                                       11.12%    passed     99.89%
  50  MW485045_human_KEN_2019_KLF-HAstV5-003-2019_NA_NA                                       13.62%    passed     99.21%
  51  MW485044_human_KEN_2019_KLF-HAstV5-002-2019_NA_NA                                       12.26%    passed     99.23%
  52  MW485043_human_KEN_2019_KLF-HAstV3-007-2019_NA_NA                                       10.22%    passed     99.99%
  53  MW485042_human_KEN_2019_KLF-HAstV2-005-2019_NA_NA                                        9.31%    passed     99.96%
  54  MW485041_human_KEN_2019_KLF-HAstV1-010-2019_NA_NA                                       17.03%    passed     99.98%
  55  MW485040_human_KEN_2019_KLF-HAstV1-008-2019_NA_NA                                       10.67%    passed     99.99%
  56  MW485039_human_KEN_2019_KLF-HAstV1-006-2019_NA_NA                                       10.67%    passed     99.99%
  57  MW485038_human_KEN_2019_KLF-HAstV1-001-2019_NA_NA                                       24.86%    passed     77.60%
  58  MN433706_human_USA_2014_Hu-US-2014-CA-RGDS-1073_NA_stool                                11.12%    passed     99.84%
  59  MN433705_human_USA_2014_Hu-US-2014-CA-RGDS-1072_NA_stool                                 9.53%    passed     97.93%
  60  MN433704_human_USA_2013_Hu-US-2013-CA-RGDS-1071_NA_stool                                10.67%    passed    100.00%
  61  MN433703_human_USA_2013_Hu-US-2013-CA-RGDS-1070_NA_stool                                10.67%    passed    100.00%
  62  MN444721_human_USA_2017_Hu-US-2017-CA-RGDS-1074_NA_stool                                 9.88%    passed    100.00%
  63  KC285113_human_RUS_2010_NA_HAstV-4-RUS-Novosibirsk-Nsc10-N1190-2010_feces               23.61%    passed     99.30%
  64  KC285152_human_RUS_2011_NA_HAstV-2-RUS-Novosibirsk-Nsc11-N2411-2011_feces                9.31%    passed     99.75%
  65  MK296753_human_IRL_2018_Hu-HAstV3-2016-East-Ireland_17W1028_feces                        9.88%    passed    100.00%
  66  MF684776_human_CHN_2013_NA_2013-Fuzhou-85_stool                                         11.12%    passed     99.70%
  67  MG571777_human_VEN_2015_NA_NA_stool                                                      9.88%    passed     99.99%
  68  JF491430_human_RUS_2004_NA_Rus-Nsc04-H355_NA                                             9.88%    passed    100.00%
  69  GQ901902_human_RUS_2009_NA_Rus-Nsc09-B4_NA                                              11.69%    passed     99.81%
  70  GU732187_human_RUS_2008_NA_Rus-Nsc08-3364_NA                                             9.88%    passed    100.00%
  71  GU223905_human_RUS_2003_NA_Rus-Nsc03-H191_NA                                             9.88%    passed    100.00%
  72  HQ398856_human_HUN_2010_Hu-Nyergesujfalu-HUN4520-2010-HUN_NA_fecal-sample               10.67%    passed    100.00%
  73  GQ495608_human_CHN_2007_NA_192-BJ07-CHN_stool                                           11.69%    passed     99.57%
  74  FJ755405_human_CHN_2007_Beijing-293-2007-CHN_NA_stool                                   10.67%    passed     99.99%
  75  FJ755404_human_CHN_2007_Beijing-291-2007-CHN_NA_stool                                   10.67%    passed    100.00%
  76  FJ755403_human_CHN_2006_Beijing-176-2006-CHN_NA_stool                                   10.67%    passed     99.99%
  77  FJ755402_human_CHN_2005_Beijing-128-2005-CHN_NA_stool                                   10.67%    passed     99.99%
  78  KF211475_human_CHN_2010_NA_JZ_NA                                                        10.67%    passed     99.99%
  79  KP862744_human_KOR_2014_NA_kor85_human-stool                                            11.24%    passed     98.29%
  80  KF039913_NA_RUS_2010_NA_Rus-Nsc10-N358_NA                                               12.49%    passed     95.32%
  81  KF039912_NA_RUS_2005_NA_Rus-Nsc05-623_NA                                                12.49%    passed     91.25%
  82  KF039911_NA_RUS_2006_NA_Rus-Nsc06-1029_NA                                                9.31%    passed     99.97%
  83  KF039910_NA_RUS_2005_NA_Rus-Nsc05-430_NA                                                 9.42%    passed     99.96%
  84  KC342249_human_CHN_2012_NA_km1_stool-sample                                             10.67%    passed     99.96%
  85  JN887820_human_KOR_2006_lhar-2011-kor_NA_stool                                          10.67%    passed     99.99%
  86  NC_030922_NA_IND_2004_NA_V1347_NA                                                        9.88%    passed     79.38%
  87  JQ403108_human_CHN_2010_NA_DL030_stool                                                  11.12%    passed     99.64%
  88  MK059956_human_USA_NA_Oxford_NA_cell-culture                                            11.24%    passed     99.69%
  89  MK059955_human_USA_NA_Oxford_NA_cell-culture                                            10.22%    passed     99.99%
  90  MK059954_human_USA_NA_Oxford_NA_cell-culture                                            11.69%    passed     99.68%
  91  MK059953_human_USA_NA_Oxford_NA_cell-culture                                            11.12%    passed     99.78%
  92  MK059952_human_USA_NA_Oxford_NA_cell-culture                                            12.49%    passed     73.02%
  93  MK059951_human_USA_NA_Oxford_NA_cell-culture                                             9.88%    passed    100.00%
  94  MK059950_human_USA_NA_Oxford_NA_cell-culture                                             9.53%    passed     99.36%
  95  MK059949_human_USA_NA_Oxford_NA_cell-culture                                            10.67%    passed    100.00%
  96  DQ344027_NA_CHN_NA_NA_Guangzhou_NA                                                      12.49%    passed     95.90%
  97  DQ070852_NA_BRA_NA_NA_Goiania-GO-12-95-Brazil_NA                                        12.49%    passed     86.65%
  98  DQ028633_NA_BRA_NA_NA_Goiania-GO-12-94-Brazil_stool                                     11.12%    passed     99.19%
  99  AY720892_NA_NA_NA_Dresden_NA_NA                                                         10.67%    passed     99.98%
 100  AY720891_NA_NA_NA_Dresden_NA_NA                                                         12.49%    passed     89.11%
 101  AF260508_NA_NA_NA_Yuc-8_NA_NA                                                            4.43%    passed     99.43%
 102  HM237363_NA_NA_NA_NA_Katano_NA                                                          11.69%    passed     99.23%
 103  L23513_NA_NA_NA_NA_Oxford_NA                                                            10.67%    passed    100.00%
 104  Z25771_NA_NA_NA_NA_NA_NA                                                                10.78%    passed    100.00%
****  TOTAL                                                                                   11.29%  0 sequences failed composition chi2 test (p-value<5%; df=19)
NOTE: LC694991_human_JPN_2021_NA_HAstV1-210764-Tokyo-2021_NA is identical to ON571596_human_CHN_2019_NA_2019-Fuzhou-306_feces but kept for subsequent analysis
NOTE: OP432297_human_CHN_2022_NA_HAstV-4-QD-L-22001_NA is identical to OP432300_human_CHN_2022_NA_HAstV-4-QD-S-22022_NA but kept for subsequent analysis
NOTE: MT832896_human_BRA_2015_MAstV-1-Hu-BRA-TO-208-2015_TO-208_feces is identical to MT832897_human_BRA_2015_MAstV-1-Hu-BRA-TO-161-2015_TO-161_feces but kept for subsequent analysis
NOTE: MT906854_human_BRA_2015_Hu-BRA-TO-71-2015_BRA-TO-71_stool-sample is identical to MT906855_human_BRA_2014_Hu-BRA-TO-26-2014_BRA-TO-26_stool-sample but kept for subsequent analysis
NOTE: 4 identical sequences (see below) will be ignored for subsequent analysis
NOTE: LC694988_human_JPN_2021_NA_HAstV1-210963-Tokyo-2021_NA (identical to ON571596_human_CHN_2019_NA_2019-Fuzhou-306_feces) is ignored but added at the end
NOTE: MT832895_human_BRA_2015_MAstV-1-Hu-BRA-TO-171-2015_TO-171_feces (identical to MT832897_human_BRA_2015_MAstV-1-Hu-BRA-TO-161-2015_TO-161_feces) is ignored but added at the end
NOTE: MT832894_human_BRA_2011_MAstV-1-Hu-BRA-TO-162-2011_TO-162_feces (identical to MT832897_human_BRA_2015_MAstV-1-Hu-BRA-TO-161-2015_TO-161_feces) is ignored but added at the end
NOTE: MT832893_human_BRA_2015_MAstV-1-Hu-BRA-TO-160-2015_TO-160_feces (identical to MT832897_human_BRA_2015_MAstV-1-Hu-BRA-TO-161-2015_TO-161_feces) is ignored but added at the end

For your convenience alignment with unique sequences printed to ORF2_cleared_alignment.fas.uniqueseq.phy


Create initial parsimony tree by phylogenetic likelihood library (PLL)... 0.030 seconds
NOTE: ModelFinder requires 43 MB RAM!
ModelFinder will test 168 protein models (sample size: 881) ...
 No. Model         -LnL         df  AIC          AICc         BIC
  1  Dayhoff       14205.353    197 28804.705    28918.925    29746.574
  2  Dayhoff+I     13879.961    198 28155.921    28271.470    29102.571
  3  Dayhoff+G4    13652.421    198 27700.843    27816.391    28647.492
  4  Dayhoff+I+G4  13649.052    199 27696.105    27812.992    28647.535
  5  Dayhoff+F     14149.060    216 28730.120    28871.301    29762.829
  6  Dayhoff+F+I   13827.123    217 28088.247    28230.949    29125.736
  7  Dayhoff+F+G4  13588.024    217 27610.048    27752.751    28647.538
  8  Dayhoff+F+I+G4 13585.679    218 27607.358    27751.593    28649.628
  9  mtMAM         15156.244    197 30706.487    30820.707    31648.356
 10  mtMAM+I       14713.078    198 29822.156    29937.705    30768.806
 11  mtMAM+G4      14210.355    198 28816.710    28932.258    29763.359
 12  mtMAM+I+G4    14205.316    199 28808.633    28925.520    29760.063
 13  mtMAM+F       14628.264    216 29688.528    29829.709    30721.236
 14  mtMAM+F+I     14222.518    217 28879.036    29021.739    29916.526
 15  mtMAM+F+G4    13850.425    217 28134.850    28277.553    29172.339
 16  mtMAM+F+I+G4  13845.779    218 28127.557    28271.793    29169.828
 17  JTT           13918.893    197 28231.786    28346.006    29173.655
 18  JTT+I         13588.547    198 27573.095    27688.643    28519.744
 19  JTT+G4        13368.501    198 27133.002    27248.551    28079.652
 20  JTT+I+G4      13367.092    199 27132.183    27249.070    28083.614
 21  JTT+F         13926.910    216 28285.821    28427.001    29318.529
 22  JTT+F+I       13600.639    217 27635.279    27777.982    28672.768
 23  JTT+F+G4      13364.366    217 27162.732    27305.435    28200.222
 24  JTT+F+I+G4    13363.967    218 27163.934    27308.169    28206.204
 25  WAG           14029.274    197 28452.547    28566.767    29394.416
 26  WAG+I         13708.281    198 27812.561    27928.110    28759.211
 27  WAG+G4        13506.069    198 27408.138    27523.686    28354.787
 28  WAG+I+G4      13503.952    199 27405.904    27522.791    28357.334
 29  WAG+F         14006.516    216 28445.031    28586.212    29477.740
 30  WAG+F+I       13689.099    217 27812.198    27954.901    28849.688
 31  WAG+F+G4      13475.983    217 27385.966    27528.669    28423.455
 32  WAG+F+I+G4    13474.763    218 27385.526    27529.762    28427.797
 33  cpREV         14147.336    197 28688.672    28802.891    29630.540
 34  cpREV+I       13811.319    198 28018.638    28134.186    28965.287
 35  cpREV+G4      13572.649    198 27541.299    27656.847    28487.948
 36  cpREV+I+G4    13570.270    199 27538.540    27655.427    28489.971
 37  cpREV+F       14105.762    216 28643.523    28784.704    29676.232
 38  cpREV+F+I     13778.329    217 27990.659    28133.362    29028.148
 39  cpREV+F+G4    13521.691    217 27477.383    27620.086    28514.872
 40  cpREV+F+I+G4  13520.048    218 27476.096    27620.332    28518.367
 41  mtREV         14660.222    197 29714.444    29828.664    30656.313
 42  mtREV+I       14305.040    198 29006.080    29121.629    29952.730
 43  mtREV+G4      13970.682    198 28337.365    28452.913    29284.014
 44  mtREV+I+G4    13966.589    199 28331.177    28448.064    29282.608
 45  mtREV+F       14282.591    216 28997.182    29138.363    30029.891
 46  mtREV+F+I     13944.568    217 28323.137    28465.839    29360.626
 47  mtREV+F+G4    13650.090    217 27734.179    27876.882    28771.669
 48  mtREV+F+I+G4  13647.724    218 27731.447    27875.683    28773.718
 49  rtREV         14234.982    197 28863.964    28978.184    29805.832
 50  rtREV+I       13892.879    198 28181.759    28297.307    29128.408
 51  rtREV+G4      13675.582    198 27747.165    27862.713    28693.814
 52  rtREV+I+G4    13672.805    199 27743.610    27860.497    28695.040
 53  rtREV+F       14158.236    216 28748.472    28889.653    29781.181
 54  rtREV+F+I     13818.038    217 28070.076    28212.779    29107.566
 55  rtREV+F+G4    13585.106    217 27604.212    27746.915    28641.701
 56  rtREV+F+I+G4  13583.465    218 27602.930    27747.165    28645.200
 57  mtART         15195.369    197 30784.738    30898.957    31726.606
 58  mtART+I       14756.144    198 29908.288    30023.837    30854.938
 59  mtART+G4      14304.124    198 29004.249    29119.797    29950.898
 60  mtART+I+G4    14299.562    199 28997.125    29114.012    29948.555
 61  mtART+F       14697.838    216 29827.677    29968.858    30860.385
 62  mtART+F+I     14302.310    217 29038.620    29181.323    30076.110
 63  mtART+F+G4    13937.150    217 28308.299    28451.002    29345.789
 64  mtART+F+I+G4  13931.567    218 28299.134    28443.370    29341.405
 65  mtZOA         14748.757    197 29891.515    30005.734    30833.383
 66  mtZOA+I       14360.430    198 29116.860    29232.408    30063.509
 67  mtZOA+G4      13986.113    198 28368.225    28483.774    29314.875
 68  mtZOA+I+G4    13982.021    199 28362.041    28478.928    29313.472
 69  mtZOA+F       14400.894    216 29233.788    29374.968    30266.496
 70  mtZOA+F+I     14041.266    217 28516.532    28659.235    29554.022
 71  mtZOA+F+G4    13728.705    217 27891.411    28034.114    28928.900
 72  mtZOA+F+I+G4  13725.367    218 27886.734    28030.969    28929.004
 73  VT            14002.222    197 28398.443    28512.663    29340.312
 74  VT+I          13682.638    198 27761.275    27876.823    28707.924
 75  VT+G4         13488.445    198 27372.890    27488.439    28319.540
 76  VT+I+G4       13487.039    199 27372.079    27488.966    28323.509
 77  VT+F          13989.285    216 28410.571    28551.752    29443.279
 78  VT+F+I        13673.781    217 27781.562    27924.265    28819.051
 79  VT+F+G4       13469.981    217 27373.962    27516.665    28411.452
 80  VT+F+I+G4     13469.300    218 27374.599    27518.835    28416.870
 81  LG            14135.825    197 28665.649    28779.869    29607.518
 82  LG+I          13792.329    198 27980.657    28096.206    28927.307
 83  LG+G4         13573.936    198 27543.872    27659.421    28490.522
 84  LG+I+G4       13571.310    199 27540.620    27657.507    28492.050
 85  LG+F          14106.159    216 28644.319    28785.499    29677.027
 86  LG+F+I        13770.991    217 27975.983    28118.686    29013.472
 87  LG+F+G4       13534.644    217 27503.288    27645.991    28540.778
 88  LG+F+I+G4     13533.265    218 27502.530    27646.765    28544.800
 89  DCMut         14205.106    197 28804.212    28918.432    29746.080
 90  DCMut+I       13879.778    198 28155.556    28271.105    29102.206
 91  DCMut+G4      13653.131    198 27702.262    27817.811    28648.912
 92  DCMut+I+G4    13649.529    199 27697.057    27813.944    28648.488
 93  DCMut+F       14148.376    216 28728.751    28869.932    29761.460
 94  DCMut+F+I     13826.482    217 28086.964    28229.667    29124.453
 95  DCMut+F+G4    13588.327    217 27610.654    27753.357    28648.144
 96  DCMut+F+I+G4  13585.627    218 27607.255    27751.490    28649.525
 97  PMB           14172.566    197 28739.133    28853.352    29681.001
 98  PMB+I         13847.031    198 28090.062    28205.610    29036.711
 99  PMB+G4        13654.601    198 27705.203    27820.751    28651.852
100  PMB+I+G4      13652.914    199 27703.828    27820.715    28655.259
101  PMB+F         14135.776    216 28703.552    28844.733    29736.260
102  PMB+F+I       13814.537    217 28063.075    28205.778    29100.564
103  PMB+F+G4      13616.862    217 27667.724    27810.427    28705.214
104  PMB+F+I+G4    13615.795    218 27667.589    27811.825    28709.860
105  HIVb          14271.783    197 28937.565    29051.785    29879.434
106  HIVb+I        13858.305    198 28112.609    28228.158    29059.259
107  HIVb+G4       13573.740    198 27543.480    27659.028    28490.129
108  HIVb+I+G4     13570.116    199 27538.231    27655.118    28489.662
109  HIVb+F        14231.501    216 28895.002    29036.182    29927.710
110  HIVb+F+I      13826.157    217 28086.314    28229.017    29123.803
111  HIVb+F+G4     13515.635    217 27465.271    27607.974    28502.760
112  HIVb+F+I+G4   13513.354    218 27462.709    27606.944    28504.979
113  HIVw          14555.397    197 29504.795    29619.015    30446.663
114  HIVw+I        14121.405    198 28638.811    28754.359    29585.460
115  HIVw+G4       13852.309    198 28100.618    28216.166    29047.267
116  HIVw+I+G4     13845.889    199 28089.779    28206.666    29041.209
117  HIVw+F        14383.269    216 29198.537    29339.718    30231.246
118  HIVw+F+I      13954.120    217 28342.241    28484.944    29379.730
119  HIVw+F+G4     13679.570    217 27793.140    27935.842    28830.629
120  HIVw+F+I+G4   13674.503    218 27785.007    27929.242    28827.277
121  JTTDCMut      13918.048    197 28230.097    28344.316    29171.965
122  JTTDCMut+I    13589.447    198 27574.894    27690.443    28521.544
123  JTTDCMut+G4   13370.197    198 27136.394    27251.943    28083.044
124  JTTDCMut+I+G4 13368.789    199 27135.578    27252.465    28087.009
125  JTTDCMut+F    13924.256    216 28280.512    28421.693    29313.221
126  JTTDCMut+F+I  13600.019    217 27634.038    27776.740    28671.527
127  JTTDCMut+F+G4 13364.179    217 27162.357    27305.060    28199.847
128  JTTDCMut+F+I+G4 13363.770    218 27163.540    27307.775    28205.810
129  FLU           14131.763    197 28657.525    28771.745    29599.394
130  FLU+I         13742.738    198 27881.476    27997.024    28828.125
131  FLU+G4        13489.858    198 27375.716    27491.264    28322.365
132  FLU+I+G4      13485.244    199 27368.489    27485.375    28319.919
133  FLU+F         14073.238    216 28578.476    28719.657    29611.184
134  FLU+F+I       13695.708    217 27825.415    27968.118    28862.905
135  FLU+F+G4      13442.245    217 27318.490    27461.193    28355.979
136  FLU+F+I+G4    13438.309    218 27312.618    27456.854    28354.889
137  Blosum62      14216.874    197 28827.747    28941.967    29769.616
138  Blosum62+I    13888.238    198 28172.477    28288.025    29119.126
139  Blosum62+G4   13692.813    198 27781.626    27897.174    28728.275
140  Blosum62+I+G4 13691.255    199 27780.509    27897.396    28731.940
141  Blosum62+F    14163.207    216 28758.415    28899.596    29791.123
142  Blosum62+F+I  13839.090    217 28112.181    28254.884    29149.670
143  Blosum62+F+G4 13635.613    217 27705.226    27847.929    28742.716
144  Blosum62+F+I+G4 13634.827    218 27705.655    27849.890    28747.925
145  mtMet         14621.649    197 29637.299    29751.519    30579.167
146  mtMet+I       14250.299    198 28896.598    29012.147    29843.248
147  mtMet+G4      13920.723    198 28237.446    28352.994    29184.095
148  mtMet+I+G4    13917.723    199 28233.446    28350.333    29184.876
149  mtMet+F       14176.155    216 28784.311    28925.491    29817.019
150  mtMet+F+I     13825.841    217 28085.681    28228.384    29123.171
151  mtMet+F+G4    13549.687    217 27533.373    27676.076    28570.863
152  mtMet+F+I+G4  13547.261    218 27530.522    27674.758    28572.793
153  mtVer         14706.437    197 29806.875    29921.094    30748.743
154  mtVer+I       14322.830    198 29041.660    29157.209    29988.310
155  mtVer+G4      13940.976    198 28277.951    28393.500    29224.601
156  mtVer+I+G4    13938.492    199 28274.984    28391.871    29226.414
157  mtVer+F       14280.047    216 28992.095    29133.276    30024.803
158  mtVer+F+I     13922.563    217 28279.127    28421.830    29316.616
159  mtVer+F+G4    13633.071    217 27700.142    27842.845    28737.632
160  mtVer+F+I+G4  13630.668    218 27697.336    27841.572    28739.606
161  mtInv         14734.055    197 29862.110    29976.330    30803.978
162  mtInv+I       14370.588    198 29137.175    29252.723    30083.824
163  mtInv+G4      14083.075    198 28562.150    28677.699    29508.800
164  mtInv+I+G4    14080.062    199 28558.124    28675.011    29509.554
165  mtInv+F       14136.443    216 28704.887    28846.068    29737.595
166  mtInv+F+I     13798.017    217 28030.034    28172.736    29067.523
167  mtInv+F+G4    13547.087    217 27528.174    27670.877    28565.663
168  mtInv+F+I+G4  13545.086    218 27526.172    27670.408    28568.443
Akaike Information Criterion:           JTT+I+G4
Corrected Akaike Information Criterion: JTT+G4
Bayesian Information Criterion:         JTT+G4
Best-fit model: JTT+G4 chosen according to BIC

All model information printed to ORF2_cleared_alignment.fas.model.gz
CPU time for ModelFinder: 137.095 seconds (0h:2m:17s)
Wall-clock time for ModelFinder: 137.962 seconds (0h:2m:17s)
Generating 1000 samples for ultrafast bootstrap (seed: 186783)...

NOTE: 43 MB RAM (0 GB) is required!
Estimate model parameters (epsilon = 0.100)
1. Initial log-likelihood: -13398.474
2. Current log-likelihood: -13369.079
3. Current log-likelihood: -13368.505
Optimal log-likelihood: -13368.501
Gamma shape alpha: 0.596
Parameters optimization took 3 rounds (1.775 sec)
Computing ML distances based on estimated model parameters... 2.422 sec
Computing BIONJ tree...
0.057 seconds
Log-likelihood of BIONJ tree: -13546.996
--------------------------------------------------------------------
|             INITIALIZING CANDIDATE TREE SET                      |
--------------------------------------------------------------------
Generating 98 parsimony trees... 2.908 second
Computing log-likelihood of 98 initial trees ... 26.646 seconds
Current best score: -13359.366

Do NNI search on 20 best initial trees
Estimate model parameters (epsilon = 0.100)
BETTER TREE FOUND at iteration 1: -13357.957
Estimate model parameters (epsilon = 0.100)
BETTER TREE FOUND at iteration 6: -13355.124
BETTER TREE FOUND at iteration 7: -13355.124
BETTER TREE FOUND at iteration 8: -13355.123
Iteration 10 / LogL: -13356.266 / Time: 0h:0m:56s
Iteration 20 / LogL: -13355.227 / Time: 0h:1m:19s
Finish initializing candidate tree set (20)
Current best tree score: -13355.123 / CPU time: 74.272
Number of iterations: 20
--------------------------------------------------------------------
|               OPTIMIZING CANDIDATE TREE SET                      |
--------------------------------------------------------------------
Estimate model parameters (epsilon = 0.100)
BETTER TREE FOUND at iteration 27: -13353.125
Iteration 30 / LogL: -13488.841 / Time: 0h:2m:9s (0h:7m:13s left)
BETTER TREE FOUND at iteration 34: -13353.125
Iteration 40 / LogL: -13353.126 / Time: 0h:3m:1s (0h:7m:17s left)
Iteration 50 / LogL: -13354.268 / Time: 0h:3m:49s (0h:6m:33s left)
Log-likelihood cutoff on original alignment: -13396.232
UFBoot trees printed to ORF2_cleared_alignment.fas.ufboot
Iteration 60 / LogL: -13364.477 / Time: 0h:4m:33s (0h:5m:42s left)
Iteration 70 / LogL: -13357.341 / Time: 0h:5m:20s (0h:4m:57s left)
Iteration 80 / LogL: -13355.446 / Time: 0h:6m:4s (0h:4m:9s left)
Estimate model parameters (epsilon = 0.100)
BETTER TREE FOUND at iteration 81: -13351.979
Iteration 90 / LogL: -13354.282 / Time: 0h:6m:55s (0h:7m:4s left)
Iteration 100 / LogL: -13353.553 / Time: 0h:7m:41s (0h:6m:17s left)
Log-likelihood cutoff on original alignment: -13395.892
NOTE: Bootstrap correlation coefficient of split occurrence frequencies: 0.993
UFBoot trees printed to ORF2_cleared_alignment.fas.ufboot
Iteration 110 / LogL: -13353.106 / Time: 0h:8m:30s (0h:7m:1s left)
Iteration 120 / LogL: -13354.797 / Time: 0h:9m:18s (0h:6m:15s left)
Iteration 130 / LogL: -13355.162 / Time: 0h:10m:5s (0h:5m:28s left)
Iteration 140 / LogL: -13357.214 / Time: 0h:10m:50s (0h:4m:40s left)
Iteration 150 / LogL: -13383.782 / Time: 0h:11m:37s (0h:3m:53s left)
Log-likelihood cutoff on original alignment: -13395.892
UFBoot trees printed to ORF2_cleared_alignment.fas.ufboot
Iteration 160 / LogL: -13353.632 / Time: 0h:12m:25s (0h:3m:7s left)
Iteration 170 / LogL: -13358.956 / Time: 0h:13m:13s (0h:2m:20s left)
Iteration 180 / LogL: -13489.737 / Time: 0h:14m:2s (0h:1m:34s left)
TREE SEARCH COMPLETED AFTER 182 ITERATIONS / Time: 0h:14m:12s

--------------------------------------------------------------------
|                    FINALIZING TREE SEARCH                        |
--------------------------------------------------------------------
Performs final model parameters optimization
Estimate model parameters (epsilon = 0.010)
1. Initial log-likelihood: -13351.979
Optimal log-likelihood: -13351.979
Gamma shape alpha: 0.590
Parameters optimization took 1 rounds (0.424 sec)
BEST SCORE FOUND : -13351.979

Testing tree branches by SH-like aLRT with 1000 replicates...
2.685 sec.
Creating bootstrap support values...
Split supports printed to NEXUS file ORF2_cleared_alignment.fas.splits.nex
Total tree length: 3.093

Total number of iterations: 182
CPU time used for tree search: 843.607 sec (0h:14m:3s)
Wall-clock time used for tree search: 847.159 sec (0h:14m:7s)
Total CPU time used: 851.992 sec (0h:14m:11s)
Total wall-clock time used: 855.868 sec (0h:14m:15s)
UFBoot trees printed to ORF2_cleared_alignment.fas.ufboot

Computing bootstrap consensus tree...
Reading input file ORF2_cleared_alignment.fas.splits.nex...
100 taxa and 579 splits.
Consensus tree written to ORF2_cleared_alignment.fas.contree
Reading input trees file ORF2_cleared_alignment.fas.contree
Log-likelihood of consensus tree: -13351.977

Analysis results written to: 
  IQ-TREE report:                ORF2_cleared_alignment.fas.iqtree
  Maximum-likelihood tree:       ORF2_cleared_alignment.fas.treefile
  Likelihood distances:          ORF2_cleared_alignment.fas.mldist

Ultrafast bootstrap approximation results written to:
  Split support values:          ORF2_cleared_alignment.fas.splits.nex
  Consensus tree:                ORF2_cleared_alignment.fas.contree
  UFBoot trees:                  ORF2_cleared_alignment.fas.ufboot
  Screen log file:               ORF2_cleared_alignment.fas.log

Date and Time: Thu Apr 25 15:43:38 2024
