IQ-TREE multicore version 1.6.12 for Linux 64-bit built Aug 15 2019
Developed by Bui Quang Minh, Nguyen Lam Tung, Olga Chernomor,
Heiko Schmidt, Dominik Schrempf, Michael Woodhams.

Host:    fermat (AVX2, FMA3, 1009 GB RAM)
Command: ../../iqtree -s ORF_1B_cleared_alignment_DNA_serotypes_no_amb.fas -st DNA -m TEST -bb 1000 -alrt 1000
Seed:    200302 (Using SPRNG - Scalable Parallel Random Number Generator)
Time:    Sat Jun  8 01:53:10 2024
Kernel:  AVX+FMA - 1 threads (128 CPU cores detected)

HINT: Use -nt option to specify number of threads because your CPU has 128 cores!
HINT: -nt AUTO will automatically determine the best number of threads to use.

Reading alignment file ORF_1B_cleared_alignment_DNA_serotypes_no_amb.fas ... Fasta format detected
Alignment most likely contains DNA/RNA sequences
WARNING: 2 sites contain only gaps or ambiguous characters.
Alignment has 99 sequences with 1562 columns, 584 distinct patterns
478 parsimony-informative, 98 singleton sites, 986 constant sites
                                                                                                  Gap/Ambiguity  Composition  p-value
   1  OR371570_human_CHN_2022_HAstV-4-Fuzhou-2022-10_NA_feces_serotype_4                                  0.90%    passed     97.86%
   2  OR222910_human_CHN_2021_NA_SY2106_stool_serotype_5                                                  0.90%    passed     96.56%
   3  LC732124_human_JPN_2016_Human-JPN-2016-JP14989_Child-with-acute-gastroenteritis_feces_serotype_3    0.90%    passed     92.05%
   4  LC732123_human_JPN_2016_Human-JPN-2016-JP14665_Child-with-acute-gastroenteritis_feces_serotype_3    0.90%    passed     97.00%
   5  LC732122_human_JPN_2016_Human-JPN-2016-JP14641_Child-with-acute-gastroenteritis_feces_serotype_3    0.90%    passed     97.00%
   6  OQ630461_human_GIN_2021_NA_SEN-21-286-S1_Stool-Sample-of-non-polio-AFP_serotype_1                   0.32%    passed     99.83%
   7  ON571598_human_CHN_2021_NA_2021-Fuzhou-37_feces_serotype_4                                          0.90%    passed     92.92%
   8  ON571597_human_CHN_2019_NA_2019-Pingtan-42_feces_serotype_1                                         0.90%    passed     98.73%
   9  ON571596_human_CHN_2019_NA_2019-Fuzhou-306_feces_serotype_1                                         0.90%    passed     95.79%
  10  ON571595_human_CHN_2019_NA_2019-Fuzhou-289_feces_serotype_5                                         0.90%    passed     97.80%
  11  ON571594_human_CHN_2019_NA_2019-Fuzhou-26_feces_serotype_1                                          0.90%    passed     97.48%
  12  OP432301_human_CHN_2022_NA_HAstV-4-QD-L-22019_NA_serotype_4                                         0.90%    passed     85.15%
  13  OP432300_human_CHN_2022_NA_HAstV-4-QD-S-22022_NA_serotype_4                                         0.90%    passed     81.30%
  14  OP432299_human_CHN_2021_NA_HAstV-4-RC-21045_NA_serotype_4                                           0.90%    passed     89.41%
  15  OP432298_human_CHN_2022_NA_HAstV-4-QD-S-22015_NA_serotype_4                                         0.90%    passed     80.79%
  16  OP432297_human_CHN_2022_NA_HAstV-4-QD-L-22001_NA_serotype_4                                         0.90%    passed     81.30%
  17  OP432296_human_CHN_2021_NA_HAstV-4-RC-21047_NA_serotype_4                                           0.90%    passed     98.99%
  18  OP432295_human_CHN_2022_NA_HAstV-4-QD-F-22056_NA_serotype_4                                         0.90%    passed     95.33%
  19  OP432294_human_CHN_2022_NA_HAstV-4-QD-L-22040_NA_serotype_4                                         0.90%    passed     85.15%
  20  OP432293_human_CHN_2021_NA_HAstV-4-RC-21027_NA_serotype_4                                           0.90%    passed     89.41%
  21  LC694997_human_JPN_2018_NA_HAstV1-181289-Tokyo-2018_NA_serotype_1                                   0.90%    passed     93.17%
  22  LC694996_human_JPN_2018_NA_HAstV1-181290-Tokyo-2018_NA_serotype_1                                   0.90%    passed     93.17%
  23  LC694995_human_JPN_2020_NA_HAstV1-192642-Tokyo-2020_NA_serotype_1                                   0.13%    passed     98.60%
  24  LC694994_human_JPN_2020_NA_HAstV1-193055-Tokyo-2020_NA_serotype_1                                   0.13%    passed     98.13%
  25  LC694993_human_JPN_2020_NA_HAstV1-193061-Tokyo-2020_NA_serotype_1                                   0.13%    passed     98.13%
  26  LC694992_human_JPN_2021_NA_HAstV1-210628-Tokyo-2021_NA_serotype_1                                   0.13%    passed     98.13%
  27  LC694991_human_JPN_2021_NA_HAstV1-210764-Tokyo-2021_NA_serotype_1                                   0.13%    passed     98.27%
  28  LC694990_human_JPN_2018_NA_HAstV1-181937-Tokyo-2018_NA_serotype_1                                   0.13%    passed     95.83%
  29  LC694989_human_JPN_2021_NA_HAstV1-210956-Tokyo-2021_NA_serotype_1                                   0.13%    passed     98.28%
  30  LC694988_human_JPN_2021_NA_HAstV1-210963-Tokyo-2021_NA_serotype_1                                   0.13%    passed     97.21%
  31  LC694987_human_JPN_2021_NA_HAstV1-210984-Tokyo-2021_NA_serotype_1                                   0.13%    passed     97.06%
  32  LC694986_human_JPN_2022_NA_HAstV1-211185-Tokyo-2022_NA_serotype_1                                   0.90%    passed     95.94%
  33  LC694985_human_JPN_2019_NA_HAstV3-190610-Tokyo-2019_NA_serotype_3                                   0.90%    passed     92.37%
  34  MT832897_human_BRA_2015_MAstV-1-Hu-BRA-TO-161-2015_TO-161_feces_serotype_1                          0.13%    passed     99.74%
  35  MT832896_human_BRA_2015_MAstV-1-Hu-BRA-TO-208-2015_TO-208_feces_serotype_1                          0.13%    passed     99.43%
  36  MT832895_human_BRA_2015_MAstV-1-Hu-BRA-TO-171-2015_TO-171_feces_serotype_1                          0.13%    passed     99.43%
  37  MT832894_human_BRA_2011_MAstV-1-Hu-BRA-TO-162-2011_TO-162_feces_serotype_1                          0.13%    passed     99.74%
  38  MT832893_human_BRA_2015_MAstV-1-Hu-BRA-TO-160-2015_TO-160_feces_serotype_1                          0.13%    passed     99.74%
  39  MT832892_human_BRA_2015_MAstV-1-Hu-BRA-TO-98-2015_TO-98_feces_serotype_1                            0.13%    passed     99.43%
  40  MT906859_human_BRA_2014_Hu-BRA-TO-32-2014_BRA-TO-32_stool-sample_serotype_5                         0.90%    passed     97.48%
  41  MT906858_human_BRA_2014_Hu-BRA-TO-57-2014_BRA-TO-57_stool_serotype_5                                0.90%    passed     97.48%
  42  MT906857_human_BRA_2014_Hu-BRA-TO-40-2014_BRA-TO-40_stool_serotype_5                                0.90%    passed     97.48%
  43  MT906856_human_BRA_2015_Hu-BRA-TO-65-2015_BRA-TO-65_stool_serotype_5                                0.90%    passed     97.48%
  44  MT906855_human_BRA_2014_Hu-BRA-TO-26-2014_BRA-TO-26_stool-sample_serotype_4                         0.90%    passed     99.48%
  45  MT906854_human_BRA_2015_Hu-BRA-TO-71-2015_BRA-TO-71_stool-sample_serotype_4                         0.90%    passed     99.48%
  46  MT906853_human_BRA_2014_Hu-BRA-TO-207-2014_BRA-TO-207_stool_serotype_4                              0.90%    passed     99.66%
  47  MT267483_human_ZAF_2015_SA6118_NA_Fecal-Specimen_serotype_3                                         0.90%    passed     93.03%
  48  MT267476_human_ZAF_2015_SA10098_NA_Fecal-Specimen_serotype_5                                        0.90%    passed     95.58%
  49  MW485043_human_KEN_2019_KLF-HAstV3-007-2019_NA_NA_serotype_3                                        0.90%    passed     95.39%
  50  MW485042_human_KEN_2019_KLF-HAstV2-005-2019_NA_NA_serotype_2                                        0.90%    passed     77.62%
  51  MW485040_human_KEN_2019_KLF-HAstV1-008-2019_NA_NA_serotype_1                                        0.90%    passed     96.20%
  52  MW485039_human_KEN_2019_KLF-HAstV1-006-2019_NA_NA_serotype_1                                        1.28%    passed     93.91%
  53  MN433706_human_USA_2014_Hu-US-2014-CA-RGDS-1073_NA_stool_serotype_5                                 0.90%    passed     99.48%
  54  MN433705_human_USA_2014_Hu-US-2014-CA-RGDS-1072_NA_stool_serotype_2                                 0.90%    passed     99.73%
  55  MN433704_human_USA_2013_Hu-US-2013-CA-RGDS-1071_NA_stool_serotype_1                                 0.13%    passed     99.99%
  56  MN433703_human_USA_2013_Hu-US-2013-CA-RGDS-1070_NA_stool_serotype_1                                 0.13%    passed     99.81%
  57  MN444721_human_USA_2017_Hu-US-2017-CA-RGDS-1074_NA_stool_serotype_3                                 0.90%    passed     95.02%
  58  KC285113_human_RUS_2010_NA_HAstV-4-RUS-Novosibirsk-Nsc10-N1190-2010_feces_serotype_4               30.67%    passed     71.00%
  59  KC285152_human_RUS_2011_NA_HAstV-2-RUS-Novosibirsk-Nsc11-N2411-2011_feces_serotype_2                0.90%    passed     83.77%
  60  MK296753_human_IRL_2018_Hu-HAstV3-2016-East-Ireland_17W1028_feces_serotype_3                        5.70%    passed     78.34%
  61  MF684776_human_CHN_2013_NA_2013-Fuzhou-85_stool_serotype_5                                          0.90%    passed     95.61%
  62  MG571777_human_VEN_2015_NA_NA_stool_serotype_3                                                      0.90%    passed     98.63%
  63  JF491430_human_RUS_2004_NA_Rus-Nsc04-H355_NA_serotype_3                                             0.90%    passed     92.94%
  64  GQ901902_human_RUS_2009_NA_Rus-Nsc09-B4_NA_serotype_6                                               0.90%    passed     70.31%
  65  GU732187_human_RUS_2008_NA_Rus-Nsc08-3364_NA_serotype_3                                             0.90%    passed     97.87%
  66  GU223905_human_RUS_2003_NA_Rus-Nsc03-H191_NA_serotype_3                                             0.90%    passed     97.37%
  67  HQ398856_human_HUN_2010_Hu-Nyergesujfalu-HUN4520-2010-HUN_NA_fecal-sample_serotype_1                0.13%    passed     98.70%
  68  GQ495608_human_CHN_2007_NA_192-BJ07-CHN_stool_serotype_6                                            0.90%    passed     69.71%
  69  FJ755405_human_CHN_2007_Beijing-293-2007-CHN_NA_stool_serotype_1                                    0.90%    passed     94.00%
  70  FJ755404_human_CHN_2007_Beijing-291-2007-CHN_NA_stool_serotype_1                                    0.90%    passed     94.74%
  71  FJ755403_human_CHN_2006_Beijing-176-2006-CHN_NA_stool_serotype_1                                    0.90%    passed     94.53%
  72  FJ755402_human_CHN_2005_Beijing-128-2005-CHN_NA_stool_serotype_1                                    0.90%    passed     97.17%
  73  KF211475_human_CHN_2010_NA_JZ_NA_serotype_1                                                         1.28%    passed     93.91%
  74  KP862744_human_KOR_2014_NA_kor85_human-stool_serotype_8                                             0.90%    passed     98.36%
  75  KF039913_NA_RUS_2010_NA_Rus-Nsc10-N358_NA_serotype_4                                                0.90%    passed     96.63%
  76  KF039912_NA_RUS_2005_NA_Rus-Nsc05-623_NA_serotype_4                                                 0.90%    passed     99.13%
  77  KF039911_NA_RUS_2006_NA_Rus-Nsc06-1029_NA_serotype_2                                                0.90%    passed     74.07%
  78  KF039910_NA_RUS_2005_NA_Rus-Nsc05-430_NA_serotype_2                                                 0.90%    passed     99.61%
  79  KC342249_human_CHN_2012_NA_km1_stool-sample_serotype_1                                              0.90%    passed     97.59%
  80  JN887820_human_KOR_2006_lhar-2011-kor_NA_stool_serotype_1                                           0.90%    passed     95.95%
  81  NC_030922_NA_IND_2004_NA_V1347_NA_serotype_1                                                        0.90%    passed     92.82%
  82  JQ403108_human_CHN_2010_NA_DL030_stool_serotype_5                                                   0.90%    passed     95.26%
  83  MK059956_human_USA_NA_Oxford_NA_cell-culture_serotype_8                                             0.90%    passed     97.85%
  84  MK059955_human_USA_NA_Oxford_NA_cell-culture_serotype_7                                             0.90%    passed     98.69%
  85  MK059954_human_USA_NA_Oxford_NA_cell-culture_serotype_6                                             0.90%    passed     65.56%
  86  MK059953_human_USA_NA_Oxford_NA_cell-culture_serotype_5                                             0.90%    passed     83.61%
  87  MK059952_human_USA_NA_Oxford_NA_cell-culture_serotype_4                                             0.90%    passed     91.68%
  88  MK059951_human_USA_NA_Oxford_NA_cell-culture_serotype_3                                             0.90%    passed     89.01%
  89  MK059950_human_USA_NA_Oxford_NA_cell-culture_serotype_2                                             0.90%    passed     93.18%
  90  MK059949_human_USA_NA_Oxford_NA_cell-culture_serotype_1                                             0.90%    passed     97.68%
  91  DQ344027_NA_CHN_NA_NA_Guangzhou_NA_serotype_4                                                       0.90%    passed     92.41%
  92  DQ070852_NA_BRA_NA_NA_Goiania-GO-12-95-Brazil_NA_serotype_4                                         0.90%    passed     98.93%
  93  DQ028633_NA_BRA_NA_NA_Goiania-GO-12-94-Brazil_stool_serotype_5                                      0.90%    passed     87.93%
  94  AY720892_NA_NA_NA_Dresden_NA_NA_serotype_1                                                          0.90%    passed     88.78%
  95  AY720891_NA_NA_NA_Dresden_NA_NA_serotype_4                                                          0.90%    passed     74.12%
  96  AF260508_NA_NA_NA_Yuc-8_NA_NA_serotype_8                                                            0.32%    passed     93.97%
  97  HM237363_NA_NA_NA_NA_Katano_NA_serotype_6                                                           0.90%    passed     92.84%
  98  L23513_NA_NA_NA_NA_Oxford_NA_serotype_1                                                             0.13%    passed     99.57%
  99  Z25771_NA_NA_NA_NA_NA_NA_serotype_1                                                                 0.32%    passed     93.23%
****  TOTAL                                                                                               1.09%  0 sequences failed composition chi2 test (p-value<5%; df=3)
NOTE: LC732122_human_JPN_2016_Human-JPN-2016-JP14641_Child-with-acute-gastroenteritis_feces_serotype_3 is identical to LC732123_human_JPN_2016_Human-JPN-2016-JP14665_Child-with-acute-gastroenteritis_feces_serotype_3 but kept for subsequent analysis
NOTE: OP432294_human_CHN_2022_NA_HAstV-4-QD-L-22040_NA_serotype_4 is identical to OP432301_human_CHN_2022_NA_HAstV-4-QD-L-22019_NA_serotype_4 but kept for subsequent analysis
NOTE: OP432297_human_CHN_2022_NA_HAstV-4-QD-L-22001_NA_serotype_4 is identical to OP432300_human_CHN_2022_NA_HAstV-4-QD-S-22022_NA_serotype_4 but kept for subsequent analysis
NOTE: OP432293_human_CHN_2021_NA_HAstV-4-RC-21027_NA_serotype_4 is identical to OP432299_human_CHN_2021_NA_HAstV-4-RC-21045_NA_serotype_4 but kept for subsequent analysis
NOTE: LC694996_human_JPN_2018_NA_HAstV1-181290-Tokyo-2018_NA_serotype_1 is identical to LC694997_human_JPN_2018_NA_HAstV1-181289-Tokyo-2018_NA_serotype_1 but kept for subsequent analysis
NOTE: LC694993_human_JPN_2020_NA_HAstV1-193061-Tokyo-2020_NA_serotype_1 is identical to LC694994_human_JPN_2020_NA_HAstV1-193055-Tokyo-2020_NA_serotype_1 but kept for subsequent analysis
NOTE: MT832894_human_BRA_2011_MAstV-1-Hu-BRA-TO-162-2011_TO-162_feces_serotype_1 is identical to MT832897_human_BRA_2015_MAstV-1-Hu-BRA-TO-161-2015_TO-161_feces_serotype_1 but kept for subsequent analysis
NOTE: MT832895_human_BRA_2015_MAstV-1-Hu-BRA-TO-171-2015_TO-171_feces_serotype_1 is identical to MT832896_human_BRA_2015_MAstV-1-Hu-BRA-TO-208-2015_TO-208_feces_serotype_1 but kept for subsequent analysis
NOTE: MT906858_human_BRA_2014_Hu-BRA-TO-57-2014_BRA-TO-57_stool_serotype_5 is identical to MT906859_human_BRA_2014_Hu-BRA-TO-32-2014_BRA-TO-32_stool-sample_serotype_5 but kept for subsequent analysis
NOTE: MT906854_human_BRA_2015_Hu-BRA-TO-71-2015_BRA-TO-71_stool-sample_serotype_4 is identical to MT906855_human_BRA_2014_Hu-BRA-TO-26-2014_BRA-TO-26_stool-sample_serotype_4 but kept for subsequent analysis
NOTE: 4 identical sequences (see below) will be ignored for subsequent analysis
NOTE: MT832893_human_BRA_2015_MAstV-1-Hu-BRA-TO-160-2015_TO-160_feces_serotype_1 (identical to MT832897_human_BRA_2015_MAstV-1-Hu-BRA-TO-161-2015_TO-161_feces_serotype_1) is ignored but added at the end
NOTE: MT832892_human_BRA_2015_MAstV-1-Hu-BRA-TO-98-2015_TO-98_feces_serotype_1 (identical to MT832896_human_BRA_2015_MAstV-1-Hu-BRA-TO-208-2015_TO-208_feces_serotype_1) is ignored but added at the end
NOTE: MT906857_human_BRA_2014_Hu-BRA-TO-40-2014_BRA-TO-40_stool_serotype_5 (identical to MT906859_human_BRA_2014_Hu-BRA-TO-32-2014_BRA-TO-32_stool-sample_serotype_5) is ignored but added at the end
NOTE: MT906856_human_BRA_2015_Hu-BRA-TO-65-2015_BRA-TO-65_stool_serotype_5 (identical to MT906859_human_BRA_2014_Hu-BRA-TO-32-2014_BRA-TO-32_stool-sample_serotype_5) is ignored but added at the end

For your convenience alignment with unique sequences printed to ORF_1B_cleared_alignment_DNA_serotypes_no_amb.fas.uniqueseq.phy


Create initial parsimony tree by phylogenetic likelihood library (PLL)... 0.009 seconds
NOTE: ModelFinder requires 9 MB RAM!
ModelFinder will test 88 DNA models (sample size: 1562) ...
 No. Model         -LnL         df  AIC          AICc         BIC
  1  JC            16310.678    187 32995.357    33046.530    33996.503
  2  JC+I          14961.813    188 30299.627    30351.385    31306.126
  3  JC+G4         14812.849    188 30001.697    30053.455    31008.197
  4  JC+I+G4       14799.062    189 29976.124    30028.471    30987.977
  5  F81+F         16328.637    190 33037.274    33090.213    34054.481
  6  F81+F+I       14971.831    191 30325.662    30379.198    31348.223
  7  F81+F+G4      14826.630    191 30035.259    30088.795    31057.820
  8  F81+F+I+G4    14814.217    192 30012.434    30066.570    31040.349
  9  K2P           15055.328    188 30486.656    30538.414    31493.156
 10  K2P+I         13656.814    189 27691.628    27743.975    28703.482
 11  K2P+G4        13482.850    189 27343.701    27396.048    28355.554
 12  K2P+I+G4      13456.367    190 27292.733    27345.673    28309.940
 13  HKY+F         15053.584    191 30489.169    30542.704    31511.730
 14  HKY+F+I       13617.654    192 27619.309    27673.445    28647.224
 15  HKY+F+G4      13436.129    192 27256.259    27310.395    28284.174
 16  HKY+F+I+G4    13408.698    193 27203.396    27258.136    28236.664
 17  TNe           14972.696    189 30323.392    30375.739    31335.246
 18  TNe+I         13606.533    190 27593.066    27646.005    28610.273
 19  TNe+G4        13444.810    190 27269.620    27322.560    28286.828
 20  TNe+I+G4      13425.612    191 27233.224    27286.760    28255.785
 21  TN+F          14945.094    192 30274.188    30328.324    31302.102
 22  TN+F+I        13551.431    193 27488.861    27543.601    28522.130
 23  TN+F+G4       13386.087    193 27158.174    27212.914    28191.442
 24  TN+F+I+G4     13368.132    194 27124.265    27179.612    28162.887
 25  K3P           15054.820    189 30487.639    30539.986    31499.493
 26  K3P+I         13656.498    190 27692.996    27745.936    28710.204
 27  K3P+G4        13482.752    190 27345.504    27398.443    28362.711
 28  K3P+I+G4      13455.495    191 27292.989    27346.525    28315.550
 29  K3Pu+F        15053.427    192 30490.854    30544.990    31518.769
 30  K3Pu+F+I      13617.648    193 27621.295    27676.035    28654.564
 31  K3Pu+F+G4     13436.055    193 27258.109    27312.849    28291.377
 32  K3Pu+F+I+G4   13408.296    194 27204.592    27259.939    28243.214
 33  TPM2+F        15042.679    192 30469.358    30523.494    31497.273
 34  TPM2+F+I      13611.521    193 27609.041    27663.781    28642.310
 35  TPM2+F+G4     13430.391    193 27246.781    27301.521    28280.050
 36  TPM2+F+I+G4   13402.524    194 27193.047    27248.395    28231.669
 37  TPM2u+F       15042.686    192 30469.371    30523.507    31497.286
 38  TPM2u+F+I     13611.521    193 27609.041    27663.781    28642.310
 39  TPM2u+F+G4    13430.390    193 27246.781    27301.520    28280.049
 40  TPM2u+F+I+G4  13402.527    194 27193.055    27248.402    28231.677
 41  TPM3+F        15042.218    192 30468.436    30522.571    31496.350
 42  TPM3+F+I      13609.135    193 27604.270    27659.010    28637.539
 43  TPM3+F+G4     13428.904    193 27243.808    27298.548    28277.077
 44  TPM3+F+I+G4   13400.632    194 27189.265    27244.612    28227.887
 45  TPM3u+F       15042.219    192 30468.437    30522.573    31496.352
 46  TPM3u+F+I     13609.135    193 27604.269    27659.009    28637.538
 47  TPM3u+F+G4    13428.905    193 27243.809    27298.549    28277.078
 48  TPM3u+F+I+G4  13400.638    194 27189.276    27244.623    28227.898
 49  TIMe          14972.205    190 30324.410    30377.350    31341.618
 50  TIMe+I        13606.252    191 27594.504    27648.040    28617.065
 51  TIMe+G4       13444.721    191 27271.443    27324.979    28294.004
 52  TIMe+I+G4     13425.039    192 27234.078    27288.214    28261.993
 53  TIM+F         14944.937    193 30275.875    30330.614    31309.143
 54  TIM+F+I       13551.427    194 27490.854    27546.201    28529.476
 55  TIM+F+G4      13386.030    194 27160.060    27215.407    28198.682
 56  TIM+F+I+G4    13367.882    195 27125.765    27181.724    28169.740
 57  TIM2e         14953.441    190 30286.882    30339.822    31304.090
 58  TIM2e+I       13592.947    191 27567.894    27621.430    28590.455
 59  TIM2e+G4      13429.999    191 27241.998    27295.534    28264.559
 60  TIM2e+I+G4    13409.687    192 27203.375    27257.511    28231.290
 61  TIM2+F        14934.112    193 30254.223    30308.963    31287.492
 62  TIM2+F+I      13545.255    194 27478.510    27533.857    28517.132
 63  TIM2+F+G4     13380.355    194 27148.711    27204.058    28187.333
 64  TIM2+F+I+G4   13362.188    195 27114.375    27170.334    28158.351
 65  TIM3e         14954.533    190 30289.066    30342.006    31306.273
 66  TIM3e+I       13592.619    191 27567.238    27620.774    28589.799
 67  TIM3e+G4      13430.842    191 27243.685    27297.221    28266.246
 68  TIM3e+I+G4    13410.493    192 27204.985    27259.121    28232.900
 69  TIM3+F        14933.546    193 30253.091    30307.831    31286.360
 70  TIM3+F+I      13542.628    194 27473.256    27528.604    28511.878
 71  TIM3+F+G4     13378.588    194 27145.176    27200.524    28183.798
 72  TIM3+F+I+G4   13360.043    195 27110.087    27166.046    28154.062
 73  TVMe          15015.560    191 30413.121    30466.656    31435.682
 74  TVMe+I        13626.762    192 27637.524    27691.660    28665.439
 75  TVMe+G4       13449.981    192 27283.962    27338.098    28311.877
 76  TVMe+I+G4     13421.256    193 27228.511    27283.251    28261.780
 77  TVM+F         15028.631    194 30445.262    30500.609    31483.884
 78  TVM+F+I       13599.604    195 27589.207    27645.166    28633.183
 79  TVM+F+G4      13418.771    195 27227.541    27283.500    28271.517
 80  TVM+F+I+G4    13390.854    196 27173.708    27230.282    28223.037
 81  SYM           14932.617    192 30249.233    30303.369    31277.148
 82  SYM+I         13575.898    193 27537.796    27592.535    28571.064
 83  SYM+G4        13411.961    193 27209.923    27264.663    28243.191
 84  SYM+I+G4      13391.250    194 27170.501    27225.848    28209.123
 85  GTR+F         14919.877    195 30229.754    30285.713    31273.730
 86  GTR+F+I       13533.033    196 27458.066    27514.640    28507.396
 87  GTR+F+G4      13368.432    196 27128.865    27185.439    28178.194
 88  GTR+F+I+G4    13350.335    197 27094.670    27151.864    28149.353
Akaike Information Criterion:           GTR+F+I+G4
Corrected Akaike Information Criterion: GTR+F+I+G4
Bayesian Information Criterion:         GTR+F+I+G4
Best-fit model: GTR+F+I+G4 chosen according to BIC

All model information printed to ORF_1B_cleared_alignment_DNA_serotypes_no_amb.fas.model.gz
CPU time for ModelFinder: 9.684 seconds (0h:0m:9s)
Wall-clock time for ModelFinder: 9.850 seconds (0h:0m:9s)
Generating 1000 samples for ultrafast bootstrap (seed: 200302)...

NOTE: 9 MB RAM (0 GB) is required!
Estimate model parameters (epsilon = 0.100)
Thoroughly optimizing +I+G parameters from 10 start values...
Init pinv, alpha: 0.000, 1.000 / Estimate: 0.000, 0.208 / LogL: -13368.443
Init pinv, alpha: 0.070, 1.000 / Estimate: 0.252, 0.325 / LogL: -13355.924
Init pinv, alpha: 0.140, 1.000 / Estimate: 0.250, 0.324 / LogL: -13355.964
Init pinv, alpha: 0.210, 1.000 / Estimate: 0.250, 0.324 / LogL: -13355.987
Init pinv, alpha: 0.281, 1.000 / Estimate: 0.321, 0.390 / LogL: -13354.121
Init pinv, alpha: 0.351, 1.000 / Estimate: 0.391, 0.489 / LogL: -13352.773
Init pinv, alpha: 0.421, 1.000 / Estimate: 0.454, 0.637 / LogL: -13351.712
Init pinv, alpha: 0.491, 1.000 / Estimate: 0.510, 0.865 / LogL: -13350.655
Init pinv, alpha: 0.561, 1.000 / Estimate: 0.547, 1.120 / LogL: -13350.356
Init pinv, alpha: 0.631, 1.000 / Estimate: 0.553, 1.178 / LogL: -13350.493
Optimal pinv,alpha: 0.547, 1.120 / LogL: -13350.356

Parameters optimization took 8.408 sec
Computing ML distances based on estimated model parameters... 0.080 sec
Computing BIONJ tree...
0.061 seconds
Log-likelihood of BIONJ tree: -13390.332
--------------------------------------------------------------------
|             INITIALIZING CANDIDATE TREE SET                      |
--------------------------------------------------------------------
Generating 98 parsimony trees... 0.878 second
Computing log-likelihood of 98 initial trees ... 2.406 seconds
Current best score: -13350.356

Do NNI search on 20 best initial trees
Estimate model parameters (epsilon = 0.100)
BETTER TREE FOUND at iteration 1: -13348.960
Iteration 10 / LogL: -13348.995 / Time: 0h:0m:14s
Iteration 20 / LogL: -13348.995 / Time: 0h:0m:16s
Finish initializing candidate tree set (11)
Current best tree score: -13348.960 / CPU time: 7.420
Number of iterations: 20
--------------------------------------------------------------------
|               OPTIMIZING CANDIDATE TREE SET                      |
--------------------------------------------------------------------
Iteration 30 / LogL: -13348.966 / Time: 0h:0m:19s (0h:0m:48s left)
Iteration 40 / LogL: -13348.992 / Time: 0h:0m:23s (0h:0m:36s left)
Iteration 50 / LogL: -13348.980 / Time: 0h:0m:27s (0h:0m:28s left)
Log-likelihood cutoff on original alignment: -13379.949
Iteration 60 / LogL: -13348.960 / Time: 0h:0m:30s (0h:0m:21s left)
Iteration 70 / LogL: -13349.122 / Time: 0h:0m:34s (0h:0m:15s left)
Iteration 80 / LogL: -13351.786 / Time: 0h:0m:38s (0h:0m:10s left)
Iteration 90 / LogL: -13349.123 / Time: 0h:0m:42s (0h:0m:5s left)
Iteration 100 / LogL: -13348.965 / Time: 0h:0m:45s (0h:0m:0s left)
Log-likelihood cutoff on original alignment: -13379.949
NOTE: Bootstrap correlation coefficient of split occurrence frequencies: 0.996
TREE SEARCH COMPLETED AFTER 102 ITERATIONS / Time: 0h:0m:46s

--------------------------------------------------------------------
|                    FINALIZING TREE SEARCH                        |
--------------------------------------------------------------------
Performs final model parameters optimization
Estimate model parameters (epsilon = 0.010)
1. Initial log-likelihood: -13348.960
Optimal log-likelihood: -13348.952
Rate parameters:  A-C: 0.88514  A-G: 8.36211  A-T: 1.17659  C-G: 0.26319  C-T: 15.92533  G-T: 1.00000
Base frequencies:  A: 0.306  C: 0.210  G: 0.219  T: 0.264
Proportion of invariable sites: 0.545
Gamma shape alpha: 1.103
Parameters optimization took 1 rounds (0.064 sec)
BEST SCORE FOUND : -13348.952

Testing tree branches by SH-like aLRT with 1000 replicates...
3.491 sec.
Creating bootstrap support values...
Split supports printed to NEXUS file ORF_1B_cleared_alignment_DNA_serotypes_no_amb.fas.splits.nex
Total tree length: 1.788

Total number of iterations: 102
CPU time used for tree search: 37.868 sec (0h:0m:37s)
Wall-clock time used for tree search: 38.108 sec (0h:0m:38s)
Total CPU time used: 50.220 sec (0h:0m:50s)
Total wall-clock time used: 50.863 sec (0h:0m:50s)

Computing bootstrap consensus tree...
Reading input file ORF_1B_cleared_alignment_DNA_serotypes_no_amb.fas.splits.nex...
95 taxa and 387 splits.
Consensus tree written to ORF_1B_cleared_alignment_DNA_serotypes_no_amb.fas.contree
Reading input trees file ORF_1B_cleared_alignment_DNA_serotypes_no_amb.fas.contree
Log-likelihood of consensus tree: -13348.985

Analysis results written to: 
  IQ-TREE report:                ORF_1B_cleared_alignment_DNA_serotypes_no_amb.fas.iqtree
  Maximum-likelihood tree:       ORF_1B_cleared_alignment_DNA_serotypes_no_amb.fas.treefile
  Likelihood distances:          ORF_1B_cleared_alignment_DNA_serotypes_no_amb.fas.mldist

Ultrafast bootstrap approximation results written to:
  Split support values:          ORF_1B_cleared_alignment_DNA_serotypes_no_amb.fas.splits.nex
  Consensus tree:                ORF_1B_cleared_alignment_DNA_serotypes_no_amb.fas.contree
  Screen log file:               ORF_1B_cleared_alignment_DNA_serotypes_no_amb.fas.log

Date and Time: Sat Jun  8 01:54:11 2024
