IQ-TREE multicore version 1.6.12 for Linux 64-bit built Aug 15 2019
Developed by Bui Quang Minh, Nguyen Lam Tung, Olga Chernomor,
Heiko Schmidt, Dominik Schrempf, Michael Woodhams.

Host:    fermat (AVX2, FMA3, 1009 GB RAM)
Command: ../../iqtree -s all_serotypes_6048-6801.fas -st DNA -m TEST -bb 1000 -alrt 1000
Seed:    336380 (Using SPRNG - Scalable Parallel Random Number Generator)
Time:    Tue Nov  5 09:48:20 2024
Kernel:  AVX+FMA - 1 threads (128 CPU cores detected)

HINT: Use -nt option to specify number of threads because your CPU has 128 cores!
HINT: -nt AUTO will automatically determine the best number of threads to use.

Reading alignment file all_serotypes_6048-6801.fas ... Fasta format detected
Alignment most likely contains DNA/RNA sequences
Alignment has 79 sequences with 754 columns, 579 distinct patterns
564 parsimony-informative, 25 singleton sites, 165 constant sites
                                                                                                  Gap/Ambiguity  Composition  p-value
   1  OR371570_human_CHN_2022_HAstV-4-Fuzhou-2022-10_NA_feces_serotype_4                                  5.97%    passed     41.24%
   2  OR222910_human_CHN_2021_NA_SY2106_stool_serotype_5                                                  6.76%    passed     55.00%
   3  LC732124_human_JPN_2016_Human-JPN-2016-JP14989_Child-with-acute-gastroenteritis_feces_serotype_3    4.77%    passed     74.34%
   4  LC732123_human_JPN_2016_Human-JPN-2016-JP14665_Child-with-acute-gastroenteritis_feces_serotype_3    4.77%    passed     78.83%
   5  LC732122_human_JPN_2016_Human-JPN-2016-JP14641_Child-with-acute-gastroenteritis_feces_serotype_3    4.77%    passed     83.71%
   6  ON571598_human_CHN_2021_NA_2021-Fuzhou-37_feces_serotype_4                                          5.97%    passed     44.91%
   7  ON571597_human_CHN_2019_NA_2019-Pingtan-42_feces_serotype_1                                         5.97%    passed     69.25%
   8  ON571596_human_CHN_2019_NA_2019-Fuzhou-306_feces_serotype_1                                         5.97%    passed     71.31%
   9  ON571595_human_CHN_2019_NA_2019-Fuzhou-289_feces_serotype_5                                         6.76%    passed     41.92%
  10  ON571594_human_CHN_2019_NA_2019-Fuzhou-26_feces_serotype_1                                          5.97%    passed     70.98%
  11  OP432301_human_CHN_2022_NA_HAstV-4-QD-L-22019_NA_serotype_4                                         5.97%    passed     37.57%
  12  OP432300_human_CHN_2022_NA_HAstV-4-QD-S-22022_NA_serotype_4                                         5.97%    passed     29.99%
  13  OP432299_human_CHN_2021_NA_HAstV-4-RC-21045_NA_serotype_4                                           5.97%    passed     39.88%
  14  OP432298_human_CHN_2022_NA_HAstV-4-QD-S-22015_NA_serotype_4                                         5.97%    passed     29.00%
  15  OP432297_human_CHN_2022_NA_HAstV-4-QD-L-22001_NA_serotype_4                                         5.97%    passed     29.99%
  16  OP432296_human_CHN_2021_NA_HAstV-4-RC-21047_NA_serotype_4                                           5.97%    passed     36.64%
  17  OP432295_human_CHN_2022_NA_HAstV-4-QD-F-22056_NA_serotype_4                                         5.97%    passed     38.32%
  18  OP432294_human_CHN_2022_NA_HAstV-4-QD-L-22040_NA_serotype_4                                         5.97%    passed     37.57%
  19  OP432293_human_CHN_2021_NA_HAstV-4-RC-21027_NA_serotype_4                                           5.97%    passed     36.19%
  20  LC694997_human_JPN_2018_NA_HAstV1-181289-Tokyo-2018_NA_serotype_1                                   5.97%    passed     81.29%
  21  LC694996_human_JPN_2018_NA_HAstV1-181290-Tokyo-2018_NA_serotype_1                                   5.97%    passed     85.89%
  22  LC694995_human_JPN_2020_NA_HAstV1-192642-Tokyo-2020_NA_serotype_1                                   5.97%    passed     70.38%
  23  LC694994_human_JPN_2020_NA_HAstV1-193055-Tokyo-2020_NA_serotype_1                                   5.97%    passed     76.63%
  24  LC694993_human_JPN_2020_NA_HAstV1-193061-Tokyo-2020_NA_serotype_1                                   5.97%    passed     71.31%
  25  LC694992_human_JPN_2021_NA_HAstV1-210628-Tokyo-2021_NA_serotype_1                                   5.97%    passed     80.03%
  26  LC694991_human_JPN_2021_NA_HAstV1-210764-Tokyo-2021_NA_serotype_1                                   5.97%    passed     71.31%
  27  LC694990_human_JPN_2018_NA_HAstV1-181937-Tokyo-2018_NA_serotype_1                                   5.97%    passed     81.47%
  28  LC694989_human_JPN_2021_NA_HAstV1-210956-Tokyo-2021_NA_serotype_1                                   5.97%    passed     55.58%
  29  LC694988_human_JPN_2021_NA_HAstV1-210963-Tokyo-2021_NA_serotype_1                                   5.97%    passed     72.84%
  30  LC694987_human_JPN_2021_NA_HAstV1-210984-Tokyo-2021_NA_serotype_1                                   5.97%    passed     74.87%
  31  LC694986_human_JPN_2022_NA_HAstV1-211185-Tokyo-2022_NA_serotype_1                                   5.97%    passed     68.44%
  32  LC694985_human_JPN_2019_NA_HAstV3-190610-Tokyo-2019_NA_serotype_3                                   4.77%    passed     84.79%
  33  MT832897_human_BRA_2015_MAstV-1-Hu-BRA-TO-161-2015_TO-161_feces_serotype_1                          5.97%    passed     71.31%
  34  MT832896_human_BRA_2015_MAstV-1-Hu-BRA-TO-208-2015_TO-208_feces_serotype_1                          5.97%    passed     71.31%
  35  MT832895_human_BRA_2015_MAstV-1-Hu-BRA-TO-171-2015_TO-171_feces_serotype_1                          5.97%    passed     71.31%
  36  MT832894_human_BRA_2011_MAstV-1-Hu-BRA-TO-162-2011_TO-162_feces_serotype_1                          5.97%    passed     71.31%
  37  MT832893_human_BRA_2015_MAstV-1-Hu-BRA-TO-160-2015_TO-160_feces_serotype_1                          5.97%    passed     71.31%
  38  MT832892_human_BRA_2015_MAstV-1-Hu-BRA-TO-98-2015_TO-98_feces_serotype_1                            5.97%    passed     71.31%
  39  MT906859_human_BRA_2014_Hu-BRA-TO-32-2014_BRA-TO-32_stool-sample_serotype_5                         6.76%    passed     42.38%
  40  MT906858_human_BRA_2014_Hu-BRA-TO-57-2014_BRA-TO-57_stool_serotype_5                                6.76%    passed     39.33%
  41  MT906857_human_BRA_2014_Hu-BRA-TO-40-2014_BRA-TO-40_stool_serotype_5                                6.76%    passed     42.38%
  42  MT906855_human_BRA_2014_Hu-BRA-TO-26-2014_BRA-TO-26_stool-sample_serotype_4                         5.97%    passed     78.78%
  43  MT906854_human_BRA_2015_Hu-BRA-TO-71-2015_BRA-TO-71_stool-sample_serotype_4                         5.97%    passed     78.78%
  44  MT906853_human_BRA_2014_Hu-BRA-TO-207-2014_BRA-TO-207_stool_serotype_4                              5.97%    passed     66.35%
  45  MW485042_human_KEN_2019_KLF-HAstV2-005-2019_NA_NA_serotype_2                                        1.59%    passed     80.91%
  46  MW485040_human_KEN_2019_KLF-HAstV1-008-2019_NA_NA_serotype_1                                        5.97%    passed     71.86%
  47  MN433706_human_USA_2014_Hu-US-2014-CA-RGDS-1073_NA_stool_serotype_5                                 6.76%    passed     37.53%
  48  MN433705_human_USA_2014_Hu-US-2014-CA-RGDS-1072_NA_stool_serotype_2                                 2.39%    passed     81.76%
  49  MN433704_human_USA_2013_Hu-US-2013-CA-RGDS-1071_NA_stool_serotype_1                                 5.97%    passed     72.84%
  50  MN433703_human_USA_2013_Hu-US-2013-CA-RGDS-1070_NA_stool_serotype_1                                 5.97%    passed     71.31%
  51  MN444721_human_USA_2017_Hu-US-2017-CA-RGDS-1074_NA_stool_serotype_3                                 4.77%    passed     81.56%
  52  KC285152_human_RUS_2011_NA_HAstV-2-RUS-Novosibirsk-Nsc11-N2411-2011_feces_serotype_2                1.59%    passed     82.11%
  53  MF684776_human_CHN_2013_NA_2013-Fuzhou-85_stool_serotype_5                                          6.76%    passed     42.41%
  54  MG571777_human_VEN_2015_NA_NA_stool_serotype_3                                                      4.77%    passed     81.93%
  55  JF491430_human_RUS_2004_NA_Rus-Nsc04-H355_NA_serotype_3                                             4.77%    passed     77.82%
  56  GQ901902_human_RUS_2009_NA_Rus-Nsc09-B4_NA_serotype_6                                               6.37%    passed     88.55%
  57  GU732187_human_RUS_2008_NA_Rus-Nsc08-3364_NA_serotype_3                                             4.77%    passed     78.13%
  58  GU223905_human_RUS_2003_NA_Rus-Nsc03-H191_NA_serotype_3                                             4.77%    passed     78.21%
  59  HQ398856_human_HUN_2010_Hu-Nyergesujfalu-HUN4520-2010-HUN_NA_fecal-sample_serotype_1                5.97%    passed     78.19%
  60  GQ495608_human_CHN_2007_NA_192-BJ07-CHN_stool_serotype_6                                            6.37%    passed     92.13%
  61  FJ755405_human_CHN_2007_Beijing-293-2007-CHN_NA_stool_serotype_1                                    5.97%    passed     89.21%
  62  FJ755404_human_CHN_2007_Beijing-291-2007-CHN_NA_stool_serotype_1                                    5.97%    passed     63.32%
  63  FJ755403_human_CHN_2006_Beijing-176-2006-CHN_NA_stool_serotype_1                                    5.97%    passed     57.84%
  64  FJ755402_human_CHN_2005_Beijing-128-2005-CHN_NA_stool_serotype_1                                    5.97%    passed     91.79%
  65  KF211475_human_CHN_2010_NA_JZ_NA_serotype_1                                                         5.97%    passed     58.66%
  66  KP862744_human_KOR_2014_NA_kor85_human-stool_serotype_8                                             8.36%    passed     88.28%
  67  KF039913_NA_RUS_2010_NA_Rus-Nsc10-N358_NA_serotype_4                                                5.97%    passed     53.78%
  68  KF039912_NA_RUS_2005_NA_Rus-Nsc05-623_NA_serotype_4                                                 5.97%    passed     51.05%
  69  KF039911_NA_RUS_2006_NA_Rus-Nsc06-1029_NA_serotype_2                                                1.59%    passed     88.19%
  70  KF039910_NA_RUS_2005_NA_Rus-Nsc05-430_NA_serotype_2                                                 0.40%    passed     78.69%
  71  KC342249_human_CHN_2012_NA_km1_stool-sample_serotype_1                                              5.97%    passed     99.36%
  72  JN887820_human_KOR_2006_lhar-2011-kor_NA_stool_serotype_1                                           5.97%    passed     48.86%
  73  NC030922_NA_IND_2004_NA_V1347_NA_serotype_1                                                         5.97%    passed     80.03%
  74  JQ403108_human_CHN_2010_NA_DL030_stool_serotype_5                                                   6.76%    passed     19.60%
  75  DQ344027_NA_CHN_2005_NA_Guangzhou_NA_serotype_4                                                     5.97%    passed     43.70%
  76  DQ070852_NA_BRA_1995_NA_Goiania-GO-12-95-Brazil_NA_serotype_4                                       5.97%    passed     84.17%
  77  DQ028633_NA_BRA_1994_NA_Goiania-GO-12-94-Brazil_stool_serotype_5                                    6.76%    passed     40.43%
  78  AY720892_NA_NA_2004_Dresden_NA_NA_serotype_1                                                        5.97%    passed     58.83%
  79  AY720891_NA_NA_2004_Dresden_NA_NA_serotype_4                                                        5.97%    passed     60.45%
****  TOTAL                                                                                               5.68%  0 sequences failed composition chi2 test (p-value<5%; df=3)
NOTE: OP432294_human_CHN_2022_NA_HAstV-4-QD-L-22040_NA_serotype_4 is identical to OP432301_human_CHN_2022_NA_HAstV-4-QD-L-22019_NA_serotype_4 but kept for subsequent analysis
NOTE: OP432297_human_CHN_2022_NA_HAstV-4-QD-L-22001_NA_serotype_4 is identical to OP432300_human_CHN_2022_NA_HAstV-4-QD-S-22022_NA_serotype_4 but kept for subsequent analysis
NOTE: MT832896_human_BRA_2015_MAstV-1-Hu-BRA-TO-208-2015_TO-208_feces_serotype_1 is identical to MT832897_human_BRA_2015_MAstV-1-Hu-BRA-TO-161-2015_TO-161_feces_serotype_1 but kept for subsequent analysis
NOTE: MT906857_human_BRA_2014_Hu-BRA-TO-40-2014_BRA-TO-40_stool_serotype_5 is identical to MT906859_human_BRA_2014_Hu-BRA-TO-32-2014_BRA-TO-32_stool-sample_serotype_5 but kept for subsequent analysis
NOTE: MT906854_human_BRA_2015_Hu-BRA-TO-71-2015_BRA-TO-71_stool-sample_serotype_4 is identical to MT906855_human_BRA_2014_Hu-BRA-TO-26-2014_BRA-TO-26_stool-sample_serotype_4 but kept for subsequent analysis
NOTE: 4 identical sequences (see below) will be ignored for subsequent analysis
NOTE: MT832895_human_BRA_2015_MAstV-1-Hu-BRA-TO-171-2015_TO-171_feces_serotype_1 (identical to MT832897_human_BRA_2015_MAstV-1-Hu-BRA-TO-161-2015_TO-161_feces_serotype_1) is ignored but added at the end
NOTE: MT832894_human_BRA_2011_MAstV-1-Hu-BRA-TO-162-2011_TO-162_feces_serotype_1 (identical to MT832897_human_BRA_2015_MAstV-1-Hu-BRA-TO-161-2015_TO-161_feces_serotype_1) is ignored but added at the end
NOTE: MT832893_human_BRA_2015_MAstV-1-Hu-BRA-TO-160-2015_TO-160_feces_serotype_1 (identical to MT832897_human_BRA_2015_MAstV-1-Hu-BRA-TO-161-2015_TO-161_feces_serotype_1) is ignored but added at the end
NOTE: MT832892_human_BRA_2015_MAstV-1-Hu-BRA-TO-98-2015_TO-98_feces_serotype_1 (identical to MT832897_human_BRA_2015_MAstV-1-Hu-BRA-TO-161-2015_TO-161_feces_serotype_1) is ignored but added at the end

For your convenience alignment with unique sequences printed to all_serotypes_6048-6801.fas.uniqueseq.phy


Create initial parsimony tree by phylogenetic likelihood library (PLL)... 0.016 seconds
NOTE: ModelFinder requires 7 MB RAM!
ModelFinder will test 88 DNA models (sample size: 754) ...
 No. Model         -LnL         df  AIC          AICc         BIC
  1  JC            11021.305    147 22336.609    22408.411    23016.542
  2  JC+I          10777.016    148 21850.033    21922.932    22534.591
  3  JC+G4         10653.111    148 21602.223    21675.122    22286.781
  4  JC+I+G4       10648.274    149 21594.548    21668.554    22283.731
  5  F81+F         10999.244    150 22298.487    22373.612    22992.296
  6  F81+F+I       10755.820    151 21813.640    21889.893    22512.075
  7  F81+F+G4      10634.854    151 21571.708    21647.960    22270.142
  8  F81+F+I+G4    10629.682    152 21563.364    21640.755    22266.423
  9  K2P           10656.145    148 21608.290    21681.189    22292.848
 10  K2P+I         10376.918    149 21051.837    21125.843    21741.020
 11  K2P+G4        10197.669    149 20693.337    20767.344    21382.520
 12  K2P+I+G4      10194.228    150 20688.456    20763.581    21382.265
 13  HKY+F         10620.318    151 21542.635    21618.888    22241.070
 14  HKY+F+I       10344.818    152 20993.636    21071.027    21696.696
 15  HKY+F+G4      10164.584    152 20633.167    20710.558    21336.227
 16  HKY+F+I+G4    10160.930    153 20627.859    20706.399    21335.544
 17  TNe           10630.403    149 21558.805    21632.812    22247.989
 18  TNe+I         10340.177    150 20980.355    21055.479    21674.163
 19  TNe+G4        10174.224    150 20648.447    20723.572    21342.256
 20  TNe+I+G4      10168.198    151 20638.397    20714.649    21336.831
 21  TN+F          10590.832    152 21485.663    21563.054    22188.723
 22  TN+F+I        10305.033    153 20916.066    20994.606    21623.751
 23  TN+F+G4       10137.656    153 20581.312    20659.852    21288.997
 24  TN+F+I+G4     10131.465    154 20570.929    20650.629    21283.239
 25  K3P           10656.145    149 21610.290    21684.297    22299.473
 26  K3P+I         10376.894    150 21053.789    21128.913    21747.598
 27  K3P+G4        10197.147    150 20694.293    20769.418    21388.102
 28  K3P+I+G4      10193.757    151 20689.515    20765.767    21387.949
 29  K3Pu+F        10620.187    152 21544.374    21621.765    22247.434
 30  K3Pu+F+I      10344.799    153 20995.599    21074.139    21703.284
 31  K3Pu+F+G4     10163.884    153 20633.767    20712.307    21341.452
 32  K3Pu+F+I+G4   10160.313    154 20628.626    20708.326    21340.937
 33  TPM2+F        10615.398    152 21534.797    21612.188    22237.856
 34  TPM2+F+I      10338.521    153 20983.042    21061.582    21690.727
 35  TPM2+F+G4     10157.755    153 20621.511    20700.051    21329.196
 36  TPM2+F+I+G4   10154.296    154 20616.591    20696.291    21328.902
 37  TPM2u+F       10615.399    152 21534.797    21612.188    22237.857
 38  TPM2u+F+I     10338.521    153 20983.042    21061.582    21690.728
 39  TPM2u+F+G4    10157.755    153 20621.511    20700.051    21329.196
 40  TPM2u+F+I+G4  10154.293    154 20616.585    20696.285    21328.896
 41  TPM3+F        10620.228    152 21544.456    21621.847    22247.516
 42  TPM3+F+I      10343.029    153 20992.058    21070.598    21699.743
 43  TPM3+F+G4     10164.487    153 20634.975    20713.515    21342.660
 44  TPM3+F+I+G4   10160.916    154 20629.832    20709.531    21342.142
 45  TPM3u+F       10620.228    152 21544.456    21621.847    22247.515
 46  TPM3u+F+I     10343.029    153 20992.057    21070.597    21699.742
 47  TPM3u+F+G4    10164.487    153 20634.975    20713.515    21342.660
 48  TPM3u+F+I+G4  10160.916    154 20629.832    20709.531    21342.142
 49  TIMe          10630.400    150 21560.801    21635.925    22254.610
 50  TIMe+I        10340.152    151 20982.305    21058.557    21680.739
 51  TIMe+G4       10173.701    151 20649.402    20725.655    21347.837
 52  TIMe+I+G4     10167.710    152 20639.421    20716.812    21342.480
 53  TIM+F         10590.696    153 21487.392    21565.932    22195.077
 54  TIM+F+I       10305.020    154 20918.040    20997.740    21630.351
 55  TIM+F+G4      10136.991    154 20581.983    20661.682    21294.293
 56  TIM+F+I+G4    10130.901    155 20571.802    20652.671    21288.738
 57  TIM2e         10614.008    150 21528.015    21603.140    22221.824
 58  TIM2e+I       10323.529    151 20949.059    21025.311    21647.493
 59  TIM2e+G4      10149.226    151 20600.451    20676.704    21298.886
 60  TIM2e+I+G4    10143.767    152 20591.534    20668.925    21294.593
 61  TIM2+F        10586.206    153 21478.412    21556.952    22186.097
 62  TIM2+F+I      10299.108    154 20906.216    20985.915    21618.526
 63  TIM2+F+G4     10129.528    154 20567.057    20646.756    21279.367
 64  TIM2+F+I+G4   10123.475    155 20556.949    20637.819    21273.885
 65  TIM3e         10630.313    150 21560.626    21635.751    22254.435
 66  TIM3e+I       10336.270    151 20974.540    21050.792    21672.974
 67  TIM3e+G4      10174.076    151 20650.153    20726.405    21348.587
 68  TIM3e+I+G4    10167.699    152 20639.398    20716.789    21342.457
 69  TIM3+F        10590.781    153 21487.562    21566.102    22195.247
 70  TIM3+F+I      10302.265    154 20912.530    20992.230    21624.841
 71  TIM3+F+G4     10137.621    154 20583.242    20662.941    21295.552
 72  TIM3+F+I+G4   10131.437    155 20572.874    20653.744    21289.810
 73  TVMe          10639.744    151 21581.487    21657.740    22279.921
 74  TVMe+I        10357.622    152 21019.244    21096.635    21722.303
 75  TVMe+G4       10172.986    152 20649.973    20727.364    21353.032
 76  TVMe+I+G4     10170.004    153 20646.009    20724.549    21353.694
 77  TVM+F         10615.086    154 21538.172    21617.871    22250.482
 78  TVM+F+I       10336.129    155 20982.259    21063.128    21699.195
 79  TVM+F+G4      10156.679    155 20623.357    20704.227    21340.293
 80  TVM+F+I+G4    10153.288    156 20618.575    20700.626    21340.136
 81  SYM           10613.800    152 21531.601    21608.992    22234.660
 82  SYM+I         10319.099    153 20944.197    21022.737    21651.882
 83  SYM+G4        10147.857    153 20601.715    20680.255    21309.400
 84  SYM+I+G4      10142.169    154 20592.337    20672.037    21304.648
 85  GTR+F         10585.909    155 21481.818    21562.687    22198.753
 86  GTR+F+I       10295.685    156 20903.370    20985.420    21624.931
 87  GTR+F+G4      10128.480    156 20568.960    20651.010    21290.521
 88  GTR+F+I+G4    10122.429    157 20558.859    20642.100    21285.045
Akaike Information Criterion:           TIM2+F+I+G4
Corrected Akaike Information Criterion: TIM2+F+I+G4
Bayesian Information Criterion:         TIM2+F+I+G4
Best-fit model: TIM2+F+I+G4 chosen according to BIC

All model information printed to all_serotypes_6048-6801.fas.model.gz
CPU time for ModelFinder: 51.300 seconds (0h:0m:51s)
Wall-clock time for ModelFinder: 51.760 seconds (0h:0m:51s)
Generating 1000 samples for ultrafast bootstrap (seed: 336380)...

NOTE: 7 MB RAM (0 GB) is required!
Estimate model parameters (epsilon = 0.100)
Thoroughly optimizing +I+G parameters from 10 start values...
Init pinv, alpha: 0.000, 1.000 / Estimate: 0.000, 0.648 / LogL: -10129.530
Init pinv, alpha: 0.024, 1.000 / Estimate: 0.115, 1.007 / LogL: -10123.622
Init pinv, alpha: 0.049, 1.000 / Estimate: 0.116, 1.008 / LogL: -10123.611
Init pinv, alpha: 0.073, 1.000 / Estimate: 0.113, 0.998 / LogL: -10123.667
Init pinv, alpha: 0.097, 1.000 / Estimate: 0.114, 1.001 / LogL: -10123.656
Init pinv, alpha: 0.122, 1.000 / Estimate: 0.124, 1.050 / LogL: -10123.483
Init pinv, alpha: 0.146, 1.000 / Estimate: 0.133, 1.099 / LogL: -10123.515
Init pinv, alpha: 0.170, 1.000 / Estimate: 0.135, 1.112 / LogL: -10123.536
Init pinv, alpha: 0.195, 1.000 / Estimate: 0.135, 1.108 / LogL: -10123.525
Init pinv, alpha: 0.219, 1.000 / Estimate: 0.135, 1.114 / LogL: -10123.540
Optimal pinv,alpha: 0.124, 1.050 / LogL: -10123.483

Parameters optimization took 24.978 sec
Computing ML distances based on estimated model parameters... 0.080 sec
Computing BIONJ tree...
0.055 seconds
Log-likelihood of BIONJ tree: -10274.644
--------------------------------------------------------------------
|             INITIALIZING CANDIDATE TREE SET                      |
--------------------------------------------------------------------
Generating 98 parsimony trees... 0.976 second
Computing log-likelihood of 98 initial trees ... 10.096 seconds
Current best score: -10119.490

Do NNI search on 20 best initial trees
Estimate model parameters (epsilon = 0.100)
BETTER TREE FOUND at iteration 1: -10118.558
Estimate model parameters (epsilon = 0.100)
BETTER TREE FOUND at iteration 3: -10118.359
Iteration 10 / LogL: -10118.373 / Time: 0h:0m:57s
Iteration 20 / LogL: -10118.609 / Time: 0h:1m:11s
Finish initializing candidate tree set (13)
Current best tree score: -10118.359 / CPU time: 45.793
Number of iterations: 20
--------------------------------------------------------------------
|               OPTIMIZING CANDIDATE TREE SET                      |
--------------------------------------------------------------------
Estimate model parameters (epsilon = 0.100)
BETTER TREE FOUND at iteration 21: -10117.584
Estimate model parameters (epsilon = 0.100)
BETTER TREE FOUND at iteration 23: -10116.783
Iteration 30 / LogL: -10118.350 / Time: 0h:1m:32s (0h:4m:55s left)
Estimate model parameters (epsilon = 0.100)
BETTER TREE FOUND at iteration 32: -10116.544
Iteration 40 / LogL: -10117.601 / Time: 0h:1m:54s (0h:4m:29s left)
BETTER TREE FOUND at iteration 47: -10116.538
Iteration 50 / LogL: -10162.584 / Time: 0h:2m:20s (0h:4m:37s left)
Log-likelihood cutoff on original alignment: -10149.045
Iteration 60 / LogL: -10116.722 / Time: 0h:2m:47s (0h:4m:7s left)
Iteration 70 / LogL: -10163.019 / Time: 0h:3m:33s (0h:3m:58s left)
Iteration 80 / LogL: -10117.653 / Time: 0h:4m:11s (0h:3m:33s left)
Iteration 90 / LogL: -10117.447 / Time: 0h:4m:43s (0h:3m:1s left)
Estimate model parameters (epsilon = 0.100)
BETTER TREE FOUND at iteration 99: -10116.475
Iteration 100 / LogL: -10116.538 / Time: 0h:5m:23s (0h:5m:23s left)
Log-likelihood cutoff on original alignment: -10149.045
NOTE: Bootstrap correlation coefficient of split occurrence frequencies: 0.999
Iteration 110 / LogL: -10121.867 / Time: 0h:5m:57s (0h:4m:55s left)
Iteration 120 / LogL: -10163.706 / Time: 0h:6m:24s (0h:4m:18s left)
Iteration 130 / LogL: -10116.607 / Time: 0h:6m:55s (0h:3m:45s left)
Iteration 140 / LogL: -10212.798 / Time: 0h:7m:22s (0h:3m:11s left)
Iteration 150 / LogL: -10116.553 / Time: 0h:7m:45s (0h:2m:36s left)
Log-likelihood cutoff on original alignment: -10149.898
Iteration 160 / LogL: -10116.539 / Time: 0h:8m:14s (0h:2m:4s left)
Iteration 170 / LogL: -10117.641 / Time: 0h:8m:41s (0h:1m:32s left)
Iteration 180 / LogL: -10119.174 / Time: 0h:9m:3s (0h:1m:0s left)
Iteration 190 / LogL: -10117.126 / Time: 0h:9m:26s (0h:0m:29s left)
Iteration 200 / LogL: -10116.538 / Time: 0h:9m:42s (0h:0m:0s left)
Log-likelihood cutoff on original alignment: -10149.798
NOTE: Bootstrap correlation coefficient of split occurrence frequencies: 0.999
TREE SEARCH COMPLETED AFTER 200 ITERATIONS / Time: 0h:9m:42s

--------------------------------------------------------------------
|                    FINALIZING TREE SEARCH                        |
--------------------------------------------------------------------
Performs final model parameters optimization
Estimate model parameters (epsilon = 0.010)
1. Initial log-likelihood: -10116.475
Optimal log-likelihood: -10116.473
Rate parameters:  A-C: 1.64101  A-G: 5.64649  A-T: 1.64101  C-G: 1.00000  C-T: 10.83383  G-T: 1.00000
Base frequencies:  A: 0.308  C: 0.229  G: 0.210  T: 0.253
Proportion of invariable sites: 0.128
Gamma shape alpha: 1.061
Parameters optimization took 1 rounds (0.223 sec)
BEST SCORE FOUND : -10116.473

Testing tree branches by SH-like aLRT with 1000 replicates...
1.827 sec.
Creating bootstrap support values...
Split supports printed to NEXUS file all_serotypes_6048-6801.fas.splits.nex
Total tree length: 7.562

Total number of iterations: 200
CPU time used for tree search: 553.128 sec (0h:9m:13s)
Wall-clock time used for tree search: 557.110 sec (0h:9m:17s)
Total CPU time used: 580.768 sec (0h:9m:40s)
Total wall-clock time used: 585.195 sec (0h:9m:45s)

Computing bootstrap consensus tree...
Reading input file all_serotypes_6048-6801.fas.splits.nex...
75 taxa and 443 splits.
Consensus tree written to all_serotypes_6048-6801.fas.contree
Reading input trees file all_serotypes_6048-6801.fas.contree
Log-likelihood of consensus tree: -10116.537

Analysis results written to: 
  IQ-TREE report:                all_serotypes_6048-6801.fas.iqtree
  Maximum-likelihood tree:       all_serotypes_6048-6801.fas.treefile
  Likelihood distances:          all_serotypes_6048-6801.fas.mldist

Ultrafast bootstrap approximation results written to:
  Split support values:          all_serotypes_6048-6801.fas.splits.nex
  Consensus tree:                all_serotypes_6048-6801.fas.contree
  Screen log file:               all_serotypes_6048-6801.fas.log

Date and Time: Tue Nov  5 09:58:58 2024
