#
#model:
#
#<?xml version="1.0" encoding="UTF-8" standalone="no"?><input id="posterior" spec="beast.base.inference.CompoundDistribution">
#    <distribution id="prior" spec="beast.base.inference.CompoundDistribution">
#        <distribution id="CoalescentConstant.t:all_serotypes_1330-2896_1" spec="beast.base.evolution.tree.coalescent.Coalescent">
#            <populationModel id="ConstantPopulation.t:all_serotypes_1330-2896_1" spec="beast.base.evolution.tree.coalescent.ConstantPopulation">
#                <parameter id="popSize.t:all_serotypes_1330-2896_1" lower="0.0" name="popSize" spec="beast.base.inference.parameter.RealParameter">0.3</parameter>
#            </populationModel>
#            <treeIntervals id="TreeIntervals.t:all_serotypes_1330-2896_1" spec="beast.base.evolution.tree.TreeIntervals">
#                <tree id="Tree.t:all_serotypes_1330-2896_1" spec="beast.base.evolution.tree.Tree">
#                    <trait id="dateTrait.t:all_serotypes_1330-2896_1" spec="beast.base.evolution.tree.TraitSet" traitname="date" value="OR371570_human_CHN_2022_HAstV-4-Fuzhou-2022-10_NA_feces_serotype_4=2022,OR222910_human_CHN_2021_NA_SY2106_stool_serotype_5=2021,LC732124_human_JPN_2016_Human-JPN-2016-JP14989_Child-with-acute-gastroenteritis_feces_serotype_3=2016,LC732123_human_JPN_2016_Human-JPN-2016-JP14665_Child-with-acute-gastroenteritis_feces_serotype_3=2016,LC732122_human_JPN_2016_Human-JPN-2016-JP14641_Child-with-acute-gastroenteritis_feces_serotype_3=2016,ON571598_human_CHN_2021_NA_2021-Fuzhou-37_feces_serotype_4=2021,ON571597_human_CHN_2019_NA_2019-Pingtan-42_feces_serotype_1=2019,ON571596_human_CHN_2019_NA_2019-Fuzhou-306_feces_serotype_1=2019,ON571595_human_CHN_2019_NA_2019-Fuzhou-289_feces_serotype_5=2019,ON571594_human_CHN_2019_NA_2019-Fuzhou-26_feces_serotype_1=2019,OP432301_human_CHN_2022_NA_HAstV-4-QD-L-22019_NA_serotype_4=2022,OP432300_human_CHN_2022_NA_HAstV-4-QD-S-22022_NA_serotype_4=2022,OP432299_human_CHN_2021_NA_HAstV-4-RC-21045_NA_serotype_4=2021,OP432298_human_CHN_2022_NA_HAstV-4-QD-S-22015_NA_serotype_4=2022,OP432297_human_CHN_2022_NA_HAstV-4-QD-L-22001_NA_serotype_4=2022,OP432296_human_CHN_2021_NA_HAstV-4-RC-21047_NA_serotype_4=2021,OP432295_human_CHN_2022_NA_HAstV-4-QD-F-22056_NA_serotype_4=2022,OP432294_human_CHN_2022_NA_HAstV-4-QD-L-22040_NA_serotype_4=2022,OP432293_human_CHN_2021_NA_HAstV-4-RC-21027_NA_serotype_4=2021,LC694997_human_JPN_2018_NA_HAstV1-181289-Tokyo-2018_NA_serotype_1=2018,LC694996_human_JPN_2018_NA_HAstV1-181290-Tokyo-2018_NA_serotype_1=2018,LC694995_human_JPN_2020_NA_HAstV1-192642-Tokyo-2020_NA_serotype_1=2020,LC694994_human_JPN_2020_NA_HAstV1-193055-Tokyo-2020_NA_serotype_1=2020,LC694993_human_JPN_2020_NA_HAstV1-193061-Tokyo-2020_NA_serotype_1=2020,LC694992_human_JPN_2021_NA_HAstV1-210628-Tokyo-2021_NA_serotype_1=2021,LC694991_human_JPN_2021_NA_HAstV1-210764-Tokyo-2021_NA_serotype_1=2021,LC694990_human_JPN_2018_NA_HAstV1-181937-Tokyo-2018_NA_serotype_1=2018,LC694989_human_JPN_2021_NA_HAstV1-210956-Tokyo-2021_NA_serotype_1=2021,LC694988_human_JPN_2021_NA_HAstV1-210963-Tokyo-2021_NA_serotype_1=2021,LC694987_human_JPN_2021_NA_HAstV1-210984-Tokyo-2021_NA_serotype_1=2021,LC694986_human_JPN_2022_NA_HAstV1-211185-Tokyo-2022_NA_serotype_1=2022,LC694985_human_JPN_2019_NA_HAstV3-190610-Tokyo-2019_NA_serotype_3=2019,MT832897_human_BRA_2015_MAstV-1-Hu-BRA-TO-161-2015_TO-161_feces_serotype_1=2015,MT832896_human_BRA_2015_MAstV-1-Hu-BRA-TO-208-2015_TO-208_feces_serotype_1=2015,MT832895_human_BRA_2015_MAstV-1-Hu-BRA-TO-171-2015_TO-171_feces_serotype_1=2015,MT832894_human_BRA_2011_MAstV-1-Hu-BRA-TO-162-2011_TO-162_feces_serotype_1=2011,MT832893_human_BRA_2015_MAstV-1-Hu-BRA-TO-160-2015_TO-160_feces_serotype_1=2015,MT832892_human_BRA_2015_MAstV-1-Hu-BRA-TO-98-2015_TO-98_feces_serotype_1=2015,MT906859_human_BRA_2014_Hu-BRA-TO-32-2014_BRA-TO-32_stool-sample_serotype_5=2014,MT906858_human_BRA_2014_Hu-BRA-TO-57-2014_BRA-TO-57_stool_serotype_5=2014,MT906857_human_BRA_2014_Hu-BRA-TO-40-2014_BRA-TO-40_stool_serotype_5=2014,MT906855_human_BRA_2014_Hu-BRA-TO-26-2014_BRA-TO-26_stool-sample_serotype_4=2014,MT906854_human_BRA_2015_Hu-BRA-TO-71-2015_BRA-TO-71_stool-sample_serotype_4=2015,MT906853_human_BRA_2014_Hu-BRA-TO-207-2014_BRA-TO-207_stool_serotype_4=2014,MW485042_human_KEN_2019_KLF-HAstV2-005-2019_NA_NA_serotype_2=2019,MW485040_human_KEN_2019_KLF-HAstV1-008-2019_NA_NA_serotype_1=2019,MN433706_human_USA_2014_Hu-US-2014-CA-RGDS-1073_NA_stool_serotype_5=2014,MN433705_human_USA_2014_Hu-US-2014-CA-RGDS-1072_NA_stool_serotype_2=2014,MN433704_human_USA_2013_Hu-US-2013-CA-RGDS-1071_NA_stool_serotype_1=2013,MN433703_human_USA_2013_Hu-US-2013-CA-RGDS-1070_NA_stool_serotype_1=2013,MN444721_human_USA_2017_Hu-US-2017-CA-RGDS-1074_NA_stool_serotype_3=2017,KC285152_human_RUS_2011_NA_HAstV-2-RUS-Novosibirsk-Nsc11-N2411-2011_feces_serotype_2=2011,MF684776_human_CHN_2013_NA_2013-Fuzhou-85_stool_serotype_5=2013,MG571777_human_VEN_2015_NA_NA_stool_serotype_3=2015,JF491430_human_RUS_2004_NA_Rus-Nsc04-H355_NA_serotype_3=2004,GQ901902_human_RUS_2009_NA_Rus-Nsc09-B4_NA_serotype_6=2009,GU732187_human_RUS_2008_NA_Rus-Nsc08-3364_NA_serotype_3=2008,GU223905_human_RUS_2003_NA_Rus-Nsc03-H191_NA_serotype_3=2003,HQ398856_human_HUN_2010_Hu-Nyergesujfalu-HUN4520-2010-HUN_NA_fecal-sample_serotype_1=2010,GQ495608_human_CHN_2007_NA_192-BJ07-CHN_stool_serotype_6=2007,FJ755405_human_CHN_2007_Beijing-293-2007-CHN_NA_stool_serotype_1=2007,FJ755404_human_CHN_2007_Beijing-291-2007-CHN_NA_stool_serotype_1=2007,FJ755403_human_CHN_2006_Beijing-176-2006-CHN_NA_stool_serotype_1=2006,FJ755402_human_CHN_2005_Beijing-128-2005-CHN_NA_stool_serotype_1=2005,KF211475_human_CHN_2010_NA_JZ_NA_serotype_1=2010,KP862744_human_KOR_2014_NA_kor85_human-stool_serotype_8=2014,KF039913_NA_RUS_2010_NA_Rus-Nsc10-N358_NA_serotype_4=2010,KF039912_NA_RUS_2005_NA_Rus-Nsc05-623_NA_serotype_4=2005,KF039911_NA_RUS_2006_NA_Rus-Nsc06-1029_NA_serotype_2=2006,KF039910_NA_RUS_2005_NA_Rus-Nsc05-430_NA_serotype_2=2005,JN887820_human_KOR_2006_lhar-2011-kor_NA_stool_serotype_1=2006,JQ403108_human_CHN_2010_NA_DL030_stool_serotype_5=2010,DQ344027_NA_CHN_2005_NA_Guangzhou_NA_serotype_4=2005,DQ070852_NA_BRA_1995_NA_Goiania-GO-12-95-Brazil_NA_serotype_4=1995,DQ028633_NA_BRA_1994_NA_Goiania-GO-12-94-Brazil_stool_serotype_5=1994,AY720892_NA_NA_2004_Dresden_NA_NA_serotype_1=2004,AY720891_NA_NA_2004_Dresden_NA_NA_serotype_4=2004">
#                        <taxa id="TaxonSet.all_serotypes_1330-2896_1" spec="beast.base.evolution.alignment.TaxonSet">
#                            <alignment filter="1::3" id="all_serotypes_1330-2896_1" spec="beast.base.evolution.alignment.FilteredAlignment">
#                            </alignment>
#                        </taxa>
#                    </trait>
#                    <taxonset idref="TaxonSet.all_serotypes_1330-2896_1"/>
#                </tree>
#            </treeIntervals>
#        </distribution>
#        <prior id="ClockPrior.c:all_serotypes_1330-2896_1" name="distribution">
#            <parameter id="clockRate.c:all_serotypes_1330-2896_1" lower="0.0" name="x" spec="beast.base.inference.parameter.RealParameter">1.0</parameter>
#            <Uniform id="Uniform.3" name="distr" upper="Infinity"/>
#        </prior>
#        <prior id="FrequenciesPrior.s:all_serotypes_1330-2896_1" name="distribution">
#            <parameter dimension="4" id="freqParameter.s:all_serotypes_1330-2896_1" lower="0.0" name="x" spec="beast.base.inference.parameter.RealParameter" upper="1.0">0.25</parameter>
#            <distr id="Dirichlet.0" spec="beast.base.inference.distribution.Dirichlet">
#                <parameter dimension="4" estimate="false" id="RealParameter.16" name="alpha" spec="beast.base.inference.parameter.RealParameter">4.0 4.0 4.0 4.0</parameter>
#            </distr>
#        </prior>
#        <prior id="FrequenciesPrior.s:all_serotypes_1330-2896_2" name="distribution">
#            <parameter dimension="4" id="freqParameter.s:all_serotypes_1330-2896_2" lower="0.0" name="x" spec="beast.base.inference.parameter.RealParameter" upper="1.0">0.25</parameter>
#            <distr id="Dirichlet.1" spec="beast.base.inference.distribution.Dirichlet">
#                <parameter dimension="4" estimate="false" id="RealParameter.35" name="alpha" spec="beast.base.inference.parameter.RealParameter">4.0 4.0 4.0 4.0</parameter>
#            </distr>
#        </prior>
#        <prior id="FrequenciesPrior.s:all_serotypes_1330-2896_3" name="distribution">
#            <parameter dimension="4" id="freqParameter.s:all_serotypes_1330-2896_3" lower="0.0" name="x" spec="beast.base.inference.parameter.RealParameter" upper="1.0">0.25</parameter>
#            <distr id="Dirichlet.2" spec="beast.base.inference.distribution.Dirichlet">
#                <parameter dimension="4" estimate="false" id="RealParameter.48" name="alpha" spec="beast.base.inference.parameter.RealParameter">4.0 4.0 4.0 4.0</parameter>
#            </distr>
#        </prior>
#        <prior id="GammaShapePrior.s:all_serotypes_1330-2896_1" name="distribution">
#            <parameter id="gammaShape.s:all_serotypes_1330-2896_1" lower="0.1" name="x" spec="beast.base.inference.parameter.RealParameter">1.0</parameter>
#            <Exponential id="Exponential.1" name="distr">
#                <parameter estimate="false" id="RealParameter.1" name="mean" spec="beast.base.inference.parameter.RealParameter">1.0</parameter>
#            </Exponential>
#        </prior>
#        <prior id="GammaShapePrior.s:all_serotypes_1330-2896_2" name="distribution">
#            <parameter id="gammaShape.s:all_serotypes_1330-2896_2" lower="0.1" name="x" spec="beast.base.inference.parameter.RealParameter">1.0</parameter>
#            <Exponential id="Exponential.2" name="distr">
#                <parameter estimate="false" id="RealParameter.2" name="mean" spec="beast.base.inference.parameter.RealParameter">1.0</parameter>
#            </Exponential>
#        </prior>
#        <prior id="GammaShapePrior.s:all_serotypes_1330-2896_3" name="distribution">
#            <parameter id="gammaShape.s:all_serotypes_1330-2896_3" lower="0.1" name="x" spec="beast.base.inference.parameter.RealParameter">1.0</parameter>
#            <Exponential id="Exponential.3" name="distr">
#                <parameter estimate="false" id="RealParameter.3" name="mean" spec="beast.base.inference.parameter.RealParameter">1.0</parameter>
#            </Exponential>
#        </prior>
#        <prior id="PopSizePrior.t:all_serotypes_1330-2896_1" name="distribution" x="@popSize.t:all_serotypes_1330-2896_1">
#            <OneOnX id="OneOnX.4" name="distr"/>
#        </prior>
#        <prior id="RateACPrior.s:all_serotypes_1330-2896_1" name="distribution">
#            <parameter id="rateAC.s:all_serotypes_1330-2896_1" lower="0.0" name="x" spec="beast.base.inference.parameter.RealParameter">1.0</parameter>
#            <Gamma id="Gamma.0" name="distr">
#                <parameter estimate="false" id="RealParameter.4" name="alpha" spec="beast.base.inference.parameter.RealParameter">0.05</parameter>
#                <parameter estimate="false" id="RealParameter.5" name="beta" spec="beast.base.inference.parameter.RealParameter">10.0</parameter>
#            </Gamma>
#        </prior>
#        <prior id="RateACPrior.s:all_serotypes_1330-2896_2" name="distribution">
#            <parameter id="rateAC.s:all_serotypes_1330-2896_2" lower="0.0" name="x" spec="beast.base.inference.parameter.RealParameter">1.0</parameter>
#            <Gamma id="Gamma.6" name="distr">
#                <parameter estimate="false" id="RealParameter.23" name="alpha" spec="beast.base.inference.parameter.RealParameter">0.05</parameter>
#                <parameter estimate="false" id="RealParameter.24" name="beta" spec="beast.base.inference.parameter.RealParameter">10.0</parameter>
#            </Gamma>
#        </prior>
#        <prior id="RateACPrior.s:all_serotypes_1330-2896_3" name="distribution">
#            <parameter id="rateAC.s:all_serotypes_1330-2896_3" lower="0.0" name="x" spec="beast.base.inference.parameter.RealParameter">1.0</parameter>
#            <Gamma id="Gamma.12" name="distr">
#                <parameter estimate="false" id="RealParameter.36" name="alpha" spec="beast.base.inference.parameter.RealParameter">0.05</parameter>
#                <parameter estimate="false" id="RealParameter.37" name="beta" spec="beast.base.inference.parameter.RealParameter">10.0</parameter>
#            </Gamma>
#        </prior>
#        <prior id="RateAGPrior.s:all_serotypes_1330-2896_1" name="distribution">
#            <parameter id="rateAG.s:all_serotypes_1330-2896_1" lower="0.0" name="x" spec="beast.base.inference.parameter.RealParameter">1.0</parameter>
#            <Gamma id="Gamma.1" name="distr">
#                <parameter estimate="false" id="RealParameter.6" name="alpha" spec="beast.base.inference.parameter.RealParameter">0.05</parameter>
#                <parameter estimate="false" id="RealParameter.7" name="beta" spec="beast.base.inference.parameter.RealParameter">20.0</parameter>
#            </Gamma>
#        </prior>
#        <prior id="RateAGPrior.s:all_serotypes_1330-2896_2" name="distribution">
#            <parameter id="rateAG.s:all_serotypes_1330-2896_2" lower="0.0" name="x" spec="beast.base.inference.parameter.RealParameter">1.0</parameter>
#            <Gamma id="Gamma.7" name="distr">
#                <parameter estimate="false" id="RealParameter.25" name="alpha" spec="beast.base.inference.parameter.RealParameter">0.05</parameter>
#                <parameter estimate="false" id="RealParameter.26" name="beta" spec="beast.base.inference.parameter.RealParameter">20.0</parameter>
#            </Gamma>
#        </prior>
#        <prior id="RateAGPrior.s:all_serotypes_1330-2896_3" name="distribution">
#            <parameter id="rateAG.s:all_serotypes_1330-2896_3" lower="0.0" name="x" spec="beast.base.inference.parameter.RealParameter">1.0</parameter>
#            <Gamma id="Gamma.13" name="distr">
#                <parameter estimate="false" id="RealParameter.38" name="alpha" spec="beast.base.inference.parameter.RealParameter">0.05</parameter>
#                <parameter estimate="false" id="RealParameter.39" name="beta" spec="beast.base.inference.parameter.RealParameter">20.0</parameter>
#            </Gamma>
#        </prior>
#        <prior id="RateATPrior.s:all_serotypes_1330-2896_1" name="distribution">
#            <parameter id="rateAT.s:all_serotypes_1330-2896_1" lower="0.0" name="x" spec="beast.base.inference.parameter.RealParameter">1.0</parameter>
#            <Gamma id="Gamma.2" name="distr">
#                <parameter estimate="false" id="RealParameter.8" name="alpha" spec="beast.base.inference.parameter.RealParameter">0.05</parameter>
#                <parameter estimate="false" id="RealParameter.9" name="beta" spec="beast.base.inference.parameter.RealParameter">10.0</parameter>
#            </Gamma>
#        </prior>
#        <prior id="RateATPrior.s:all_serotypes_1330-2896_2" name="distribution">
#            <parameter id="rateAT.s:all_serotypes_1330-2896_2" lower="0.0" name="x" spec="beast.base.inference.parameter.RealParameter">1.0</parameter>
#            <Gamma id="Gamma.8" name="distr">
#                <parameter estimate="false" id="RealParameter.27" name="alpha" spec="beast.base.inference.parameter.RealParameter">0.05</parameter>
#                <parameter estimate="false" id="RealParameter.28" name="beta" spec="beast.base.inference.parameter.RealParameter">10.0</parameter>
#            </Gamma>
#        </prior>
#        <prior id="RateATPrior.s:all_serotypes_1330-2896_3" name="distribution">
#            <parameter id="rateAT.s:all_serotypes_1330-2896_3" lower="0.0" name="x" spec="beast.base.inference.parameter.RealParameter">1.0</parameter>
#            <Gamma id="Gamma.14" name="distr">
#                <parameter estimate="false" id="RealParameter.40" name="alpha" spec="beast.base.inference.parameter.RealParameter">0.05</parameter>
#                <parameter estimate="false" id="RealParameter.41" name="beta" spec="beast.base.inference.parameter.RealParameter">10.0</parameter>
#            </Gamma>
#        </prior>
#        <prior id="RateCGPrior.s:all_serotypes_1330-2896_1" name="distribution">
#            <parameter id="rateCG.s:all_serotypes_1330-2896_1" lower="0.0" name="x" spec="beast.base.inference.parameter.RealParameter">1.0</parameter>
#            <Gamma id="Gamma.3" name="distr">
#                <parameter estimate="false" id="RealParameter.10" name="alpha" spec="beast.base.inference.parameter.RealParameter">0.05</parameter>
#                <parameter estimate="false" id="RealParameter.11" name="beta" spec="beast.base.inference.parameter.RealParameter">10.0</parameter>
#            </Gamma>
#        </prior>
#        <prior id="RateCGPrior.s:all_serotypes_1330-2896_2" name="distribution">
#            <parameter id="rateCG.s:all_serotypes_1330-2896_2" lower="0.0" name="x" spec="beast.base.inference.parameter.RealParameter">1.0</parameter>
#            <Gamma id="Gamma.9" name="distr">
#                <parameter estimate="false" id="RealParameter.29" name="alpha" spec="beast.base.inference.parameter.RealParameter">0.05</parameter>
#                <parameter estimate="false" id="RealParameter.30" name="beta" spec="beast.base.inference.parameter.RealParameter">10.0</parameter>
#            </Gamma>
#        </prior>
#        <prior id="RateCGPrior.s:all_serotypes_1330-2896_3" name="distribution">
#            <parameter id="rateCG.s:all_serotypes_1330-2896_3" lower="0.0" name="x" spec="beast.base.inference.parameter.RealParameter">1.0</parameter>
#            <Gamma id="Gamma.15" name="distr">
#                <parameter estimate="false" id="RealParameter.42" name="alpha" spec="beast.base.inference.parameter.RealParameter">0.05</parameter>
#                <parameter estimate="false" id="RealParameter.43" name="beta" spec="beast.base.inference.parameter.RealParameter">10.0</parameter>
#            </Gamma>
#        </prior>
#        <prior id="RateGTPrior.s:all_serotypes_1330-2896_1" name="distribution">
#            <parameter id="rateGT.s:all_serotypes_1330-2896_1" lower="0.0" name="x" spec="beast.base.inference.parameter.RealParameter">1.0</parameter>
#            <Gamma id="Gamma.5" name="distr">
#                <parameter estimate="false" id="RealParameter.14" name="alpha" spec="beast.base.inference.parameter.RealParameter">0.05</parameter>
#                <parameter estimate="false" id="RealParameter.15" name="beta" spec="beast.base.inference.parameter.RealParameter">10.0</parameter>
#            </Gamma>
#        </prior>
#        <prior id="RateGTPrior.s:all_serotypes_1330-2896_2" name="distribution">
#            <parameter id="rateGT.s:all_serotypes_1330-2896_2" lower="0.0" name="x" spec="beast.base.inference.parameter.RealParameter">1.0</parameter>
#            <Gamma id="Gamma.11" name="distr">
#                <parameter estimate="false" id="RealParameter.33" name="alpha" spec="beast.base.inference.parameter.RealParameter">0.05</parameter>
#                <parameter estimate="false" id="RealParameter.34" name="beta" spec="beast.base.inference.parameter.RealParameter">10.0</parameter>
#            </Gamma>
#        </prior>
#        <prior id="RateGTPrior.s:all_serotypes_1330-2896_3" name="distribution">
#            <parameter id="rateGT.s:all_serotypes_1330-2896_3" lower="0.0" name="x" spec="beast.base.inference.parameter.RealParameter">1.0</parameter>
#            <Gamma id="Gamma.17" name="distr">
#                <parameter estimate="false" id="RealParameter.46" name="alpha" spec="beast.base.inference.parameter.RealParameter">0.05</parameter>
#                <parameter estimate="false" id="RealParameter.47" name="beta" spec="beast.base.inference.parameter.RealParameter">10.0</parameter>
#            </Gamma>
#        </prior>
#    </distribution>
#    <distribution id="likelihood" spec="beast.base.inference.CompoundDistribution" useThreads="true">
#        <distribution data="@all_serotypes_1330-2896_1" id="treeLikelihood.all_serotypes_1330-2896_1" spec="beast.base.evolution.likelihood.ThreadedTreeLikelihood" tree="@Tree.t:all_serotypes_1330-2896_1">
#            <siteModel gammaCategoryCount="4" id="SiteModel.s:all_serotypes_1330-2896_1" shape="@gammaShape.s:all_serotypes_1330-2896_1" spec="beast.base.evolution.sitemodel.SiteModel">
#                <parameter id="mutationRate.s:all_serotypes_1330-2896_1" lower="1.0E-4" name="mutationRate" spec="beast.base.inference.parameter.RealParameter" upper="0.01">0.001</parameter>
#                <parameter estimate="false" id="proportionInvariant.s:all_serotypes_1330-2896_1" lower="0.0" name="proportionInvariant" spec="beast.base.inference.parameter.RealParameter" upper="1.0">0.0</parameter>
#                <substModel id="gtr.s:all_serotypes_1330-2896_1" rateAC="@rateAC.s:all_serotypes_1330-2896_1" rateAG="@rateAG.s:all_serotypes_1330-2896_1" rateAT="@rateAT.s:all_serotypes_1330-2896_1" rateCG="@rateCG.s:all_serotypes_1330-2896_1" rateGT="@rateGT.s:all_serotypes_1330-2896_1" spec="beast.base.evolution.substitutionmodel.GTR">
#                    <parameter estimate="false" id="rateCT.s:all_serotypes_1330-2896_1" lower="0.0" name="rateCT" spec="beast.base.inference.parameter.RealParameter">1.0</parameter>
#                    <frequencies frequencies="@freqParameter.s:all_serotypes_1330-2896_1" id="estimatedFreqs.s:all_serotypes_1330-2896_1" spec="beast.base.evolution.substitutionmodel.Frequencies"/>
#                </substModel>
#            </siteModel>
#            <branchRateModel clock.rate="@clockRate.c:all_serotypes_1330-2896_1" id="StrictClock.c:all_serotypes_1330-2896_1" spec="beast.base.evolution.branchratemodel.StrictClockModel"/>
#        </distribution>
#        <distribution branchRateModel="@StrictClock.c:all_serotypes_1330-2896_1" id="treeLikelihood.all_serotypes_1330-2896_2" spec="beast.base.evolution.likelihood.ThreadedTreeLikelihood" tree="@Tree.t:all_serotypes_1330-2896_1">
#            <data data="@all_serotypes_1330-2896" filter="2::3" id="all_serotypes_1330-2896_2" spec="beast.base.evolution.alignment.FilteredAlignment"/>
#            <siteModel gammaCategoryCount="4" id="SiteModel.s:all_serotypes_1330-2896_2" shape="@gammaShape.s:all_serotypes_1330-2896_2" spec="beast.base.evolution.sitemodel.SiteModel">
#                <parameter id="mutationRate.s:all_serotypes_1330-2896_2" lower="1.0E-4" name="mutationRate" spec="beast.base.inference.parameter.RealParameter" upper="0.01">0.001</parameter>
#                <parameter estimate="false" id="proportionInvariant.s:all_serotypes_1330-2896_2" lower="0.0" name="proportionInvariant" spec="beast.base.inference.parameter.RealParameter" upper="1.0">0.0</parameter>
#                <substModel id="gtr.s:all_serotypes_1330-2896_2" rateAC="@rateAC.s:all_serotypes_1330-2896_2" rateAG="@rateAG.s:all_serotypes_1330-2896_2" rateAT="@rateAT.s:all_serotypes_1330-2896_2" rateCG="@rateCG.s:all_serotypes_1330-2896_2" rateGT="@rateGT.s:all_serotypes_1330-2896_2" spec="beast.base.evolution.substitutionmodel.GTR">
#                    <parameter estimate="false" id="rateCT.s:all_serotypes_1330-2896_2" lower="0.0" name="rateCT" spec="beast.base.inference.parameter.RealParameter">1.0</parameter>
#                    <frequencies frequencies="@freqParameter.s:all_serotypes_1330-2896_2" id="estimatedFreqs.s:all_serotypes_1330-2896_2" spec="beast.base.evolution.substitutionmodel.Frequencies"/>
#                </substModel>
#            </siteModel>
#        </distribution>
#        <distribution branchRateModel="@StrictClock.c:all_serotypes_1330-2896_1" id="treeLikelihood.all_serotypes_1330-2896_3" spec="beast.base.evolution.likelihood.ThreadedTreeLikelihood" tree="@Tree.t:all_serotypes_1330-2896_1">
#            <data data="@all_serotypes_1330-2896" filter="3::3" id="all_serotypes_1330-2896_3" spec="beast.base.evolution.alignment.FilteredAlignment"/>
#            <siteModel gammaCategoryCount="4" id="SiteModel.s:all_serotypes_1330-2896_3" shape="@gammaShape.s:all_serotypes_1330-2896_3" spec="beast.base.evolution.sitemodel.SiteModel">
#                <parameter id="mutationRate.s:all_serotypes_1330-2896_3" lower="1.0E-4" name="mutationRate" spec="beast.base.inference.parameter.RealParameter" upper="0.01">0.001</parameter>
#                <parameter estimate="false" id="proportionInvariant.s:all_serotypes_1330-2896_3" lower="0.0" name="proportionInvariant" spec="beast.base.inference.parameter.RealParameter" upper="1.0">0.0</parameter>
#                <substModel id="gtr.s:all_serotypes_1330-2896_3" rateAC="@rateAC.s:all_serotypes_1330-2896_3" rateAG="@rateAG.s:all_serotypes_1330-2896_3" rateAT="@rateAT.s:all_serotypes_1330-2896_3" rateCG="@rateCG.s:all_serotypes_1330-2896_3" rateGT="@rateGT.s:all_serotypes_1330-2896_3" spec="beast.base.evolution.substitutionmodel.GTR">
#                    <parameter estimate="false" id="rateCT.s:all_serotypes_1330-2896_3" lower="0.0" name="rateCT" spec="beast.base.inference.parameter.RealParameter">1.0</parameter>
#                    <frequencies frequencies="@freqParameter.s:all_serotypes_1330-2896_3" id="estimatedFreqs.s:all_serotypes_1330-2896_3" spec="beast.base.evolution.substitutionmodel.Frequencies"/>
#                </substModel>
#            </siteModel>
#        </distribution>
#    </distribution>
#</input>
#
Sample	NSlikelihood	posterior	likelihood	prior	treeLikelihood.2	treeLikelihood.3	Tree.height	Tree.treeLength	treeLikelihood.1	clockRate	rateAC.1	rateAG.1	rateAT.1	rateCG.1	rateGT.1	gammaShape.1	rateAC.2	rateAG.2	rateAT.2	rateCG.2	rateGT.2	freqParameter.2.1	freqParameter.2.2	freqParameter.2.3	freqParameter.2.4	rateAC.3	rateAG.3	rateAT.3	rateCG.3	rateGT.3	freqParameter.3.1	freqParameter.3.2	freqParameter.3.3	freqParameter.3.4	gammaShape.2	gammaShape.3	popSize	CoalescentConstant	freqParameter.1.1	freqParameter.1.2	freqParameter.1.3	freqParameter.1.4	mutationRate.3	mutationRate.1	mutationRate.2
