IQ-TREE multicore version 1.6.12 for Linux 64-bit built Aug 15 2019
Developed by Bui Quang Minh, Nguyen Lam Tung, Olga Chernomor,
Heiko Schmidt, Dominik Schrempf, Michael Woodhams.

Host:    minsky (AVX2, FMA3, 503 GB RAM)
Command: ../../iqtree -s all_serotypes_2908-3356.fas -st DNA -m TEST -bb 1000 -alrt 1000
Seed:    245563 (Using SPRNG - Scalable Parallel Random Number Generator)
Time:    Tue Nov  5 09:47:00 2024
Kernel:  AVX+FMA - 1 threads (128 CPU cores detected)

HINT: Use -nt option to specify number of threads because your CPU has 128 cores!
HINT: -nt AUTO will automatically determine the best number of threads to use.

Reading alignment file all_serotypes_2908-3356.fas ... Fasta format detected
Alignment most likely contains DNA/RNA sequences
Alignment has 79 sequences with 449 columns, 176 distinct patterns
131 parsimony-informative, 70 singleton sites, 247 constant sites
                                                                                                  Gap/Ambiguity  Composition  p-value
   1  OR371570_human_CHN_2022_HAstV-4-Fuzhou-2022-10_NA_feces_serotype_4                                  4.01%    passed     99.32%
   2  OR222910_human_CHN_2021_NA_SY2106_stool_serotype_5                                                  4.01%    passed     96.90%
   3  LC732124_human_JPN_2016_Human-JPN-2016-JP14989_Child-with-acute-gastroenteritis_feces_serotype_3    4.01%    passed     95.28%
   4  LC732123_human_JPN_2016_Human-JPN-2016-JP14665_Child-with-acute-gastroenteritis_feces_serotype_3    4.01%    passed     99.31%
   5  LC732122_human_JPN_2016_Human-JPN-2016-JP14641_Child-with-acute-gastroenteritis_feces_serotype_3    4.01%    passed     99.31%
   6  ON571598_human_CHN_2021_NA_2021-Fuzhou-37_feces_serotype_4                                          4.01%    passed     99.32%
   7  ON571597_human_CHN_2019_NA_2019-Pingtan-42_feces_serotype_1                                         4.01%    passed     99.07%
   8  ON571596_human_CHN_2019_NA_2019-Fuzhou-306_feces_serotype_1                                         4.01%    passed     89.88%
   9  ON571595_human_CHN_2019_NA_2019-Fuzhou-289_feces_serotype_5                                         4.01%    passed     98.64%
  10  ON571594_human_CHN_2019_NA_2019-Fuzhou-26_feces_serotype_1                                          4.01%    passed     96.94%
  11  OP432301_human_CHN_2022_NA_HAstV-4-QD-L-22019_NA_serotype_4                                         4.01%    passed     99.19%
  12  OP432300_human_CHN_2022_NA_HAstV-4-QD-S-22022_NA_serotype_4                                         4.01%    passed     98.54%
  13  OP432299_human_CHN_2021_NA_HAstV-4-RC-21045_NA_serotype_4                                           4.01%    passed     99.19%
  14  OP432298_human_CHN_2022_NA_HAstV-4-QD-S-22015_NA_serotype_4                                         4.01%    passed     98.54%
  15  OP432297_human_CHN_2022_NA_HAstV-4-QD-L-22001_NA_serotype_4                                         4.01%    passed     98.54%
  16  OP432296_human_CHN_2021_NA_HAstV-4-RC-21047_NA_serotype_4                                           4.01%    passed     95.18%
  17  OP432295_human_CHN_2022_NA_HAstV-4-QD-F-22056_NA_serotype_4                                         4.01%    passed     99.19%
  18  OP432294_human_CHN_2022_NA_HAstV-4-QD-L-22040_NA_serotype_4                                         4.01%    passed     99.19%
  19  OP432293_human_CHN_2021_NA_HAstV-4-RC-21027_NA_serotype_4                                           4.01%    passed     99.19%
  20  LC694997_human_JPN_2018_NA_HAstV1-181289-Tokyo-2018_NA_serotype_1                                   4.01%    passed     95.79%
  21  LC694996_human_JPN_2018_NA_HAstV1-181290-Tokyo-2018_NA_serotype_1                                   4.01%    passed     95.79%
  22  LC694995_human_JPN_2020_NA_HAstV1-192642-Tokyo-2020_NA_serotype_1                                   1.56%    passed     95.07%
  23  LC694994_human_JPN_2020_NA_HAstV1-193055-Tokyo-2020_NA_serotype_1                                   1.56%    passed     92.18%
  24  LC694993_human_JPN_2020_NA_HAstV1-193061-Tokyo-2020_NA_serotype_1                                   1.56%    passed     92.18%
  25  LC694992_human_JPN_2021_NA_HAstV1-210628-Tokyo-2021_NA_serotype_1                                   1.56%    passed     83.13%
  26  LC694991_human_JPN_2021_NA_HAstV1-210764-Tokyo-2021_NA_serotype_1                                   1.56%    passed     92.18%
  27  LC694990_human_JPN_2018_NA_HAstV1-181937-Tokyo-2018_NA_serotype_1                                   1.56%    passed     83.13%
  28  LC694989_human_JPN_2021_NA_HAstV1-210956-Tokyo-2021_NA_serotype_1                                   1.56%    passed     89.09%
  29  LC694988_human_JPN_2021_NA_HAstV1-210963-Tokyo-2021_NA_serotype_1                                   1.56%    passed     88.20%
  30  LC694987_human_JPN_2021_NA_HAstV1-210984-Tokyo-2021_NA_serotype_1                                   1.56%    passed     88.20%
  31  LC694986_human_JPN_2022_NA_HAstV1-211185-Tokyo-2022_NA_serotype_1                                   4.01%    passed     97.76%
  32  LC694985_human_JPN_2019_NA_HAstV3-190610-Tokyo-2019_NA_serotype_3                                   4.01%    passed     97.93%
  33  MT832897_human_BRA_2015_MAstV-1-Hu-BRA-TO-161-2015_TO-161_feces_serotype_1                          1.56%    passed     92.18%
  34  MT832896_human_BRA_2015_MAstV-1-Hu-BRA-TO-208-2015_TO-208_feces_serotype_1                          1.56%    passed     92.18%
  35  MT832895_human_BRA_2015_MAstV-1-Hu-BRA-TO-171-2015_TO-171_feces_serotype_1                          1.56%    passed     92.18%
  36  MT832894_human_BRA_2011_MAstV-1-Hu-BRA-TO-162-2011_TO-162_feces_serotype_1                          1.56%    passed     92.18%
  37  MT832893_human_BRA_2015_MAstV-1-Hu-BRA-TO-160-2015_TO-160_feces_serotype_1                          1.56%    passed     92.18%
  38  MT832892_human_BRA_2015_MAstV-1-Hu-BRA-TO-98-2015_TO-98_feces_serotype_1                            1.56%    passed     92.18%
  39  MT906859_human_BRA_2014_Hu-BRA-TO-32-2014_BRA-TO-32_stool-sample_serotype_5                         4.01%    passed     97.21%
  40  MT906858_human_BRA_2014_Hu-BRA-TO-57-2014_BRA-TO-57_stool_serotype_5                                4.01%    passed     97.21%
  41  MT906857_human_BRA_2014_Hu-BRA-TO-40-2014_BRA-TO-40_stool_serotype_5                                4.01%    passed     97.21%
  42  MT906855_human_BRA_2014_Hu-BRA-TO-26-2014_BRA-TO-26_stool-sample_serotype_4                         4.01%    passed     98.06%
  43  MT906854_human_BRA_2015_Hu-BRA-TO-71-2015_BRA-TO-71_stool-sample_serotype_4                         4.01%    passed     98.06%
  44  MT906853_human_BRA_2014_Hu-BRA-TO-207-2014_BRA-TO-207_stool_serotype_4                              4.01%    passed     98.88%
  45  MW485042_human_KEN_2019_KLF-HAstV2-005-2019_NA_NA_serotype_2                                        4.01%    passed     82.79%
  46  MW485040_human_KEN_2019_KLF-HAstV1-008-2019_NA_NA_serotype_1                                        4.01%    passed     97.34%
  47  MN433706_human_USA_2014_Hu-US-2014-CA-RGDS-1073_NA_stool_serotype_5                                 4.01%    passed     86.49%
  48  MN433705_human_USA_2014_Hu-US-2014-CA-RGDS-1072_NA_stool_serotype_2                                 4.01%    passed     98.60%
  49  MN433704_human_USA_2013_Hu-US-2013-CA-RGDS-1071_NA_stool_serotype_1                                 1.56%    passed     98.40%
  50  MN433703_human_USA_2013_Hu-US-2013-CA-RGDS-1070_NA_stool_serotype_1                                 1.56%    passed     98.01%
  51  MN444721_human_USA_2017_Hu-US-2017-CA-RGDS-1074_NA_stool_serotype_3                                 4.01%    passed     96.92%
  52  KC285152_human_RUS_2011_NA_HAstV-2-RUS-Novosibirsk-Nsc11-N2411-2011_feces_serotype_2                4.01%    passed     94.06%
  53  MF684776_human_CHN_2013_NA_2013-Fuzhou-85_stool_serotype_5                                          4.01%    passed     97.86%
  54  MG571777_human_VEN_2015_NA_NA_stool_serotype_3                                                      4.01%    passed     98.37%
  55  JF491430_human_RUS_2004_NA_Rus-Nsc04-H355_NA_serotype_3                                             4.01%    passed     94.25%
  56  GQ901902_human_RUS_2009_NA_Rus-Nsc09-B4_NA_serotype_6                                               4.01%    passed     93.77%
  57  GU732187_human_RUS_2008_NA_Rus-Nsc08-3364_NA_serotype_3                                             4.01%    passed     91.59%
  58  GU223905_human_RUS_2003_NA_Rus-Nsc03-H191_NA_serotype_3                                             4.01%    passed     97.93%
  59  HQ398856_human_HUN_2010_Hu-Nyergesujfalu-HUN4520-2010-HUN_NA_fecal-sample_serotype_1                1.56%    passed     83.39%
  60  GQ495608_human_CHN_2007_NA_192-BJ07-CHN_stool_serotype_6                                            4.01%    passed     86.49%
  61  FJ755405_human_CHN_2007_Beijing-293-2007-CHN_NA_stool_serotype_1                                    4.01%    passed     85.19%
  62  FJ755404_human_CHN_2007_Beijing-291-2007-CHN_NA_stool_serotype_1                                    4.01%    passed     95.78%
  63  FJ755403_human_CHN_2006_Beijing-176-2006-CHN_NA_stool_serotype_1                                    4.01%    passed     72.52%
  64  FJ755402_human_CHN_2005_Beijing-128-2005-CHN_NA_stool_serotype_1                                    4.01%    passed     92.95%
  65  KF211475_human_CHN_2010_NA_JZ_NA_serotype_1                                                         5.35%    passed     75.23%
  66  KP862744_human_KOR_2014_NA_kor85_human-stool_serotype_8                                             4.01%    passed     89.55%
  67  KF039913_NA_RUS_2010_NA_Rus-Nsc10-N358_NA_serotype_4                                                4.01%    passed     98.42%
  68  KF039912_NA_RUS_2005_NA_Rus-Nsc05-623_NA_serotype_4                                                 4.01%    passed     99.75%
  69  KF039911_NA_RUS_2006_NA_Rus-Nsc06-1029_NA_serotype_2                                                4.01%    passed     74.17%
  70  KF039910_NA_RUS_2005_NA_Rus-Nsc05-430_NA_serotype_2                                                 4.01%    passed     99.96%
  71  KC342249_human_CHN_2012_NA_km1_stool-sample_serotype_1                                              3.79%    passed     89.84%
  72  JN887820_human_KOR_2006_lhar-2011-kor_NA_stool_serotype_1                                           4.01%    passed     76.45%
  73  NC030922_NA_IND_2004_NA_V1347_NA_serotype_1                                                         2.45%    passed     69.19%
  74  JQ403108_human_CHN_2010_NA_DL030_stool_serotype_5                                                   4.01%    passed     93.38%
  75  DQ344027_NA_CHN_2005_NA_Guangzhou_NA_serotype_4                                                     4.01%    passed     97.68%
  76  DQ070852_NA_BRA_1995_NA_Goiania-GO-12-95-Brazil_NA_serotype_4                                       4.01%    passed     90.04%
  77  DQ028633_NA_BRA_1994_NA_Goiania-GO-12-94-Brazil_stool_serotype_5                                    4.01%    passed     80.83%
  78  AY720892_NA_NA_2004_Dresden_NA_NA_serotype_1                                                        4.01%    passed     82.04%
  79  AY720891_NA_NA_2004_Dresden_NA_NA_serotype_4                                                        4.01%    passed     83.53%
****  TOTAL                                                                                               3.45%  0 sequences failed composition chi2 test (p-value<5%; df=3)
NOTE: ON571598_human_CHN_2021_NA_2021-Fuzhou-37_feces_serotype_4 is identical to OR371570_human_CHN_2022_HAstV-4-Fuzhou-2022-10_NA_feces_serotype_4 but kept for subsequent analysis
NOTE: LC732122_human_JPN_2016_Human-JPN-2016-JP14641_Child-with-acute-gastroenteritis_feces_serotype_3 is identical to LC732123_human_JPN_2016_Human-JPN-2016-JP14665_Child-with-acute-gastroenteritis_feces_serotype_3 but kept for subsequent analysis
NOTE: OP432299_human_CHN_2021_NA_HAstV-4-RC-21045_NA_serotype_4 is identical to OP432301_human_CHN_2022_NA_HAstV-4-QD-L-22019_NA_serotype_4 but kept for subsequent analysis
NOTE: OP432297_human_CHN_2022_NA_HAstV-4-QD-L-22001_NA_serotype_4 is identical to OP432300_human_CHN_2022_NA_HAstV-4-QD-S-22022_NA_serotype_4 but kept for subsequent analysis
NOTE: LC694996_human_JPN_2018_NA_HAstV1-181290-Tokyo-2018_NA_serotype_1 is identical to LC694997_human_JPN_2018_NA_HAstV1-181289-Tokyo-2018_NA_serotype_1 but kept for subsequent analysis
NOTE: LC694993_human_JPN_2020_NA_HAstV1-193061-Tokyo-2020_NA_serotype_1 is identical to LC694994_human_JPN_2020_NA_HAstV1-193055-Tokyo-2020_NA_serotype_1 but kept for subsequent analysis
NOTE: MT832896_human_BRA_2015_MAstV-1-Hu-BRA-TO-208-2015_TO-208_feces_serotype_1 is identical to MT832897_human_BRA_2015_MAstV-1-Hu-BRA-TO-161-2015_TO-161_feces_serotype_1 but kept for subsequent analysis
NOTE: MT906858_human_BRA_2014_Hu-BRA-TO-57-2014_BRA-TO-57_stool_serotype_5 is identical to MT906859_human_BRA_2014_Hu-BRA-TO-32-2014_BRA-TO-32_stool-sample_serotype_5 but kept for subsequent analysis
NOTE: MT906854_human_BRA_2015_Hu-BRA-TO-71-2015_BRA-TO-71_stool-sample_serotype_4 is identical to MT906855_human_BRA_2014_Hu-BRA-TO-26-2014_BRA-TO-26_stool-sample_serotype_4 but kept for subsequent analysis
NOTE: 7 identical sequences (see below) will be ignored for subsequent analysis
NOTE: OP432294_human_CHN_2022_NA_HAstV-4-QD-L-22040_NA_serotype_4 (identical to OP432301_human_CHN_2022_NA_HAstV-4-QD-L-22019_NA_serotype_4) is ignored but added at the end
NOTE: OP432293_human_CHN_2021_NA_HAstV-4-RC-21027_NA_serotype_4 (identical to OP432301_human_CHN_2022_NA_HAstV-4-QD-L-22019_NA_serotype_4) is ignored but added at the end
NOTE: MT832895_human_BRA_2015_MAstV-1-Hu-BRA-TO-171-2015_TO-171_feces_serotype_1 (identical to MT832897_human_BRA_2015_MAstV-1-Hu-BRA-TO-161-2015_TO-161_feces_serotype_1) is ignored but added at the end
NOTE: MT832894_human_BRA_2011_MAstV-1-Hu-BRA-TO-162-2011_TO-162_feces_serotype_1 (identical to MT832897_human_BRA_2015_MAstV-1-Hu-BRA-TO-161-2015_TO-161_feces_serotype_1) is ignored but added at the end
NOTE: MT832893_human_BRA_2015_MAstV-1-Hu-BRA-TO-160-2015_TO-160_feces_serotype_1 (identical to MT832897_human_BRA_2015_MAstV-1-Hu-BRA-TO-161-2015_TO-161_feces_serotype_1) is ignored but added at the end
NOTE: MT832892_human_BRA_2015_MAstV-1-Hu-BRA-TO-98-2015_TO-98_feces_serotype_1 (identical to MT832897_human_BRA_2015_MAstV-1-Hu-BRA-TO-161-2015_TO-161_feces_serotype_1) is ignored but added at the end
NOTE: MT906857_human_BRA_2014_Hu-BRA-TO-40-2014_BRA-TO-40_stool_serotype_5 (identical to MT906859_human_BRA_2014_Hu-BRA-TO-32-2014_BRA-TO-32_stool-sample_serotype_5) is ignored but added at the end

For your convenience alignment with unique sequences printed to all_serotypes_2908-3356.fas.uniqueseq.phy


Create initial parsimony tree by phylogenetic likelihood library (PLL)... 0.004 seconds
NOTE: ModelFinder requires 2 MB RAM!
ModelFinder will test 88 DNA models (sample size: 449) ...
 No. Model         -LnL         df  AIC          AICc         BIC
  1  JC            3655.723     141 7593.447     7723.883     8172.537
  2  JC+I          3522.692     142 7329.383     7462.102     7912.580
  3  JC+G4         3482.365     142 7248.731     7381.450     7831.928
  4  JC+I+G4       3481.433     143 7248.866     7383.895     7836.170
  5  F81+F         3649.899     144 7587.798     7725.166     8179.209
  6  F81+F+I       3514.713     145 7319.426     7459.162     7914.945
  7  F81+F+G4      3476.827     145 7243.655     7383.391     7839.173
  8  F81+F+I+G4    3475.976     146 7243.951     7386.083     7843.576
  9  K2P           3440.118     142 7164.235     7296.954     7747.432
 10  K2P+I         3298.555     143 6883.109     7018.139     7470.413
 11  K2P+G4        3253.954     143 6793.909     6928.938     7381.213
 12  K2P+I+G4      3252.175     144 6792.351     6929.719     7383.762
 13  HKY+F         3426.962     145 7143.924     7283.660     7739.442
 14  HKY+F+I       3277.830     146 6847.661     6989.793     7447.286
 15  HKY+F+G4      3234.888     146 6761.777     6903.909     7361.402
 16  HKY+F+I+G4    3233.044     147 6760.088     6904.646     7363.821
 17  TNe           3413.969     143 7113.938     7248.967     7701.242
 18  TNe+I         3274.548     144 6837.095     6974.464     7428.506
 19  TNe+G4        3236.744     144 6761.489     6898.857     7352.900
 20  TNe+I+G4      3235.781     145 6761.561     6901.297     7357.079
 21  TN+F          3400.603     146 7093.205     7235.338     7692.830
 22  TN+F+I        3256.662     147 6807.325     6951.883     7411.057
 23  TN+F+G4       3219.620     147 6733.240     6877.798     7336.972
 24  TN+F+I+G4     3218.545     148 6733.090     6880.103     7340.929
 25  K3P           3437.446     143 7160.892     7295.921     7748.196
 26  K3P+I         3296.140     144 6880.279     7017.648     7471.690
 27  K3P+G4        3251.125     144 6790.250     6927.619     7381.661
 28  K3P+I+G4      3249.365     145 6788.730     6928.466     7384.248
 29  K3Pu+F        3424.266     146 7140.532     7282.664     7740.157
 30  K3Pu+F+I      3275.259     147 6844.517     6989.075     7448.249
 31  K3Pu+F+G4     3231.510     147 6757.020     6901.578     7360.753
 32  K3Pu+F+I+G4   3229.717     148 6755.434     6902.447     7363.273
 33  TPM2+F        3424.363     146 7140.726     7282.858     7740.351
 34  TPM2+F+I      3276.919     147 6847.838     6992.397     7451.571
 35  TPM2+F+G4     3233.807     147 6761.614     6906.172     7365.347
 36  TPM2+F+I+G4   3231.935     148 6759.870     6906.884     7367.710
 37  TPM2u+F       3424.363     146 7140.726     7282.859     7740.352
 38  TPM2u+F+I     3276.919     147 6847.839     6992.397     7451.571
 39  TPM2u+F+G4    3233.807     147 6761.615     6906.173     7365.347
 40  TPM2u+F+I+G4  3231.931     148 6759.862     6906.875     7367.701
 41  TPM3+F        3426.911     146 7145.822     7287.954     7745.447
 42  TPM3+F+I      3277.830     147 6849.659     6994.217     7453.392
 43  TPM3+F+G4     3234.199     147 6762.398     6906.956     7366.130
 44  TPM3+F+I+G4   3232.372     148 6760.745     6907.758     7368.584
 45  TPM3u+F       3426.912     146 7145.823     7287.956     7745.449
 46  TPM3u+F+I     3277.830     147 6849.660     6994.218     7453.392
 47  TPM3u+F+G4    3234.201     147 6762.402     6906.960     7366.134
 48  TPM3u+F+I+G4  3232.367     148 6760.735     6907.748     7368.574
 49  TIMe          3411.307     144 7110.614     7247.983     7702.026
 50  TIMe+I        3272.102     145 6834.205     6973.941     7429.723
 51  TIMe+G4       3233.788     145 6757.576     6897.312     7353.094
 52  TIMe+I+G4     3232.855     146 6757.711     6899.843     7357.336
 53  TIM+F         3397.991     147 7089.982     7234.540     7693.715
 54  TIM+F+I       3254.126     148 6804.253     6951.266     7412.092
 55  TIM+F+G4      3216.231     148 6728.461     6875.475     7336.301
 56  TIM+F+I+G4    3215.233     149 6728.465     6877.964     7340.412
 57  TIM2e         3407.724     144 7103.447     7240.815     7694.858
 58  TIM2e+I       3270.156     145 6830.313     6970.049     7425.831
 59  TIM2e+G4      3231.184     145 6752.369     6892.105     7347.887
 60  TIM2e+I+G4    3230.157     146 6752.315     6894.447     7351.940
 61  TIM2+F        3398.070     147 7090.141     7234.699     7693.873
 62  TIM2+F+I      3255.645     148 6807.290     6954.303     7415.129
 63  TIM2+F+G4     3218.512     148 6733.023     6880.037     7340.863
 64  TIM2+F+I+G4   3217.402     149 6732.803     6882.302     7344.750
 65  TIM3e         3413.939     144 7115.878     7253.246     7707.289
 66  TIM3e+I       3274.538     145 6839.076     6978.812     7434.594
 67  TIM3e+G4      3236.052     145 6762.104     6901.840     7357.622
 68  TIM3e+I+G4    3235.103     146 6762.207     6904.339     7361.832
 69  TIM3+F        3400.598     147 7095.195     7239.753     7698.927
 70  TIM3+F+I      3256.659     148 6809.318     6956.331     7417.157
 71  TIM3+F+G4     3219.121     148 6734.243     6881.256     7342.082
 72  TIM3+F+I+G4   3218.069     149 6734.138     6883.637     7346.085
 73  TVMe          3430.305     145 7150.609     7290.345     7746.127
 74  TVMe+I        3290.757     146 6873.514     7015.646     7473.139
 75  TVMe+G4       3242.976     146 6777.952     6920.085     7377.577
 76  TVMe+I+G4     3241.263     147 6776.526     6921.084     7380.259
 77  TVM+F         3420.895     148 7137.789     7284.802     7745.629
 78  TVM+F+I       3273.255     149 6844.511     6994.009     7456.457
 79  TVM+F+G4      3229.829     149 6757.659     6907.157     7369.605
 80  TVM+F+I+G4    3228.003     150 6756.005     6908.019     7372.059
 81  SYM           3404.150     146 7100.300     7242.433     7699.925
 82  SYM+I         3266.313     147 6826.626     6971.185     7430.359
 83  SYM+G4        3227.086     147 6748.173     6892.731     7351.905
 84  SYM+I+G4      3226.144     148 6748.288     6895.301     7356.127
 85  GTR+F         3394.669     149 7087.338     7236.836     7699.284
 86  GTR+F+I       3251.929     150 6803.857     6955.871     7419.911
 87  GTR+F+G4      3214.604     150 6729.207     6881.220     7345.261
 88  GTR+F+I+G4    3213.595     151 6729.191     6883.750     7349.351
Akaike Information Criterion:           TIM+F+G4
Corrected Akaike Information Criterion: TIM+F+G4
Bayesian Information Criterion:         TIM+F+G4
Best-fit model: TIM+F+G4 chosen according to BIC

All model information printed to all_serotypes_2908-3356.fas.model.gz
CPU time for ModelFinder: 2.316 seconds (0h:0m:2s)
Wall-clock time for ModelFinder: 2.547 seconds (0h:0m:2s)
Generating 1000 samples for ultrafast bootstrap (seed: 245563)...

NOTE: 2 MB RAM (0 GB) is required!
Estimate model parameters (epsilon = 0.100)
1. Initial log-likelihood: -3511.475
2. Current log-likelihood: -3249.437
3. Current log-likelihood: -3217.543
4. Current log-likelihood: -3216.247
Optimal log-likelihood: -3216.229
Rate parameters:  A-C: 1.00000  A-G: 4.18606  A-T: 0.51371  C-G: 0.51371  C-T: 9.73680  G-T: 1.00000
Base frequencies:  A: 0.321  C: 0.248  G: 0.195  T: 0.236
Gamma shape alpha: 0.381
Parameters optimization took 4 rounds (0.151 sec)
Computing ML distances based on estimated model parameters... 0.036 sec
Computing BIONJ tree...
0.046 seconds
Log-likelihood of BIONJ tree: -3214.609
--------------------------------------------------------------------
|             INITIALIZING CANDIDATE TREE SET                      |
--------------------------------------------------------------------
Generating 98 parsimony trees... 0.440 second
Computing log-likelihood of 98 initial trees ... 0.763 seconds
Current best score: -3204.840

Do NNI search on 20 best initial trees
Estimate model parameters (epsilon = 0.100)
BETTER TREE FOUND at iteration 1: -3199.841
Estimate model parameters (epsilon = 0.100)
BETTER TREE FOUND at iteration 2: -3198.562
Iteration 10 / LogL: -3201.069 / Time: 0h:0m:2s
Iteration 20 / LogL: -3203.515 / Time: 0h:0m:4s
Finish initializing candidate tree set (20)
Current best tree score: -3198.562 / CPU time: 3.886
Number of iterations: 20
--------------------------------------------------------------------
|               OPTIMIZING CANDIDATE TREE SET                      |
--------------------------------------------------------------------
Iteration 30 / LogL: -3198.624 / Time: 0h:0m:5s (0h:0m:14s left)
Estimate model parameters (epsilon = 0.100)
BETTER TREE FOUND at iteration 33: -3198.180
Iteration 40 / LogL: -3201.304 / Time: 0h:0m:7s (0h:0m:18s left)
Iteration 50 / LogL: -3198.790 / Time: 0h:0m:9s (0h:0m:15s left)
Log-likelihood cutoff on original alignment: -3230.467
BETTER TREE FOUND at iteration 51: -3198.180
BETTER TREE FOUND at iteration 60: -3198.179
Iteration 60 / LogL: -3198.179 / Time: 0h:0m:11s (0h:0m:18s left)
Estimate model parameters (epsilon = 0.100)
BETTER TREE FOUND at iteration 70: -3197.839
Iteration 70 / LogL: -3197.839 / Time: 0h:0m:12s (0h:0m:18s left)
Iteration 80 / LogL: -3198.195 / Time: 0h:0m:14s (0h:0m:16s left)
Iteration 90 / LogL: -3197.987 / Time: 0h:0m:15s (0h:0m:14s left)
Iteration 100 / LogL: -3197.868 / Time: 0h:0m:17s (0h:0m:12s left)
Log-likelihood cutoff on original alignment: -3230.467
NOTE: Bootstrap correlation coefficient of split occurrence frequencies: 0.995
Iteration 110 / LogL: -3198.774 / Time: 0h:0m:18s (0h:0m:15s left)
Iteration 120 / LogL: -3221.561 / Time: 0h:0m:20s (0h:0m:13s left)
Iteration 130 / LogL: -3197.840 / Time: 0h:0m:21s (0h:0m:11s left)
Iteration 140 / LogL: -3197.868 / Time: 0h:0m:23s (0h:0m:10s left)
Iteration 150 / LogL: -3197.868 / Time: 0h:0m:25s (0h:0m:8s left)
Log-likelihood cutoff on original alignment: -3226.488
Iteration 160 / LogL: -3198.810 / Time: 0h:0m:26s (0h:0m:6s left)
Iteration 170 / LogL: -3197.839 / Time: 0h:0m:28s (0h:0m:5s left)
TREE SEARCH COMPLETED AFTER 171 ITERATIONS / Time: 0h:0m:28s

--------------------------------------------------------------------
|                    FINALIZING TREE SEARCH                        |
--------------------------------------------------------------------
Performs final model parameters optimization
Estimate model parameters (epsilon = 0.010)
1. Initial log-likelihood: -3197.839
Optimal log-likelihood: -3197.838
Rate parameters:  A-C: 1.00000  A-G: 4.05870  A-T: 0.43433  C-G: 0.43433  C-T: 9.14518  G-T: 1.00000
Base frequencies:  A: 0.321  C: 0.248  G: 0.195  T: 0.236
Gamma shape alpha: 0.374
Parameters optimization took 1 rounds (0.014 sec)
BEST SCORE FOUND : -3197.838

Testing tree branches by SH-like aLRT with 1000 replicates...
0.832 sec.
Creating bootstrap support values...
Split supports printed to NEXUS file all_serotypes_2908-3356.fas.splits.nex
Total tree length: 1.644

Total number of iterations: 171
CPU time used for tree search: 27.507 sec (0h:0m:27s)
Wall-clock time used for tree search: 27.875 sec (0h:0m:27s)
Total CPU time used: 28.758 sec (0h:0m:28s)
Total wall-clock time used: 29.445 sec (0h:0m:29s)

Computing bootstrap consensus tree...
Reading input file all_serotypes_2908-3356.fas.splits.nex...
72 taxa and 675 splits.
Consensus tree written to all_serotypes_2908-3356.fas.contree
Reading input trees file all_serotypes_2908-3356.fas.contree
Log-likelihood of consensus tree: -3197.837

Analysis results written to: 
  IQ-TREE report:                all_serotypes_2908-3356.fas.iqtree
  Maximum-likelihood tree:       all_serotypes_2908-3356.fas.treefile
  Likelihood distances:          all_serotypes_2908-3356.fas.mldist

Ultrafast bootstrap approximation results written to:
  Split support values:          all_serotypes_2908-3356.fas.splits.nex
  Consensus tree:                all_serotypes_2908-3356.fas.contree
  Screen log file:               all_serotypes_2908-3356.fas.log

Date and Time: Tue Nov  5 09:47:33 2024
