IQ-TREE multicore version 1.6.12 for Linux 64-bit built Aug 15 2019
Developed by Bui Quang Minh, Nguyen Lam Tung, Olga Chernomor,
Heiko Schmidt, Dominik Schrempf, Michael Woodhams.

Host:    fermat (AVX2, FMA3, 1009 GB RAM)
Command: ../../iqtree -s all_serotypes_2908-4090.fas -st DNA -m TEST -bb 1000 -alrt 1000
Seed:    474971 (Using SPRNG - Scalable Parallel Random Number Generator)
Time:    Tue Nov  5 09:47:25 2024
Kernel:  AVX+FMA - 1 threads (128 CPU cores detected)

HINT: Use -nt option to specify number of threads because your CPU has 128 cores!
HINT: -nt AUTO will automatically determine the best number of threads to use.

Reading alignment file all_serotypes_2908-4090.fas ... Fasta format detected
Alignment most likely contains DNA/RNA sequences
Alignment has 79 sequences with 1183 columns, 419 distinct patterns
355 parsimony-informative, 107 singleton sites, 721 constant sites
                                                                                                  Gap/Ambiguity  Composition  p-value
   1  OR371570_human_CHN_2022_HAstV-4-Fuzhou-2022-10_NA_feces_serotype_4                                  1.52%    passed     97.58%
   2  OR222910_human_CHN_2021_NA_SY2106_stool_serotype_5                                                  1.52%    passed     96.98%
   3  LC732124_human_JPN_2016_Human-JPN-2016-JP14989_Child-with-acute-gastroenteritis_feces_serotype_3    1.52%    passed     84.87%
   4  LC732123_human_JPN_2016_Human-JPN-2016-JP14665_Child-with-acute-gastroenteritis_feces_serotype_3    1.52%    passed     95.93%
   5  LC732122_human_JPN_2016_Human-JPN-2016-JP14641_Child-with-acute-gastroenteritis_feces_serotype_3    1.52%    passed     95.93%
   6  ON571598_human_CHN_2021_NA_2021-Fuzhou-37_feces_serotype_4                                          1.52%    passed     93.82%
   7  ON571597_human_CHN_2019_NA_2019-Pingtan-42_feces_serotype_1                                         1.52%    passed     96.73%
   8  ON571596_human_CHN_2019_NA_2019-Fuzhou-306_feces_serotype_1                                         1.52%    passed     89.83%
   9  ON571595_human_CHN_2019_NA_2019-Fuzhou-289_feces_serotype_5                                         1.52%    passed     98.37%
  10  ON571594_human_CHN_2019_NA_2019-Fuzhou-26_feces_serotype_1                                          1.52%    passed     95.46%
  11  OP432301_human_CHN_2022_NA_HAstV-4-QD-L-22019_NA_serotype_4                                         1.52%    passed     88.23%
  12  OP432300_human_CHN_2022_NA_HAstV-4-QD-S-22022_NA_serotype_4                                         1.52%    passed     80.60%
  13  OP432299_human_CHN_2021_NA_HAstV-4-RC-21045_NA_serotype_4                                           1.52%    passed     91.95%
  14  OP432298_human_CHN_2022_NA_HAstV-4-QD-S-22015_NA_serotype_4                                         1.52%    passed     85.54%
  15  OP432297_human_CHN_2022_NA_HAstV-4-QD-L-22001_NA_serotype_4                                         1.52%    passed     80.60%
  16  OP432296_human_CHN_2021_NA_HAstV-4-RC-21047_NA_serotype_4                                           1.52%    passed     97.26%
  17  OP432295_human_CHN_2022_NA_HAstV-4-QD-F-22056_NA_serotype_4                                         1.52%    passed     95.07%
  18  OP432294_human_CHN_2022_NA_HAstV-4-QD-L-22040_NA_serotype_4                                         1.52%    passed     88.23%
  19  OP432293_human_CHN_2021_NA_HAstV-4-RC-21027_NA_serotype_4                                           1.52%    passed     91.95%
  20  LC694997_human_JPN_2018_NA_HAstV1-181289-Tokyo-2018_NA_serotype_1                                   1.52%    passed     94.70%
  21  LC694996_human_JPN_2018_NA_HAstV1-181290-Tokyo-2018_NA_serotype_1                                   1.52%    passed     94.70%
  22  LC694995_human_JPN_2020_NA_HAstV1-192642-Tokyo-2020_NA_serotype_1                                   0.59%    passed     94.02%
  23  LC694994_human_JPN_2020_NA_HAstV1-193055-Tokyo-2020_NA_serotype_1                                   0.59%    passed     94.16%
  24  LC694993_human_JPN_2020_NA_HAstV1-193061-Tokyo-2020_NA_serotype_1                                   0.59%    passed     94.16%
  25  LC694992_human_JPN_2021_NA_HAstV1-210628-Tokyo-2021_NA_serotype_1                                   0.59%    passed     94.16%
  26  LC694991_human_JPN_2021_NA_HAstV1-210764-Tokyo-2021_NA_serotype_1                                   0.59%    passed     93.65%
  27  LC694990_human_JPN_2018_NA_HAstV1-181937-Tokyo-2018_NA_serotype_1                                   0.59%    passed     88.40%
  28  LC694989_human_JPN_2021_NA_HAstV1-210956-Tokyo-2021_NA_serotype_1                                   0.59%    passed     91.68%
  29  LC694988_human_JPN_2021_NA_HAstV1-210963-Tokyo-2021_NA_serotype_1                                   0.59%    passed     91.26%
  30  LC694987_human_JPN_2021_NA_HAstV1-210984-Tokyo-2021_NA_serotype_1                                   0.59%    passed     91.80%
  31  LC694986_human_JPN_2022_NA_HAstV1-211185-Tokyo-2022_NA_serotype_1                                   1.52%    passed     95.25%
  32  LC694985_human_JPN_2019_NA_HAstV3-190610-Tokyo-2019_NA_serotype_3                                   1.52%    passed     96.02%
  33  MT832897_human_BRA_2015_MAstV-1-Hu-BRA-TO-161-2015_TO-161_feces_serotype_1                          0.59%    passed     99.08%
  34  MT832896_human_BRA_2015_MAstV-1-Hu-BRA-TO-208-2015_TO-208_feces_serotype_1                          0.59%    passed     98.26%
  35  MT832895_human_BRA_2015_MAstV-1-Hu-BRA-TO-171-2015_TO-171_feces_serotype_1                          0.59%    passed     98.26%
  36  MT832894_human_BRA_2011_MAstV-1-Hu-BRA-TO-162-2011_TO-162_feces_serotype_1                          0.59%    passed     99.08%
  37  MT832893_human_BRA_2015_MAstV-1-Hu-BRA-TO-160-2015_TO-160_feces_serotype_1                          0.59%    passed     99.08%
  38  MT832892_human_BRA_2015_MAstV-1-Hu-BRA-TO-98-2015_TO-98_feces_serotype_1                            0.59%    passed     98.26%
  39  MT906859_human_BRA_2014_Hu-BRA-TO-32-2014_BRA-TO-32_stool-sample_serotype_5                         1.52%    passed     97.56%
  40  MT906858_human_BRA_2014_Hu-BRA-TO-57-2014_BRA-TO-57_stool_serotype_5                                1.52%    passed     97.56%
  41  MT906857_human_BRA_2014_Hu-BRA-TO-40-2014_BRA-TO-40_stool_serotype_5                                1.52%    passed     97.56%
  42  MT906855_human_BRA_2014_Hu-BRA-TO-26-2014_BRA-TO-26_stool-sample_serotype_4                         1.52%    passed     98.01%
  43  MT906854_human_BRA_2015_Hu-BRA-TO-71-2015_BRA-TO-71_stool-sample_serotype_4                         1.52%    passed     98.01%
  44  MT906853_human_BRA_2014_Hu-BRA-TO-207-2014_BRA-TO-207_stool_serotype_4                              1.52%    passed     98.53%
  45  MW485042_human_KEN_2019_KLF-HAstV2-005-2019_NA_NA_serotype_2                                        1.52%    passed     90.65%
  46  MW485040_human_KEN_2019_KLF-HAstV1-008-2019_NA_NA_serotype_1                                        1.52%    passed     98.09%
  47  MN433706_human_USA_2014_Hu-US-2014-CA-RGDS-1073_NA_stool_serotype_5                                 1.52%    passed     99.95%
  48  MN433705_human_USA_2014_Hu-US-2014-CA-RGDS-1072_NA_stool_serotype_2                                 1.52%    passed     98.53%
  49  MN433704_human_USA_2013_Hu-US-2013-CA-RGDS-1071_NA_stool_serotype_1                                 0.59%    passed     99.61%
  50  MN433703_human_USA_2013_Hu-US-2013-CA-RGDS-1070_NA_stool_serotype_1                                 0.59%    passed     99.46%
  51  MN444721_human_USA_2017_Hu-US-2017-CA-RGDS-1074_NA_stool_serotype_3                                 1.52%    passed     92.99%
  52  KC285152_human_RUS_2011_NA_HAstV-2-RUS-Novosibirsk-Nsc11-N2411-2011_feces_serotype_2                1.52%    passed     84.10%
  53  MF684776_human_CHN_2013_NA_2013-Fuzhou-85_stool_serotype_5                                          1.52%    passed     95.18%
  54  MG571777_human_VEN_2015_NA_NA_stool_serotype_3                                                      1.52%    passed     97.58%
  55  JF491430_human_RUS_2004_NA_Rus-Nsc04-H355_NA_serotype_3                                             1.52%    passed     94.77%
  56  GQ901902_human_RUS_2009_NA_Rus-Nsc09-B4_NA_serotype_6                                               1.52%    passed     71.41%
  57  GU732187_human_RUS_2008_NA_Rus-Nsc08-3364_NA_serotype_3                                             1.52%    passed     93.91%
  58  GU223905_human_RUS_2003_NA_Rus-Nsc03-H191_NA_serotype_3                                             1.52%    passed     94.10%
  59  HQ398856_human_HUN_2010_Hu-Nyergesujfalu-HUN4520-2010-HUN_NA_fecal-sample_serotype_1                0.59%    passed     93.65%
  60  GQ495608_human_CHN_2007_NA_192-BJ07-CHN_stool_serotype_6                                            1.52%    passed     30.64%
  61  FJ755405_human_CHN_2007_Beijing-293-2007-CHN_NA_stool_serotype_1                                    1.52%    passed     95.38%
  62  FJ755404_human_CHN_2007_Beijing-291-2007-CHN_NA_stool_serotype_1                                    1.52%    passed     96.53%
  63  FJ755403_human_CHN_2006_Beijing-176-2006-CHN_NA_stool_serotype_1                                    1.52%    passed     94.15%
  64  FJ755402_human_CHN_2005_Beijing-128-2005-CHN_NA_stool_serotype_1                                    1.52%    passed     98.24%
  65  KF211475_human_CHN_2010_NA_JZ_NA_serotype_1                                                         2.03%    passed     80.21%
  66  KP862744_human_KOR_2014_NA_kor85_human-stool_serotype_8                                             1.52%    passed     95.44%
  67  KF039913_NA_RUS_2010_NA_Rus-Nsc10-N358_NA_serotype_4                                                1.52%    passed     97.39%
  68  KF039912_NA_RUS_2005_NA_Rus-Nsc05-623_NA_serotype_4                                                 1.52%    passed     98.99%
  69  KF039911_NA_RUS_2006_NA_Rus-Nsc06-1029_NA_serotype_2                                                1.52%    passed     72.42%
  70  KF039910_NA_RUS_2005_NA_Rus-Nsc05-430_NA_serotype_2                                                 1.52%    passed     96.70%
  71  KC342249_human_CHN_2012_NA_km1_stool-sample_serotype_1                                              1.44%    passed     92.67%
  72  JN887820_human_KOR_2006_lhar-2011-kor_NA_stool_serotype_1                                           1.52%    passed     94.26%
  73  NC030922_NA_IND_2004_NA_V1347_NA_serotype_1                                                         0.93%    passed     80.93%
  74  JQ403108_human_CHN_2010_NA_DL030_stool_serotype_5                                                   1.52%    passed     98.52%
  75  DQ344027_NA_CHN_2005_NA_Guangzhou_NA_serotype_4                                                     1.52%    passed     95.53%
  76  DQ070852_NA_BRA_1995_NA_Goiania-GO-12-95-Brazil_NA_serotype_4                                       1.52%    passed     99.86%
  77  DQ028633_NA_BRA_1994_NA_Goiania-GO-12-94-Brazil_stool_serotype_5                                    1.52%    passed     98.25%
  78  AY720892_NA_NA_2004_Dresden_NA_NA_serotype_1                                                        1.52%    passed     85.19%
  79  AY720891_NA_NA_2004_Dresden_NA_NA_serotype_4                                                        1.52%    passed     82.06%
****  TOTAL                                                                                               1.31%  0 sequences failed composition chi2 test (p-value<5%; df=3)
NOTE: LC732122_human_JPN_2016_Human-JPN-2016-JP14641_Child-with-acute-gastroenteritis_feces_serotype_3 is identical to LC732123_human_JPN_2016_Human-JPN-2016-JP14665_Child-with-acute-gastroenteritis_feces_serotype_3 but kept for subsequent analysis
NOTE: OP432294_human_CHN_2022_NA_HAstV-4-QD-L-22040_NA_serotype_4 is identical to OP432301_human_CHN_2022_NA_HAstV-4-QD-L-22019_NA_serotype_4 but kept for subsequent analysis
NOTE: OP432297_human_CHN_2022_NA_HAstV-4-QD-L-22001_NA_serotype_4 is identical to OP432300_human_CHN_2022_NA_HAstV-4-QD-S-22022_NA_serotype_4 but kept for subsequent analysis
NOTE: OP432293_human_CHN_2021_NA_HAstV-4-RC-21027_NA_serotype_4 is identical to OP432299_human_CHN_2021_NA_HAstV-4-RC-21045_NA_serotype_4 but kept for subsequent analysis
NOTE: LC694996_human_JPN_2018_NA_HAstV1-181290-Tokyo-2018_NA_serotype_1 is identical to LC694997_human_JPN_2018_NA_HAstV1-181289-Tokyo-2018_NA_serotype_1 but kept for subsequent analysis
NOTE: LC694993_human_JPN_2020_NA_HAstV1-193061-Tokyo-2020_NA_serotype_1 is identical to LC694994_human_JPN_2020_NA_HAstV1-193055-Tokyo-2020_NA_serotype_1 but kept for subsequent analysis
NOTE: MT832894_human_BRA_2011_MAstV-1-Hu-BRA-TO-162-2011_TO-162_feces_serotype_1 is identical to MT832897_human_BRA_2015_MAstV-1-Hu-BRA-TO-161-2015_TO-161_feces_serotype_1 but kept for subsequent analysis
NOTE: MT832895_human_BRA_2015_MAstV-1-Hu-BRA-TO-171-2015_TO-171_feces_serotype_1 is identical to MT832896_human_BRA_2015_MAstV-1-Hu-BRA-TO-208-2015_TO-208_feces_serotype_1 but kept for subsequent analysis
NOTE: MT906858_human_BRA_2014_Hu-BRA-TO-57-2014_BRA-TO-57_stool_serotype_5 is identical to MT906859_human_BRA_2014_Hu-BRA-TO-32-2014_BRA-TO-32_stool-sample_serotype_5 but kept for subsequent analysis
NOTE: MT906854_human_BRA_2015_Hu-BRA-TO-71-2015_BRA-TO-71_stool-sample_serotype_4 is identical to MT906855_human_BRA_2014_Hu-BRA-TO-26-2014_BRA-TO-26_stool-sample_serotype_4 but kept for subsequent analysis
NOTE: 3 identical sequences (see below) will be ignored for subsequent analysis
NOTE: MT832893_human_BRA_2015_MAstV-1-Hu-BRA-TO-160-2015_TO-160_feces_serotype_1 (identical to MT832897_human_BRA_2015_MAstV-1-Hu-BRA-TO-161-2015_TO-161_feces_serotype_1) is ignored but added at the end
NOTE: MT832892_human_BRA_2015_MAstV-1-Hu-BRA-TO-98-2015_TO-98_feces_serotype_1 (identical to MT832896_human_BRA_2015_MAstV-1-Hu-BRA-TO-208-2015_TO-208_feces_serotype_1) is ignored but added at the end
NOTE: MT906857_human_BRA_2014_Hu-BRA-TO-40-2014_BRA-TO-40_stool_serotype_5 (identical to MT906859_human_BRA_2014_Hu-BRA-TO-32-2014_BRA-TO-32_stool-sample_serotype_5) is ignored but added at the end

For your convenience alignment with unique sequences printed to all_serotypes_2908-4090.fas.uniqueseq.phy


Create initial parsimony tree by phylogenetic likelihood library (PLL)... 0.043 seconds
NOTE: ModelFinder requires 5 MB RAM!
ModelFinder will test 88 DNA models (sample size: 1183) ...
 No. Model         -LnL         df  AIC          AICc         BIC
  1  JC            9881.016     149 20060.032    20103.304    20816.327
  2  JC+I          9337.968     150 18975.936    19019.832    19737.308
  3  JC+G4         9273.317     150 18846.633    18890.529    19608.005
  4  JC+I+G4       9270.400     151 18842.800    18887.323    19609.247
  5  F81+F         9885.716     152 20075.433    20120.590    20846.956
  6  F81+F+I       9339.852     153 18985.704    19031.500    19762.302
  7  F81+F+G4      9279.550     153 18865.100    18910.896    19641.699
  8  F81+F+I+G4    9277.692     154 18863.384    18909.824    19645.058
  9  K2P           9207.674     150 18715.348    18759.243    19476.719
 10  K2P+I         8636.161     151 17574.323    17618.847    18340.770
 11  K2P+G4        8559.839     151 17421.679    17466.203    18188.126
 12  K2P+I+G4      8554.530     152 17413.061    17458.218    18184.584
 13  HKY+F         9197.262     153 18700.524    18746.320    19477.123
 14  HKY+F+I       8604.082     154 17516.163    17562.603    18297.838
 15  HKY+F+G4      8523.490     154 17354.981    17401.420    18136.655
 16  HKY+F+I+G4    8518.363     155 17346.726    17393.815    18133.477
 17  TNe           9159.931     151 18621.862    18666.386    19388.310
 18  TNe+I         8603.055     152 17510.110    17555.267    18281.633
 19  TNe+G4        8536.080     152 17376.161    17421.318    18147.684
 20  TNe+I+G4      8533.652     153 17373.305    17419.101    18149.903
 21  TN+F          9131.014     154 18570.027    18616.467    19351.702
 22  TN+F+I        8560.281     155 17430.562    17477.651    18217.313
 23  TN+F+G4       8490.724     155 17291.449    17338.537    18078.199
 24  TN+F+I+G4     8489.470     156 17290.941    17338.683    18082.767
 25  K3P           9206.245     151 18714.490    18759.013    19480.937
 26  K3P+I         8634.839     152 17573.677    17618.835    18345.200
 27  K3P+G4        8558.312     152 17420.624    17465.781    18192.147
 28  K3P+I+G4      8552.993     153 17411.987    17457.782    18188.585
 29  K3Pu+F        9195.193     154 18698.387    18744.827    19480.061
 30  K3Pu+F+I      8601.838     155 17513.676    17560.764    18300.426
 31  K3Pu+F+G4     8520.732     155 17351.464    17398.552    18138.214
 32  K3Pu+F+I+G4   8515.642     156 17343.284    17391.027    18135.110
 33  TPM2+F        9192.695     154 18693.390    18739.830    19475.065
 34  TPM2+F+I      8601.824     155 17513.647    17560.736    18300.398
 35  TPM2+F+G4     8521.347     155 17352.695    17399.783    18139.445
 36  TPM2+F+I+G4   8516.132     156 17344.265    17392.007    18136.091
 37  TPM2u+F       9192.698     154 18693.396    18739.836    19475.070
 38  TPM2u+F+I     8601.824     155 17513.649    17560.737    18300.399
 39  TPM2u+F+G4    8521.347     155 17352.693    17399.782    18139.444
 40  TPM2u+F+I+G4  8516.132     156 17344.263    17392.006    18136.089
 41  TPM3+F        9196.538     154 18701.077    18747.516    19482.751
 42  TPM3+F+I      8603.425     155 17516.849    17563.938    18303.600
 43  TPM3+F+G4     8523.352     155 17356.705    17403.793    18143.455
 44  TPM3+F+I+G4   8518.148     156 17348.296    17396.038    18140.122
 45  TPM3u+F       9196.537     154 18701.074    18747.514    19482.748
 46  TPM3u+F+I     8603.422     155 17516.844    17563.933    18303.595
 47  TPM3u+F+G4    8523.354     155 17356.709    17403.797    18143.459
 48  TPM3u+F+I+G4  8518.147     156 17348.293    17396.036    18140.119
 49  TIMe          9158.544     152 18621.088    18666.245    19392.611
 50  TIMe+I        8601.781     153 17509.563    17555.359    18286.161
 51  TIMe+G4       8534.583     153 17375.167    17420.963    18151.766
 52  TIMe+I+G4     8532.143     154 17372.285    17418.725    18153.960
 53  TIM+F         9129.005     155 18568.010    18615.099    19354.761
 54  TIM+F+I       8558.131     156 17428.263    17476.005    18220.089
 55  TIM+F+G4      8488.052     156 17288.103    17335.846    18079.929
 56  TIM+F+I+G4    8486.873     157 17287.746    17336.148    18084.648
 57  TIM2e         9148.796     152 18601.593    18646.750    19373.115
 58  TIM2e+I       8594.498     153 17494.996    17540.792    18271.595
 59  TIM2e+G4      8525.680     153 17357.359    17403.155    18133.958
 60  TIM2e+I+G4    8522.947     154 17353.894    17400.334    18135.569
 61  TIM2+F        9126.452     155 18562.904    18609.993    19349.654
 62  TIM2+F+I      8558.091     156 17428.181    17475.924    18220.008
 63  TIM2+F+G4     8488.562     156 17289.125    17336.867    18080.951
 64  TIM2+F+I+G4   8487.248     157 17288.496    17336.898    18085.398
 65  TIM3e         9158.021     152 18620.042    18665.199    19391.565
 66  TIM3e+I       8601.176     153 17508.351    17554.147    18284.950
 67  TIM3e+G4      8534.920     153 17375.839    17421.635    18152.438
 68  TIM3e+I+G4    8532.347     154 17372.694    17419.134    18154.369
 69  TIM3+F        9130.213     155 18570.426    18617.515    19357.177
 70  TIM3+F+I      8559.476     156 17430.952    17478.695    18222.778
 71  TIM3+F+G4     8490.533     156 17293.066    17340.808    18084.892
 72  TIM3+F+I+G4   8489.195     157 17292.389    17340.791    18089.291
 73  TVMe          9190.386     153 18686.771    18732.567    19463.370
 74  TVMe+I        8621.688     154 17551.375    17597.815    18333.050
 75  TVMe+G4       8542.828     154 17393.655    17440.095    18175.330
 76  TVMe+I+G4     8537.194     155 17384.387    17431.476    18171.138
 77  TVM+F         9187.202     156 18686.405    18734.148    19478.231
 78  TVM+F+I       8596.124     157 17506.248    17554.650    18303.150
 79  TVM+F+G4      8516.389     157 17346.779    17395.181    18143.681
 80  TVM+F+I+G4    8511.052     158 17338.104    17387.171    18140.082
 81  SYM           9142.580     154 18593.160    18639.600    19374.835
 82  SYM+I         8588.283     155 17486.566    17533.655    18273.317
 83  SYM+G4        8520.123     155 17350.247    17397.335    18136.997
 84  SYM+I+G4      8517.272     156 17346.544    17394.286    18138.370
 85  GTR+F         9120.963     157 18555.927    18604.329    19352.829
 86  GTR+F+I       8552.392     158 17420.784    17469.851    18222.762
 87  GTR+F+G4      8483.562     158 17283.124    17332.191    18085.102
 88  GTR+F+I+G4    8482.140     159 17282.281    17332.017    18089.334
Akaike Information Criterion:           GTR+F+I+G4
Corrected Akaike Information Criterion: GTR+F+I+G4
Bayesian Information Criterion:         TN+F+G4
Best-fit model: TN+F+G4 chosen according to BIC

All model information printed to all_serotypes_2908-4090.fas.model.gz
CPU time for ModelFinder: 99.572 seconds (0h:1m:39s)
Wall-clock time for ModelFinder: 100.413 seconds (0h:1m:40s)
Generating 1000 samples for ultrafast bootstrap (seed: 474971)...

NOTE: 5 MB RAM (0 GB) is required!
Estimate model parameters (epsilon = 0.100)
1. Initial log-likelihood: -9434.290
2. Current log-likelihood: -8509.656
3. Current log-likelihood: -8490.954
4. Current log-likelihood: -8490.728
Optimal log-likelihood: -8490.724
Rate parameters:  A-C: 1.00000  A-G: 7.68731  A-T: 1.00000  C-G: 1.00000  C-T: 15.49789  G-T: 1.00000
Base frequencies:  A: 0.332  C: 0.213  G: 0.207  T: 0.248
Gamma shape alpha: 0.266
Parameters optimization took 4 rounds (3.106 sec)
Computing ML distances based on estimated model parameters... 0.064 sec
Computing BIONJ tree...
0.068 seconds
Log-likelihood of BIONJ tree: -8493.238
--------------------------------------------------------------------
|             INITIALIZING CANDIDATE TREE SET                      |
--------------------------------------------------------------------
Generating 98 parsimony trees... 0.735 second
Computing log-likelihood of 98 initial trees ... 18.353 seconds
Current best score: -8477.337

Do NNI search on 20 best initial trees
Estimate model parameters (epsilon = 0.100)
BETTER TREE FOUND at iteration 1: -8471.207
BETTER TREE FOUND at iteration 7: -8471.207
Iteration 10 / LogL: -8472.864 / Time: 0h:0m:48s
UPDATE BEST LOG-LIKELIHOOD: -8471.207
UPDATE BEST LOG-LIKELIHOOD: -8471.206
Iteration 20 / LogL: -8471.206 / Time: 0h:1m:16s
Finish initializing candidate tree set (8)
Current best tree score: -8471.206 / CPU time: 73.110
Number of iterations: 20
--------------------------------------------------------------------
|               OPTIMIZING CANDIDATE TREE SET                      |
--------------------------------------------------------------------
BETTER TREE FOUND at iteration 23: -8471.206
BETTER TREE FOUND at iteration 25: -8471.205
UPDATE BEST LOG-LIKELIHOOD: -8471.205
Iteration 30 / LogL: -8471.687 / Time: 0h:1m:38s (0h:5m:21s left)
Estimate model parameters (epsilon = 0.100)
BETTER TREE FOUND at iteration 33: -8471.014
UPDATE BEST LOG-LIKELIHOOD: -8471.014
Iteration 40 / LogL: -8484.224 / Time: 0h:2m:11s (0h:5m:12s left)
UPDATE BEST LOG-LIKELIHOOD: -8471.014
UPDATE BEST LOG-LIKELIHOOD: -8471.013
UPDATE BEST LOG-LIKELIHOOD: -8471.012
Iteration 50 / LogL: -8472.863 / Time: 0h:2m:44s (0h:4m:38s left)
Log-likelihood cutoff on original alignment: -8504.249
Iteration 60 / LogL: -8503.889 / Time: 0h:3m:11s (0h:3m:56s left)
Iteration 70 / LogL: -8471.206 / Time: 0h:3m:42s (0h:3m:22s left)
Iteration 80 / LogL: -8472.669 / Time: 0h:4m:13s (0h:2m:49s left)
Iteration 90 / LogL: -8493.444 / Time: 0h:4m:42s (0h:2m:16s left)
UPDATE BEST LOG-LIKELIHOOD: -8471.012
Iteration 100 / LogL: -8471.014 / Time: 0h:5m:15s (0h:1m:45s left)
Log-likelihood cutoff on original alignment: -8504.604
NOTE: Bootstrap correlation coefficient of split occurrence frequencies: 0.996
UPDATE BEST LOG-LIKELIHOOD: -8471.011
Iteration 110 / LogL: -8471.013 / Time: 0h:5m:43s (0h:4m:43s left)
Iteration 120 / LogL: -8506.672 / Time: 0h:6m:21s (0h:4m:16s left)
Iteration 130 / LogL: -8472.669 / Time: 0h:7m:1s (0h:3m:48s left)
UPDATE BEST LOG-LIKELIHOOD: -8471.011
TREE SEARCH COMPLETED AFTER 134 ITERATIONS / Time: 0h:7m:24s

--------------------------------------------------------------------
|                    FINALIZING TREE SEARCH                        |
--------------------------------------------------------------------
Performs final model parameters optimization
Estimate model parameters (epsilon = 0.010)
1. Initial log-likelihood: -8471.011
Optimal log-likelihood: -8471.011
Rate parameters:  A-C: 1.00000  A-G: 7.99710  A-T: 1.00000  C-G: 1.00000  C-T: 16.21325  G-T: 1.00000
Base frequencies:  A: 0.332  C: 0.213  G: 0.207  T: 0.248
Gamma shape alpha: 0.262
Parameters optimization took 1 rounds (0.511 sec)
BEST SCORE FOUND : -8471.011

Testing tree branches by SH-like aLRT with 1000 replicates...
3.604 sec.
Creating bootstrap support values...
Split supports printed to NEXUS file all_serotypes_2908-4090.fas.splits.nex
Total tree length: 1.467

Total number of iterations: 134
CPU time used for tree search: 436.796 sec (0h:7m:16s)
Wall-clock time used for tree search: 440.566 sec (0h:7m:20s)
Total CPU time used: 444.828 sec (0h:7m:24s)
Total wall-clock time used: 449.070 sec (0h:7m:29s)

Computing bootstrap consensus tree...
Reading input file all_serotypes_2908-4090.fas.splits.nex...
76 taxa and 393 splits.
Consensus tree written to all_serotypes_2908-4090.fas.contree
Reading input trees file all_serotypes_2908-4090.fas.contree
Log-likelihood of consensus tree: -8471.016

Analysis results written to: 
  IQ-TREE report:                all_serotypes_2908-4090.fas.iqtree
  Maximum-likelihood tree:       all_serotypes_2908-4090.fas.treefile
  Likelihood distances:          all_serotypes_2908-4090.fas.mldist

Ultrafast bootstrap approximation results written to:
  Split support values:          all_serotypes_2908-4090.fas.splits.nex
  Consensus tree:                all_serotypes_2908-4090.fas.contree
  Screen log file:               all_serotypes_2908-4090.fas.log

Date and Time: Tue Nov  5 09:56:36 2024
