IQ-TREE multicore version 1.6.12 for Linux 64-bit built Aug 15 2019
Developed by Bui Quang Minh, Nguyen Lam Tung, Olga Chernomor,
Heiko Schmidt, Dominik Schrempf, Michael Woodhams.

Host:    cox (AVX, FMA3, 997 GB RAM)
Command: ../../iqtree -s ORF_1A_cleared_alignment_RNA_serotypes_no_amb.fas -st DNA -m TEST -bb 1000 -alrt 1000
Seed:    359490 (Using SPRNG - Scalable Parallel Random Number Generator)
Time:    Thu Apr  3 13:50:21 2025
Kernel:  AVX+FMA - 1 threads (48 CPU cores detected)

HINT: Use -nt option to specify number of threads because your CPU has 48 cores!
HINT: -nt AUTO will automatically determine the best number of threads to use.

Reading alignment file ORF_1A_cleared_alignment_RNA_serotypes_no_amb.fas ... Fasta format detected
Alignment most likely contains DNA/RNA sequences
WARNING: 84 sites contain only gaps or ambiguous characters.
Alignment has 88 sequences with 2989 columns, 1196 distinct patterns
1074 parsimony-informative, 189 singleton sites, 1726 constant sites
                                                                                                  Gap/Ambiguity  Composition  p-value
   1  OR371570_human_CHN_2022_HAstV-4-Fuzhou-2022-10_NA_feces_serotype_4                                  6.96%    passed     98.80%
   2  OR222910_human_CHN_2021_NA_SY2106_stool_serotype_5                                                  6.26%    passed     95.84%
   3  LC732124_human_JPN_2016_Human-JPN-2016-JP14989_Child-with-acute-gastroenteritis_feces_serotype_3    7.66%    passed     96.78%
   4  LC732123_human_JPN_2016_Human-JPN-2016-JP14665_Child-with-acute-gastroenteritis_feces_serotype_3    7.56%    passed     99.97%
   5  LC732122_human_JPN_2016_Human-JPN-2016-JP14641_Child-with-acute-gastroenteritis_feces_serotype_3    7.56%    passed     99.89%
   6  OQ630461_human_GIN_2021_NA_SEN-21-286-S1_Stool-Sample-of-non-polio-AFP_serotype_1                   8.36%    passed     95.62%
   7  ON571598_human_CHN_2021_NA_2021-Fuzhou-37_feces_serotype_4                                          7.56%    passed     98.54%
   8  ON571597_human_CHN_2019_NA_2019-Pingtan-42_feces_serotype_1                                         6.06%    passed     99.99%
   9  ON571596_human_CHN_2019_NA_2019-Fuzhou-306_feces_serotype_1                                         6.06%    passed    100.00%
  10  ON571595_human_CHN_2019_NA_2019-Fuzhou-289_feces_serotype_5                                         6.36%    passed     87.90%
  11  ON571594_human_CHN_2019_NA_2019-Fuzhou-26_feces_serotype_1                                          6.26%    passed     94.06%
  12  OP432301_human_CHN_2022_NA_HAstV-4-QD-L-22019_NA_serotype_4                                         7.56%    passed     98.53%
  13  OP432300_human_CHN_2022_NA_HAstV-4-QD-S-22022_NA_serotype_4                                         7.56%    passed     99.28%
  14  OP432299_human_CHN_2021_NA_HAstV-4-RC-21045_NA_serotype_4                                           7.56%    passed     98.46%
  15  OP432298_human_CHN_2022_NA_HAstV-4-QD-S-22015_NA_serotype_4                                         7.56%    passed     98.72%
  16  OP432297_human_CHN_2022_NA_HAstV-4-QD-L-22001_NA_serotype_4                                         7.56%    passed     99.28%
  17  OP432296_human_CHN_2021_NA_HAstV-4-RC-21047_NA_serotype_4                                           7.56%    passed     99.80%
  18  OP432295_human_CHN_2022_NA_HAstV-4-QD-F-22056_NA_serotype_4                                         7.56%    passed     97.58%
  19  OP432294_human_CHN_2022_NA_HAstV-4-QD-L-22040_NA_serotype_4                                         7.56%    passed     98.80%
  20  OP432293_human_CHN_2021_NA_HAstV-4-RC-21027_NA_serotype_4                                           7.56%    passed     98.46%
  21  LC694997_human_JPN_2018_NA_HAstV1-181289-Tokyo-2018_NA_serotype_1                                   6.26%    passed     98.22%
  22  LC694996_human_JPN_2018_NA_HAstV1-181290-Tokyo-2018_NA_serotype_1                                   6.26%    passed     98.22%
  23  LC694995_human_JPN_2020_NA_HAstV1-192642-Tokyo-2020_NA_serotype_1                                   6.06%    passed     99.94%
  24  LC694994_human_JPN_2020_NA_HAstV1-193055-Tokyo-2020_NA_serotype_1                                   6.06%    passed     99.92%
  25  LC694993_human_JPN_2020_NA_HAstV1-193061-Tokyo-2020_NA_serotype_1                                   6.06%    passed     99.74%
  26  LC694992_human_JPN_2021_NA_HAstV1-210628-Tokyo-2021_NA_serotype_1                                   6.06%    passed     99.97%
  27  LC694991_human_JPN_2021_NA_HAstV1-210764-Tokyo-2021_NA_serotype_1                                   6.06%    passed     99.94%
  28  LC694990_human_JPN_2018_NA_HAstV1-181937-Tokyo-2018_NA_serotype_1                                   6.06%    passed     99.19%
  29  LC694989_human_JPN_2021_NA_HAstV1-210956-Tokyo-2021_NA_serotype_1                                   6.06%    passed     99.41%
  30  LC694988_human_JPN_2021_NA_HAstV1-210963-Tokyo-2021_NA_serotype_1                                   6.06%    passed     99.69%
  31  LC694987_human_JPN_2021_NA_HAstV1-210984-Tokyo-2021_NA_serotype_1                                   6.06%    passed    100.00%
  32  LC694986_human_JPN_2022_NA_HAstV1-211185-Tokyo-2022_NA_serotype_1                                   6.06%    passed     99.86%
  33  LC694985_human_JPN_2019_NA_HAstV3-190610-Tokyo-2019_NA_serotype_3                                   7.56%    passed     99.46%
  34  MT832897_human_BRA_2015_MAstV-1-Hu-BRA-TO-161-2015_TO-161_feces_serotype_1                          6.06%    passed     99.99%
  35  MT832896_human_BRA_2015_MAstV-1-Hu-BRA-TO-208-2015_TO-208_feces_serotype_1                          6.06%    passed     99.97%
  36  MT832895_human_BRA_2015_MAstV-1-Hu-BRA-TO-171-2015_TO-171_feces_serotype_1                          6.06%    passed     99.99%
  37  MT832894_human_BRA_2011_MAstV-1-Hu-BRA-TO-162-2011_TO-162_feces_serotype_1                          6.06%    passed     99.99%
  38  MT832893_human_BRA_2015_MAstV-1-Hu-BRA-TO-160-2015_TO-160_feces_serotype_1                          6.06%    passed     99.99%
  39  MT832892_human_BRA_2015_MAstV-1-Hu-BRA-TO-98-2015_TO-98_feces_serotype_1                            6.06%    passed     99.99%
  40  MT906859_human_BRA_2014_Hu-BRA-TO-32-2014_BRA-TO-32_stool-sample_serotype_5                         6.26%    passed     85.40%
  41  MT906858_human_BRA_2014_Hu-BRA-TO-57-2014_BRA-TO-57_stool_serotype_5                                6.26%    passed     85.40%
  42  MT906857_human_BRA_2014_Hu-BRA-TO-40-2014_BRA-TO-40_stool_serotype_5                                6.26%    passed     85.40%
  43  MT906856_human_BRA_2015_Hu-BRA-TO-65-2015_BRA-TO-65_stool_serotype_5                                6.26%    passed     85.40%
  44  MT906855_human_BRA_2014_Hu-BRA-TO-26-2014_BRA-TO-26_stool-sample_serotype_4                         6.26%    passed     95.98%
  45  MT906854_human_BRA_2015_Hu-BRA-TO-71-2015_BRA-TO-71_stool-sample_serotype_4                         6.26%    passed     96.65%
  46  MT906853_human_BRA_2014_Hu-BRA-TO-207-2014_BRA-TO-207_stool_serotype_4                              6.26%    passed     96.29%
  47  MT267483_human_ZAF_2015_SA6118_NA_Fecal-Specimen_serotype_3                                        10.57%    passed     91.99%
  48  MT267476_human_ZAF_2015_SA10098_NA_Fecal-Specimen_serotype_5                                       19.61%    passed     94.90%
  49  MW485044_human_KEN_2019_KLF-HAstV5-002-2019_NA_NA_serotype_5                                        6.26%    passed     99.23%
  50  MW485043_human_KEN_2019_KLF-HAstV3-007-2019_NA_NA_serotype_3                                        7.56%    passed     99.67%
  51  MW485042_human_KEN_2019_KLF-HAstV2-005-2019_NA_NA_serotype_2                                        7.46%    passed     90.82%
  52  MW485040_human_KEN_2019_KLF-HAstV1-008-2019_NA_NA_serotype_1                                        6.26%    passed     98.25%
  53  MW485039_human_KEN_2019_KLF-HAstV1-006-2019_NA_NA_serotype_1                                        6.26%    passed     98.45%
  54  MN433706_human_USA_2014_Hu-US-2014-CA-RGDS-1073_NA_stool_serotype_5                                 6.26%    passed     88.37%
  55  MN433705_human_USA_2014_Hu-US-2014-CA-RGDS-1072_NA_stool_serotype_2                                 7.66%    passed     87.44%
  56  MN433704_human_USA_2013_Hu-US-2013-CA-RGDS-1071_NA_stool_serotype_1                                 6.06%    passed     99.33%
  57  MN433703_human_USA_2013_Hu-US-2013-CA-RGDS-1070_NA_stool_serotype_1                                 6.06%    passed     99.41%
  58  MN444721_human_USA_2017_Hu-US-2017-CA-RGDS-1074_NA_stool_serotype_3                                 7.56%    passed     99.70%
  59  KC285113_human_RUS_2010_NA_HAstV-4-RUS-Novosibirsk-Nsc10-N1190-2010_feces_serotype_4                6.26%    passed     95.80%
  60  KC285152_human_RUS_2011_NA_HAstV-2-RUS-Novosibirsk-Nsc11-N2411-2011_feces_serotype_2                7.56%    passed     90.17%
  61  MK296753_human_IRL_2018_Hu-HAstV3-2016-East-Ireland_17W1028_feces_serotype_3                        7.56%    passed     99.62%
  62  MF684776_human_CHN_2013_NA_2013-Fuzhou-85_stool_serotype_5                                          6.26%    passed     94.66%
  63  MG571777_human_VEN_2015_NA_NA_stool_serotype_3                                                      7.56%    passed     98.24%
  64  JF491430_human_RUS_2004_NA_Rus-Nsc04-H355_NA_serotype_3                                             6.76%    passed     97.75%
  65  GQ901902_human_RUS_2009_NA_Rus-Nsc09-B4_NA_serotype_6                                               7.46%    passed     85.52%
  66  GU732187_human_RUS_2008_NA_Rus-Nsc08-3364_NA_serotype_3                                             6.76%    passed     99.55%
  67  GU223905_human_RUS_2003_NA_Rus-Nsc03-H191_NA_serotype_3                                             6.76%    passed     91.83%
  68  HQ398856_human_HUN_2010_Hu-Nyergesujfalu-HUN4520-2010-HUN_NA_fecal-sample_serotype_1                6.06%    passed     99.30%
  69  GQ495608_human_CHN_2007_NA_192-BJ07-CHN_stool_serotype_6                                            7.46%    passed     90.10%
  70  FJ755405_human_CHN_2007_Beijing-293-2007-CHN_NA_stool_serotype_1                                    7.56%    passed     89.97%
  71  FJ755404_human_CHN_2007_Beijing-291-2007-CHN_NA_stool_serotype_1                                    7.56%    passed     96.41%
  72  FJ755403_human_CHN_2006_Beijing-176-2006-CHN_NA_stool_serotype_1                                    7.56%    passed     98.12%
  73  FJ755402_human_CHN_2005_Beijing-128-2005-CHN_NA_stool_serotype_1                                    7.56%    passed     95.91%
  74  KF211475_human_CHN_2010_NA_JZ_NA_serotype_1                                                         7.56%    passed     94.20%
  75  KP862744_human_KOR_2014_NA_kor85_human-stool_serotype_8                                             6.96%    passed     65.90%
  76  KF039913_NA_RUS_2010_NA_Rus-Nsc10-N358_NA_serotype_4                                                7.56%    passed     99.92%
  77  KF039912_NA_RUS_2005_NA_Rus-Nsc05-623_NA_serotype_4                                                 6.26%    passed     99.83%
  78  KF039911_NA_RUS_2006_NA_Rus-Nsc06-1029_NA_serotype_2                                                7.56%    passed     83.31%
  79  KF039910_NA_RUS_2005_NA_Rus-Nsc05-430_NA_serotype_2                                                 6.96%    passed     55.76%
  80  KC342249_human_CHN_2012_NA_km1_stool-sample_serotype_1                                              6.22%    passed     99.36%
  81  JN887820_human_KOR_2006_lhar-2011-kor_NA_stool_serotype_1                                           7.56%    passed     97.09%
  82  NC030922_NA_IND_2004_NA_V1347_NA_serotype_1                                                         6.02%    passed     99.28%
  83  JQ403108_human_CHN_2010_NA_DL030_stool_serotype_5                                                   7.56%    passed     99.66%
  84  DQ344027_NA_CHN_2005_NA_Guangzhou_NA_serotype_4                                                     7.56%    passed     98.75%
  85  DQ070852_NA_BRA_1995_NA_Goiania-GO-12-95-Brazil_NA_serotype_4                                       7.56%    passed     91.00%
  86  DQ028633_NA_BRA_1994_NA_Goiania-GO-12-94-Brazil_stool_serotype_5                                    7.56%    passed     88.10%
  87  AY720892_NA_NA_2004_Dresden_NA_NA_serotype_1                                                        7.56%    passed     97.11%
  88  AY720891_NA_NA_2004_Dresden_NA_NA_serotype_4                                                        7.56%    passed     99.67%
****  TOTAL                                                                                               7.02%  0 sequences failed composition chi2 test (p-value<5%; df=3)
NOTE: LC694996_human_JPN_2018_NA_HAstV1-181290-Tokyo-2018_NA_serotype_1 is identical to LC694997_human_JPN_2018_NA_HAstV1-181289-Tokyo-2018_NA_serotype_1 but kept for subsequent analysis
NOTE: MT832895_human_BRA_2015_MAstV-1-Hu-BRA-TO-171-2015_TO-171_feces_serotype_1 is identical to MT832897_human_BRA_2015_MAstV-1-Hu-BRA-TO-161-2015_TO-161_feces_serotype_1 but kept for subsequent analysis
NOTE: MT906858_human_BRA_2014_Hu-BRA-TO-57-2014_BRA-TO-57_stool_serotype_5 is identical to MT906859_human_BRA_2014_Hu-BRA-TO-32-2014_BRA-TO-32_stool-sample_serotype_5 but kept for subsequent analysis
NOTE: 5 identical sequences (see below) will be ignored for subsequent analysis
NOTE: MT832894_human_BRA_2011_MAstV-1-Hu-BRA-TO-162-2011_TO-162_feces_serotype_1 (identical to MT832897_human_BRA_2015_MAstV-1-Hu-BRA-TO-161-2015_TO-161_feces_serotype_1) is ignored but added at the end
NOTE: MT832893_human_BRA_2015_MAstV-1-Hu-BRA-TO-160-2015_TO-160_feces_serotype_1 (identical to MT832897_human_BRA_2015_MAstV-1-Hu-BRA-TO-161-2015_TO-161_feces_serotype_1) is ignored but added at the end
NOTE: MT832892_human_BRA_2015_MAstV-1-Hu-BRA-TO-98-2015_TO-98_feces_serotype_1 (identical to MT832897_human_BRA_2015_MAstV-1-Hu-BRA-TO-161-2015_TO-161_feces_serotype_1) is ignored but added at the end
NOTE: MT906857_human_BRA_2014_Hu-BRA-TO-40-2014_BRA-TO-40_stool_serotype_5 (identical to MT906859_human_BRA_2014_Hu-BRA-TO-32-2014_BRA-TO-32_stool-sample_serotype_5) is ignored but added at the end
NOTE: MT906856_human_BRA_2015_Hu-BRA-TO-65-2015_BRA-TO-65_stool_serotype_5 (identical to MT906859_human_BRA_2014_Hu-BRA-TO-32-2014_BRA-TO-32_stool-sample_serotype_5) is ignored but added at the end

For your convenience alignment with unique sequences printed to ORF_1A_cleared_alignment_RNA_serotypes_no_amb.fas.uniqueseq.phy


Create initial parsimony tree by phylogenetic likelihood library (PLL)... 0.030 seconds
NOTE: ModelFinder requires 17 MB RAM!
ModelFinder will test 88 DNA models (sample size: 2989) ...
 No. Model         -LnL         df  AIC          AICc         BIC
  1  JC            29593.694    163 59513.388    59532.313    60491.827
  2  JC+I          27831.747    164 55991.494    56010.659    56975.936
  3  JC+G4         27619.160    164 55566.321    55585.485    56550.763
  4  JC+I+G4       27593.505    165 55517.010    55536.415    56507.454
  5  F81+F         29580.608    166 59493.217    59512.864    60489.664
  6  F81+F+I       27808.846    167 55951.691    55971.582    56954.141
  7  F81+F+G4      27609.789    167 55553.577    55573.468    56556.027
  8  F81+F+I+G4    27586.658    168 55509.315    55529.451    56517.768
  9  K2P           27518.950    164 55365.899    55385.064    56350.341
 10  K2P+I         25663.098    165 51656.196    51675.601    52646.641
 11  K2P+G4        25407.666    165 51145.332    51164.737    52135.777
 12  K2P+I+G4      25376.770    166 51085.541    51105.188    52081.988
 13  HKY+F         27475.453    167 55284.906    55304.797    56287.356
 14  HKY+F+I       25568.653    168 51473.306    51493.443    52481.759
 15  HKY+F+G4      25316.087    168 50968.174    50988.310    51976.627
 16  HKY+F+I+G4    25283.701    169 50905.401    50925.784    51919.856
 17  TNe           27419.160    165 55168.320    55187.725    56158.764
 18  TNe+I         25592.722    166 51517.444    51537.091    52513.892
 19  TNe+G4        25355.517    166 51043.034    51062.681    52039.481
 20  TNe+I+G4      25331.755    167 50997.509    51017.400    51999.959
 21  TN+F          27321.083    168 54978.165    54998.301    55986.618
 22  TN+F+I        25464.378    169 51266.757    51287.140    52281.212
 23  TN+F+G4       25234.858    169 50807.715    50828.098    51822.170
 24  TN+F+I+G4     25210.991    170 50761.981    50782.613    51782.439
 25  K3P           27517.864    165 55365.728    55385.133    56356.173
 26  K3P+I         25662.051    166 51656.102    51675.749    52652.549
 27  K3P+G4        25406.585    166 51145.169    51164.816    52141.616
 28  K3P+I+G4      25375.928    167 51085.856    51105.747    52088.306
 29  K3Pu+F        27473.196    168 55282.392    55302.528    56290.845
 30  K3Pu+F+I      25566.272    169 51470.543    51490.927    52484.999
 31  K3Pu+F+G4     25313.640    169 50965.279    50985.662    51979.735
 32  K3Pu+F+I+G4   25281.447    170 50902.894    50923.526    51923.352
 33  TPM2+F        27445.360    168 55226.721    55246.857    56235.174
 34  TPM2+F+I      25549.104    169 51436.209    51456.592    52450.664
 35  TPM2+F+G4     25293.551    169 50925.102    50945.486    51939.558
 36  TPM2+F+I+G4   25260.593    170 50861.186    50881.818    51881.644
 37  TPM2u+F       27445.368    168 55226.736    55246.872    56235.189
 38  TPM2u+F+I     25549.105    169 51436.210    51456.593    52450.665
 39  TPM2u+F+G4    25293.552    169 50925.103    50945.487    51939.559
 40  TPM2u+F+I+G4  25260.592    170 50861.183    50881.815    51881.641
 41  TPM3+F        27466.626    168 55269.252    55289.388    56277.704
 42  TPM3+F+I      25558.912    169 51455.825    51476.208    52470.280
 43  TPM3+F+G4     25305.904    169 50949.807    50970.190    51964.262
 44  TPM3+F+I+G4   25273.441    170 50886.881    50907.513    51907.339
 45  TPM3u+F       27466.626    168 55269.253    55289.389    56277.705
 46  TPM3u+F+I     25558.912    169 51455.824    51476.207    52470.279
 47  TPM3u+F+G4    25305.904    169 50949.807    50970.190    51964.262
 48  TPM3u+F+I+G4  25273.439    170 50886.878    50907.509    51907.336
 49  TIMe          27418.067    166 55168.135    55187.782    56164.582
 50  TIMe+I        25591.648    167 51517.297    51537.188    52519.747
 51  TIMe+G4       25354.393    167 51042.786    51062.677    52045.236
 52  TIMe+I+G4     25330.795    168 50997.589    51017.725    52006.042
 53  TIM+F         27318.821    169 54975.641    54996.025    55990.097
 54  TIM+F+I       25461.964    170 51263.928    51284.559    52284.386
 55  TIM+F+G4      25232.247    170 50804.494    50825.126    51824.952
 56  TIM+F+I+G4    25208.601    171 50759.201    50780.083    51785.662
 57  TIM2e         27369.642    166 55071.284    55090.931    56067.731
 58  TIM2e+I       25555.683    167 51445.366    51465.257    52447.816
 59  TIM2e+G4      25310.066    167 50954.131    50974.022    51956.581
 60  TIM2e+I+G4    25284.185    168 50904.370    50924.506    51912.823
 61  TIM2+F        27291.296    169 54920.591    54940.975    55935.047
 62  TIM2+F+I      25445.123    170 51230.246    51250.878    52250.704
 63  TIM2+F+G4     25213.210    170 50766.420    50787.051    51786.878
 64  TIM2+F+I+G4   25188.580    171 50719.159    50740.041    51745.620
 65  TIM3e         27399.665    166 55131.331    55150.978    56127.778
 66  TIM3e+I       25573.009    167 51480.018    51499.909    52482.468
 67  TIM3e+G4      25332.157    167 50998.313    51018.204    52000.763
 68  TIM3e+I+G4    25308.053    168 50952.106    50972.242    51960.559
 69  TIM3+F        27312.023    169 54962.046    54982.429    55976.501
 70  TIM3+F+I      25454.172    170 51248.343    51268.975    52268.801
 71  TIM3+F+G4     25225.084    170 50790.169    50810.800    51810.627
 72  TIM3+F+I+G4   25201.421    171 50744.843    50765.725    51771.303
 73  TVMe          27434.230    167 55202.461    55222.352    56204.911
 74  TVMe+I        25591.354    168 51518.709    51538.845    52527.161
 75  TVMe+G4       25319.004    168 50974.007    50994.144    51982.460
 76  TVMe+I+G4     25286.439    169 50910.878    50931.261    51925.333
 77  TVM+F         27420.090    170 55180.181    55200.812    56200.639
 78  TVM+F+I       25522.591    171 51387.181    51408.063    52413.642
 79  TVM+F+G4      25266.315    171 50874.630    50895.512    51901.091
 80  TVM+F+I+G4    25233.702    172 50811.403    50832.537    51843.867
 81  SYM           27334.351    168 55004.701    55024.838    56013.154
 82  SYM+I         25519.953    169 51377.906    51398.290    52392.362
 83  SYM+G4        25269.920    169 50877.841    50898.224    51892.296
 84  SYM+I+G4      25244.182    170 50828.365    50848.996    51848.823
 85  GTR+F         27265.704    171 54873.407    54894.289    55899.868
 86  GTR+F+I       25417.918    172 51179.835    51200.969    52212.299
 87  GTR+F+G4      25185.969    172 50715.938    50737.072    51748.401
 88  GTR+F+I+G4    25162.101    173 50670.203    50691.590    51708.669
Akaike Information Criterion:           GTR+F+I+G4
Corrected Akaike Information Criterion: GTR+F+I+G4
Bayesian Information Criterion:         GTR+F+I+G4
Best-fit model: GTR+F+I+G4 chosen according to BIC

All model information printed to ORF_1A_cleared_alignment_RNA_serotypes_no_amb.fas.model.gz
CPU time for ModelFinder: 43.220 seconds (0h:0m:43s)
Wall-clock time for ModelFinder: 43.611 seconds (0h:0m:43s)
Generating 1000 samples for ultrafast bootstrap (seed: 359490)...

NOTE: 17 MB RAM (0 GB) is required!
Estimate model parameters (epsilon = 0.100)
Thoroughly optimizing +I+G parameters from 10 start values...
Init pinv, alpha: 0.000, 1.000 / Estimate: 0.000, 0.285 / LogL: -25185.997
Init pinv, alpha: 0.064, 1.000 / Estimate: 0.071, 0.326 / LogL: -25184.380
Init pinv, alpha: 0.128, 1.000 / Estimate: 0.143, 0.384 / LogL: -25182.809
Init pinv, alpha: 0.192, 1.000 / Estimate: 0.216, 0.466 / LogL: -25180.414
Init pinv, alpha: 0.257, 1.000 / Estimate: 0.448, 1.224 / LogL: -25162.192
Init pinv, alpha: 0.321, 1.000 / Estimate: 0.448, 1.231 / LogL: -25162.162
Init pinv, alpha: 0.385, 1.000 / Estimate: 0.447, 1.223 / LogL: -25162.205
Init pinv, alpha: 0.449, 1.000 / Estimate: 0.450, 1.243 / LogL: -25162.125
Init pinv, alpha: 0.513, 1.000 / Estimate: 0.465, 1.374 / LogL: -25162.101
Init pinv, alpha: 0.577, 1.000 / Estimate: 0.465, 1.372 / LogL: -25162.091
Optimal pinv,alpha: 0.465, 1.372 / LogL: -25162.091

Parameters optimization took 39.498 sec
Computing ML distances based on estimated model parameters... 0.164 sec
Computing BIONJ tree...
0.063 seconds
Log-likelihood of BIONJ tree: -25173.163
--------------------------------------------------------------------
|             INITIALIZING CANDIDATE TREE SET                      |
--------------------------------------------------------------------
Generating 98 parsimony trees... 1.948 second
Computing log-likelihood of 98 initial trees ... 8.785 seconds
Current best score: -25145.903

Do NNI search on 20 best initial trees
Estimate model parameters (epsilon = 0.100)
BETTER TREE FOUND at iteration 1: -25141.472
BETTER TREE FOUND at iteration 2: -25141.472
Iteration 10 / LogL: -25144.906 / Time: 0h:0m:56s
Iteration 20 / LogL: -25144.959 / Time: 0h:1m:2s
Finish initializing candidate tree set (10)
Current best tree score: -25141.472 / CPU time: 22.624
Number of iterations: 20
--------------------------------------------------------------------
|               OPTIMIZING CANDIDATE TREE SET                      |
--------------------------------------------------------------------
UPDATE BEST LOG-LIKELIHOOD: -25141.471
Estimate model parameters (epsilon = 0.100)
BETTER TREE FOUND at iteration 25: -25139.590
Iteration 30 / LogL: -25204.668 / Time: 0h:1m:14s (0h:4m:4s left)
BETTER TREE FOUND at iteration 31: -25139.589
Iteration 40 / LogL: -25139.592 / Time: 0h:1m:26s (0h:3m:20s left)
Iteration 50 / LogL: -25147.982 / Time: 0h:1m:37s (0h:2m:40s left)
Log-likelihood cutoff on original alignment: -25167.074
UPDATE BEST LOG-LIKELIHOOD: -25139.589
Iteration 60 / LogL: -25139.758 / Time: 0h:1m:50s (0h:2m:12s left)
UPDATE BEST LOG-LIKELIHOOD: -25139.587
Iteration 70 / LogL: -25139.590 / Time: 0h:2m:1s (0h:1m:47s left)
Iteration 80 / LogL: -25139.590 / Time: 0h:2m:15s (0h:1m:27s left)
Iteration 90 / LogL: -25139.590 / Time: 0h:2m:27s (0h:1m:7s left)
Iteration 100 / LogL: -25139.598 / Time: 0h:2m:39s (0h:0m:49s left)
Log-likelihood cutoff on original alignment: -25167.074
NOTE: Bootstrap correlation coefficient of split occurrence frequencies: 0.999
Iteration 110 / LogL: -25139.597 / Time: 0h:2m:51s (0h:2m:21s left)
Iteration 120 / LogL: -25139.780 / Time: 0h:3m:3s (0h:2m:3s left)
Iteration 130 / LogL: -25140.109 / Time: 0h:3m:15s (0h:1m:46s left)
UPDATE BEST LOG-LIKELIHOOD: -25139.587
TREE SEARCH COMPLETED AFTER 132 ITERATIONS / Time: 0h:3m:17s

--------------------------------------------------------------------
|                    FINALIZING TREE SEARCH                        |
--------------------------------------------------------------------
Performs final model parameters optimization
Estimate model parameters (epsilon = 0.010)
1. Initial log-likelihood: -25139.587
2. Current log-likelihood: -25139.551
3. Current log-likelihood: -25139.540
Optimal log-likelihood: -25139.530
Rate parameters:  A-C: 1.11578  A-G: 7.55046  A-T: 1.18589  C-G: 0.21249  C-T: 13.91339  G-T: 1.00000
Base frequencies:  A: 0.309  C: 0.205  G: 0.223  T: 0.263
Proportion of invariable sites: 0.459
Gamma shape alpha: 1.321
Parameters optimization took 3 rounds (1.008 sec)
BEST SCORE FOUND : -25139.530

Testing tree branches by SH-like aLRT with 1000 replicates...
6.697 sec.
Creating bootstrap support values...
Split supports printed to NEXUS file ORF_1A_cleared_alignment_RNA_serotypes_no_amb.fas.splits.nex
Total tree length: 2.007

Total number of iterations: 132
CPU time used for tree search: 156.460 sec (0h:2m:36s)
Wall-clock time used for tree search: 157.630 sec (0h:2m:37s)
Total CPU time used: 204.408 sec (0h:3m:24s)
Total wall-clock time used: 206.029 sec (0h:3m:26s)

Computing bootstrap consensus tree...
Reading input file ORF_1A_cleared_alignment_RNA_serotypes_no_amb.fas.splits.nex...
83 taxa and 305 splits.
Consensus tree written to ORF_1A_cleared_alignment_RNA_serotypes_no_amb.fas.contree
Reading input trees file ORF_1A_cleared_alignment_RNA_serotypes_no_amb.fas.contree
Log-likelihood of consensus tree: -25139.694

Analysis results written to: 
  IQ-TREE report:                ORF_1A_cleared_alignment_RNA_serotypes_no_amb.fas.iqtree
  Maximum-likelihood tree:       ORF_1A_cleared_alignment_RNA_serotypes_no_amb.fas.treefile
  Likelihood distances:          ORF_1A_cleared_alignment_RNA_serotypes_no_amb.fas.mldist

Ultrafast bootstrap approximation results written to:
  Split support values:          ORF_1A_cleared_alignment_RNA_serotypes_no_amb.fas.splits.nex
  Consensus tree:                ORF_1A_cleared_alignment_RNA_serotypes_no_amb.fas.contree
  Screen log file:               ORF_1A_cleared_alignment_RNA_serotypes_no_amb.fas.log

Date and Time: Thu Apr  3 13:54:32 2025
