IQ-TREE multicore version 1.6.12 for Linux 64-bit built Aug 15 2019
Developed by Bui Quang Minh, Nguyen Lam Tung, Olga Chernomor,
Heiko Schmidt, Dominik Schrempf, Michael Woodhams.

Host:    minsky (AVX2, FMA3, 503 GB RAM)
Command: ../../iqtree -s all_serotypes_1330-2896.fas -st DNA -m TEST -bb 1000 -alrt 1000
Seed:    198694 (Using SPRNG - Scalable Parallel Random Number Generator)
Time:    Tue Nov  5 09:43:50 2024
Kernel:  AVX+FMA - 1 threads (128 CPU cores detected)

HINT: Use -nt option to specify number of threads because your CPU has 128 cores!
HINT: -nt AUTO will automatically determine the best number of threads to use.

Reading alignment file all_serotypes_1330-2896.fas ... Fasta format detected
Alignment most likely contains DNA/RNA sequences
WARNING: 81 sites contain only gaps or ambiguous characters.
Alignment has 79 sequences with 1567 columns, 605 distinct patterns
543 parsimony-informative, 77 singleton sites, 947 constant sites
                                                                                                  Gap/Ambiguity  Composition  p-value
   1  OR371570_human_CHN_2022_HAstV-4-Fuzhou-2022-10_NA_feces_serotype_4                                 12.64%    passed     99.70%
   2  OR222910_human_CHN_2021_NA_SY2106_stool_serotype_5                                                 11.30%    passed     94.76%
   3  LC732124_human_JPN_2016_Human-JPN-2016-JP14989_Child-with-acute-gastroenteritis_feces_serotype_3   13.98%    passed     98.53%
   4  LC732123_human_JPN_2016_Human-JPN-2016-JP14665_Child-with-acute-gastroenteritis_feces_serotype_3   13.78%    passed     94.25%
   5  LC732122_human_JPN_2016_Human-JPN-2016-JP14641_Child-with-acute-gastroenteritis_feces_serotype_3   13.78%    passed     94.25%
   6  ON571598_human_CHN_2021_NA_2021-Fuzhou-37_feces_serotype_4                                         13.78%    passed     99.37%
   7  ON571597_human_CHN_2019_NA_2019-Pingtan-42_feces_serotype_1                                        10.91%    passed     98.75%
   8  ON571596_human_CHN_2019_NA_2019-Fuzhou-306_feces_serotype_1                                        10.91%    passed     99.10%
   9  ON571595_human_CHN_2019_NA_2019-Fuzhou-289_feces_serotype_5                                        11.30%    passed     95.04%
  10  ON571594_human_CHN_2019_NA_2019-Fuzhou-26_feces_serotype_1                                         11.30%    passed     96.63%
  11  OP432301_human_CHN_2022_NA_HAstV-4-QD-L-22019_NA_serotype_4                                        13.78%    passed     99.73%
  12  OP432300_human_CHN_2022_NA_HAstV-4-QD-S-22022_NA_serotype_4                                        13.78%    passed     99.91%
  13  OP432299_human_CHN_2021_NA_HAstV-4-RC-21045_NA_serotype_4                                          13.78%    passed     99.89%
  14  OP432298_human_CHN_2022_NA_HAstV-4-QD-S-22015_NA_serotype_4                                        13.78%    passed     99.86%
  15  OP432297_human_CHN_2022_NA_HAstV-4-QD-L-22001_NA_serotype_4                                        13.78%    passed     99.91%
  16  OP432296_human_CHN_2021_NA_HAstV-4-RC-21047_NA_serotype_4                                          13.78%    passed     98.61%
  17  OP432295_human_CHN_2022_NA_HAstV-4-QD-F-22056_NA_serotype_4                                        13.78%    passed     97.82%
  18  OP432294_human_CHN_2022_NA_HAstV-4-QD-L-22040_NA_serotype_4                                        13.78%    passed     99.56%
  19  OP432293_human_CHN_2021_NA_HAstV-4-RC-21027_NA_serotype_4                                          13.78%    passed     99.89%
  20  LC694997_human_JPN_2018_NA_HAstV1-181289-Tokyo-2018_NA_serotype_1                                  11.30%    passed     92.78%
  21  LC694996_human_JPN_2018_NA_HAstV1-181290-Tokyo-2018_NA_serotype_1                                  11.30%    passed     92.78%
  22  LC694995_human_JPN_2020_NA_HAstV1-192642-Tokyo-2020_NA_serotype_1                                  10.91%    passed     99.57%
  23  LC694994_human_JPN_2020_NA_HAstV1-193055-Tokyo-2020_NA_serotype_1                                  10.91%    passed     98.08%
  24  LC694993_human_JPN_2020_NA_HAstV1-193061-Tokyo-2020_NA_serotype_1                                  10.91%    passed     96.67%
  25  LC694992_human_JPN_2021_NA_HAstV1-210628-Tokyo-2021_NA_serotype_1                                  10.91%    passed     98.75%
  26  LC694991_human_JPN_2021_NA_HAstV1-210764-Tokyo-2021_NA_serotype_1                                  10.91%    passed     99.57%
  27  LC694990_human_JPN_2018_NA_HAstV1-181937-Tokyo-2018_NA_serotype_1                                  10.91%    passed     99.85%
  28  LC694989_human_JPN_2021_NA_HAstV1-210956-Tokyo-2021_NA_serotype_1                                  10.91%    passed     99.31%
  29  LC694988_human_JPN_2021_NA_HAstV1-210963-Tokyo-2021_NA_serotype_1                                  10.91%    passed     98.85%
  30  LC694987_human_JPN_2021_NA_HAstV1-210984-Tokyo-2021_NA_serotype_1                                  10.91%    passed     97.22%
  31  LC694986_human_JPN_2022_NA_HAstV1-211185-Tokyo-2022_NA_serotype_1                                  10.91%    passed     98.67%
  32  LC694985_human_JPN_2019_NA_HAstV3-190610-Tokyo-2019_NA_serotype_3                                  13.78%    passed     92.24%
  33  MT832897_human_BRA_2015_MAstV-1-Hu-BRA-TO-161-2015_TO-161_feces_serotype_1                         10.91%    passed     99.32%
  34  MT832896_human_BRA_2015_MAstV-1-Hu-BRA-TO-208-2015_TO-208_feces_serotype_1                         10.91%    passed     99.52%
  35  MT832895_human_BRA_2015_MAstV-1-Hu-BRA-TO-171-2015_TO-171_feces_serotype_1                         10.91%    passed     99.32%
  36  MT832894_human_BRA_2011_MAstV-1-Hu-BRA-TO-162-2011_TO-162_feces_serotype_1                         10.91%    passed     99.32%
  37  MT832893_human_BRA_2015_MAstV-1-Hu-BRA-TO-160-2015_TO-160_feces_serotype_1                         10.91%    passed     99.32%
  38  MT832892_human_BRA_2015_MAstV-1-Hu-BRA-TO-98-2015_TO-98_feces_serotype_1                           10.91%    passed     99.32%
  39  MT906859_human_BRA_2014_Hu-BRA-TO-32-2014_BRA-TO-32_stool-sample_serotype_5                        11.30%    passed     85.33%
  40  MT906858_human_BRA_2014_Hu-BRA-TO-57-2014_BRA-TO-57_stool_serotype_5                               11.30%    passed     85.33%
  41  MT906857_human_BRA_2014_Hu-BRA-TO-40-2014_BRA-TO-40_stool_serotype_5                               11.30%    passed     85.33%
  42  MT906855_human_BRA_2014_Hu-BRA-TO-26-2014_BRA-TO-26_stool-sample_serotype_4                        11.30%    passed     75.27%
  43  MT906854_human_BRA_2015_Hu-BRA-TO-71-2015_BRA-TO-71_stool-sample_serotype_4                        11.30%    passed     79.33%
  44  MT906853_human_BRA_2014_Hu-BRA-TO-207-2014_BRA-TO-207_stool_serotype_4                             11.30%    passed     80.15%
  45  MW485042_human_KEN_2019_KLF-HAstV2-005-2019_NA_NA_serotype_2                                       13.59%    passed     95.58%
  46  MW485040_human_KEN_2019_KLF-HAstV1-008-2019_NA_NA_serotype_1                                       11.30%    passed     92.78%
  47  MN433706_human_USA_2014_Hu-US-2014-CA-RGDS-1073_NA_stool_serotype_5                                11.30%    passed     93.92%
  48  MN433705_human_USA_2014_Hu-US-2014-CA-RGDS-1072_NA_stool_serotype_2                                13.98%    passed     66.35%
  49  MN433704_human_USA_2013_Hu-US-2013-CA-RGDS-1071_NA_stool_serotype_1                                10.91%    passed     98.03%
  50  MN433703_human_USA_2013_Hu-US-2013-CA-RGDS-1070_NA_stool_serotype_1                                10.91%    passed     98.40%
  51  MN444721_human_USA_2017_Hu-US-2017-CA-RGDS-1074_NA_stool_serotype_3                                13.78%    passed     94.99%
  52  KC285152_human_RUS_2011_NA_HAstV-2-RUS-Novosibirsk-Nsc11-N2411-2011_feces_serotype_2               13.78%    passed     97.04%
  53  MF684776_human_CHN_2013_NA_2013-Fuzhou-85_stool_serotype_5                                         11.30%    passed     95.50%
  54  MG571777_human_VEN_2015_NA_NA_stool_serotype_3                                                     13.78%    passed     98.95%
  55  JF491430_human_RUS_2004_NA_Rus-Nsc04-H355_NA_serotype_3                                            12.25%    passed     88.69%
  56  GQ901902_human_RUS_2009_NA_Rus-Nsc09-B4_NA_serotype_6                                              13.59%    passed     98.51%
  57  GU732187_human_RUS_2008_NA_Rus-Nsc08-3364_NA_serotype_3                                            12.25%    passed     98.20%
  58  GU223905_human_RUS_2003_NA_Rus-Nsc03-H191_NA_serotype_3                                            12.25%    passed     83.54%
  59  HQ398856_human_HUN_2010_Hu-Nyergesujfalu-HUN4520-2010-HUN_NA_fecal-sample_serotype_1               10.91%    passed     96.25%
  60  GQ495608_human_CHN_2007_NA_192-BJ07-CHN_stool_serotype_6                                           13.59%    passed     99.51%
  61  FJ755405_human_CHN_2007_Beijing-293-2007-CHN_NA_stool_serotype_1                                   13.78%    passed     83.11%
  62  FJ755404_human_CHN_2007_Beijing-291-2007-CHN_NA_stool_serotype_1                                   13.78%    passed     92.37%
  63  FJ755403_human_CHN_2006_Beijing-176-2006-CHN_NA_stool_serotype_1                                   13.78%    passed     99.86%
  64  FJ755402_human_CHN_2005_Beijing-128-2005-CHN_NA_stool_serotype_1                                   13.78%    passed     93.60%
  65  KF211475_human_CHN_2010_NA_JZ_NA_serotype_1                                                        13.78%    passed     88.98%
  66  KP862744_human_KOR_2014_NA_kor85_human-stool_serotype_8                                            12.64%    passed     74.34%
  67  KF039913_NA_RUS_2010_NA_Rus-Nsc10-N358_NA_serotype_4                                               13.78%    passed     97.26%
  68  KF039912_NA_RUS_2005_NA_Rus-Nsc05-623_NA_serotype_4                                                11.30%    passed     98.28%
  69  KF039911_NA_RUS_2006_NA_Rus-Nsc06-1029_NA_serotype_2                                               13.78%    passed     92.85%
  70  KF039910_NA_RUS_2005_NA_Rus-Nsc05-430_NA_serotype_2                                                12.64%    passed     79.97%
  71  KC342249_human_CHN_2012_NA_km1_stool-sample_serotype_1                                             11.30%    passed     97.27%
  72  JN887820_human_KOR_2006_lhar-2011-kor_NA_stool_serotype_1                                          13.78%    passed     94.11%
  73  NC030922_NA_IND_2004_NA_V1347_NA_serotype_1                                                        11.30%    passed    100.00%
  74  JQ403108_human_CHN_2010_NA_DL030_stool_serotype_5                                                  13.78%    passed     96.34%
  75  DQ344027_NA_CHN_2005_NA_Guangzhou_NA_serotype_4                                                    13.78%    passed     91.28%
  76  DQ070852_NA_BRA_1995_NA_Goiania-GO-12-95-Brazil_NA_serotype_4                                      13.78%    passed     89.03%
  77  DQ028633_NA_BRA_1994_NA_Goiania-GO-12-94-Brazil_stool_serotype_5                                   13.78%    passed     89.12%
  78  AY720892_NA_NA_2004_Dresden_NA_NA_serotype_1                                                       13.78%    passed     91.61%
  79  AY720891_NA_NA_2004_Dresden_NA_NA_serotype_4                                                       13.78%    passed     95.80%
****  TOTAL                                                                                              12.38%  0 sequences failed composition chi2 test (p-value<5%; df=3)
NOTE: LC732122_human_JPN_2016_Human-JPN-2016-JP14641_Child-with-acute-gastroenteritis_feces_serotype_3 is identical to LC732123_human_JPN_2016_Human-JPN-2016-JP14665_Child-with-acute-gastroenteritis_feces_serotype_3 but kept for subsequent analysis
NOTE: OP432293_human_CHN_2021_NA_HAstV-4-RC-21027_NA_serotype_4 is identical to OP432299_human_CHN_2021_NA_HAstV-4-RC-21045_NA_serotype_4 but kept for subsequent analysis
NOTE: LC694996_human_JPN_2018_NA_HAstV1-181290-Tokyo-2018_NA_serotype_1 is identical to LC694997_human_JPN_2018_NA_HAstV1-181289-Tokyo-2018_NA_serotype_1 but kept for subsequent analysis
NOTE: MT832895_human_BRA_2015_MAstV-1-Hu-BRA-TO-171-2015_TO-171_feces_serotype_1 is identical to MT832897_human_BRA_2015_MAstV-1-Hu-BRA-TO-161-2015_TO-161_feces_serotype_1 but kept for subsequent analysis
NOTE: MT906858_human_BRA_2014_Hu-BRA-TO-57-2014_BRA-TO-57_stool_serotype_5 is identical to MT906859_human_BRA_2014_Hu-BRA-TO-32-2014_BRA-TO-32_stool-sample_serotype_5 but kept for subsequent analysis
NOTE: 4 identical sequences (see below) will be ignored for subsequent analysis
NOTE: MT832894_human_BRA_2011_MAstV-1-Hu-BRA-TO-162-2011_TO-162_feces_serotype_1 (identical to MT832897_human_BRA_2015_MAstV-1-Hu-BRA-TO-161-2015_TO-161_feces_serotype_1) is ignored but added at the end
NOTE: MT832893_human_BRA_2015_MAstV-1-Hu-BRA-TO-160-2015_TO-160_feces_serotype_1 (identical to MT832897_human_BRA_2015_MAstV-1-Hu-BRA-TO-161-2015_TO-161_feces_serotype_1) is ignored but added at the end
NOTE: MT832892_human_BRA_2015_MAstV-1-Hu-BRA-TO-98-2015_TO-98_feces_serotype_1 (identical to MT832897_human_BRA_2015_MAstV-1-Hu-BRA-TO-161-2015_TO-161_feces_serotype_1) is ignored but added at the end
NOTE: MT906857_human_BRA_2014_Hu-BRA-TO-40-2014_BRA-TO-40_stool_serotype_5 (identical to MT906859_human_BRA_2014_Hu-BRA-TO-32-2014_BRA-TO-32_stool-sample_serotype_5) is ignored but added at the end

For your convenience alignment with unique sequences printed to all_serotypes_1330-2896.fas.uniqueseq.phy


Create initial parsimony tree by phylogenetic likelihood library (PLL)... 0.006 seconds
NOTE: ModelFinder requires 8 MB RAM!
ModelFinder will test 88 DNA models (sample size: 1567) ...
 No. Model         -LnL         df  AIC          AICc         BIC
  1  JC            13937.187    147 28168.375    28199.039    28955.842
  2  JC+I          13088.709    148 26473.418    26504.521    27266.242
  3  JC+G4         13027.529    148 26351.057    26382.160    27143.881
  4  JC+I+G4       13014.599    149 26327.198    26358.743    27125.378
  5  F81+F         13944.976    150 28189.953    28221.944    28993.490
  6  F81+F+I       13092.199    151 26486.398    26518.839    27295.293
  7  F81+F+G4      13039.965    151 26381.930    26414.371    27190.825
  8  F81+F+I+G4    13027.329    152 26358.658    26391.552    27172.910
  9  K2P           12969.923    148 26235.847    26266.950    27028.671
 10  K2P+I         12069.057    149 24436.113    24467.659    25234.294
 11  K2P+G4        11987.133    149 24272.267    24303.812    25070.447
 12  K2P+I+G4      11972.343    150 24244.687    24276.678    25048.224
 13  HKY+F         12989.343    151 26280.686    26313.127    27089.581
 14  HKY+F+I       12049.915    152 24403.830    24436.724    25218.081
 15  HKY+F+G4      11970.568    152 24245.136    24278.030    25059.387
 16  HKY+F+I+G4    11953.580    153 24213.159    24246.510    25032.768
 17  TNe           12921.286    149 26140.572    26172.117    26938.753
 18  TNe+I         12040.317    150 24380.633    24412.625    25184.171
 19  TNe+G4        11965.100    150 24230.201    24262.192    25033.738
 20  TNe+I+G4      11950.174    151 24202.348    24234.789    25011.243
 21  TN+F          12886.414    152 26076.829    26109.723    26891.081
 22  TN+F+I        11985.293    153 24276.586    24309.937    25096.195
 23  TN+F+G4       11916.491    153 24138.982    24172.332    24958.590
 24  TN+F+I+G4     11899.957    154 24107.914    24141.724    24932.879
 25  K3P           12969.564    149 26237.127    26268.673    27035.308
 26  K3P+I         12068.533    150 24437.066    24469.057    25240.603
 27  K3P+G4        11986.414    150 24272.828    24304.819    25076.365
 28  K3P+I+G4      11971.781    151 24245.561    24278.002    25054.456
 29  K3Pu+F        12988.694    152 26281.388    26314.282    27095.639
 30  K3Pu+F+I      12048.849    153 24403.699    24437.049    25223.307
 31  K3Pu+F+G4     11969.344    153 24244.688    24278.039    25064.297
 32  K3Pu+F+I+G4   11952.492    154 24212.983    24246.794    25037.949
 33  TPM2+F        12982.710    152 26269.420    26302.314    27083.671
 34  TPM2+F+I      12047.616    153 24401.231    24434.582    25220.840
 35  TPM2+F+G4     11966.862    153 24239.723    24273.074    25059.332
 36  TPM2+F+I+G4   11949.968    154 24207.936    24241.746    25032.902
 37  TPM2u+F       12982.710    152 26269.420    26302.314    27083.671
 38  TPM2u+F+I     12047.616    153 24401.232    24434.582    25220.841
 39  TPM2u+F+G4    11966.861    153 24239.723    24273.073    25059.331
 40  TPM2u+F+I+G4  11949.969    154 24207.939    24241.749    25032.904
 41  TPM3+F        12980.312    152 26264.624    26297.518    27078.876
 42  TPM3+F+I      12042.525    153 24391.050    24424.401    25210.659
 43  TPM3+F+G4     11962.644    153 24231.289    24264.639    25050.897
 44  TPM3+F+I+G4   11945.649    154 24199.299    24233.109    25024.264
 45  TPM3u+F       12980.313    152 26264.626    26297.520    27078.878
 46  TPM3u+F+I     12042.525    153 24391.050    24424.400    25210.659
 47  TPM3u+F+G4    11962.644    153 24231.289    24264.639    25050.897
 48  TPM3u+F+I+G4  11945.647    154 24199.295    24233.105    25024.260
 49  TIMe          12920.906    150 26141.813    26173.804    26945.351
 50  TIMe+I        12039.755    151 24381.510    24413.951    25190.404
 51  TIMe+G4       11964.344    151 24230.688    24263.129    25039.583
 52  TIMe+I+G4     11949.599    152 24203.199    24236.093    25017.450
 53  TIM+F         12885.738    153 26077.476    26110.827    26897.085
 54  TIM+F+I       11984.180    154 24276.361    24310.171    25101.326
 55  TIM+F+G4      11915.160    154 24138.321    24172.131    24963.286
 56  TIM+F+I+G4    11898.811    155 24107.622    24141.896    24937.944
 57  TIM2e         12909.340    150 26118.679    26150.671    26922.217
 58  TIM2e+I       12034.361    151 24370.721    24403.162    25179.616
 59  TIM2e+G4      11956.144    151 24214.289    24246.730    25023.183
 60  TIM2e+I+G4    11940.569    152 24185.138    24218.032    24999.389
 61  TIM2+F        12879.832    153 26065.664    26099.014    26885.272
 62  TIM2+F+I      11982.915    154 24273.829    24307.640    25098.795
 63  TIM2+F+G4     11913.213    154 24134.425    24168.236    24959.391
 64  TIM2+F+I+G4   11896.480    155 24102.960    24137.234    24933.283
 65  TIM3e         12907.035    150 26114.071    26146.062    26917.609
 66  TIM3e+I       12028.513    151 24359.025    24391.466    25167.920
 67  TIM3e+G4      11951.302    151 24204.604    24237.045    25013.498
 68  TIM3e+I+G4    11936.337    152 24176.674    24209.568    24990.926
 69  TIM3+F        12877.198    153 26060.396    26093.746    26880.004
 70  TIM3+F+I      11977.681    154 24263.362    24297.172    25088.328
 71  TIM3+F+G4     11908.411    154 24124.822    24158.632    24949.787
 72  TIM3+F+I+G4   11892.171    155 24094.342    24128.616    24924.665
 73  TVMe          12938.753    151 26179.505    26211.946    26988.400
 74  TVMe+I        12046.462    152 24396.923    24429.817    25211.175
 75  TVMe+G4       11957.448    152 24218.895    24251.789    25033.147
 76  TVMe+I+G4     11942.367    153 24190.734    24224.084    25010.342
 77  TVM+F         12968.407    154 26244.815    26278.625    27069.780
 78  TVM+F+I       12034.556    155 24379.111    24413.385    25209.433
 79  TVM+F+G4      11952.574    155 24215.148    24249.422    25045.470
 80  TVM+F+I+G4    11935.964    156 24183.928    24218.669    25019.607
 81  SYM           12889.919    152 26083.837    26116.731    26898.089
 82  SYM+I         12017.250    153 24340.500    24373.850    25160.108
 83  SYM+G4        11936.094    153 24178.189    24211.539    24997.797
 84  SYM+I+G4      11920.751    154 24149.501    24183.311    24974.467
 85  GTR+F         12865.234    155 26040.468    26074.742    26870.790
 86  GTR+F+I       11969.493    156 24250.986    24285.727    25086.665
 87  GTR+F+G4      11898.596    156 24109.191    24143.932    24944.871
 88  GTR+F+I+G4    11882.492    157 24078.984    24114.195    24920.020
Akaike Information Criterion:           GTR+F+I+G4
Corrected Akaike Information Criterion: GTR+F+I+G4
Bayesian Information Criterion:         GTR+F+I+G4
Best-fit model: GTR+F+I+G4 chosen according to BIC

All model information printed to all_serotypes_1330-2896.fas.model.gz
CPU time for ModelFinder: 10.222 seconds (0h:0m:10s)
Wall-clock time for ModelFinder: 10.487 seconds (0h:0m:10s)
Generating 1000 samples for ultrafast bootstrap (seed: 198694)...

NOTE: 8 MB RAM (0 GB) is required!
Estimate model parameters (epsilon = 0.100)
Thoroughly optimizing +I+G parameters from 10 start values...
Init pinv, alpha: 0.000, 1.000 / Estimate: 0.000, 0.264 / LogL: -11898.595
Init pinv, alpha: 0.067, 1.000 / Estimate: 0.071, 0.310 / LogL: -11900.355
Init pinv, alpha: 0.134, 1.000 / Estimate: 0.147, 0.377 / LogL: -11901.325
Init pinv, alpha: 0.201, 1.000 / Estimate: 0.227, 0.477 / LogL: -11900.506
Init pinv, alpha: 0.269, 1.000 / Estimate: 0.483, 1.621 / LogL: -11882.505
Init pinv, alpha: 0.336, 1.000 / Estimate: 0.483, 1.619 / LogL: -11882.513
Init pinv, alpha: 0.403, 1.000 / Estimate: 0.484, 1.628 / LogL: -11882.502
Init pinv, alpha: 0.470, 1.000 / Estimate: 0.482, 1.603 / LogL: -11882.560
Init pinv, alpha: 0.537, 1.000 / Estimate: 0.493, 1.755 / LogL: -11882.504
Init pinv, alpha: 0.604, 1.000 / Estimate: 0.494, 1.771 / LogL: -11882.533
Optimal pinv,alpha: 0.484, 1.628 / LogL: -11882.502

Parameters optimization took 8.115 sec
Computing ML distances based on estimated model parameters... 0.069 sec
Computing BIONJ tree...
0.043 seconds
Log-likelihood of BIONJ tree: -11878.540
--------------------------------------------------------------------
|             INITIALIZING CANDIDATE TREE SET                      |
--------------------------------------------------------------------
Generating 98 parsimony trees... 0.729 second
Computing log-likelihood of 98 initial trees ... 2.331 seconds
Current best score: -11868.078

Do NNI search on 20 best initial trees
Estimate model parameters (epsilon = 0.100)
BETTER TREE FOUND at iteration 1: -11864.053
Iteration 10 / LogL: -11864.059 / Time: 0h:0m:13s
Iteration 20 / LogL: -11869.072 / Time: 0h:0m:15s
Finish initializing candidate tree set (10)
Current best tree score: -11864.053 / CPU time: 7.258
Number of iterations: 20
--------------------------------------------------------------------
|               OPTIMIZING CANDIDATE TREE SET                      |
--------------------------------------------------------------------
UPDATE BEST LOG-LIKELIHOOD: -11864.053
Iteration 30 / LogL: -12208.937 / Time: 0h:0m:19s (0h:0m:47s left)
Iteration 40 / LogL: -11864.055 / Time: 0h:0m:22s (0h:0m:35s left)
Iteration 50 / LogL: -11864.212 / Time: 0h:0m:25s (0h:0m:26s left)
Log-likelihood cutoff on original alignment: -11898.291
Iteration 60 / LogL: -11864.055 / Time: 0h:0m:28s (0h:0m:19s left)
Iteration 70 / LogL: -11864.053 / Time: 0h:0m:31s (0h:0m:14s left)
Iteration 80 / LogL: -11864.054 / Time: 0h:0m:34s (0h:0m:9s left)
BETTER TREE FOUND at iteration 90: -11864.053
Iteration 90 / LogL: -11864.053 / Time: 0h:0m:37s (0h:0m:42s left)
Iteration 100 / LogL: -11864.164 / Time: 0h:0m:40s (0h:0m:37s left)
Log-likelihood cutoff on original alignment: -11900.566
NOTE: Bootstrap correlation coefficient of split occurrence frequencies: 0.998
Iteration 110 / LogL: -11864.054 / Time: 0h:0m:43s (0h:0m:35s left)
Iteration 120 / LogL: -11864.053 / Time: 0h:0m:46s (0h:0m:31s left)
Iteration 130 / LogL: -11864.054 / Time: 0h:0m:49s (0h:0m:26s left)
Iteration 140 / LogL: -11864.535 / Time: 0h:0m:52s (0h:0m:22s left)
UPDATE BEST LOG-LIKELIHOOD: -11864.053
Iteration 150 / LogL: -11889.522 / Time: 0h:0m:55s (0h:0m:18s left)
Log-likelihood cutoff on original alignment: -11900.762
UPDATE BEST LOG-LIKELIHOOD: -11864.052
Iteration 160 / LogL: -11865.846 / Time: 0h:0m:58s (0h:0m:14s left)
Iteration 170 / LogL: -11864.061 / Time: 0h:1m:1s (0h:0m:10s left)
Iteration 180 / LogL: -11865.987 / Time: 0h:1m:4s (0h:0m:7s left)
BETTER TREE FOUND at iteration 185: -11864.051
Iteration 190 / LogL: -11864.053 / Time: 0h:1m:7s (0h:0m:34s left)
Iteration 200 / LogL: -11864.051 / Time: 0h:1m:10s (0h:0m:30s left)
Log-likelihood cutoff on original alignment: -11900.566
NOTE: Bootstrap correlation coefficient of split occurrence frequencies: 0.999
UPDATE BEST LOG-LIKELIHOOD: -11864.050
Iteration 210 / LogL: -11864.052 / Time: 0h:1m:14s (0h:0m:31s left)
UPDATE BEST LOG-LIKELIHOOD: -11864.050
Iteration 220 / LogL: -11889.182 / Time: 0h:1m:17s (0h:0m:28s left)
Iteration 230 / LogL: -11865.985 / Time: 0h:1m:20s (0h:0m:24s left)
Iteration 240 / LogL: -11865.985 / Time: 0h:1m:22s (0h:0m:20s left)
Iteration 250 / LogL: -11864.162 / Time: 0h:1m:25s (0h:0m:17s left)
Log-likelihood cutoff on original alignment: -11900.566
UPDATE BEST LOG-LIKELIHOOD: -11864.050
Iteration 260 / LogL: -11865.986 / Time: 0h:1m:29s (0h:0m:13s left)
Iteration 270 / LogL: -11864.050 / Time: 0h:1m:32s (0h:0m:10s left)
Iteration 280 / LogL: -11864.052 / Time: 0h:1m:35s (0h:0m:6s left)
TREE SEARCH COMPLETED AFTER 286 ITERATIONS / Time: 0h:1m:37s

--------------------------------------------------------------------
|                    FINALIZING TREE SEARCH                        |
--------------------------------------------------------------------
Performs final model parameters optimization
Estimate model parameters (epsilon = 0.010)
1. Initial log-likelihood: -11864.050
Optimal log-likelihood: -11864.044
Rate parameters:  A-C: 0.82702  A-G: 6.03698  A-T: 0.99144  C-G: 0.24556  C-T: 13.10212  G-T: 1.00000
Base frequencies:  A: 0.320  C: 0.200  G: 0.240  T: 0.241
Proportion of invariable sites: 0.486
Gamma shape alpha: 1.650
Parameters optimization took 1 rounds (0.051 sec)
BEST SCORE FOUND : -11864.044

Testing tree branches by SH-like aLRT with 1000 replicates...
2.732 sec.
Creating bootstrap support values...
Split supports printed to NEXUS file all_serotypes_1330-2896.fas.splits.nex
Total tree length: 2.063

Total number of iterations: 286
CPU time used for tree search: 87.779 sec (0h:1m:27s)
Wall-clock time used for tree search: 88.859 sec (0h:1m:28s)
Total CPU time used: 99.019 sec (0h:1m:39s)
Total wall-clock time used: 100.413 sec (0h:1m:40s)

Computing bootstrap consensus tree...
Reading input file all_serotypes_1330-2896.fas.splits.nex...
75 taxa and 388 splits.
Consensus tree written to all_serotypes_1330-2896.fas.contree
Reading input trees file all_serotypes_1330-2896.fas.contree
Log-likelihood of consensus tree: -11864.048

Analysis results written to: 
  IQ-TREE report:                all_serotypes_1330-2896.fas.iqtree
  Maximum-likelihood tree:       all_serotypes_1330-2896.fas.treefile
  Likelihood distances:          all_serotypes_1330-2896.fas.mldist

Ultrafast bootstrap approximation results written to:
  Split support values:          all_serotypes_1330-2896.fas.splits.nex
  Consensus tree:                all_serotypes_1330-2896.fas.contree
  Screen log file:               all_serotypes_1330-2896.fas.log

Date and Time: Tue Nov  5 09:45:41 2024
