IQ-TREE multicore version 1.6.12 for Linux 64-bit built Aug 15 2019
Developed by Bui Quang Minh, Nguyen Lam Tung, Olga Chernomor,
Heiko Schmidt, Dominik Schrempf, Michael Woodhams.

Host:    fermat (AVX2, FMA3, 1009 GB RAM)
Command: ../../iqtree -s all_serotypes_4522-4936.fas -st DNA -m TEST -bb 1000 -alrt 1000
Seed:    729482 (Using SPRNG - Scalable Parallel Random Number Generator)
Time:    Tue Nov  5 09:48:00 2024
Kernel:  AVX+FMA - 1 threads (128 CPU cores detected)

HINT: Use -nt option to specify number of threads because your CPU has 128 cores!
HINT: -nt AUTO will automatically determine the best number of threads to use.

Reading alignment file all_serotypes_4522-4936.fas ... Fasta format detected
Alignment most likely contains DNA/RNA sequences
Alignment has 79 sequences with 415 columns, 92 distinct patterns
72 parsimony-informative, 10 singleton sites, 333 constant sites
                                                                                                  Gap/Ambiguity  Composition  p-value
   1  OR371570_human_CHN_2022_HAstV-4-Fuzhou-2022-10_NA_feces_serotype_4                                 44.82%    passed     89.68%
   2  OR222910_human_CHN_2021_NA_SY2106_stool_serotype_5                                                 45.54%    passed     85.47%
   3  LC732124_human_JPN_2016_Human-JPN-2016-JP14989_Child-with-acute-gastroenteritis_feces_serotype_3   43.37%    passed     96.81%
   4  LC732123_human_JPN_2016_Human-JPN-2016-JP14665_Child-with-acute-gastroenteritis_feces_serotype_3   43.37%    passed     96.81%
   5  LC732122_human_JPN_2016_Human-JPN-2016-JP14641_Child-with-acute-gastroenteritis_feces_serotype_3   43.37%    passed     96.81%
   6  ON571598_human_CHN_2021_NA_2021-Fuzhou-37_feces_serotype_4                                         44.82%    passed     89.68%
   7  ON571597_human_CHN_2019_NA_2019-Pingtan-42_feces_serotype_1                                        44.82%    passed     91.10%
   8  ON571596_human_CHN_2019_NA_2019-Fuzhou-306_feces_serotype_1                                        44.82%    passed     91.10%
   9  ON571595_human_CHN_2019_NA_2019-Fuzhou-289_feces_serotype_5                                        45.54%    passed     90.94%
  10  ON571594_human_CHN_2019_NA_2019-Fuzhou-26_feces_serotype_1                                         44.82%    passed     94.66%
  11  OP432301_human_CHN_2022_NA_HAstV-4-QD-L-22019_NA_serotype_4                                        44.82%    passed     94.74%
  12  OP432300_human_CHN_2022_NA_HAstV-4-QD-S-22022_NA_serotype_4                                        44.82%    passed     94.74%
  13  OP432299_human_CHN_2021_NA_HAstV-4-RC-21045_NA_serotype_4                                          44.82%    passed     89.68%
  14  OP432298_human_CHN_2022_NA_HAstV-4-QD-S-22015_NA_serotype_4                                        44.82%    passed     94.74%
  15  OP432297_human_CHN_2022_NA_HAstV-4-QD-L-22001_NA_serotype_4                                        44.82%    passed     94.74%
  16  OP432296_human_CHN_2021_NA_HAstV-4-RC-21047_NA_serotype_4                                          44.82%    passed     94.66%
  17  OP432295_human_CHN_2022_NA_HAstV-4-QD-F-22056_NA_serotype_4                                        44.82%    passed     89.68%
  18  OP432294_human_CHN_2022_NA_HAstV-4-QD-L-22040_NA_serotype_4                                        44.82%    passed     94.74%
  19  OP432293_human_CHN_2021_NA_HAstV-4-RC-21027_NA_serotype_4                                          44.82%    passed     89.68%
  20  LC694997_human_JPN_2018_NA_HAstV1-181289-Tokyo-2018_NA_serotype_1                                  44.82%    passed     89.69%
  21  LC694996_human_JPN_2018_NA_HAstV1-181290-Tokyo-2018_NA_serotype_1                                  44.82%    passed     89.69%
  22  LC694995_human_JPN_2020_NA_HAstV1-192642-Tokyo-2020_NA_serotype_1                                  44.82%    passed     91.10%
  23  LC694994_human_JPN_2020_NA_HAstV1-193055-Tokyo-2020_NA_serotype_1                                  44.82%    passed     91.10%
  24  LC694993_human_JPN_2020_NA_HAstV1-193061-Tokyo-2020_NA_serotype_1                                  44.82%    passed     91.10%
  25  LC694992_human_JPN_2021_NA_HAstV1-210628-Tokyo-2021_NA_serotype_1                                  44.82%    passed     94.39%
  26  LC694991_human_JPN_2021_NA_HAstV1-210764-Tokyo-2021_NA_serotype_1                                  44.82%    passed     91.10%
  27  LC694990_human_JPN_2018_NA_HAstV1-181937-Tokyo-2018_NA_serotype_1                                  44.82%    passed     91.10%
  28  LC694989_human_JPN_2021_NA_HAstV1-210956-Tokyo-2021_NA_serotype_1                                  44.82%    passed     91.10%
  29  LC694988_human_JPN_2021_NA_HAstV1-210963-Tokyo-2021_NA_serotype_1                                  44.82%    passed     91.10%
  30  LC694987_human_JPN_2021_NA_HAstV1-210984-Tokyo-2021_NA_serotype_1                                  44.82%    passed     91.10%
  31  LC694986_human_JPN_2022_NA_HAstV1-211185-Tokyo-2022_NA_serotype_1                                  44.82%    passed     91.10%
  32  LC694985_human_JPN_2019_NA_HAstV3-190610-Tokyo-2019_NA_serotype_3                                  43.37%    passed     96.81%
  33  MT832897_human_BRA_2015_MAstV-1-Hu-BRA-TO-161-2015_TO-161_feces_serotype_1                         44.82%    passed     83.13%
  34  MT832896_human_BRA_2015_MAstV-1-Hu-BRA-TO-208-2015_TO-208_feces_serotype_1                         44.82%    passed     83.13%
  35  MT832895_human_BRA_2015_MAstV-1-Hu-BRA-TO-171-2015_TO-171_feces_serotype_1                         44.82%    passed     83.13%
  36  MT832894_human_BRA_2011_MAstV-1-Hu-BRA-TO-162-2011_TO-162_feces_serotype_1                         44.82%    passed     83.13%
  37  MT832893_human_BRA_2015_MAstV-1-Hu-BRA-TO-160-2015_TO-160_feces_serotype_1                         44.82%    passed     83.13%
  38  MT832892_human_BRA_2015_MAstV-1-Hu-BRA-TO-98-2015_TO-98_feces_serotype_1                           44.82%    passed     83.13%
  39  MT906859_human_BRA_2014_Hu-BRA-TO-32-2014_BRA-TO-32_stool-sample_serotype_5                         2.17%    passed     33.16%
  40  MT906858_human_BRA_2014_Hu-BRA-TO-57-2014_BRA-TO-57_stool_serotype_5                               45.54%    passed     90.94%
  41  MT906857_human_BRA_2014_Hu-BRA-TO-40-2014_BRA-TO-40_stool_serotype_5                               45.54%    passed     90.94%
  42  MT906855_human_BRA_2014_Hu-BRA-TO-26-2014_BRA-TO-26_stool-sample_serotype_4                        44.82%    passed     80.30%
  43  MT906854_human_BRA_2015_Hu-BRA-TO-71-2015_BRA-TO-71_stool-sample_serotype_4                        44.82%    passed     80.30%
  44  MT906853_human_BRA_2014_Hu-BRA-TO-207-2014_BRA-TO-207_stool_serotype_4                             44.82%    passed     80.30%
  45  MW485042_human_KEN_2019_KLF-HAstV2-005-2019_NA_NA_serotype_2                                       44.82%    passed     82.01%
  46  MW485040_human_KEN_2019_KLF-HAstV1-008-2019_NA_NA_serotype_1                                       44.82%    passed     94.39%
  47  MN433706_human_USA_2014_Hu-US-2014-CA-RGDS-1073_NA_stool_serotype_5                                45.54%    passed     90.94%
  48  MN433705_human_USA_2014_Hu-US-2014-CA-RGDS-1072_NA_stool_serotype_2                                44.82%    passed     85.92%
  49  MN433704_human_USA_2013_Hu-US-2013-CA-RGDS-1071_NA_stool_serotype_1                                44.82%    passed     97.51%
  50  MN433703_human_USA_2013_Hu-US-2013-CA-RGDS-1070_NA_stool_serotype_1                                44.82%    passed     97.51%
  51  MN444721_human_USA_2017_Hu-US-2017-CA-RGDS-1074_NA_stool_serotype_3                                43.37%    passed     96.81%
  52  KC285152_human_RUS_2011_NA_HAstV-2-RUS-Novosibirsk-Nsc11-N2411-2011_feces_serotype_2               44.82%    passed     91.17%
  53  MF684776_human_CHN_2013_NA_2013-Fuzhou-85_stool_serotype_5                                         45.54%    passed     94.40%
  54  MG571777_human_VEN_2015_NA_NA_stool_serotype_3                                                     43.37%    passed     96.81%
  55  JF491430_human_RUS_2004_NA_Rus-Nsc04-H355_NA_serotype_3                                            43.37%    passed     97.79%
  56  GQ901902_human_RUS_2009_NA_Rus-Nsc09-B4_NA_serotype_6                                              44.82%    passed     98.52%
  57  GU732187_human_RUS_2008_NA_Rus-Nsc08-3364_NA_serotype_3                                            43.37%    passed     96.24%
  58  GU223905_human_RUS_2003_NA_Rus-Nsc03-H191_NA_serotype_3                                            43.37%    passed     97.79%
  59  HQ398856_human_HUN_2010_Hu-Nyergesujfalu-HUN4520-2010-HUN_NA_fecal-sample_serotype_1               44.82%    passed     73.78%
  60  GQ495608_human_CHN_2007_NA_192-BJ07-CHN_stool_serotype_6                                           44.82%    passed     96.48%
  61  FJ755405_human_CHN_2007_Beijing-293-2007-CHN_NA_stool_serotype_1                                   44.82%    passed     99.74%
  62  FJ755404_human_CHN_2007_Beijing-291-2007-CHN_NA_stool_serotype_1                                   44.82%    passed     96.86%
  63  FJ755403_human_CHN_2006_Beijing-176-2006-CHN_NA_stool_serotype_1                                   44.82%    passed     96.91%
  64  FJ755402_human_CHN_2005_Beijing-128-2005-CHN_NA_stool_serotype_1                                   44.82%    passed     99.84%
  65  KF211475_human_CHN_2010_NA_JZ_NA_serotype_1                                                        44.82%    passed     98.78%
  66  KP862744_human_KOR_2014_NA_kor85_human-stool_serotype_8                                            44.82%    passed     85.92%
  67  KF039913_NA_RUS_2010_NA_Rus-Nsc10-N358_NA_serotype_4                                               44.82%    passed     80.30%
  68  KF039912_NA_RUS_2005_NA_Rus-Nsc05-623_NA_serotype_4                                                44.82%    passed     79.36%
  69  KF039911_NA_RUS_2006_NA_Rus-Nsc06-1029_NA_serotype_2                                               44.82%    passed     96.79%
  70  KF039910_NA_RUS_2005_NA_Rus-Nsc05-430_NA_serotype_2                                                44.82%    passed     87.11%
  71  KC342249_human_CHN_2012_NA_km1_stool-sample_serotype_1                                             44.82%    passed     99.65%
  72  JN887820_human_KOR_2006_lhar-2011-kor_NA_stool_serotype_1                                          44.82%    passed     94.66%
  73  NC030922_NA_IND_2004_NA_V1347_NA_serotype_1                                                        44.82%    passed     96.86%
  74  JQ403108_human_CHN_2010_NA_DL030_stool_serotype_5                                                  45.54%    passed     90.94%
  75  DQ344027_NA_CHN_2005_NA_Guangzhou_NA_serotype_4                                                    44.82%    passed     85.76%
  76  DQ070852_NA_BRA_1995_NA_Goiania-GO-12-95-Brazil_NA_serotype_4                                      44.82%    passed     71.66%
  77  DQ028633_NA_BRA_1994_NA_Goiania-GO-12-94-Brazil_stool_serotype_5                                   45.54%    passed     94.40%
  78  AY720892_NA_NA_2004_Dresden_NA_NA_serotype_1                                                       44.82%    passed     91.10%
  79  AY720891_NA_NA_2004_Dresden_NA_NA_serotype_4                                                       44.82%    passed     79.07%
****  TOTAL                                                                                              44.19%  0 sequences failed composition chi2 test (p-value<5%; df=3)
NOTE: ON571598_human_CHN_2021_NA_2021-Fuzhou-37_feces_serotype_4 is identical to OR371570_human_CHN_2022_HAstV-4-Fuzhou-2022-10_NA_feces_serotype_4 but kept for subsequent analysis
NOTE: LC732123_human_JPN_2016_Human-JPN-2016-JP14665_Child-with-acute-gastroenteritis_feces_serotype_3 is identical to LC732124_human_JPN_2016_Human-JPN-2016-JP14989_Child-with-acute-gastroenteritis_feces_serotype_3 but kept for subsequent analysis
NOTE: ON571596_human_CHN_2019_NA_2019-Fuzhou-306_feces_serotype_1 is identical to ON571597_human_CHN_2019_NA_2019-Pingtan-42_feces_serotype_1 but kept for subsequent analysis
NOTE: MT906858_human_BRA_2014_Hu-BRA-TO-57-2014_BRA-TO-57_stool_serotype_5 is identical to ON571595_human_CHN_2019_NA_2019-Fuzhou-289_feces_serotype_5 but kept for subsequent analysis
NOTE: OP432300_human_CHN_2022_NA_HAstV-4-QD-S-22022_NA_serotype_4 is identical to OP432301_human_CHN_2022_NA_HAstV-4-QD-L-22019_NA_serotype_4 but kept for subsequent analysis
NOTE: LC694996_human_JPN_2018_NA_HAstV1-181290-Tokyo-2018_NA_serotype_1 is identical to LC694997_human_JPN_2018_NA_HAstV1-181289-Tokyo-2018_NA_serotype_1 but kept for subsequent analysis
NOTE: MT832896_human_BRA_2015_MAstV-1-Hu-BRA-TO-208-2015_TO-208_feces_serotype_1 is identical to MT832897_human_BRA_2015_MAstV-1-Hu-BRA-TO-161-2015_TO-161_feces_serotype_1 but kept for subsequent analysis
NOTE: MT906854_human_BRA_2015_Hu-BRA-TO-71-2015_BRA-TO-71_stool-sample_serotype_4 is identical to MT906855_human_BRA_2014_Hu-BRA-TO-26-2014_BRA-TO-26_stool-sample_serotype_4 but kept for subsequent analysis
NOTE: MN433703_human_USA_2013_Hu-US-2013-CA-RGDS-1070_NA_stool_serotype_1 is identical to MN433704_human_USA_2013_Hu-US-2013-CA-RGDS-1071_NA_stool_serotype_1 but kept for subsequent analysis
NOTE: GU223905_human_RUS_2003_NA_Rus-Nsc03-H191_NA_serotype_3 is identical to JF491430_human_RUS_2004_NA_Rus-Nsc04-H355_NA_serotype_3 but kept for subsequent analysis
NOTE: 27 identical sequences (see below) will be ignored for subsequent analysis
NOTE: OP432299_human_CHN_2021_NA_HAstV-4-RC-21045_NA_serotype_4 (identical to OR371570_human_CHN_2022_HAstV-4-Fuzhou-2022-10_NA_feces_serotype_4) is ignored but added at the end
NOTE: OP432295_human_CHN_2022_NA_HAstV-4-QD-F-22056_NA_serotype_4 (identical to OR371570_human_CHN_2022_HAstV-4-Fuzhou-2022-10_NA_feces_serotype_4) is ignored but added at the end
NOTE: OP432293_human_CHN_2021_NA_HAstV-4-RC-21027_NA_serotype_4 (identical to OR371570_human_CHN_2022_HAstV-4-Fuzhou-2022-10_NA_feces_serotype_4) is ignored but added at the end
NOTE: LC732122_human_JPN_2016_Human-JPN-2016-JP14641_Child-with-acute-gastroenteritis_feces_serotype_3 (identical to LC732124_human_JPN_2016_Human-JPN-2016-JP14989_Child-with-acute-gastroenteritis_feces_serotype_3) is ignored but added at the end
NOTE: LC694985_human_JPN_2019_NA_HAstV3-190610-Tokyo-2019_NA_serotype_3 (identical to LC732124_human_JPN_2016_Human-JPN-2016-JP14989_Child-with-acute-gastroenteritis_feces_serotype_3) is ignored but added at the end
NOTE: MN444721_human_USA_2017_Hu-US-2017-CA-RGDS-1074_NA_stool_serotype_3 (identical to LC732124_human_JPN_2016_Human-JPN-2016-JP14989_Child-with-acute-gastroenteritis_feces_serotype_3) is ignored but added at the end
NOTE: MG571777_human_VEN_2015_NA_NA_stool_serotype_3 (identical to LC732124_human_JPN_2016_Human-JPN-2016-JP14989_Child-with-acute-gastroenteritis_feces_serotype_3) is ignored but added at the end
NOTE: LC694995_human_JPN_2020_NA_HAstV1-192642-Tokyo-2020_NA_serotype_1 (identical to ON571597_human_CHN_2019_NA_2019-Pingtan-42_feces_serotype_1) is ignored but added at the end
NOTE: LC694994_human_JPN_2020_NA_HAstV1-193055-Tokyo-2020_NA_serotype_1 (identical to ON571597_human_CHN_2019_NA_2019-Pingtan-42_feces_serotype_1) is ignored but added at the end
NOTE: LC694993_human_JPN_2020_NA_HAstV1-193061-Tokyo-2020_NA_serotype_1 (identical to ON571597_human_CHN_2019_NA_2019-Pingtan-42_feces_serotype_1) is ignored but added at the end
NOTE: LC694991_human_JPN_2021_NA_HAstV1-210764-Tokyo-2021_NA_serotype_1 (identical to ON571597_human_CHN_2019_NA_2019-Pingtan-42_feces_serotype_1) is ignored but added at the end
NOTE: LC694990_human_JPN_2018_NA_HAstV1-181937-Tokyo-2018_NA_serotype_1 (identical to ON571597_human_CHN_2019_NA_2019-Pingtan-42_feces_serotype_1) is ignored but added at the end
NOTE: LC694989_human_JPN_2021_NA_HAstV1-210956-Tokyo-2021_NA_serotype_1 (identical to ON571597_human_CHN_2019_NA_2019-Pingtan-42_feces_serotype_1) is ignored but added at the end
NOTE: LC694988_human_JPN_2021_NA_HAstV1-210963-Tokyo-2021_NA_serotype_1 (identical to ON571597_human_CHN_2019_NA_2019-Pingtan-42_feces_serotype_1) is ignored but added at the end
NOTE: LC694987_human_JPN_2021_NA_HAstV1-210984-Tokyo-2021_NA_serotype_1 (identical to ON571597_human_CHN_2019_NA_2019-Pingtan-42_feces_serotype_1) is ignored but added at the end
NOTE: LC694986_human_JPN_2022_NA_HAstV1-211185-Tokyo-2022_NA_serotype_1 (identical to ON571597_human_CHN_2019_NA_2019-Pingtan-42_feces_serotype_1) is ignored but added at the end
NOTE: MT906857_human_BRA_2014_Hu-BRA-TO-40-2014_BRA-TO-40_stool_serotype_5 (identical to ON571595_human_CHN_2019_NA_2019-Fuzhou-289_feces_serotype_5) is ignored but added at the end
NOTE: MN433706_human_USA_2014_Hu-US-2014-CA-RGDS-1073_NA_stool_serotype_5 (identical to ON571595_human_CHN_2019_NA_2019-Fuzhou-289_feces_serotype_5) is ignored but added at the end
NOTE: JQ403108_human_CHN_2010_NA_DL030_stool_serotype_5 (identical to ON571595_human_CHN_2019_NA_2019-Fuzhou-289_feces_serotype_5) is ignored but added at the end
NOTE: OP432298_human_CHN_2022_NA_HAstV-4-QD-S-22015_NA_serotype_4 (identical to OP432301_human_CHN_2022_NA_HAstV-4-QD-L-22019_NA_serotype_4) is ignored but added at the end
NOTE: OP432297_human_CHN_2022_NA_HAstV-4-QD-L-22001_NA_serotype_4 (identical to OP432301_human_CHN_2022_NA_HAstV-4-QD-L-22019_NA_serotype_4) is ignored but added at the end
NOTE: OP432294_human_CHN_2022_NA_HAstV-4-QD-L-22040_NA_serotype_4 (identical to OP432301_human_CHN_2022_NA_HAstV-4-QD-L-22019_NA_serotype_4) is ignored but added at the end
NOTE: MT832895_human_BRA_2015_MAstV-1-Hu-BRA-TO-171-2015_TO-171_feces_serotype_1 (identical to MT832897_human_BRA_2015_MAstV-1-Hu-BRA-TO-161-2015_TO-161_feces_serotype_1) is ignored but added at the end
NOTE: MT832894_human_BRA_2011_MAstV-1-Hu-BRA-TO-162-2011_TO-162_feces_serotype_1 (identical to MT832897_human_BRA_2015_MAstV-1-Hu-BRA-TO-161-2015_TO-161_feces_serotype_1) is ignored but added at the end
NOTE: MT832893_human_BRA_2015_MAstV-1-Hu-BRA-TO-160-2015_TO-160_feces_serotype_1 (identical to MT832897_human_BRA_2015_MAstV-1-Hu-BRA-TO-161-2015_TO-161_feces_serotype_1) is ignored but added at the end
NOTE: MT832892_human_BRA_2015_MAstV-1-Hu-BRA-TO-98-2015_TO-98_feces_serotype_1 (identical to MT832897_human_BRA_2015_MAstV-1-Hu-BRA-TO-161-2015_TO-161_feces_serotype_1) is ignored but added at the end
NOTE: MT906853_human_BRA_2014_Hu-BRA-TO-207-2014_BRA-TO-207_stool_serotype_4 (identical to MT906855_human_BRA_2014_Hu-BRA-TO-26-2014_BRA-TO-26_stool-sample_serotype_4) is ignored but added at the end

For your convenience alignment with unique sequences printed to all_serotypes_4522-4936.fas.uniqueseq.phy


Create initial parsimony tree by phylogenetic likelihood library (PLL)... 0.011 seconds
NOTE: ModelFinder requires 1 MB RAM!
ModelFinder will test 88 DNA models (sample size: 415) ...
 No. Model         -LnL         df  AIC          AICc         BIC
  1  JC            1778.812     101 3759.623     3825.451     4166.479
  2  JC+I          1697.658     102 3599.316     3666.662     4010.201
  3  JC+G4         1691.813     102 3587.625     3654.971     3998.510
  4  JC+I+G4       1689.234     103 3584.468     3653.356     3999.381
  5  F81+F         1779.688     104 3767.376     3837.828     4186.317
  6  F81+F+I       1695.044     105 3600.088     3672.127     4023.057
  7  F81+F+G4      1689.843     105 3589.687     3661.726     4012.656
  8  F81+F+I+G4    1687.607     106 3587.213     3660.862     4014.211
  9  K2P           1716.574     102 3637.149     3704.495     4048.033
 10  K2P+I         1603.193     103 3412.386     3481.273     3827.298
 11  K2P+G4        1595.775     103 3397.550     3466.438     3812.463
 12  K2P+I+G4      1592.046     104 3392.093     3462.544     3811.034
 13  HKY+F         1697.939     105 3605.878     3677.917     4028.847
 14  HKY+F+I       1602.141     106 3416.282     3489.931     3843.280
 15  HKY+F+G4      1595.188     106 3402.376     3476.025     3829.373
 16  HKY+F+I+G4    1590.805     107 3395.610     3470.893     3826.636
 17  TNe           1687.929     103 3581.858     3650.745     3996.770
 18  TNe+I         1598.281     104 3404.563     3475.015     3823.504
 19  TNe+G4        1590.381     104 3388.761     3459.213     3807.702
 20  TNe+I+G4      1587.665     105 3385.329     3457.368     3808.299
 21  TN+F          1685.636     106 3583.272     3656.921     4010.270
 22  TN+F+I        1590.502     107 3395.004     3470.287     3826.029
 23  TN+F+G4       1582.172     107 3378.343     3453.627     3809.369
 24  TN+F+I+G4     1579.369     108 3374.738     3451.680     3809.793
 25  K3P           1690.888     103 3587.777     3656.664     4002.689
 26  K3P+I         1602.757     104 3413.514     3483.966     3832.455
 27  K3P+G4        1595.403     104 3398.806     3469.258     3817.747
 28  K3P+I+G4      1591.634     105 3393.268     3465.307     3816.238
 29  K3Pu+F        1697.560     106 3607.120     3680.770     4034.118
 30  K3Pu+F+I      1601.593     107 3417.186     3492.470     3848.212
 31  K3Pu+F+G4     1594.705     107 3403.409     3478.693     3834.435
 32  K3Pu+F+I+G4   1590.308     108 3396.615     3473.556     3831.669
 33  TPM2+F        1695.601     106 3603.201     3676.851     4030.199
 34  TPM2+F+I      1601.517     107 3417.034     3492.317     3848.059
 35  TPM2+F+G4     1594.326     107 3402.651     3477.935     3833.677
 36  TPM2+F+I+G4   1589.770     108 3395.539     3472.480     3830.593
 37  TPM2u+F       1695.601     106 3603.201     3676.851     4030.199
 38  TPM2u+F+I     1601.515     107 3417.030     3492.313     3848.056
 39  TPM2u+F+G4    1594.324     107 3402.648     3477.931     3833.674
 40  TPM2u+F+I+G4  1589.760     108 3395.520     3472.461     3830.574
 41  TPM3+F        1697.562     106 3607.124     3680.773     4034.121
 42  TPM3+F+I      1601.793     107 3417.587     3492.870     3848.613
 43  TPM3+F+G4     1594.827     107 3403.653     3478.937     3834.679
 44  TPM3+F+I+G4   1590.247     108 3396.494     3473.435     3831.548
 45  TPM3u+F       1697.562     106 3607.124     3680.773     4034.121
 46  TPM3u+F+I     1601.793     107 3417.587     3492.870     3848.612
 47  TPM3u+F+G4    1594.827     107 3403.653     3478.937     3834.679
 48  TPM3u+F+I+G4  1590.237     108 3396.475     3473.416     3831.529
 49  TIMe          1687.660     104 3583.320     3653.771     4002.261
 50  TIMe+I        1597.882     105 3405.765     3477.804     3828.734
 51  TIMe+G4       1590.003     105 3390.005     3462.044     3812.974
 52  TIMe+I+G4     1587.220     106 3386.441     3460.090     3813.438
 53  TIM+F         1685.281     107 3584.563     3659.846     4015.589
 54  TIM+F+I       1589.974     108 3395.947     3472.889     3831.002
 55  TIM+F+G4      1581.649     108 3379.298     3456.239     3814.352
 56  TIM+F+I+G4    1578.804     109 3375.609     3454.232     3814.691
 57  TIM2e         1684.493     104 3576.987     3647.439     3995.928
 58  TIM2e+I       1597.141     105 3404.283     3476.321     3827.252
 59  TIM2e+G4      1588.883     105 3387.766     3459.805     3810.736
 60  TIM2e+I+G4    1586.005     106 3384.010     3457.659     3811.007
 61  TIM2+F        1683.260     107 3580.521     3655.804     4011.546
 62  TIM2+F+I      1589.856     108 3395.711     3472.652     3830.765
 63  TIM2+F+G4     1581.426     108 3378.851     3455.792     3813.905
 64  TIM2+F+I+G4   1578.455     109 3374.911     3453.534     3813.993
 65  TIM3e         1687.767     104 3583.535     3653.986     4002.476
 66  TIM3e+I       1598.146     105 3406.292     3478.331     3829.261
 67  TIM3e+G4      1590.170     105 3390.339     3462.378     3813.309
 68  TIM3e+I+G4    1587.228     106 3386.456     3460.105     3813.454
 69  TIM3+F        1685.250     107 3584.499     3659.783     4015.525
 70  TIM3+F+I      1590.173     108 3396.347     3473.288     3831.401
 71  TIM3+F+G4     1581.647     108 3379.294     3456.235     3814.348
 72  TIM3+F+I+G4   1578.452     109 3374.904     3453.527     3813.987
 73  TVMe          1687.451     105 3584.901     3656.940     4007.870
 74  TVMe+I        1601.822     106 3415.644     3489.294     3842.642
 75  TVMe+G4       1593.767     106 3399.533     3473.183     3826.531
 76  TVMe+I+G4     1589.835     107 3393.669     3468.953     3824.695
 77  TVM+F         1695.040     108 3606.081     3683.022     4041.135
 78  TVM+F+I       1600.914     109 3419.829     3498.452     3858.911
 79  TVM+F+G4      1593.764     109 3405.527     3484.150     3844.610
 80  TVM+F+I+G4    1589.167     110 3398.334     3478.663     3841.445
 81  SYM           1684.194     106 3580.388     3654.037     4007.386
 82  SYM+I         1596.808     107 3407.617     3482.900     3838.642
 83  SYM+G4        1588.587     107 3391.175     3466.458     3822.201
 84  SYM+I+G4      1585.636     108 3387.271     3464.213     3822.325
 85  GTR+F         1682.697     109 3583.393     3662.016     4022.475
 86  GTR+F+I       1589.281     110 3398.563     3478.892     3841.673
 87  GTR+F+G4      1580.709     110 3381.418     3461.747     3824.529
 88  GTR+F+I+G4    1577.594     111 3377.187     3459.247     3824.326
Akaike Information Criterion:           TN+F+I+G4
Corrected Akaike Information Criterion: TN+F+I+G4
Bayesian Information Criterion:         TNe+G4
Best-fit model: TNe+G4 chosen according to BIC

All model information printed to all_serotypes_4522-4936.fas.model.gz
CPU time for ModelFinder: 1.964 seconds (0h:0m:1s)
Wall-clock time for ModelFinder: 2.186 seconds (0h:0m:2s)
Generating 1000 samples for ultrafast bootstrap (seed: 729482)...

NOTE: 1 MB RAM (0 GB) is required!
Estimate model parameters (epsilon = 0.100)
1. Initial log-likelihood: -1722.920
2. Current log-likelihood: -1629.265
3. Current log-likelihood: -1621.354
4. Current log-likelihood: -1620.774
5. Current log-likelihood: -1620.212
6. Current log-likelihood: -1619.641
7. Current log-likelihood: -1619.074
8. Current log-likelihood: -1618.513
9. Current log-likelihood: -1617.946
10. Current log-likelihood: -1617.371
11. Current log-likelihood: -1616.789
12. Current log-likelihood: -1616.201
13. Current log-likelihood: -1615.606
14. Current log-likelihood: -1615.004
15. Current log-likelihood: -1614.397
16. Current log-likelihood: -1613.783
17. Current log-likelihood: -1613.164
18. Current log-likelihood: -1612.541
19. Current log-likelihood: -1611.913
20. Current log-likelihood: -1592.131
21. Current log-likelihood: -1590.405
Optimal log-likelihood: -1590.333
Rate parameters:  A-C: 1.00000  A-G: 6.83182  A-T: 1.00000  C-G: 1.00000  C-T: 15.01806  G-T: 1.00000
Base frequencies:  A: 0.250  C: 0.250  G: 0.250  T: 0.250
Gamma shape alpha: 0.232
Parameters optimization took 21 rounds (0.202 sec)
Computing ML distances based on estimated model parameters... 0.020 sec
Computing BIONJ tree...
0.097 seconds
Log-likelihood of BIONJ tree: -1601.067
--------------------------------------------------------------------
|             INITIALIZING CANDIDATE TREE SET                      |
--------------------------------------------------------------------
Generating 98 parsimony trees... 0.282 second
Computing log-likelihood of 98 initial trees ... 0.461 seconds
Current best score: -1580.970

Do NNI search on 20 best initial trees
Estimate model parameters (epsilon = 0.100)
BETTER TREE FOUND at iteration 1: -1580.642
BETTER TREE FOUND at iteration 2: -1580.641
BETTER TREE FOUND at iteration 3: -1580.641
BETTER TREE FOUND at iteration 5: -1580.641
BETTER TREE FOUND at iteration 7: -1580.641
BETTER TREE FOUND at iteration 9: -1580.641
Iteration 10 / LogL: -1580.641 / Time: 0h:0m:1s
Iteration 20 / LogL: -1580.642 / Time: 0h:0m:2s
Finish initializing candidate tree set (20)
Current best tree score: -1580.641 / CPU time: 2.143
Number of iterations: 20
--------------------------------------------------------------------
|               OPTIMIZING CANDIDATE TREE SET                      |
--------------------------------------------------------------------
Iteration 30 / LogL: -1584.325 / Time: 0h:0m:3s (0h:0m:10s left)
Estimate model parameters (epsilon = 0.100)
BETTER TREE FOUND at iteration 37: -1580.303
Iteration 40 / LogL: -1580.674 / Time: 0h:0m:4s (0h:0m:11s left)
BETTER TREE FOUND at iteration 42: -1580.302
Iteration 50 / LogL: -1580.303 / Time: 0h:0m:5s (0h:0m:10s left)
Log-likelihood cutoff on original alignment: -1600.432
Iteration 60 / LogL: -1580.303 / Time: 0h:0m:6s (0h:0m:9s left)
BETTER TREE FOUND at iteration 65: -1580.302
Iteration 70 / LogL: -1580.303 / Time: 0h:0m:7s (0h:0m:10s left)
Iteration 80 / LogL: -1580.303 / Time: 0h:0m:8s (0h:0m:9s left)
Iteration 90 / LogL: -1580.303 / Time: 0h:0m:9s (0h:0m:8s left)
Estimate model parameters (epsilon = 0.100)
BETTER TREE FOUND at iteration 93: -1579.681
Iteration 100 / LogL: -1579.681 / Time: 0h:0m:10s (0h:0m:9s left)
Log-likelihood cutoff on original alignment: -1601.083
NOTE: Bootstrap correlation coefficient of split occurrence frequencies: 0.989
NOTE: UFBoot does not converge, continue at least 100 more iterations
BETTER TREE FOUND at iteration 103: -1579.681
BETTER TREE FOUND at iteration 105: -1579.681
Iteration 110 / LogL: -1579.681 / Time: 0h:0m:11s (0h:0m:10s left)
Iteration 120 / LogL: -1579.681 / Time: 0h:0m:12s (0h:0m:9s left)
UPDATE BEST LOG-LIKELIHOOD: -1579.681
Iteration 130 / LogL: -1579.681 / Time: 0h:0m:13s (0h:0m:8s left)
UPDATE BEST LOG-LIKELIHOOD: -1579.681
UPDATE BEST LOG-LIKELIHOOD: -1579.681
Iteration 140 / LogL: -1580.441 / Time: 0h:0m:14s (0h:0m:7s left)
Iteration 150 / LogL: -1579.681 / Time: 0h:0m:15s (0h:0m:5s left)
Log-likelihood cutoff on original alignment: -1600.808
Iteration 160 / LogL: -1579.681 / Time: 0h:0m:17s (0h:0m:4s left)
Iteration 170 / LogL: -1579.681 / Time: 0h:0m:18s (0h:0m:3s left)
Iteration 180 / LogL: -1579.681 / Time: 0h:0m:19s (0h:0m:2s left)
BETTER TREE FOUND at iteration 188: -1579.681
Iteration 190 / LogL: -1579.681 / Time: 0h:0m:20s (0h:0m:10s left)
Iteration 200 / LogL: -1579.860 / Time: 0h:0m:21s (0h:0m:9s left)
Log-likelihood cutoff on original alignment: -1601.888
NOTE: Bootstrap correlation coefficient of split occurrence frequencies: 0.969
NOTE: UFBoot does not converge, continue at least 100 more iterations
UPDATE BEST LOG-LIKELIHOOD: -1579.681
Iteration 210 / LogL: -1579.681 / Time: 0h:0m:23s (0h:0m:9s left)
Iteration 220 / LogL: -1579.681 / Time: 0h:0m:24s (0h:0m:8s left)
Iteration 230 / LogL: -1579.681 / Time: 0h:0m:25s (0h:0m:7s left)
Iteration 240 / LogL: -1579.681 / Time: 0h:0m:26s (0h:0m:6s left)
Iteration 250 / LogL: -1579.681 / Time: 0h:0m:27s (0h:0m:5s left)
Log-likelihood cutoff on original alignment: -1601.835
BETTER TREE FOUND at iteration 252: -1579.681
Iteration 260 / LogL: -1579.681 / Time: 0h:0m:28s (0h:0m:10s left)
Iteration 270 / LogL: -1587.418 / Time: 0h:0m:29s (0h:0m:9s left)
Iteration 280 / LogL: -1579.681 / Time: 0h:0m:30s (0h:0m:7s left)
Iteration 290 / LogL: -1580.779 / Time: 0h:0m:31s (0h:0m:6s left)
Iteration 300 / LogL: -1579.681 / Time: 0h:0m:32s (0h:0m:5s left)
Log-likelihood cutoff on original alignment: -1601.835
NOTE: Bootstrap correlation coefficient of split occurrence frequencies: 0.997
Iteration 310 / LogL: -1579.681 / Time: 0h:0m:33s (0h:0m:9s left)
Iteration 320 / LogL: -1579.681 / Time: 0h:0m:34s (0h:0m:8s left)
BETTER TREE FOUND at iteration 322: -1579.681
UPDATE BEST LOG-LIKELIHOOD: -1579.681
Iteration 330 / LogL: -1580.779 / Time: 0h:0m:36s (0h:0m:10s left)
UPDATE BEST LOG-LIKELIHOOD: -1579.681
Iteration 340 / LogL: -1579.696 / Time: 0h:0m:37s (0h:0m:9s left)
Iteration 350 / LogL: -1579.681 / Time: 0h:0m:38s (0h:0m:7s left)
Log-likelihood cutoff on original alignment: -1601.835
Iteration 360 / LogL: -1579.681 / Time: 0h:0m:39s (0h:0m:6s left)
Iteration 370 / LogL: -1579.860 / Time: 0h:0m:40s (0h:0m:5s left)
Iteration 380 / LogL: -1580.779 / Time: 0h:0m:41s (0h:0m:4s left)
Iteration 390 / LogL: -1579.681 / Time: 0h:0m:42s (0h:0m:3s left)
Iteration 400 / LogL: -1580.671 / Time: 0h:0m:44s (0h:0m:2s left)
Log-likelihood cutoff on original alignment: -1601.835
NOTE: Bootstrap correlation coefficient of split occurrence frequencies: 0.996
Iteration 410 / LogL: -1579.681 / Time: 0h:0m:45s (0h:0m:9s left)
Iteration 420 / LogL: -1579.681 / Time: 0h:0m:46s (0h:0m:8s left)
TREE SEARCH COMPLETED AFTER 423 ITERATIONS / Time: 0h:0m:46s

--------------------------------------------------------------------
|                    FINALIZING TREE SEARCH                        |
--------------------------------------------------------------------
Performs final model parameters optimization
Estimate model parameters (epsilon = 0.010)
1. Initial log-likelihood: -1579.681
Optimal log-likelihood: -1579.679
Rate parameters:  A-C: 1.00000  A-G: 6.95074  A-T: 1.00000  C-G: 1.00000  C-T: 15.55151  G-T: 1.00000
Base frequencies:  A: 0.250  C: 0.250  G: 0.250  T: 0.250
Gamma shape alpha: 0.226
Parameters optimization took 1 rounds (0.007 sec)
BEST SCORE FOUND : -1579.679

Testing tree branches by SH-like aLRT with 1000 replicates...
0.596 sec.
Creating bootstrap support values...
Split supports printed to NEXUS file all_serotypes_4522-4936.fas.splits.nex
Total tree length: 1.378

Total number of iterations: 423
CPU time used for tree search: 44.800 sec (0h:0m:44s)
Wall-clock time used for tree search: 46.323 sec (0h:0m:46s)
Total CPU time used: 45.836 sec (0h:0m:45s)
Total wall-clock time used: 47.745 sec (0h:0m:47s)

Computing bootstrap consensus tree...
Reading input file all_serotypes_4522-4936.fas.splits.nex...
52 taxa and 491 splits.
Consensus tree written to all_serotypes_4522-4936.fas.contree
Reading input trees file all_serotypes_4522-4936.fas.contree
Log-likelihood of consensus tree: -1579.679

Analysis results written to: 
  IQ-TREE report:                all_serotypes_4522-4936.fas.iqtree
  Maximum-likelihood tree:       all_serotypes_4522-4936.fas.treefile
  Likelihood distances:          all_serotypes_4522-4936.fas.mldist

Ultrafast bootstrap approximation results written to:
  Split support values:          all_serotypes_4522-4936.fas.splits.nex
  Consensus tree:                all_serotypes_4522-4936.fas.contree
  Screen log file:               all_serotypes_4522-4936.fas.log

Date and Time: Tue Nov  5 09:48:51 2024
